****** Initialisation Logger - niveau: 0 ******
14:35:58 Language fr-FR - 1.0.0.4, loading...
14:37:41 [Main] PackMe for '3 Ninjas Kick Back' | '645f5ec1-2eea-4aac-8569-d40636ff8827'
14:37:47 Not managed: GogAppId
14:37:47 Not managed: OriginAppId
14:37:47 Not managed: OriginInstallPath
14:37:47 Not managed: Emulator
14:37:47 Not managed: DatabaseID
14:38:02 Not managed: MissingBox3dImage
14:38:02 Not managed: MissingCartImage
14:38:02 Not managed: MissingCart3dImage
14:38:02 Not managed: MissingManual
14:38:02 Not managed: MissingBannerImage
14:38:02 Not managed: MissingMusic
14:38:02 Not managed: HideAllNonExclusiveFullscreenWindows
14:38:02 Not managed: OverrideDefaultStartupScreenSettings
14:38:02 Not managed: UsePauseScreen
14:38:02 Not managed: PauseAutoHotkeyScript
14:38:02 Not managed: ResumeAutoHotkeyScript
14:38:02 Not managed: OverrideDefaultPauseScreenSettings
14:38:02 Not managed: SuspendProcessOnPause
14:38:02 Not managed: ForcefulPauseScreenActivation
14:38:02 Not managed: LoadStateAutoHotkeyScript
14:38:02 Not managed: SaveStateAutoHotkeyScript
14:38:02 Not managed: ResetAutoHotkeyScript
14:38:02 Not managed: SwapDiscsAutoHotkeyScript
14:38:02 Not managed: CustomDosBoxVersionPath
14:38:02 Not managed: ReleaseType
