****** Initialisation Logger - niveau: 0 ******
12:00:20 Language fr-FR - 1.0.0.4, loading...
12:02:35 [Main] PackMe for 'Donkey Kong Country' | 'fc1ac9d2-d88a-4851-8939-cea8ddeb74bb'
12:02:35 Directory Exists 'G:\Temp\pmg - temp\Super Nintendo Entertainment System\Donkey Kong Country (E) (M3) (V1.0) [f1]'
12:02:38 [MakeStructure] Creation of the tree
12:02:44 [CreateHFolders] Creation of 'G:\Temp\pmg - temp\Super Nintendo Entertainment System\Donkey Kong Country (E) (M3) (V1.0) [f1]\Games'
12:02:44 [CreateHFolders] Creation of 'G:\Temp\pmg - temp\Super Nintendo Entertainment System\Donkey Kong Country (E) (M3) (V1.0) [f1]\CheatCodes'
12:02:44 [CreateHFolders] Creation of 'G:\Temp\pmg - temp\Super Nintendo Entertainment System\Donkey Kong Country (E) (M3) (V1.0) [f1]\Images'
12:02:44 [CreateHFolders] Creation of 'G:\Temp\pmg - temp\Super Nintendo Entertainment System\Donkey Kong Country (E) (M3) (V1.0) [f1]\Manuals'
12:02:44 [CreateHFolders] Creation of 'G:\Temp\pmg - temp\Super Nintendo Entertainment System\Donkey Kong Country (E) (M3) (V1.0) [f1]\Musics'
12:02:44 [CreateHFolders] Creation of 'G:\Temp\pmg - temp\Super Nintendo Entertainment System\Donkey Kong Country (E) (M3) (V1.0) [f1]\Videos'
12:02:45 Not managed: GogAppId
12:02:45 Not managed: OriginAppId
12:02:45 Not managed: OriginInstallPath
12:02:45 Not managed: MissingBox3dImage
12:02:45 Not managed: MissingCartImage
12:02:45 Not managed: MissingCart3dImage
12:02:45 Not managed: MissingManual
12:02:45 Not managed: MissingBannerImage
12:02:45 Not managed: MissingMusic
12:02:45 Not managed: UsePauseScreen
12:02:45 Not managed: PauseAutoHotkeyScript
12:02:45 Not managed: ResumeAutoHotkeyScript
12:02:45 Not managed: OverrideDefaultPauseScreenSettings
12:02:45 Not managed: SuspendProcessOnPause
12:02:45 Not managed: ForcefulPauseScreenActivation
12:02:45 Not managed: LoadStateAutoHotkeyScript
12:02:45 Not managed: SaveStateAutoHotkeyScript
12:02:45 Not managed: ResetAutoHotkeyScript
12:02:45 Not managed: SwapDiscsAutoHotkeyScript
12:02:45 [CopyHandler] Destination file exists... 12:02:47 PassAll
12:02:47 [CopyHandler] Destination file exists... 12:02:47 PassAll
12:02:47 [CopyHandler] Destination file exists... 12:02:47 PassAll
12:02:47 [CopyHandler] Destination file exists... 12:02:47 PassAll
12:02:47 [CopyHandler] Destination file exists... 12:02:47 PassAll
12:02:47 		[CopyImages] Found 'G:\Plateformes\Images\Nintendo - SNES\Box - Front\Donkey Kong Country-01.png' in 'G:\Plateformes\Images\Nintendo - SNES\Box - Front'
12:02:47 		[CopyImages] Found 'G:\Plateformes\Images\Nintendo - SNES\Box - Front\France\Donkey Kong Country-01.png' in 'G:\Plateformes\Images\Nintendo - SNES\Box - Front'
12:02:47 		[CopyImages] Found 'G:\Plateformes\Images\Nintendo - SNES\Box - Back\North America\Donkey Kong Country-01.jpg' in 'G:\Plateformes\Images\Nintendo - SNES\Box - Back'
12:02:47 		[CopyImages] Found 'G:\Plateformes\Images\Nintendo - SNES\Box - 3D\Donkey Kong Country-01.png' in 'G:\Plateformes\Images\Nintendo - SNES\Box - 3D'
12:02:47 		[CopyImages] Found 'G:\Plateformes\Images\Nintendo - SNES\Box - 3D\Donkey Kong Country-02.png' in 'G:\Plateformes\Images\Nintendo - SNES\Box - 3D'
12:02:47 		[CopyImages] Found 'G:\Plateformes\Images\Nintendo - SNES\Box - 3D\Europe\Donkey Kong Country-01.png' in 'G:\Plateformes\Images\Nintendo - SNES\Box - 3D'
12:02:47 		[CopyImages] Found 'G:\Plateformes\Images\Nintendo - SNES\Arcade - Marquee\Donkey Kong Country-01.png' in 'G:\Plateformes\Images\Nintendo - SNES\Arcade - Marquee'
12:02:47 		[CopyImages] Found 'G:\Plateformes\Images\Nintendo - SNES\Banner\Donkey Kong Country-01.jpg' in 'G:\Plateformes\Images\Nintendo - SNES\Banner'
12:02:47 		[CopyImages] Found 'G:\Plateformes\Images\Nintendo - SNES\Banner\Donkey Kong Country-01.png' in 'G:\Plateformes\Images\Nintendo - SNES\Banner'
12:02:47 		[CopyImages] Found 'G:\Plateformes\Images\Nintendo - SNES\Banner\Donkey Kong Country-02.jpg' in 'G:\Plateformes\Images\Nintendo - SNES\Banner'
12:02:47 		[CopyImages] Found 'G:\Plateformes\Images\Nintendo - SNES\Banner\Donkey Kong Country-02.png' in 'G:\Plateformes\Images\Nintendo - SNES\Banner'
12:02:47 		[CopyImages] Found 'G:\Plateformes\Images\Nintendo - SNES\Banner\Donkey Kong Country-03.png' in 'G:\Plateformes\Images\Nintendo - SNES\Banner'
12:02:47 		[CopyImages] Found 'G:\Plateformes\Images\Nintendo - SNES\Cart - Front\Donkey Kong Country-01.png' in 'G:\Plateformes\Images\Nintendo - SNES\Cart - Front'
12:02:47 		[CopyImages] Found 'G:\Plateformes\Images\Nintendo - SNES\Cart - Front\Japan\Donkey Kong Country-01.jpg' in 'G:\Plateformes\Images\Nintendo - SNES\Cart - Front'
12:02:47 		[CopyImages] Found 'G:\Plateformes\Images\Nintendo - SNES\Cart - 3D\Donkey Kong Country-01.png' in 'G:\Plateformes\Images\Nintendo - SNES\Cart - 3D'
12:02:47 		[CopyImages] Found 'G:\Plateformes\Images\Nintendo - SNES\Cart - 3D\North America\Donkey Kong Country-01.png' in 'G:\Plateformes\Images\Nintendo - SNES\Cart - 3D'
12:02:47 		[CopyImages] Found 'G:\Plateformes\Images\Nintendo - SNES\Clear Logo\Donkey Kong Country-01.png' in 'G:\Plateformes\Images\Nintendo - SNES\Clear Logo'
12:02:47 		[CopyImages] Found 'G:\Plateformes\Images\Nintendo - SNES\Clear Logo\North America\Donkey Kong Country-01.png' in 'G:\Plateformes\Images\Nintendo - SNES\Clear Logo'
12:02:47 		[CopyImages] Found 'G:\Plateformes\Images\Nintendo - SNES\Fanart - Box - Back\North America\Donkey Kong Country-01.jpg' in 'G:\Plateformes\Images\Nintendo - SNES\Fanart - Box - Back'
12:02:47 		[CopyImages] Found 'G:\Plateformes\Images\Nintendo - SNES\Fanart - Cart - Front\Europe\Donkey Kong Country-01.png' in 'G:\Plateformes\Images\Nintendo - SNES\Fanart - Cart - Front'
12:02:47 		[CopyImages] Found 'G:\Plateformes\Images\Nintendo - SNES\Fanart - Background\Donkey Kong Country-01.jpg' in 'G:\Plateformes\Images\Nintendo - SNES\Fanart - Background'
12:02:47 		[CopyImages] Found 'G:\Plateformes\Images\Nintendo - SNES\Fanart - Background\Donkey Kong Country-01.png' in 'G:\Plateformes\Images\Nintendo - SNES\Fanart - Background'
12:02:47 		[CopyImages] Found 'G:\Plateformes\Images\Nintendo - SNES\Fanart - Background\Donkey Kong Country-02.jpg' in 'G:\Plateformes\Images\Nintendo - SNES\Fanart - Background'
12:02:47 		[CopyImages] Found 'G:\Plateformes\Images\Nintendo - SNES\Fanart - Background\Donkey Kong Country-03.jpg' in 'G:\Plateformes\Images\Nintendo - SNES\Fanart - Background'
12:02:47 		[CopyImages] Found 'G:\Plateformes\Images\Nintendo - SNES\Fanart - Background\Donkey Kong Country-04.jpg' in 'G:\Plateformes\Images\Nintendo - SNES\Fanart - Background'
12:02:47 		[CopyImages] Found 'G:\Plateformes\Images\Nintendo - SNES\Fanart - Background\Donkey Kong Country-05.jpg' in 'G:\Plateformes\Images\Nintendo - SNES\Fanart - Background'
12:02:47 		[CopyImages] Found 'G:\Plateformes\Images\Nintendo - SNES\Fanart - Background\Donkey Kong Country-06.jpg' in 'G:\Plateformes\Images\Nintendo - SNES\Fanart - Background'
12:02:47 		[CopyImages] Found 'G:\Plateformes\Images\Nintendo - SNES\Fanart - Background\Donkey Kong Country-07.jpg' in 'G:\Plateformes\Images\Nintendo - SNES\Fanart - Background'
12:02:47 		[CopyImages] Found 'G:\Plateformes\Images\Nintendo - SNES\Fanart - Background\Donkey Kong Country-08.jpg' in 'G:\Plateformes\Images\Nintendo - SNES\Fanart - Background'
12:02:47 		[CopyImages] Found 'G:\Plateformes\Images\Nintendo - SNES\Fanart - Background\Donkey Kong Country-09.jpg' in 'G:\Plateformes\Images\Nintendo - SNES\Fanart - Background'
12:02:47 		[CopyImages] Found 'G:\Plateformes\Images\Nintendo - SNES\Fanart - Background\Donkey Kong Country-10.jpg' in 'G:\Plateformes\Images\Nintendo - SNES\Fanart - Background'
12:02:47 		[CopyImages] Found 'G:\Plateformes\Images\Nintendo - SNES\Fanart - Background\Donkey Kong Country-11.jpg' in 'G:\Plateformes\Images\Nintendo - SNES\Fanart - Background'
12:02:47 		[CopyImages] Found 'G:\Plateformes\Images\Nintendo - SNES\Fanart - Background\Donkey Kong Country-12.jpg' in 'G:\Plateformes\Images\Nintendo - SNES\Fanart - Background'
12:02:47 		[CopyImages] Found 'G:\Plateformes\Images\Nintendo - SNES\Fanart - Background\Donkey Kong Country-13.jpg' in 'G:\Plateformes\Images\Nintendo - SNES\Fanart - Background'
12:02:47 		[CopyImages] Found 'G:\Plateformes\Images\Nintendo - SNES\Fanart - Background\Donkey Kong Country-14.jpg' in 'G:\Plateformes\Images\Nintendo - SNES\Fanart - Background'
12:02:47 		[CopyImages] Found 'G:\Plateformes\Images\Nintendo - SNES\Fanart - Background\Donkey Kong Country-15.jpg' in 'G:\Plateformes\Images\Nintendo - SNES\Fanart - Background'
12:02:47 		[CopyImages] Found 'G:\Plateformes\Images\Nintendo - SNES\Fanart - Background\Donkey Kong Country-16.jpg' in 'G:\Plateformes\Images\Nintendo - SNES\Fanart - Background'
12:02:47 		[CopyImages] Found 'G:\Plateformes\Images\Nintendo - SNES\Screenshot - Gameplay\Europe\Donkey Kong Country-01.png' in 'G:\Plateformes\Images\Nintendo - SNES\Screenshot - Gameplay'
12:02:47 		[CopyImages] Found 'G:\Plateformes\Images\Nintendo - SNES\Screenshot - Game Title\Europe\Donkey Kong Country-01.png' in 'G:\Plateformes\Images\Nintendo - SNES\Screenshot - Game Title'
12:02:47 		[CopyImages] Found 'G:\Plateformes\Images\Nintendo - SNES\Screenshot - Game Over\Donkey Kong Country-01.png' in 'G:\Plateformes\Images\Nintendo - SNES\Screenshot - Game Over'
12:02:47 [CopyHandler] Destination file exists... 12:02:49 PassAll
12:02:49 [CopyHandler] Destination file exists... 12:02:49 PassAll
12:02:49 [CopyHandler] Destination file exists... 12:02:49 PassAll
12:02:49 [CopyHandler] Destination file exists... 12:02:49 PassAll
12:02:49 [CopyHandler] Destination file exists... 12:02:49 PassAll
12:02:49 [CopyHandler] Destination file exists... 12:02:49 PassAll
12:02:49 [CopyHandler] Destination file exists... 12:02:49 PassAll
12:02:49 [CopyHandler] Destination file exists... 12:02:49 PassAll
12:02:49 [CopyHandler] Destination file exists... 12:02:49 PassAll
12:02:49 [CopyHandler] Destination file exists... 12:02:49 PassAll
12:02:49 [CopyHandler] Destination file exists... 12:02:49 PassAll
12:02:49 [CopyHandler] Destination file exists... 12:02:49 PassAll
12:02:49 [CopyHandler] Destination file exists... 12:02:49 PassAll
12:02:49 [CopyHandler] Destination file exists... 12:02:49 PassAll
12:02:49 [CopyHandler] Destination file exists... 12:02:49 PassAll
12:02:49 [CopyHandler] Destination file exists... 12:02:49 PassAll
12:02:49 [CopyHandler] Destination file exists... 12:02:49 PassAll
12:02:49 [CopyHandler] Destination file exists... 12:02:49 PassAll
12:02:49 [CopyHandler] Destination file exists... 12:02:49 PassAll
12:02:49 [CopyHandler] Destination file exists... 12:02:49 PassAll
12:02:49 [CopyHandler] Destination file exists... 12:02:49 PassAll
12:02:49 [CopyHandler] Destination file exists... 12:02:49 PassAll
12:02:49 [CopyHandler] Destination file exists... 12:02:49 PassAll
12:02:49 [CopyHandler] Destination file exists... 12:02:49 PassAll
12:02:49 [CopyHandler] Destination file exists... 12:02:49 PassAll
12:02:49 [CopyHandler] Destination file exists... 12:02:49 PassAll
12:02:49 [CopyHandler] Destination file exists... 12:02:49 PassAll
12:02:49 [CopyHandler] Destination file exists... 12:02:49 PassAll
12:02:49 [CopyHandler] Destination file exists... 12:02:49 PassAll
12:02:49 [CopyHandler] Destination file exists... 12:02:49 PassAll
12:02:49 [CopyHandler] Destination file exists... 12:02:49 PassAll
12:02:49 [CopyHandler] Destination file exists... 12:02:49 PassAll
12:02:49 [CopyHandler] Destination file exists... 12:02:49 PassAll
12:02:49 [CopyHandler] Destination file exists... 12:02:49 PassAll
12:02:49 [CopyHandler] Destination file exists... 12:02:49 PassAll
12:02:49 [CopyHandler] Destination file exists... 12:02:49 PassAll
12:02:49 [CopyHandler] Destination file exists... 12:02:49 PassAll
12:02:49 [CopyHandler] Destination file exists... 12:02:49 PassAll
12:02:49 [CopyHandler] Destination file exists... 12:02:49 PassAll
12:02:49 [CopyHandler] Destination file exists... 12:02:49 PassAll
12:02:49 [CopyHandler] Destination file exists... 12:02:49 PassAll
12:02:49 [CopyHandler] Destination file exists... 12:02:49 PassAll
12:02:49 [CopyHandler] Destination file exists... 12:02:49 PassAll
12:02:49 [CopyHandler] Destination file exists... 12:02:49 PassAll
12:02:49 [CopyHandler] Destination file exists... 12:02:49 PassAll
12:02:49 [CopyHandler] Destination file exists... 12:02:49 PassAll
12:02:49 [CopyHandler] Destination file exists... 12:02:49 PassAll
12:02:49 [CopyHandler] Destination file exists... 12:02:49 PassAll
12:02:49 [CopyHandler] Destination file exists... 12:02:49 PassAll
12:02:49 [CopyHandler] Destination file exists... 12:02:49 PassAll
12:02:49 [CopyHandler] Destination file exists... 12:02:49 PassAll
