****** Initialisation Logger - niveau: 0 ******
12:36:02 Language fr-FR - 1.0.0.4, loading...
12:36:15 [Main] PackMe for '3 Ninjas Kick Back' | '645f5ec1-2eea-4aac-8569-d40636ff8827'
12:36:21 Not managed: GogAppId
12:36:21 Not managed: OriginAppId
12:36:21 Not managed: OriginInstallPath
12:36:21 Not managed: VideoPath
12:36:21 Not managed: ThemeVideoPath
12:36:21 Not managed: ApplicationPath
12:36:21 Not managed: CommandLine
12:36:21 Not managed: ConfigurationCommandLine
12:36:21 Not managed: ConfigurationPath
12:36:21 Not managed: DosBoxConfigurationPath
12:36:21 Not managed: Emulator
12:36:21 Not managed: ManualPath
12:36:21 Not managed: MusicPath
12:36:21 Not managed: RootFolder
12:36:21 Not managed: ScummVMAspectCorrection
12:36:21 Not managed: ScummVMFullscreen
12:36:21 Not managed: ScummVMGameDataFolderPath
12:36:21 Not managed: ScummVMGameType
12:36:21 Not managed: Source
12:36:21 Not managed: StarRatingFloat
12:36:21 Not managed: StarRating
12:36:21 Not managed: CommunityStarRating
12:36:21 Not managed: CommunityStarRatingTotalVotes
12:36:21 Not managed: DatabaseID
12:36:21 Not managed: WikipediaURL
12:36:21 Not managed: UseDosBox
12:36:21 Not managed: UseScummVM
12:36:21 Not managed: PlayCount
12:36:21 Not managed: Portable
12:36:21 Not managed: Hide
12:36:21 Not managed: Broken
12:36:28 Not managed: MissingVideo
12:36:28 Not managed: MissingBoxFrontImage
12:36:28 Not managed: MissingScreenshotImage
12:36:28 Not managed: MissingClearLogoImage
12:36:28 Not managed: MissingBackgroundImage
12:36:28 Not managed: MissingBox3dImage
12:36:28 Not managed: MissingCartImage
12:36:28 Not managed: MissingCart3dImage
12:36:28 Not managed: MissingManual
12:36:28 Not managed: MissingBannerImage
12:36:28 Not managed: MissingMusic
12:36:28 Not managed: UseStartupScreen
12:36:28 Not managed: HideAllNonExclusiveFullscreenWindows
12:36:28 Not managed: StartupLoadDelay
12:36:28 Not managed: HideMouseCursorInGame
12:36:28 Not managed: DisableShutdownScreen
12:36:28 Not managed: AggressiveWindowHiding
12:36:28 Not managed: OverrideDefaultStartupScreenSettings
12:36:28 Not managed: UsePauseScreen
12:36:28 Not managed: PauseAutoHotkeyScript
12:36:28 Not managed: ResumeAutoHotkeyScript
12:36:28 Not managed: OverrideDefaultPauseScreenSettings
12:36:28 Not managed: SuspendProcessOnPause
12:36:28 Not managed: ForcefulPauseScreenActivation
12:36:28 Not managed: LoadStateAutoHotkeyScript
12:36:28 Not managed: SaveStateAutoHotkeyScript
12:36:28 Not managed: ResetAutoHotkeyScript
12:36:28 Not managed: SwapDiscsAutoHotkeyScript
12:36:28 Not managed: CustomDosBoxVersionPath
12:36:28 Not managed: ReleaseType
12:36:28 Not managed: VideoUrl
