****** Initialisation Logger - niveau: 0 ******
21:16:35 Language fr-FR - 1.0.0.4, loading...
21:16:54 [Main] PackMe for 'Ecco the Dolphin' | '2c00a91f-9f5d-4331-869c-cb23bbdeec53'
21:16:54 Directory Exists 'G:\Temp\pmg - temp\Sega CD\Ecco the Dolphin (1993)(Sega)(PAL)[!][MK-4408P-00135 1]'
21:17:02 Trash existing folder: 'G:\Temp\pmg - temp\Sega CD\Ecco the Dolphin (1993)(Sega)(PAL)[!][MK-4408P-00135 1]'
21:17:03 [MakeStructure] Creation of the tree
21:17:03 [CreateHFolders] Creation of 'G:\Temp\pmg - temp\Sega CD\Ecco the Dolphin (1993)(Sega)(PAL)[!][MK-4408P-00135 1]\Games'
21:17:03 [CreateHFolders] Creation of 'G:\Temp\pmg - temp\Sega CD\Ecco the Dolphin (1993)(Sega)(PAL)[!][MK-4408P-00135 1]\CheatCodes'
21:17:03 [CreateHFolders] Creation of 'G:\Temp\pmg - temp\Sega CD\Ecco the Dolphin (1993)(Sega)(PAL)[!][MK-4408P-00135 1]\Images'
21:17:03 [CreateHFolders] Creation of 'G:\Temp\pmg - temp\Sega CD\Ecco the Dolphin (1993)(Sega)(PAL)[!][MK-4408P-00135 1]\Manuals'
21:17:03 [CreateHFolders] Creation of 'G:\Temp\pmg - temp\Sega CD\Ecco the Dolphin (1993)(Sega)(PAL)[!][MK-4408P-00135 1]\Musics'
21:17:03 [CreateHFolders] Creation of 'G:\Temp\pmg - temp\Sega CD\Ecco the Dolphin (1993)(Sega)(PAL)[!][MK-4408P-00135 1]\Videos'
21:17:03 Not managed: GogAppId
21:17:03 Not managed: OriginAppId
21:17:03 Not managed: OriginInstallPath
21:17:03 Not managed: MissingBox3dImage
21:17:03 Not managed: MissingCartImage
21:17:03 Not managed: MissingCart3dImage
21:17:03 Not managed: MissingManual
21:17:03 Not managed: MissingBannerImage
21:17:03 Not managed: MissingMusic
21:17:03 Not managed: UsePauseScreen
21:17:03 Not managed: PauseAutoHotkeyScript
21:17:03 Not managed: ResumeAutoHotkeyScript
21:17:03 Not managed: OverrideDefaultPauseScreenSettings
21:17:03 Not managed: SuspendProcessOnPause
21:17:03 Not managed: ForcefulPauseScreenActivation
21:17:03 Not managed: LoadStateAutoHotkeyScript
21:17:03 Not managed: SaveStateAutoHotkeyScript
21:17:03 Not managed: ResetAutoHotkeyScript
21:17:03 Not managed: SwapDiscsAutoHotkeyScript
21:17:03 Not managed: AndroidBoxFrontThumbPath
21:17:03 Not managed: AndroidBoxFrontFullPath
21:17:03 Not managed: AndroidBackgroundPath
21:17:07 [CopyFiles] Copy of the file 'Ecco the Dolphin (1993)(Sega)(PAL)(Track 01 of 16)[!][MK-4408P-00135 1].iso': Successful
21:17:09 [CopyFiles] Copy of the file 'Ecco the Dolphin (1993)(Sega)(PAL)(Track 02 of 16)[!][MK-4408P-00135 1].wav': Successful
21:17:10 [CopyFiles] Copy of the file 'Ecco the Dolphin (1993)(Sega)(PAL)(Track 03 of 16)[!][MK-4408P-00135 1].wav': Successful
21:17:12 [CopyFiles] Copy of the file 'Ecco the Dolphin (1993)(Sega)(PAL)(Track 04 of 16)[!][MK-4408P-00135 1].wav': Successful
21:17:13 [CopyFiles] Copy of the file 'Ecco the Dolphin (1993)(Sega)(PAL)(Track 05 of 16)[!][MK-4408P-00135 1].wav': Successful
21:17:16 [CopyFiles] Copy of the file 'Ecco the Dolphin (1993)(Sega)(PAL)(Track 06 of 16)[!][MK-4408P-00135 1].wav': Successful
21:17:17 [CopyFiles] Copy of the file 'Ecco the Dolphin (1993)(Sega)(PAL)(Track 07 of 16)[!][MK-4408P-00135 1].wav': Successful
21:17:19 [CopyFiles] Copy of the file 'Ecco the Dolphin (1993)(Sega)(PAL)(Track 08 of 16)[!][MK-4408P-00135 1].wav': Successful
21:17:20 [CopyFiles] Copy of the file 'Ecco the Dolphin (1993)(Sega)(PAL)(Track 09 of 16)[!][MK-4408P-00135 1].wav': Successful
21:17:21 [CopyFiles] Copy of the file 'Ecco the Dolphin (1993)(Sega)(PAL)(Track 10 of 16)[!][MK-4408P-00135 1].wav': Successful
21:17:22 [CopyFiles] Copy of the file 'Ecco the Dolphin (1993)(Sega)(PAL)(Track 11 of 16)[!][MK-4408P-00135 1].wav': Successful
21:17:23 [CopyFiles] Copy of the file 'Ecco the Dolphin (1993)(Sega)(PAL)(Track 12 of 16)[!][MK-4408P-00135 1].wav': Successful
21:17:23 [CopyFiles] Copy of the file 'Ecco the Dolphin (1993)(Sega)(PAL)(Track 13 of 16)[!][MK-4408P-00135 1].wav': Successful
21:17:25 [CopyFiles] Copy of the file 'Ecco the Dolphin (1993)(Sega)(PAL)(Track 14 of 16)[!][MK-4408P-00135 1].wav': Successful
21:17:26 [CopyFiles] Copy of the file 'Ecco the Dolphin (1993)(Sega)(PAL)(Track 15 of 16)[!][MK-4408P-00135 1].wav': Successful
21:17:29 [CopyFiles] Copy of the file 'Ecco the Dolphin (1993)(Sega)(PAL)(Track 16 of 16)[!][MK-4408P-00135 1].wav': Successful
21:17:30 [CopyFiles] Copy of the file 'Ecco the Dolphin (1993)(Sega)(PAL)[!][MK-4408P-00135 1].cue': Successful
