****** Initialisation Logger - niveau: 0 ******
09:49:24 Language fr-FR - 1.0.0.4, loading...
09:49:46 [Main] PackMe for 'Donkey Kong Country' | 'fc1ac9d2-d88a-4851-8939-cea8ddeb74bb'
09:49:47 Directory Exists 'G:\Temp\pmg - temp\Super Nintendo Entertainment System\Donkey Kong Country (E) (M3) (V1.0) [f1]'
09:49:52 [MakeStructure] Creation of the tree
09:49:52 [CreateHFolders] Creation of 'G:\Temp\pmg - temp\Super Nintendo Entertainment System\Donkey Kong Country (E) (M3) (V1.0) [f1]\Games'
09:49:52 [CreateHFolders] Creation of 'G:\Temp\pmg - temp\Super Nintendo Entertainment System\Donkey Kong Country (E) (M3) (V1.0) [f1]\CheatCodes'
09:49:52 [CreateHFolders] Creation of 'G:\Temp\pmg - temp\Super Nintendo Entertainment System\Donkey Kong Country (E) (M3) (V1.0) [f1]\Images'
09:49:52 [CreateHFolders] Creation of 'G:\Temp\pmg - temp\Super Nintendo Entertainment System\Donkey Kong Country (E) (M3) (V1.0) [f1]\Manuals'
09:49:52 [CreateHFolders] Creation of 'G:\Temp\pmg - temp\Super Nintendo Entertainment System\Donkey Kong Country (E) (M3) (V1.0) [f1]\Musics'
09:49:52 [CreateHFolders] Creation of 'G:\Temp\pmg - temp\Super Nintendo Entertainment System\Donkey Kong Country (E) (M3) (V1.0) [f1]\Videos'
09:49:52 Not managed: GogAppId
09:49:52 Not managed: OriginAppId
09:49:52 Not managed: OriginInstallPath
09:49:52 Not managed: MissingBox3dImage
09:49:52 Not managed: MissingCartImage
09:49:52 Not managed: MissingCart3dImage
09:49:52 Not managed: MissingManual
09:49:52 Not managed: MissingBannerImage
09:49:52 Not managed: MissingMusic
09:49:52 Not managed: UsePauseScreen
09:49:52 Not managed: PauseAutoHotkeyScript
09:49:52 Not managed: ResumeAutoHotkeyScript
09:49:52 Not managed: OverrideDefaultPauseScreenSettings
09:49:52 Not managed: SuspendProcessOnPause
09:49:52 Not managed: ForcefulPauseScreenActivation
09:49:52 Not managed: LoadStateAutoHotkeyScript
09:49:52 Not managed: SaveStateAutoHotkeyScript
09:49:52 Not managed: ResetAutoHotkeyScript
09:49:52 Not managed: SwapDiscsAutoHotkeyScript
09:49:52 [CopyHandler] Destination file exists... 09:49:54 PassAll
09:49:56 [CopyHandler] Destination file exists... 09:49:56 PassAll
09:49:57 [CopyHandler] Destination file exists... 09:49:57 PassAll
09:49:58 [CopyHandler] Destination file exists... 09:49:58 PassAll
09:49:58 [CopyHandler] Destination file exists... 09:49:58 PassAll
09:49:58 		[CopyImages] Found 'G:\Plateformes\Images\Nintendo - SNES\Box - Front\Donkey Kong Country-01.png' in 'G:\Plateformes\Images\Nintendo - SNES\Box - Front'
09:49:58 		[CopyImages] Found 'G:\Plateformes\Images\Nintendo - SNES\Box - Front\France\Donkey Kong Country-01.png' in 'G:\Plateformes\Images\Nintendo - SNES\Box - Front'
09:49:58 		[CopyImages] Found 'G:\Plateformes\Images\Nintendo - SNES\Box - Back\North America\Donkey Kong Country-01.jpg' in 'G:\Plateformes\Images\Nintendo - SNES\Box - Back'
09:49:58 		[CopyImages] Found 'G:\Plateformes\Images\Nintendo - SNES\Box - 3D\Donkey Kong Country-01.png' in 'G:\Plateformes\Images\Nintendo - SNES\Box - 3D'
09:49:58 		[CopyImages] Found 'G:\Plateformes\Images\Nintendo - SNES\Box - 3D\Donkey Kong Country-02.png' in 'G:\Plateformes\Images\Nintendo - SNES\Box - 3D'
09:49:58 		[CopyImages] Found 'G:\Plateformes\Images\Nintendo - SNES\Box - 3D\Europe\Donkey Kong Country-01.png' in 'G:\Plateformes\Images\Nintendo - SNES\Box - 3D'
09:49:59 		[CopyImages] Found 'G:\Plateformes\Images\Nintendo - SNES\Arcade - Marquee\Donkey Kong Country-01.png' in 'G:\Plateformes\Images\Nintendo - SNES\Arcade - Marquee'
09:49:59 		[CopyImages] Found 'G:\Plateformes\Images\Nintendo - SNES\Banner\Donkey Kong Country-01.jpg' in 'G:\Plateformes\Images\Nintendo - SNES\Banner'
09:49:59 		[CopyImages] Found 'G:\Plateformes\Images\Nintendo - SNES\Banner\Donkey Kong Country-01.png' in 'G:\Plateformes\Images\Nintendo - SNES\Banner'
09:49:59 		[CopyImages] Found 'G:\Plateformes\Images\Nintendo - SNES\Banner\Donkey Kong Country-02.jpg' in 'G:\Plateformes\Images\Nintendo - SNES\Banner'
09:49:59 		[CopyImages] Found 'G:\Plateformes\Images\Nintendo - SNES\Banner\Donkey Kong Country-02.png' in 'G:\Plateformes\Images\Nintendo - SNES\Banner'
09:49:59 		[CopyImages] Found 'G:\Plateformes\Images\Nintendo - SNES\Banner\Donkey Kong Country-03.png' in 'G:\Plateformes\Images\Nintendo - SNES\Banner'
09:49:59 		[CopyImages] Found 'G:\Plateformes\Images\Nintendo - SNES\Cart - Front\Donkey Kong Country-01.png' in 'G:\Plateformes\Images\Nintendo - SNES\Cart - Front'
09:49:59 		[CopyImages] Found 'G:\Plateformes\Images\Nintendo - SNES\Cart - Front\Japan\Donkey Kong Country-01.jpg' in 'G:\Plateformes\Images\Nintendo - SNES\Cart - Front'
09:49:59 		[CopyImages] Found 'G:\Plateformes\Images\Nintendo - SNES\Cart - 3D\Donkey Kong Country-01.png' in 'G:\Plateformes\Images\Nintendo - SNES\Cart - 3D'
09:49:59 		[CopyImages] Found 'G:\Plateformes\Images\Nintendo - SNES\Cart - 3D\North America\Donkey Kong Country-01.png' in 'G:\Plateformes\Images\Nintendo - SNES\Cart - 3D'
09:49:59 		[CopyImages] Found 'G:\Plateformes\Images\Nintendo - SNES\Clear Logo\Donkey Kong Country-01.png' in 'G:\Plateformes\Images\Nintendo - SNES\Clear Logo'
09:49:59 		[CopyImages] Found 'G:\Plateformes\Images\Nintendo - SNES\Clear Logo\North America\Donkey Kong Country-01.png' in 'G:\Plateformes\Images\Nintendo - SNES\Clear Logo'
09:49:59 		[CopyImages] Found 'G:\Plateformes\Images\Nintendo - SNES\Fanart - Box - Back\North America\Donkey Kong Country-01.jpg' in 'G:\Plateformes\Images\Nintendo - SNES\Fanart - Box - Back'
09:49:59 		[CopyImages] Found 'G:\Plateformes\Images\Nintendo - SNES\Fanart - Cart - Front\Europe\Donkey Kong Country-01.png' in 'G:\Plateformes\Images\Nintendo - SNES\Fanart - Cart - Front'
09:49:59 		[CopyImages] Found 'G:\Plateformes\Images\Nintendo - SNES\Fanart - Background\Donkey Kong Country-01.jpg' in 'G:\Plateformes\Images\Nintendo - SNES\Fanart - Background'
09:49:59 		[CopyImages] Found 'G:\Plateformes\Images\Nintendo - SNES\Fanart - Background\Donkey Kong Country-01.png' in 'G:\Plateformes\Images\Nintendo - SNES\Fanart - Background'
09:49:59 		[CopyImages] Found 'G:\Plateformes\Images\Nintendo - SNES\Fanart - Background\Donkey Kong Country-02.jpg' in 'G:\Plateformes\Images\Nintendo - SNES\Fanart - Background'
09:49:59 		[CopyImages] Found 'G:\Plateformes\Images\Nintendo - SNES\Fanart - Background\Donkey Kong Country-03.jpg' in 'G:\Plateformes\Images\Nintendo - SNES\Fanart - Background'
09:49:59 		[CopyImages] Found 'G:\Plateformes\Images\Nintendo - SNES\Fanart - Background\Donkey Kong Country-04.jpg' in 'G:\Plateformes\Images\Nintendo - SNES\Fanart - Background'
09:49:59 		[CopyImages] Found 'G:\Plateformes\Images\Nintendo - SNES\Fanart - Background\Donkey Kong Country-05.jpg' in 'G:\Plateformes\Images\Nintendo - SNES\Fanart - Background'
09:49:59 		[CopyImages] Found 'G:\Plateformes\Images\Nintendo - SNES\Fanart - Background\Donkey Kong Country-06.jpg' in 'G:\Plateformes\Images\Nintendo - SNES\Fanart - Background'
09:49:59 		[CopyImages] Found 'G:\Plateformes\Images\Nintendo - SNES\Fanart - Background\Donkey Kong Country-07.jpg' in 'G:\Plateformes\Images\Nintendo - SNES\Fanart - Background'
09:49:59 		[CopyImages] Found 'G:\Plateformes\Images\Nintendo - SNES\Fanart - Background\Donkey Kong Country-08.jpg' in 'G:\Plateformes\Images\Nintendo - SNES\Fanart - Background'
09:49:59 		[CopyImages] Found 'G:\Plateformes\Images\Nintendo - SNES\Fanart - Background\Donkey Kong Country-09.jpg' in 'G:\Plateformes\Images\Nintendo - SNES\Fanart - Background'
09:49:59 		[CopyImages] Found 'G:\Plateformes\Images\Nintendo - SNES\Fanart - Background\Donkey Kong Country-10.jpg' in 'G:\Plateformes\Images\Nintendo - SNES\Fanart - Background'
09:49:59 		[CopyImages] Found 'G:\Plateformes\Images\Nintendo - SNES\Fanart - Background\Donkey Kong Country-11.jpg' in 'G:\Plateformes\Images\Nintendo - SNES\Fanart - Background'
09:49:59 		[CopyImages] Found 'G:\Plateformes\Images\Nintendo - SNES\Fanart - Background\Donkey Kong Country-12.jpg' in 'G:\Plateformes\Images\Nintendo - SNES\Fanart - Background'
09:49:59 		[CopyImages] Found 'G:\Plateformes\Images\Nintendo - SNES\Fanart - Background\Donkey Kong Country-13.jpg' in 'G:\Plateformes\Images\Nintendo - SNES\Fanart - Background'
09:49:59 		[CopyImages] Found 'G:\Plateformes\Images\Nintendo - SNES\Fanart - Background\Donkey Kong Country-14.jpg' in 'G:\Plateformes\Images\Nintendo - SNES\Fanart - Background'
09:49:59 		[CopyImages] Found 'G:\Plateformes\Images\Nintendo - SNES\Fanart - Background\Donkey Kong Country-15.jpg' in 'G:\Plateformes\Images\Nintendo - SNES\Fanart - Background'
09:49:59 		[CopyImages] Found 'G:\Plateformes\Images\Nintendo - SNES\Fanart - Background\Donkey Kong Country-16.jpg' in 'G:\Plateformes\Images\Nintendo - SNES\Fanart - Background'
09:49:59 		[CopyImages] Found 'G:\Plateformes\Images\Nintendo - SNES\Screenshot - Gameplay\Europe\Donkey Kong Country-01.png' in 'G:\Plateformes\Images\Nintendo - SNES\Screenshot - Gameplay'
09:49:59 		[CopyImages] Found 'G:\Plateformes\Images\Nintendo - SNES\Screenshot - Game Title\Europe\Donkey Kong Country-01.png' in 'G:\Plateformes\Images\Nintendo - SNES\Screenshot - Game Title'
09:49:59 		[CopyImages] Found 'G:\Plateformes\Images\Nintendo - SNES\Screenshot - Game Over\Donkey Kong Country-01.png' in 'G:\Plateformes\Images\Nintendo - SNES\Screenshot - Game Over'
09:49:59 [CopyHandler] Destination file exists... 09:50:02 OverWriteAll
09:50:02 [CopyFiles] Copy of the file 'Donkey Kong Country-01.png': Successful
09:50:02 [CopyHandler] Destination file exists... 09:50:02 OverWriteAll
09:50:02 [CopyFiles] Copy of the file 'Donkey Kong Country-01.png': Successful
09:50:03 [CopyHandler] Destination file exists... 09:50:03 OverWriteAll
09:50:03 [CopyFiles] Copy of the file 'Donkey Kong Country-01.jpg': Successful
09:50:03 [CopyHandler] Destination file exists... 09:50:03 OverWriteAll
09:50:03 [CopyFiles] Copy of the file 'Donkey Kong Country-01.png': Successful
09:50:03 [CopyHandler] Destination file exists... 09:50:03 OverWriteAll
09:50:03 [CopyFiles] Copy of the file 'Donkey Kong Country-02.png': Successful
09:50:03 [CopyHandler] Destination file exists... 09:50:03 OverWriteAll
09:50:03 [CopyFiles] Copy of the file 'Donkey Kong Country-01.png': Successful
09:50:03 [CopyHandler] Destination file exists... 09:50:03 OverWriteAll
09:50:03 [CopyFiles] Copy of the file 'Donkey Kong Country-01.png': Successful
09:50:03 [CopyHandler] Destination file exists... 09:50:03 OverWriteAll
09:50:03 [CopyFiles] Copy of the file 'Donkey Kong Country-01.jpg': Successful
09:50:03 [CopyHandler] Destination file exists... 09:50:03 OverWriteAll
09:50:03 [CopyFiles] Copy of the file 'Donkey Kong Country-01.png': Successful
09:50:03 [CopyHandler] Destination file exists... 09:50:03 OverWriteAll
09:50:03 [CopyFiles] Copy of the file 'Donkey Kong Country-02.jpg': Successful
09:50:03 [CopyHandler] Destination file exists... 09:50:03 OverWriteAll
09:50:03 [CopyFiles] Copy of the file 'Donkey Kong Country-02.png': Successful
09:50:03 [CopyHandler] Destination file exists... 09:50:03 OverWriteAll
09:50:03 [CopyFiles] Copy of the file 'Donkey Kong Country-03.png': Successful
09:50:04 [CopyHandler] Destination file exists... 09:50:04 OverWriteAll
09:50:04 [CopyFiles] Copy of the file 'Donkey Kong Country-01.png': Successful
09:50:04 [CopyHandler] Destination file exists... 09:50:04 OverWriteAll
09:50:04 [CopyFiles] Copy of the file 'Donkey Kong Country-01.jpg': Successful
09:50:04 [CopyHandler] Destination file exists... 09:50:04 OverWriteAll
09:50:04 [CopyFiles] Copy of the file 'Donkey Kong Country-01.png': Successful
09:50:04 [CopyHandler] Destination file exists... 09:50:04 OverWriteAll
09:50:04 [CopyFiles] Copy of the file 'Donkey Kong Country-01.png': Successful
09:50:04 [CopyHandler] Destination file exists... 09:50:04 OverWriteAll
09:50:04 [CopyFiles] Copy of the file 'Donkey Kong Country-01.png': Successful
09:50:04 [CopyHandler] Destination file exists... 09:50:04 OverWriteAll
09:50:04 [CopyFiles] Copy of the file 'Donkey Kong Country-01.png': Successful
09:50:04 [CopyHandler] Destination file exists... 09:50:04 OverWriteAll
09:50:04 [CopyFiles] Copy of the file 'Donkey Kong Country-01.jpg': Successful
09:50:04 [CopyHandler] Destination file exists... 09:50:04 OverWriteAll
09:50:04 [CopyFiles] Copy of the file 'Donkey Kong Country-01.png': Successful
09:50:04 [CopyHandler] Destination file exists... 09:50:04 OverWriteAll
09:50:04 [CopyFiles] Copy of the file 'Donkey Kong Country-01.jpg': Successful
09:50:04 [CopyHandler] Destination file exists... 09:50:04 OverWriteAll
09:50:04 [CopyFiles] Copy of the file 'Donkey Kong Country-01.png': Successful
09:50:04 [CopyHandler] Destination file exists... 09:50:04 OverWriteAll
09:50:04 [CopyFiles] Copy of the file 'Donkey Kong Country-02.jpg': Successful
09:50:05 [CopyHandler] Destination file exists... 09:50:05 OverWriteAll
09:50:05 [CopyFiles] Copy of the file 'Donkey Kong Country-03.jpg': Successful
09:50:05 [CopyHandler] Destination file exists... 09:50:05 OverWriteAll
09:50:05 [CopyFiles] Copy of the file 'Donkey Kong Country-04.jpg': Successful
09:50:05 [CopyHandler] Destination file exists... 09:50:05 OverWriteAll
09:50:05 [CopyFiles] Copy of the file 'Donkey Kong Country-05.jpg': Successful
09:50:05 [CopyHandler] Destination file exists... 09:50:05 OverWriteAll
09:50:05 [CopyFiles] Copy of the file 'Donkey Kong Country-06.jpg': Successful
09:50:05 [CopyHandler] Destination file exists... 09:50:05 OverWriteAll
09:50:05 [CopyFiles] Copy of the file 'Donkey Kong Country-07.jpg': Successful
09:50:05 [CopyHandler] Destination file exists... 09:50:05 OverWriteAll
09:50:05 [CopyFiles] Copy of the file 'Donkey Kong Country-08.jpg': Successful
09:50:05 [CopyHandler] Destination file exists... 09:50:05 OverWriteAll
09:50:05 [CopyFiles] Copy of the file 'Donkey Kong Country-09.jpg': Successful
09:50:05 [CopyHandler] Destination file exists... 09:50:05 OverWriteAll
09:50:05 [CopyFiles] Copy of the file 'Donkey Kong Country-10.jpg': Successful
09:50:05 [CopyHandler] Destination file exists... 09:50:05 OverWriteAll
09:50:05 [CopyFiles] Copy of the file 'Donkey Kong Country-11.jpg': Successful
09:50:05 [CopyHandler] Destination file exists... 09:50:05 OverWriteAll
09:50:05 [CopyFiles] Copy of the file 'Donkey Kong Country-12.jpg': Successful
09:50:05 [CopyHandler] Destination file exists... 09:50:05 OverWriteAll
09:50:05 [CopyFiles] Copy of the file 'Donkey Kong Country-13.jpg': Successful
09:50:05 [CopyHandler] Destination file exists... 09:50:05 OverWriteAll
09:50:05 [CopyFiles] Copy of the file 'Donkey Kong Country-14.jpg': Successful
09:50:06 [CopyHandler] Destination file exists... 09:50:06 OverWriteAll
09:50:06 [CopyFiles] Copy of the file 'Donkey Kong Country-15.jpg': Successful
09:50:06 [CopyHandler] Destination file exists... 09:50:06 OverWriteAll
09:50:06 [CopyFiles] Copy of the file 'Donkey Kong Country-16.jpg': Successful
09:50:06 [CopyHandler] Destination file exists... 09:50:06 OverWriteAll
09:50:06 [CopyFiles] Copy of the file 'Donkey Kong Country-01.png': Successful
09:50:06 [CopyHandler] Destination file exists... 09:50:06 OverWriteAll
09:50:06 [CopyFiles] Copy of the file 'Donkey Kong Country-01.png': Successful
09:50:06 [CopyHandler] Destination file exists... 09:50:06 OverWriteAll
09:50:06 [CopyFiles] Copy of the file 'Donkey Kong Country-01.png': Successful
09:52:32 [CopyHandler] Destination file exists... 09:52:32 PassAll
09:52:32 [CopyHandler] Destination file exists... 09:52:32 PassAll
09:52:32 [CopyHandler] Destination file exists... 09:52:32 PassAll
09:52:32 [CopyHandler] Destination file exists... 09:52:32 PassAll
09:52:32 [CopyHandler] Destination file exists... 09:52:32 PassAll
09:52:32 [CopyHandler] Destination file exists... 09:52:32 PassAll
09:52:32 [CopyHandler] Destination file exists... 09:52:32 PassAll
09:52:32 [CopyHandler] Destination file exists... 09:52:32 PassAll
09:52:32 [CopyHandler] Destination file exists... 09:52:32 PassAll
09:52:32 [CopyHandler] Destination file exists... 09:52:32 PassAll
09:52:32 [CopyHandler] Destination file exists... 09:52:32 PassAll
