****** Initialisation Logger - niveau: 0 ******
18:47:55 Language fr-FR - 1.0.0.4, loading...
18:48:05 [Main] PackMe for 'Donkey Kong Country' | 'fc1ac9d2-d88a-4851-8939-cea8ddeb74bb'
18:48:05 Directory Exists 'G:\Temp\pmg - temp\Super Nintendo Entertainment System\Donkey Kong Country (E) (M3) (V1.0) [f1]'
18:48:08 [MakeStructure] Creation of the tree
18:48:13 [CreateHFolders] Creation of 'G:\Temp\pmg - temp\Super Nintendo Entertainment System\Donkey Kong Country (E) (M3) (V1.0) [f1]\Games'
18:48:13 [CreateHFolders] Creation of 'G:\Temp\pmg - temp\Super Nintendo Entertainment System\Donkey Kong Country (E) (M3) (V1.0) [f1]\CheatCodes'
18:48:13 [CreateHFolders] Creation of 'G:\Temp\pmg - temp\Super Nintendo Entertainment System\Donkey Kong Country (E) (M3) (V1.0) [f1]\Images'
18:48:13 [CreateHFolders] Creation of 'G:\Temp\pmg - temp\Super Nintendo Entertainment System\Donkey Kong Country (E) (M3) (V1.0) [f1]\Manuals'
18:48:13 [CreateHFolders] Creation of 'G:\Temp\pmg - temp\Super Nintendo Entertainment System\Donkey Kong Country (E) (M3) (V1.0) [f1]\Musics'
18:48:13 [CreateHFolders] Creation of 'G:\Temp\pmg - temp\Super Nintendo Entertainment System\Donkey Kong Country (E) (M3) (V1.0) [f1]\Videos'
18:48:14 Not managed: GogAppId
18:48:14 Not managed: OriginAppId
18:48:14 Not managed: OriginInstallPath
18:48:14 Not managed: MissingBox3dImage
18:48:14 Not managed: MissingCartImage
18:48:14 Not managed: MissingCart3dImage
18:48:14 Not managed: MissingManual
18:48:14 Not managed: MissingBannerImage
18:48:14 Not managed: MissingMusic
18:48:14 Not managed: UsePauseScreen
18:48:14 Not managed: PauseAutoHotkeyScript
18:48:14 Not managed: ResumeAutoHotkeyScript
18:48:14 Not managed: OverrideDefaultPauseScreenSettings
18:48:14 Not managed: SuspendProcessOnPause
18:48:14 Not managed: ForcefulPauseScreenActivation
18:48:14 Not managed: LoadStateAutoHotkeyScript
18:48:14 Not managed: SaveStateAutoHotkeyScript
18:48:14 Not managed: ResetAutoHotkeyScript
18:48:14 Not managed: SwapDiscsAutoHotkeyScript
18:48:14 [CopyHandler] Destination file exists... 18:48:49 PassAll
18:48:49 [CopyHandler] Destination file exists... 18:48:49 PassAll
18:48:49 [CopyHandler] Destination file exists... 18:48:49 PassAll
18:48:49 [CopyHandler] Destination file exists... 18:48:49 PassAll
18:48:49 [CopyHandler] Destination file exists... 18:48:49 PassAll
18:48:49 		[CopyImages] Found 'G:\Plateformes\Images\Nintendo - SNES\Box - Front\Donkey Kong Country-01.png' in 'G:\Plateformes\Images\Nintendo - SNES\Box - Front'
18:48:49 		[CopyImages] Found 'G:\Plateformes\Images\Nintendo - SNES\Box - Front\France\Donkey Kong Country-01.png' in 'G:\Plateformes\Images\Nintendo - SNES\Box - Front'
18:48:49 		[CopyImages] Found 'G:\Plateformes\Images\Nintendo - SNES\Box - Back\North America\Donkey Kong Country-01.jpg' in 'G:\Plateformes\Images\Nintendo - SNES\Box - Back'
18:48:49 		[CopyImages] Found 'G:\Plateformes\Images\Nintendo - SNES\Box - 3D\Donkey Kong Country-01.png' in 'G:\Plateformes\Images\Nintendo - SNES\Box - 3D'
18:48:49 		[CopyImages] Found 'G:\Plateformes\Images\Nintendo - SNES\Box - 3D\Donkey Kong Country-02.png' in 'G:\Plateformes\Images\Nintendo - SNES\Box - 3D'
18:48:49 		[CopyImages] Found 'G:\Plateformes\Images\Nintendo - SNES\Box - 3D\Europe\Donkey Kong Country-01.png' in 'G:\Plateformes\Images\Nintendo - SNES\Box - 3D'
18:48:49 		[CopyImages] Found 'G:\Plateformes\Images\Nintendo - SNES\Arcade - Marquee\Donkey Kong Country-01.png' in 'G:\Plateformes\Images\Nintendo - SNES\Arcade - Marquee'
18:48:49 		[CopyImages] Found 'G:\Plateformes\Images\Nintendo - SNES\Banner\Donkey Kong Country-01.jpg' in 'G:\Plateformes\Images\Nintendo - SNES\Banner'
18:48:49 		[CopyImages] Found 'G:\Plateformes\Images\Nintendo - SNES\Banner\Donkey Kong Country-01.png' in 'G:\Plateformes\Images\Nintendo - SNES\Banner'
18:48:49 		[CopyImages] Found 'G:\Plateformes\Images\Nintendo - SNES\Banner\Donkey Kong Country-02.jpg' in 'G:\Plateformes\Images\Nintendo - SNES\Banner'
18:48:49 		[CopyImages] Found 'G:\Plateformes\Images\Nintendo - SNES\Banner\Donkey Kong Country-02.png' in 'G:\Plateformes\Images\Nintendo - SNES\Banner'
18:48:49 		[CopyImages] Found 'G:\Plateformes\Images\Nintendo - SNES\Banner\Donkey Kong Country-03.png' in 'G:\Plateformes\Images\Nintendo - SNES\Banner'
18:48:49 		[CopyImages] Found 'G:\Plateformes\Images\Nintendo - SNES\Cart - Front\Donkey Kong Country-01.png' in 'G:\Plateformes\Images\Nintendo - SNES\Cart - Front'
18:48:49 		[CopyImages] Found 'G:\Plateformes\Images\Nintendo - SNES\Cart - Front\Japan\Donkey Kong Country-01.jpg' in 'G:\Plateformes\Images\Nintendo - SNES\Cart - Front'
18:48:49 		[CopyImages] Found 'G:\Plateformes\Images\Nintendo - SNES\Cart - 3D\Donkey Kong Country-01.png' in 'G:\Plateformes\Images\Nintendo - SNES\Cart - 3D'
18:48:49 		[CopyImages] Found 'G:\Plateformes\Images\Nintendo - SNES\Cart - 3D\North America\Donkey Kong Country-01.png' in 'G:\Plateformes\Images\Nintendo - SNES\Cart - 3D'
18:48:49 		[CopyImages] Found 'G:\Plateformes\Images\Nintendo - SNES\Clear Logo\Donkey Kong Country-01.png' in 'G:\Plateformes\Images\Nintendo - SNES\Clear Logo'
18:48:49 		[CopyImages] Found 'G:\Plateformes\Images\Nintendo - SNES\Clear Logo\North America\Donkey Kong Country-01.png' in 'G:\Plateformes\Images\Nintendo - SNES\Clear Logo'
18:48:49 		[CopyImages] Found 'G:\Plateformes\Images\Nintendo - SNES\Fanart - Box - Back\North America\Donkey Kong Country-01.jpg' in 'G:\Plateformes\Images\Nintendo - SNES\Fanart - Box - Back'
18:48:49 		[CopyImages] Found 'G:\Plateformes\Images\Nintendo - SNES\Fanart - Cart - Front\Europe\Donkey Kong Country-01.png' in 'G:\Plateformes\Images\Nintendo - SNES\Fanart - Cart - Front'
18:48:49 		[CopyImages] Found 'G:\Plateformes\Images\Nintendo - SNES\Fanart - Background\Donkey Kong Country-01.jpg' in 'G:\Plateformes\Images\Nintendo - SNES\Fanart - Background'
18:48:49 		[CopyImages] Found 'G:\Plateformes\Images\Nintendo - SNES\Fanart - Background\Donkey Kong Country-01.png' in 'G:\Plateformes\Images\Nintendo - SNES\Fanart - Background'
18:48:49 		[CopyImages] Found 'G:\Plateformes\Images\Nintendo - SNES\Fanart - Background\Donkey Kong Country-02.jpg' in 'G:\Plateformes\Images\Nintendo - SNES\Fanart - Background'
18:48:49 		[CopyImages] Found 'G:\Plateformes\Images\Nintendo - SNES\Fanart - Background\Donkey Kong Country-03.jpg' in 'G:\Plateformes\Images\Nintendo - SNES\Fanart - Background'
18:48:49 		[CopyImages] Found 'G:\Plateformes\Images\Nintendo - SNES\Fanart - Background\Donkey Kong Country-04.jpg' in 'G:\Plateformes\Images\Nintendo - SNES\Fanart - Background'
18:48:49 		[CopyImages] Found 'G:\Plateformes\Images\Nintendo - SNES\Fanart - Background\Donkey Kong Country-05.jpg' in 'G:\Plateformes\Images\Nintendo - SNES\Fanart - Background'
18:48:49 		[CopyImages] Found 'G:\Plateformes\Images\Nintendo - SNES\Fanart - Background\Donkey Kong Country-06.jpg' in 'G:\Plateformes\Images\Nintendo - SNES\Fanart - Background'
18:48:49 		[CopyImages] Found 'G:\Plateformes\Images\Nintendo - SNES\Fanart - Background\Donkey Kong Country-07.jpg' in 'G:\Plateformes\Images\Nintendo - SNES\Fanart - Background'
18:48:49 		[CopyImages] Found 'G:\Plateformes\Images\Nintendo - SNES\Fanart - Background\Donkey Kong Country-08.jpg' in 'G:\Plateformes\Images\Nintendo - SNES\Fanart - Background'
18:48:49 		[CopyImages] Found 'G:\Plateformes\Images\Nintendo - SNES\Fanart - Background\Donkey Kong Country-09.jpg' in 'G:\Plateformes\Images\Nintendo - SNES\Fanart - Background'
18:48:49 		[CopyImages] Found 'G:\Plateformes\Images\Nintendo - SNES\Fanart - Background\Donkey Kong Country-10.jpg' in 'G:\Plateformes\Images\Nintendo - SNES\Fanart - Background'
18:48:49 		[CopyImages] Found 'G:\Plateformes\Images\Nintendo - SNES\Fanart - Background\Donkey Kong Country-11.jpg' in 'G:\Plateformes\Images\Nintendo - SNES\Fanart - Background'
18:48:49 		[CopyImages] Found 'G:\Plateformes\Images\Nintendo - SNES\Fanart - Background\Donkey Kong Country-12.jpg' in 'G:\Plateformes\Images\Nintendo - SNES\Fanart - Background'
18:48:49 		[CopyImages] Found 'G:\Plateformes\Images\Nintendo - SNES\Fanart - Background\Donkey Kong Country-13.jpg' in 'G:\Plateformes\Images\Nintendo - SNES\Fanart - Background'
18:48:49 		[CopyImages] Found 'G:\Plateformes\Images\Nintendo - SNES\Fanart - Background\Donkey Kong Country-14.jpg' in 'G:\Plateformes\Images\Nintendo - SNES\Fanart - Background'
18:48:49 		[CopyImages] Found 'G:\Plateformes\Images\Nintendo - SNES\Fanart - Background\Donkey Kong Country-15.jpg' in 'G:\Plateformes\Images\Nintendo - SNES\Fanart - Background'
18:48:49 		[CopyImages] Found 'G:\Plateformes\Images\Nintendo - SNES\Fanart - Background\Donkey Kong Country-16.jpg' in 'G:\Plateformes\Images\Nintendo - SNES\Fanart - Background'
18:48:49 		[CopyImages] Found 'G:\Plateformes\Images\Nintendo - SNES\Screenshot - Gameplay\Europe\Donkey Kong Country-01.png' in 'G:\Plateformes\Images\Nintendo - SNES\Screenshot - Gameplay'
18:48:49 		[CopyImages] Found 'G:\Plateformes\Images\Nintendo - SNES\Screenshot - Game Title\Europe\Donkey Kong Country-01.png' in 'G:\Plateformes\Images\Nintendo - SNES\Screenshot - Game Title'
18:48:49 		[CopyImages] Found 'G:\Plateformes\Images\Nintendo - SNES\Screenshot - Game Over\Donkey Kong Country-01.png' in 'G:\Plateformes\Images\Nintendo - SNES\Screenshot - Game Over'
18:48:49 [CopyHandler] Destination file exists... 18:48:51 PassAll
18:48:51 [CopyHandler] Destination file exists... 18:48:51 PassAll
18:48:51 [CopyHandler] Destination file exists... 18:48:51 PassAll
18:48:51 [CopyHandler] Destination file exists... 18:48:51 PassAll
18:48:51 [CopyHandler] Destination file exists... 18:48:51 PassAll
18:48:51 [CopyHandler] Destination file exists... 18:48:51 PassAll
18:48:51 [CopyHandler] Destination file exists... 18:48:51 PassAll
18:48:51 [CopyHandler] Destination file exists... 18:48:51 PassAll
18:48:51 [CopyHandler] Destination file exists... 18:48:51 PassAll
18:48:51 [CopyHandler] Destination file exists... 18:48:51 PassAll
18:48:51 [CopyHandler] Destination file exists... 18:48:51 PassAll
18:48:51 [CopyHandler] Destination file exists... 18:48:51 PassAll
18:48:51 [CopyHandler] Destination file exists... 18:48:51 PassAll
18:48:51 [CopyHandler] Destination file exists... 18:48:51 PassAll
18:48:51 [CopyHandler] Destination file exists... 18:48:51 PassAll
18:48:51 [CopyHandler] Destination file exists... 18:48:51 PassAll
18:48:51 [CopyHandler] Destination file exists... 18:48:51 PassAll
18:48:51 [CopyHandler] Destination file exists... 18:48:51 PassAll
18:48:51 [CopyHandler] Destination file exists... 18:48:51 PassAll
18:48:51 [CopyHandler] Destination file exists... 18:48:51 PassAll
18:48:51 [CopyHandler] Destination file exists... 18:48:51 PassAll
18:48:51 [CopyHandler] Destination file exists... 18:48:51 PassAll
18:48:51 [CopyHandler] Destination file exists... 18:48:51 PassAll
18:48:51 [CopyHandler] Destination file exists... 18:48:51 PassAll
18:48:51 [CopyHandler] Destination file exists... 18:48:51 PassAll
18:48:51 [CopyHandler] Destination file exists... 18:48:51 PassAll
18:48:51 [CopyHandler] Destination file exists... 18:48:51 PassAll
18:48:51 [CopyHandler] Destination file exists... 18:48:51 PassAll
18:48:51 [CopyHandler] Destination file exists... 18:48:51 PassAll
18:48:51 [CopyHandler] Destination file exists... 18:48:51 PassAll
18:48:51 [CopyHandler] Destination file exists... 18:48:51 PassAll
18:48:51 [CopyHandler] Destination file exists... 18:48:51 PassAll
18:48:51 [CopyHandler] Destination file exists... 18:48:51 PassAll
18:48:51 [CopyHandler] Destination file exists... 18:48:51 PassAll
18:48:51 [CopyHandler] Destination file exists... 18:48:51 PassAll
18:48:51 [CopyHandler] Destination file exists... 18:48:51 PassAll
18:48:51 [CopyHandler] Destination file exists... 18:48:51 PassAll
18:48:51 [CopyHandler] Destination file exists... 18:48:51 PassAll
18:48:51 [CopyHandler] Destination file exists... 18:48:51 PassAll
18:48:51 [CopyHandler] Destination file exists... 18:48:51 PassAll
18:48:51 [CopyHandler] Destination file exists... 18:48:51 PassAll
18:48:51 [CopyHandler] Destination file exists... 18:48:51 PassAll
18:48:51 [CopyHandler] Destination file exists... 18:48:51 PassAll
18:48:51 [CopyHandler] Destination file exists... 18:48:51 PassAll
18:48:51 [CopyHandler] Destination file exists... 18:48:51 PassAll
18:48:51 [CopyHandler] Destination file exists... 18:48:51 PassAll
18:48:51 [CopyHandler] Destination file exists... 18:48:51 PassAll
18:48:51 [CopyHandler] Destination file exists... 18:48:51 PassAll
18:48:51 [CopyHandler] Destination file exists... 18:48:51 PassAll
18:48:51 [CopyHandler] Destination file exists... 18:48:51 PassAll
18:48:51 [CopyHandler] Destination file exists... 18:48:51 PassAll
