****** Initialisation Logger - niveau: 0 ******
10:55:17 Language fr-FR - 1.0.0.4, loading...
10:56:19 [Main] PackMe for 'Donkey Kong Country' | 'fc1ac9d2-d88a-4851-8939-cea8ddeb74bb'
10:56:20 [MakeStructure] Creation of the tree
10:56:20 [CreateHFolders] Creation of 'G:\Temp\pmg - temp\Super Nintendo Entertainment System\Donkey Kong Country (E) (M3) (V1.0) [f1]\Games'
10:56:20 [CreateHFolders] Creation of 'G:\Temp\pmg - temp\Super Nintendo Entertainment System\Donkey Kong Country (E) (M3) (V1.0) [f1]\CheatCodes'
10:56:20 [CreateHFolders] Creation of 'G:\Temp\pmg - temp\Super Nintendo Entertainment System\Donkey Kong Country (E) (M3) (V1.0) [f1]\Images'
10:56:20 [CreateHFolders] Creation of 'G:\Temp\pmg - temp\Super Nintendo Entertainment System\Donkey Kong Country (E) (M3) (V1.0) [f1]\Manuals'
10:56:20 [CreateHFolders] Creation of 'G:\Temp\pmg - temp\Super Nintendo Entertainment System\Donkey Kong Country (E) (M3) (V1.0) [f1]\Musics'
10:56:20 [CreateHFolders] Creation of 'G:\Temp\pmg - temp\Super Nintendo Entertainment System\Donkey Kong Country (E) (M3) (V1.0) [f1]\Videos'
10:56:20 Not managed: MissingBox3dImage
10:56:20 Not managed: MissingCartImage
10:56:20 Not managed: MissingCart3dImage
10:56:20 Not managed: MissingManual
10:56:20 Not managed: MissingBannerImage
10:56:20 Not managed: MissingMusic
10:56:20 Not managed: UsePauseScreen
10:56:20 Not managed: OverrideDefaultPauseScreenSettings
10:56:20 Not managed: SuspendProcessOnPause
10:56:20 Not managed: ForcefulPauseScreenActivation
10:56:28 [CopyFiles] Copy of the file 'Donkey Kong Country (E) (M3) (V1.0) [f1].sfc': Successful
10:56:40 Could not find a part of the path 'G:\Temp\Plateformes\Manuals\Nintendo - SNES'.
10:57:22 [Main] PackMe for 'Donkey Kong Country' | 'fc1ac9d2-d88a-4851-8939-cea8ddeb74bb'
10:57:22 Directory Exists 'G:\Temp\pmg - temp\Super Nintendo Entertainment System\Donkey Kong Country (E) (M3) (V1.0) [f1]'
10:57:26 Trash existing folder: 'G:\Temp\pmg - temp\Super Nintendo Entertainment System\Donkey Kong Country (E) (M3) (V1.0) [f1]'
10:57:26 [MakeStructure] Creation of the tree
10:57:26 [CreateHFolders] Creation of 'G:\Temp\pmg - temp\Super Nintendo Entertainment System\Donkey Kong Country (E) (M3) (V1.0) [f1]\Games'
10:57:26 [CreateHFolders] Creation of 'G:\Temp\pmg - temp\Super Nintendo Entertainment System\Donkey Kong Country (E) (M3) (V1.0) [f1]\CheatCodes'
10:57:26 [CreateHFolders] Creation of 'G:\Temp\pmg - temp\Super Nintendo Entertainment System\Donkey Kong Country (E) (M3) (V1.0) [f1]\Images'
10:57:26 [CreateHFolders] Creation of 'G:\Temp\pmg - temp\Super Nintendo Entertainment System\Donkey Kong Country (E) (M3) (V1.0) [f1]\Manuals'
10:57:26 [CreateHFolders] Creation of 'G:\Temp\pmg - temp\Super Nintendo Entertainment System\Donkey Kong Country (E) (M3) (V1.0) [f1]\Musics'
10:57:26 [CreateHFolders] Creation of 'G:\Temp\pmg - temp\Super Nintendo Entertainment System\Donkey Kong Country (E) (M3) (V1.0) [f1]\Videos'
10:57:26 Not managed: MissingBox3dImage
10:57:26 Not managed: MissingBox3dImage
10:57:26 Not managed: MissingCartImage
10:57:26 Not managed: MissingCartImage
10:57:26 Not managed: MissingCart3dImage
10:57:26 Not managed: MissingCart3dImage
10:57:26 Not managed: MissingManual
10:57:26 Not managed: MissingManual
10:57:26 Not managed: MissingBannerImage
10:57:26 Not managed: MissingBannerImage
10:57:26 Not managed: MissingMusic
10:57:26 Not managed: MissingMusic
10:57:26 Not managed: UsePauseScreen
10:57:26 Not managed: UsePauseScreen
10:57:26 Not managed: OverrideDefaultPauseScreenSettings
10:57:26 Not managed: OverrideDefaultPauseScreenSettings
10:57:26 Not managed: SuspendProcessOnPause
10:57:26 Not managed: SuspendProcessOnPause
10:57:26 Not managed: ForcefulPauseScreenActivation
10:57:26 Not managed: ForcefulPauseScreenActivation
10:57:30 [CopyFiles] Copy of the file 'Donkey Kong Country (E) (M3) (V1.0) [f1].sfc': Successful
10:58:35 Could not find a part of the path 'G:\Temp\Plateformes\Manuals\Nintendo - SNES'.
