****** Initialisation Logger - niveau: 0 ******
21:05:26 Language fr-FR - 1.0.0.4, loading...
21:06:24 [Main] PackMe for 'Ecco the Dolphin' | '2c00a91f-9f5d-4331-869c-cb23bbdeec53'
21:06:24 Directory Exists 'G:\Temp\pmg - temp\Sega CD\Ecco the Dolphin (1993)(Sega)(PAL)[!][MK-4408P-00135 1]'
21:06:27 Trash existing folder: 'G:\Temp\pmg - temp\Sega CD\Ecco the Dolphin (1993)(Sega)(PAL)[!][MK-4408P-00135 1]'
21:06:28 [MakeStructure] Creation of the tree
21:06:28 [CreateHFolders] Creation of 'G:\Temp\pmg - temp\Sega CD\Ecco the Dolphin (1993)(Sega)(PAL)[!][MK-4408P-00135 1]\Games'
21:06:28 [CreateHFolders] Creation of 'G:\Temp\pmg - temp\Sega CD\Ecco the Dolphin (1993)(Sega)(PAL)[!][MK-4408P-00135 1]\CheatCodes'
21:06:28 [CreateHFolders] Creation of 'G:\Temp\pmg - temp\Sega CD\Ecco the Dolphin (1993)(Sega)(PAL)[!][MK-4408P-00135 1]\Images'
21:06:28 [CreateHFolders] Creation of 'G:\Temp\pmg - temp\Sega CD\Ecco the Dolphin (1993)(Sega)(PAL)[!][MK-4408P-00135 1]\Manuals'
21:06:28 [CreateHFolders] Creation of 'G:\Temp\pmg - temp\Sega CD\Ecco the Dolphin (1993)(Sega)(PAL)[!][MK-4408P-00135 1]\Musics'
21:06:28 [CreateHFolders] Creation of 'G:\Temp\pmg - temp\Sega CD\Ecco the Dolphin (1993)(Sega)(PAL)[!][MK-4408P-00135 1]\Videos'
21:06:28 Not managed: GogAppId
21:06:28 Not managed: OriginAppId
21:06:28 Not managed: OriginInstallPath
21:06:28 Not managed: MissingBox3dImage
21:06:28 Not managed: MissingCartImage
21:06:28 Not managed: MissingCart3dImage
21:06:28 Not managed: MissingManual
21:06:28 Not managed: MissingBannerImage
21:06:28 Not managed: MissingMusic
21:06:28 Not managed: UsePauseScreen
21:06:28 Not managed: PauseAutoHotkeyScript
21:06:28 Not managed: ResumeAutoHotkeyScript
21:06:28 Not managed: OverrideDefaultPauseScreenSettings
21:06:28 Not managed: SuspendProcessOnPause
21:06:28 Not managed: ForcefulPauseScreenActivation
21:06:28 Not managed: LoadStateAutoHotkeyScript
21:06:28 Not managed: SaveStateAutoHotkeyScript
21:06:28 Not managed: ResetAutoHotkeyScript
21:06:28 Not managed: SwapDiscsAutoHotkeyScript
21:06:28 Not managed: AndroidBoxFrontThumbPath
21:06:28 Not managed: AndroidBoxFrontFullPath
21:06:28 Not managed: AndroidBackgroundPath
21:06:32 [CopyFiles] Copy of the file 'Ecco the Dolphin (1993)(Sega)(PAL)(Track 01 of 16)[!][MK-4408P-00135 1].iso': Successful
21:06:33 [CopyFiles] Copy of the file 'Ecco the Dolphin (1993)(Sega)(PAL)(Track 02 of 16)[!][MK-4408P-00135 1].wav': Successful
21:06:35 [CopyFiles] Copy of the file 'Ecco the Dolphin (1993)(Sega)(PAL)(Track 03 of 16)[!][MK-4408P-00135 1].wav': Successful
21:06:36 [CopyFiles] Copy of the file 'Ecco the Dolphin (1993)(Sega)(PAL)(Track 04 of 16)[!][MK-4408P-00135 1].wav': Successful
21:06:38 [CopyFiles] Copy of the file 'Ecco the Dolphin (1993)(Sega)(PAL)(Track 05 of 16)[!][MK-4408P-00135 1].wav': Successful
21:06:40 [CopyFiles] Copy of the file 'Ecco the Dolphin (1993)(Sega)(PAL)(Track 06 of 16)[!][MK-4408P-00135 1].wav': Successful
21:06:42 [CopyFiles] Copy of the file 'Ecco the Dolphin (1993)(Sega)(PAL)(Track 07 of 16)[!][MK-4408P-00135 1].wav': Successful
21:06:45 [CopyFiles] Copy of the file 'Ecco the Dolphin (1993)(Sega)(PAL)(Track 08 of 16)[!][MK-4408P-00135 1].wav': Successful
21:06:46 [CopyFiles] Copy of the file 'Ecco the Dolphin (1993)(Sega)(PAL)(Track 09 of 16)[!][MK-4408P-00135 1].wav': Successful
21:06:46 [CopyFiles] Copy of the file 'Ecco the Dolphin (1993)(Sega)(PAL)(Track 10 of 16)[!][MK-4408P-00135 1].wav': Successful
21:06:47 [CopyFiles] Copy of the file 'Ecco the Dolphin (1993)(Sega)(PAL)(Track 11 of 16)[!][MK-4408P-00135 1].wav': Successful
21:06:48 [CopyFiles] Copy of the file 'Ecco the Dolphin (1993)(Sega)(PAL)(Track 12 of 16)[!][MK-4408P-00135 1].wav': Successful
21:06:49 [CopyFiles] Copy of the file 'Ecco the Dolphin (1993)(Sega)(PAL)(Track 13 of 16)[!][MK-4408P-00135 1].wav': Successful
