****** Initialisation Logger - niveau: 0 ******
20:52:11 Language fr-FR - 1.0.0.4, loading...
20:55:08 [Main] PackMe for 'Ecco the Dolphin' | '2c00a91f-9f5d-4331-869c-cb23bbdeec53'
20:55:08 Directory Exists 'G:\Temp\pmg - temp\Sega CD\Ecco the Dolphin (1993)(Sega)(PAL)[!][MK-4408P-00135 1]'
20:55:10 [MakeStructure] Creation of the tree
20:55:10 [CreateHFolders] Creation of 'G:\Temp\pmg - temp\Sega CD\Ecco the Dolphin (1993)(Sega)(PAL)[!][MK-4408P-00135 1]\Games'
20:55:10 [CreateHFolders] Creation of 'G:\Temp\pmg - temp\Sega CD\Ecco the Dolphin (1993)(Sega)(PAL)[!][MK-4408P-00135 1]\CheatCodes'
20:55:10 [CreateHFolders] Creation of 'G:\Temp\pmg - temp\Sega CD\Ecco the Dolphin (1993)(Sega)(PAL)[!][MK-4408P-00135 1]\Images'
20:55:10 [CreateHFolders] Creation of 'G:\Temp\pmg - temp\Sega CD\Ecco the Dolphin (1993)(Sega)(PAL)[!][MK-4408P-00135 1]\Manuals'
20:55:10 [CreateHFolders] Creation of 'G:\Temp\pmg - temp\Sega CD\Ecco the Dolphin (1993)(Sega)(PAL)[!][MK-4408P-00135 1]\Musics'
20:55:10 [CreateHFolders] Creation of 'G:\Temp\pmg - temp\Sega CD\Ecco the Dolphin (1993)(Sega)(PAL)[!][MK-4408P-00135 1]\Videos'
20:55:10 Not managed: GogAppId
20:55:10 Not managed: OriginAppId
20:55:10 Not managed: OriginInstallPath
20:55:10 Not managed: MissingBox3dImage
20:55:10 Not managed: MissingCartImage
20:55:10 Not managed: MissingCart3dImage
20:55:10 Not managed: MissingManual
20:55:10 Not managed: MissingBannerImage
20:55:10 Not managed: MissingMusic
20:55:10 Not managed: UsePauseScreen
20:55:10 Not managed: PauseAutoHotkeyScript
20:55:10 Not managed: ResumeAutoHotkeyScript
20:55:10 Not managed: OverrideDefaultPauseScreenSettings
20:55:10 Not managed: SuspendProcessOnPause
20:55:10 Not managed: ForcefulPauseScreenActivation
20:55:10 Not managed: LoadStateAutoHotkeyScript
20:55:10 Not managed: SaveStateAutoHotkeyScript
20:55:10 Not managed: ResetAutoHotkeyScript
20:55:10 Not managed: SwapDiscsAutoHotkeyScript
20:55:10 Not managed: AndroidBoxFrontThumbPath
20:55:10 Not managed: AndroidBoxFrontFullPath
20:55:10 Not managed: AndroidBackgroundPath
20:55:37 [CopyFiles] Copy of the file 'Ecco the Dolphin (1993)(Sega)(PAL)(Track 01 of 16)[!][MK-4408P-00135 1].iso': Successful
20:55:53 [CopyFiles] Copy of the file 'Ecco the Dolphin (1993)(Sega)(PAL)(Track 02 of 16)[!][MK-4408P-00135 1].wav': Successful
20:55:55 [CopyFiles] Copy of the file 'Ecco the Dolphin (1993)(Sega)(PAL)(Track 03 of 16)[!][MK-4408P-00135 1].wav': Successful
20:55:57 [CopyFiles] Copy of the file 'Ecco the Dolphin (1993)(Sega)(PAL)(Track 04 of 16)[!][MK-4408P-00135 1].wav': Successful
20:55:59 [CopyFiles] Copy of the file 'Ecco the Dolphin (1993)(Sega)(PAL)(Track 05 of 16)[!][MK-4408P-00135 1].wav': Successful
20:56:03 [CopyFiles] Copy of the file 'Ecco the Dolphin (1993)(Sega)(PAL)(Track 06 of 16)[!][MK-4408P-00135 1].wav': Successful
20:56:05 [CopyFiles] Copy of the file 'Ecco the Dolphin (1993)(Sega)(PAL)(Track 07 of 16)[!][MK-4408P-00135 1].wav': Successful
20:56:08 [CopyFiles] Copy of the file 'Ecco the Dolphin (1993)(Sega)(PAL)(Track 08 of 16)[!][MK-4408P-00135 1].wav': Successful
20:56:10 [CopyFiles] Copy of the file 'Ecco the Dolphin (1993)(Sega)(PAL)(Track 09 of 16)[!][MK-4408P-00135 1].wav': Successful
20:56:11 [CopyFiles] Copy of the file 'Ecco the Dolphin (1993)(Sega)(PAL)(Track 10 of 16)[!][MK-4408P-00135 1].wav': Successful
20:56:12 [CopyFiles] Copy of the file 'Ecco the Dolphin (1993)(Sega)(PAL)(Track 11 of 16)[!][MK-4408P-00135 1].wav': Successful
20:56:14 [CopyFiles] Copy of the file 'Ecco the Dolphin (1993)(Sega)(PAL)(Track 12 of 16)[!][MK-4408P-00135 1].wav': Successful
20:56:15 [CopyFiles] Copy of the file 'Ecco the Dolphin (1993)(Sega)(PAL)(Track 13 of 16)[!][MK-4408P-00135 1].wav': Successful
20:56:17 [CopyFiles] Copy of the file 'Ecco the Dolphin (1993)(Sega)(PAL)(Track 14 of 16)[!][MK-4408P-00135 1].wav': Successful
20:56:19 [CopyFiles] Copy of the file 'Ecco the Dolphin (1993)(Sega)(PAL)(Track 15 of 16)[!][MK-4408P-00135 1].wav': Successful
20:56:23 [CopyFiles] Copy of the file 'Ecco the Dolphin (1993)(Sega)(PAL)(Track 16 of 16)[!][MK-4408P-00135 1].wav': Successful
20:56:25 [CopyFiles] Copy of the file 'Ecco the Dolphin (1993)(Sega)(PAL)[!][MK-4408P-00135 1].cue': Successful
