****** Initialisation Logger - niveau: 0 ******
11:05:26 Language fr-FR - 1.0.0.4, loading...
11:05:50 [Main] PackMe for 'Donkey Kong Country' | 'fc1ac9d2-d88a-4851-8939-cea8ddeb74bb'
11:05:50 Directory Exists 'G:\Temp\pmg - temp\Super Nintendo Entertainment System\Donkey Kong Country (E) (M3) (V1.0) [f1]'
11:05:52 [MakeStructure] Creation of the tree
11:05:52 [CreateHFolders] Creation of 'G:\Temp\pmg - temp\Super Nintendo Entertainment System\Donkey Kong Country (E) (M3) (V1.0) [f1]\Games'
11:05:52 [CreateHFolders] Creation of 'G:\Temp\pmg - temp\Super Nintendo Entertainment System\Donkey Kong Country (E) (M3) (V1.0) [f1]\CheatCodes'
11:05:52 [CreateHFolders] Creation of 'G:\Temp\pmg - temp\Super Nintendo Entertainment System\Donkey Kong Country (E) (M3) (V1.0) [f1]\Images'
11:05:52 [CreateHFolders] Creation of 'G:\Temp\pmg - temp\Super Nintendo Entertainment System\Donkey Kong Country (E) (M3) (V1.0) [f1]\Manuals'
11:05:52 [CreateHFolders] Creation of 'G:\Temp\pmg - temp\Super Nintendo Entertainment System\Donkey Kong Country (E) (M3) (V1.0) [f1]\Musics'
11:05:52 [CreateHFolders] Creation of 'G:\Temp\pmg - temp\Super Nintendo Entertainment System\Donkey Kong Country (E) (M3) (V1.0) [f1]\Videos'
11:05:52 Not managed: MissingBox3dImage
11:05:52 Not managed: MissingCartImage
11:05:52 Not managed: MissingCart3dImage
11:05:52 Not managed: MissingManual
11:05:52 Not managed: MissingBannerImage
11:05:52 Not managed: MissingMusic
11:05:52 Not managed: UsePauseScreen
11:05:52 Not managed: OverrideDefaultPauseScreenSettings
11:05:52 Not managed: SuspendProcessOnPause
11:05:52 Not managed: ForcefulPauseScreenActivation
11:05:55 [CopyHandler] Destination file exists, abort
