****** Initialisation Logger - niveau: 0 ******
10:59:42 Language fr-FR - 1.0.0.4, loading...
11:00:02 [Main] PackMe for 'Donkey Kong Country' | 'fc1ac9d2-d88a-4851-8939-cea8ddeb74bb'
11:00:02 Directory Exists 'G:\Temp\pmg - temp\Super Nintendo Entertainment System\Donkey Kong Country (E) (M3) (V1.0) [f1]'
11:00:04 Trash existing folder: 'G:\Temp\pmg - temp\Super Nintendo Entertainment System\Donkey Kong Country (E) (M3) (V1.0) [f1]'
11:00:05 [MakeStructure] Creation of the tree
11:00:05 [CreateHFolders] Creation of 'G:\Temp\pmg - temp\Super Nintendo Entertainment System\Donkey Kong Country (E) (M3) (V1.0) [f1]\Games'
11:00:05 [CreateHFolders] Creation of 'G:\Temp\pmg - temp\Super Nintendo Entertainment System\Donkey Kong Country (E) (M3) (V1.0) [f1]\CheatCodes'
11:00:05 [CreateHFolders] Creation of 'G:\Temp\pmg - temp\Super Nintendo Entertainment System\Donkey Kong Country (E) (M3) (V1.0) [f1]\Images'
11:00:05 [CreateHFolders] Creation of 'G:\Temp\pmg - temp\Super Nintendo Entertainment System\Donkey Kong Country (E) (M3) (V1.0) [f1]\Manuals'
11:00:05 [CreateHFolders] Creation of 'G:\Temp\pmg - temp\Super Nintendo Entertainment System\Donkey Kong Country (E) (M3) (V1.0) [f1]\Musics'
11:00:05 [CreateHFolders] Creation of 'G:\Temp\pmg - temp\Super Nintendo Entertainment System\Donkey Kong Country (E) (M3) (V1.0) [f1]\Videos'
11:00:05 Not managed: MissingBox3dImage
11:00:05 Not managed: MissingCartImage
11:00:05 Not managed: MissingCart3dImage
11:00:05 Not managed: MissingManual
11:00:05 Not managed: MissingBannerImage
11:00:05 Not managed: MissingMusic
11:00:05 Not managed: UsePauseScreen
11:00:05 Not managed: OverrideDefaultPauseScreenSettings
11:00:05 Not managed: SuspendProcessOnPause
11:00:05 Not managed: ForcefulPauseScreenActivation
11:00:07 [CopyFiles] Copy of the file 'Donkey Kong Country (E) (M3) (V1.0) [f1].sfc': Successful
