****** Initialisation Logger - niveau: 0 ******
10:22:02 Language fr-FR - 1.0.0.4, loading...
10:24:00 [Main] PackMe for 'Donkey Kong Country' | 'fc1ac9d2-d88a-4851-8939-cea8ddeb74bb'
10:24:00 Directory Exists 'G:\Temp\pmg - temp\Super Nintendo Entertainment System\Donkey Kong Country (E) (M3) (V1.0) [f1]'
10:24:03 [MakeStructure] Creation of the tree
10:24:03 [CreateHFolders] Creation of 'G:\Temp\pmg - temp\Super Nintendo Entertainment System\Donkey Kong Country (E) (M3) (V1.0) [f1]\Games'
10:24:03 [CreateHFolders] Creation of 'G:\Temp\pmg - temp\Super Nintendo Entertainment System\Donkey Kong Country (E) (M3) (V1.0) [f1]\CheatCodes'
10:24:03 [CreateHFolders] Creation of 'G:\Temp\pmg - temp\Super Nintendo Entertainment System\Donkey Kong Country (E) (M3) (V1.0) [f1]\Images'
10:24:03 [CreateHFolders] Creation of 'G:\Temp\pmg - temp\Super Nintendo Entertainment System\Donkey Kong Country (E) (M3) (V1.0) [f1]\Manuals'
10:24:03 [CreateHFolders] Creation of 'G:\Temp\pmg - temp\Super Nintendo Entertainment System\Donkey Kong Country (E) (M3) (V1.0) [f1]\Musics'
10:24:03 [CreateHFolders] Creation of 'G:\Temp\pmg - temp\Super Nintendo Entertainment System\Donkey Kong Country (E) (M3) (V1.0) [f1]\Videos'
10:24:03 Not managed: GogAppId
10:24:03 Not managed: OriginAppId
10:24:03 Not managed: OriginInstallPath
10:24:03 Not managed: MissingBox3dImage
10:24:04 Not managed: MissingCartImage
10:24:04 Not managed: MissingCart3dImage
10:24:04 Not managed: MissingManual
10:24:04 Not managed: MissingBannerImage
10:24:04 Not managed: MissingMusic
10:24:04 Not managed: UsePauseScreen
10:24:04 Not managed: PauseAutoHotkeyScript
10:24:04 Not managed: ResumeAutoHotkeyScript
10:24:04 Not managed: OverrideDefaultPauseScreenSettings
10:24:04 Not managed: SuspendProcessOnPause
10:24:04 Not managed: ForcefulPauseScreenActivation
10:24:04 Not managed: LoadStateAutoHotkeyScript
10:24:04 Not managed: SaveStateAutoHotkeyScript
10:24:04 Not managed: ResetAutoHotkeyScript
10:24:04 Not managed: SwapDiscsAutoHotkeyScript
10:24:04 [CopyHandler] Destination file exists... 10:24:06 PassAll
10:24:07 [CopyHandler] Destination file exists... 10:24:07 PassAll
10:24:08 [CopyHandler] Destination file exists... 10:24:08 PassAll
10:24:09 [CopyHandler] Destination file exists... 10:24:09 PassAll
10:24:09 [CopyHandler] Destination file exists... 10:24:09 PassAll
10:24:09 		[CopyImages] Found 'G:\Plateformes\Images\Nintendo - SNES\Box - Front\Donkey Kong Country-01.png' in 'G:\Plateformes\Images\Nintendo - SNES\Box - Front'
10:24:09 		[CopyImages] Found 'G:\Plateformes\Images\Nintendo - SNES\Box - Front\France\Donkey Kong Country-01.png' in 'G:\Plateformes\Images\Nintendo - SNES\Box - Front'
10:24:09 		[CopyImages] Found 'G:\Plateformes\Images\Nintendo - SNES\Box - Back\North America\Donkey Kong Country-01.jpg' in 'G:\Plateformes\Images\Nintendo - SNES\Box - Back'
10:24:09 		[CopyImages] Found 'G:\Plateformes\Images\Nintendo - SNES\Box - 3D\Donkey Kong Country-01.png' in 'G:\Plateformes\Images\Nintendo - SNES\Box - 3D'
10:24:09 		[CopyImages] Found 'G:\Plateformes\Images\Nintendo - SNES\Box - 3D\Donkey Kong Country-02.png' in 'G:\Plateformes\Images\Nintendo - SNES\Box - 3D'
10:24:09 		[CopyImages] Found 'G:\Plateformes\Images\Nintendo - SNES\Box - 3D\Europe\Donkey Kong Country-01.png' in 'G:\Plateformes\Images\Nintendo - SNES\Box - 3D'
10:24:09 		[CopyImages] Found 'G:\Plateformes\Images\Nintendo - SNES\Arcade - Marquee\Donkey Kong Country-01.png' in 'G:\Plateformes\Images\Nintendo - SNES\Arcade - Marquee'
10:24:09 		[CopyImages] Found 'G:\Plateformes\Images\Nintendo - SNES\Banner\Donkey Kong Country-01.jpg' in 'G:\Plateformes\Images\Nintendo - SNES\Banner'
10:24:09 		[CopyImages] Found 'G:\Plateformes\Images\Nintendo - SNES\Banner\Donkey Kong Country-01.png' in 'G:\Plateformes\Images\Nintendo - SNES\Banner'
10:24:09 		[CopyImages] Found 'G:\Plateformes\Images\Nintendo - SNES\Banner\Donkey Kong Country-02.jpg' in 'G:\Plateformes\Images\Nintendo - SNES\Banner'
10:24:09 		[CopyImages] Found 'G:\Plateformes\Images\Nintendo - SNES\Banner\Donkey Kong Country-02.png' in 'G:\Plateformes\Images\Nintendo - SNES\Banner'
10:24:09 		[CopyImages] Found 'G:\Plateformes\Images\Nintendo - SNES\Banner\Donkey Kong Country-03.png' in 'G:\Plateformes\Images\Nintendo - SNES\Banner'
10:24:09 		[CopyImages] Found 'G:\Plateformes\Images\Nintendo - SNES\Cart - Front\Donkey Kong Country-01.png' in 'G:\Plateformes\Images\Nintendo - SNES\Cart - Front'
10:24:09 		[CopyImages] Found 'G:\Plateformes\Images\Nintendo - SNES\Cart - Front\Japan\Donkey Kong Country-01.jpg' in 'G:\Plateformes\Images\Nintendo - SNES\Cart - Front'
10:24:09 		[CopyImages] Found 'G:\Plateformes\Images\Nintendo - SNES\Cart - 3D\Donkey Kong Country-01.png' in 'G:\Plateformes\Images\Nintendo - SNES\Cart - 3D'
10:24:09 		[CopyImages] Found 'G:\Plateformes\Images\Nintendo - SNES\Cart - 3D\North America\Donkey Kong Country-01.png' in 'G:\Plateformes\Images\Nintendo - SNES\Cart - 3D'
10:24:09 		[CopyImages] Found 'G:\Plateformes\Images\Nintendo - SNES\Clear Logo\Donkey Kong Country-01.png' in 'G:\Plateformes\Images\Nintendo - SNES\Clear Logo'
10:24:09 		[CopyImages] Found 'G:\Plateformes\Images\Nintendo - SNES\Clear Logo\North America\Donkey Kong Country-01.png' in 'G:\Plateformes\Images\Nintendo - SNES\Clear Logo'
10:24:09 		[CopyImages] Found 'G:\Plateformes\Images\Nintendo - SNES\Fanart - Box - Back\North America\Donkey Kong Country-01.jpg' in 'G:\Plateformes\Images\Nintendo - SNES\Fanart - Box - Back'
10:24:09 		[CopyImages] Found 'G:\Plateformes\Images\Nintendo - SNES\Fanart - Cart - Front\Europe\Donkey Kong Country-01.png' in 'G:\Plateformes\Images\Nintendo - SNES\Fanart - Cart - Front'
10:24:09 		[CopyImages] Found 'G:\Plateformes\Images\Nintendo - SNES\Fanart - Background\Donkey Kong Country-01.jpg' in 'G:\Plateformes\Images\Nintendo - SNES\Fanart - Background'
10:24:09 		[CopyImages] Found 'G:\Plateformes\Images\Nintendo - SNES\Fanart - Background\Donkey Kong Country-01.png' in 'G:\Plateformes\Images\Nintendo - SNES\Fanart - Background'
10:24:09 		[CopyImages] Found 'G:\Plateformes\Images\Nintendo - SNES\Fanart - Background\Donkey Kong Country-02.jpg' in 'G:\Plateformes\Images\Nintendo - SNES\Fanart - Background'
10:24:09 		[CopyImages] Found 'G:\Plateformes\Images\Nintendo - SNES\Fanart - Background\Donkey Kong Country-03.jpg' in 'G:\Plateformes\Images\Nintendo - SNES\Fanart - Background'
10:24:09 		[CopyImages] Found 'G:\Plateformes\Images\Nintendo - SNES\Fanart - Background\Donkey Kong Country-04.jpg' in 'G:\Plateformes\Images\Nintendo - SNES\Fanart - Background'
10:24:09 		[CopyImages] Found 'G:\Plateformes\Images\Nintendo - SNES\Fanart - Background\Donkey Kong Country-05.jpg' in 'G:\Plateformes\Images\Nintendo - SNES\Fanart - Background'
10:24:09 		[CopyImages] Found 'G:\Plateformes\Images\Nintendo - SNES\Fanart - Background\Donkey Kong Country-06.jpg' in 'G:\Plateformes\Images\Nintendo - SNES\Fanart - Background'
10:24:09 		[CopyImages] Found 'G:\Plateformes\Images\Nintendo - SNES\Fanart - Background\Donkey Kong Country-07.jpg' in 'G:\Plateformes\Images\Nintendo - SNES\Fanart - Background'
10:24:09 		[CopyImages] Found 'G:\Plateformes\Images\Nintendo - SNES\Fanart - Background\Donkey Kong Country-08.jpg' in 'G:\Plateformes\Images\Nintendo - SNES\Fanart - Background'
10:24:09 		[CopyImages] Found 'G:\Plateformes\Images\Nintendo - SNES\Fanart - Background\Donkey Kong Country-09.jpg' in 'G:\Plateformes\Images\Nintendo - SNES\Fanart - Background'
10:24:09 		[CopyImages] Found 'G:\Plateformes\Images\Nintendo - SNES\Fanart - Background\Donkey Kong Country-10.jpg' in 'G:\Plateformes\Images\Nintendo - SNES\Fanart - Background'
10:24:09 		[CopyImages] Found 'G:\Plateformes\Images\Nintendo - SNES\Fanart - Background\Donkey Kong Country-11.jpg' in 'G:\Plateformes\Images\Nintendo - SNES\Fanart - Background'
10:24:09 		[CopyImages] Found 'G:\Plateformes\Images\Nintendo - SNES\Fanart - Background\Donkey Kong Country-12.jpg' in 'G:\Plateformes\Images\Nintendo - SNES\Fanart - Background'
10:24:09 		[CopyImages] Found 'G:\Plateformes\Images\Nintendo - SNES\Fanart - Background\Donkey Kong Country-13.jpg' in 'G:\Plateformes\Images\Nintendo - SNES\Fanart - Background'
10:24:09 		[CopyImages] Found 'G:\Plateformes\Images\Nintendo - SNES\Fanart - Background\Donkey Kong Country-14.jpg' in 'G:\Plateformes\Images\Nintendo - SNES\Fanart - Background'
10:24:09 		[CopyImages] Found 'G:\Plateformes\Images\Nintendo - SNES\Fanart - Background\Donkey Kong Country-15.jpg' in 'G:\Plateformes\Images\Nintendo - SNES\Fanart - Background'
10:24:09 		[CopyImages] Found 'G:\Plateformes\Images\Nintendo - SNES\Fanart - Background\Donkey Kong Country-16.jpg' in 'G:\Plateformes\Images\Nintendo - SNES\Fanart - Background'
10:24:09 		[CopyImages] Found 'G:\Plateformes\Images\Nintendo - SNES\Screenshot - Gameplay\Europe\Donkey Kong Country-01.png' in 'G:\Plateformes\Images\Nintendo - SNES\Screenshot - Gameplay'
10:24:09 		[CopyImages] Found 'G:\Plateformes\Images\Nintendo - SNES\Screenshot - Game Title\Europe\Donkey Kong Country-01.png' in 'G:\Plateformes\Images\Nintendo - SNES\Screenshot - Game Title'
10:24:09 		[CopyImages] Found 'G:\Plateformes\Images\Nintendo - SNES\Screenshot - Game Over\Donkey Kong Country-01.png' in 'G:\Plateformes\Images\Nintendo - SNES\Screenshot - Game Over'
10:24:09 [CopyHandler] Destination file exists... 10:24:12 PassAll
10:24:12 [CopyHandler] Destination file exists... 10:24:12 PassAll
10:24:12 [CopyHandler] Destination file exists... 10:24:12 PassAll
10:24:12 [CopyHandler] Destination file exists... 10:24:12 PassAll
10:24:12 [CopyHandler] Destination file exists... 10:24:12 PassAll
10:24:12 [CopyHandler] Destination file exists... 10:24:12 PassAll
10:24:12 [CopyHandler] Destination file exists... 10:24:12 PassAll
10:24:12 [CopyHandler] Destination file exists... 10:24:12 PassAll
10:24:12 [CopyHandler] Destination file exists... 10:24:12 PassAll
10:24:12 [CopyHandler] Destination file exists... 10:24:12 PassAll
10:24:12 [CopyHandler] Destination file exists... 10:24:12 PassAll
10:24:12 [CopyHandler] Destination file exists... 10:24:12 PassAll
10:24:12 [CopyHandler] Destination file exists... 10:24:12 PassAll
10:24:12 [CopyHandler] Destination file exists... 10:24:12 PassAll
10:24:12 [CopyHandler] Destination file exists... 10:24:12 PassAll
10:24:12 [CopyHandler] Destination file exists... 10:24:12 PassAll
10:24:12 [CopyHandler] Destination file exists... 10:24:12 PassAll
10:24:12 [CopyHandler] Destination file exists... 10:24:12 PassAll
10:24:12 [CopyHandler] Destination file exists... 10:24:12 PassAll
10:24:12 [CopyHandler] Destination file exists... 10:24:12 PassAll
10:24:12 [CopyHandler] Destination file exists... 10:24:12 PassAll
10:24:12 [CopyHandler] Destination file exists... 10:24:12 PassAll
10:24:12 [CopyHandler] Destination file exists... 10:24:12 PassAll
10:24:12 [CopyHandler] Destination file exists... 10:24:12 PassAll
10:24:12 [CopyHandler] Destination file exists... 10:24:12 PassAll
10:24:12 [CopyHandler] Destination file exists... 10:24:12 PassAll
10:24:12 [CopyHandler] Destination file exists... 10:24:12 PassAll
10:24:12 [CopyHandler] Destination file exists... 10:24:12 PassAll
10:24:12 [CopyHandler] Destination file exists... 10:24:12 PassAll
10:24:12 [CopyHandler] Destination file exists... 10:24:12 PassAll
10:24:12 [CopyHandler] Destination file exists... 10:24:12 PassAll
10:24:12 [CopyHandler] Destination file exists... 10:24:12 PassAll
10:24:12 [CopyHandler] Destination file exists... 10:24:12 PassAll
10:24:12 [CopyHandler] Destination file exists... 10:24:12 PassAll
10:24:12 [CopyHandler] Destination file exists... 10:24:12 PassAll
10:24:12 [CopyHandler] Destination file exists... 10:24:12 PassAll
10:24:12 [CopyHandler] Destination file exists... 10:24:12 PassAll
10:24:12 [CopyHandler] Destination file exists... 10:24:12 PassAll
10:24:12 [CopyHandler] Destination file exists... 10:24:12 PassAll
10:24:12 [CopyHandler] Destination file exists... 10:24:12 PassAll
10:24:13 [CopyHandler] Destination file exists... 10:24:13 PassAll
10:24:13 [CopyHandler] Destination file exists... 10:24:13 PassAll
10:24:13 [CopyHandler] Destination file exists... 10:24:13 PassAll
10:24:13 [CopyHandler] Destination file exists... 10:24:13 PassAll
10:24:13 [CopyHandler] Destination file exists... 10:24:13 PassAll
10:24:13 [CopyHandler] Destination file exists... 10:24:13 PassAll
10:24:13 [CopyHandler] Destination file exists... 10:24:13 PassAll
10:24:13 [CopyHandler] Destination file exists... 10:24:13 PassAll
10:24:13 [CopyHandler] Destination file exists... 10:24:13 PassAll
10:24:13 [CopyHandler] Destination file exists... 10:24:13 PassAll
10:24:13 [CopyHandler] Destination file exists... 10:24:13 PassAll
