****** Initialisation Logger - niveau: 0 ******
22:13:59 Language fr-FR - 1.0.0.4, loading...
22:14:24 [Main] PackMe for 'Donkey Kong Country' | 'fc1ac9d2-d88a-4851-8939-cea8ddeb74bb'
22:14:24 Directory Exists 'G:\Temp\pmg - temp\Super Nintendo Entertainment System\Donkey Kong Country (E) (M3) (V1.0) [f1]'
22:14:37 [MakeStructure] Creation of the tree
22:14:37 [CreateHFolders] Creation of 'G:\Temp\pmg - temp\Super Nintendo Entertainment System\Donkey Kong Country (E) (M3) (V1.0) [f1]\Games'
22:14:37 [CreateHFolders] Creation of 'G:\Temp\pmg - temp\Super Nintendo Entertainment System\Donkey Kong Country (E) (M3) (V1.0) [f1]\CheatCodes'
22:14:37 [CreateHFolders] Creation of 'G:\Temp\pmg - temp\Super Nintendo Entertainment System\Donkey Kong Country (E) (M3) (V1.0) [f1]\Images'
22:14:37 [CreateHFolders] Creation of 'G:\Temp\pmg - temp\Super Nintendo Entertainment System\Donkey Kong Country (E) (M3) (V1.0) [f1]\Manuals'
22:14:37 [CreateHFolders] Creation of 'G:\Temp\pmg - temp\Super Nintendo Entertainment System\Donkey Kong Country (E) (M3) (V1.0) [f1]\Musics'
22:14:37 [CreateHFolders] Creation of 'G:\Temp\pmg - temp\Super Nintendo Entertainment System\Donkey Kong Country (E) (M3) (V1.0) [f1]\Videos'
22:14:37 Not managed: GogAppId
22:14:37 Not managed: OriginAppId
22:14:37 Not managed: OriginInstallPath
22:14:37 Not managed: MissingBox3dImage
22:14:37 Not managed: MissingCartImage
22:14:37 Not managed: MissingCart3dImage
22:14:37 Not managed: MissingManual
22:14:37 Not managed: MissingBannerImage
22:14:37 Not managed: MissingMusic
22:14:37 Not managed: UsePauseScreen
22:14:37 Not managed: PauseAutoHotkeyScript
22:14:37 Not managed: ResumeAutoHotkeyScript
22:14:37 Not managed: OverrideDefaultPauseScreenSettings
22:14:37 Not managed: SuspendProcessOnPause
22:14:37 Not managed: ForcefulPauseScreenActivation
22:14:37 Not managed: LoadStateAutoHotkeyScript
22:14:37 Not managed: SaveStateAutoHotkeyScript
22:14:37 Not managed: ResetAutoHotkeyScript
22:14:37 Not managed: SwapDiscsAutoHotkeyScript
22:14:37 [CopyHandler] Destination file exists... 22:14:41 PassAll
22:14:42 [CopyHandler] Destination file exists... 22:14:42 PassAll
22:14:43 [CopyHandler] Destination file exists... 22:14:43 PassAll
22:14:45 [CopyHandler] Destination file exists... 22:14:45 PassAll
22:14:45 [CopyHandler] Destination file exists... 22:14:45 PassAll
22:14:45 		[CopyImages] Found 'G:\Plateformes\Images\Nintendo - SNES\Box - Front\Donkey Kong Country-01.png' in 'G:\Plateformes\Images\Nintendo - SNES\Box - Front'
22:14:45 		[CopyImages] Found 'G:\Plateformes\Images\Nintendo - SNES\Box - Front\France\Donkey Kong Country-01.png' in 'G:\Plateformes\Images\Nintendo - SNES\Box - Front'
22:14:45 		[CopyImages] Found 'G:\Plateformes\Images\Nintendo - SNES\Box - Back\North America\Donkey Kong Country-01.jpg' in 'G:\Plateformes\Images\Nintendo - SNES\Box - Back'
22:14:45 		[CopyImages] Found 'G:\Plateformes\Images\Nintendo - SNES\Box - 3D\Donkey Kong Country-01.png' in 'G:\Plateformes\Images\Nintendo - SNES\Box - 3D'
22:14:45 		[CopyImages] Found 'G:\Plateformes\Images\Nintendo - SNES\Box - 3D\Donkey Kong Country-02.png' in 'G:\Plateformes\Images\Nintendo - SNES\Box - 3D'
22:14:45 		[CopyImages] Found 'G:\Plateformes\Images\Nintendo - SNES\Box - 3D\Europe\Donkey Kong Country-01.png' in 'G:\Plateformes\Images\Nintendo - SNES\Box - 3D'
22:14:45 		[CopyImages] Found 'G:\Plateformes\Images\Nintendo - SNES\Arcade - Marquee\Donkey Kong Country-01.png' in 'G:\Plateformes\Images\Nintendo - SNES\Arcade - Marquee'
22:14:45 		[CopyImages] Found 'G:\Plateformes\Images\Nintendo - SNES\Banner\Donkey Kong Country-01.jpg' in 'G:\Plateformes\Images\Nintendo - SNES\Banner'
22:14:45 		[CopyImages] Found 'G:\Plateformes\Images\Nintendo - SNES\Banner\Donkey Kong Country-01.png' in 'G:\Plateformes\Images\Nintendo - SNES\Banner'
22:14:45 		[CopyImages] Found 'G:\Plateformes\Images\Nintendo - SNES\Banner\Donkey Kong Country-02.jpg' in 'G:\Plateformes\Images\Nintendo - SNES\Banner'
22:14:45 		[CopyImages] Found 'G:\Plateformes\Images\Nintendo - SNES\Banner\Donkey Kong Country-02.png' in 'G:\Plateformes\Images\Nintendo - SNES\Banner'
22:14:45 		[CopyImages] Found 'G:\Plateformes\Images\Nintendo - SNES\Banner\Donkey Kong Country-03.png' in 'G:\Plateformes\Images\Nintendo - SNES\Banner'
22:14:45 		[CopyImages] Found 'G:\Plateformes\Images\Nintendo - SNES\Cart - Front\Donkey Kong Country-01.png' in 'G:\Plateformes\Images\Nintendo - SNES\Cart - Front'
22:14:45 		[CopyImages] Found 'G:\Plateformes\Images\Nintendo - SNES\Cart - Front\Japan\Donkey Kong Country-01.jpg' in 'G:\Plateformes\Images\Nintendo - SNES\Cart - Front'
22:14:45 		[CopyImages] Found 'G:\Plateformes\Images\Nintendo - SNES\Cart - 3D\Donkey Kong Country-01.png' in 'G:\Plateformes\Images\Nintendo - SNES\Cart - 3D'
22:14:45 		[CopyImages] Found 'G:\Plateformes\Images\Nintendo - SNES\Cart - 3D\North America\Donkey Kong Country-01.png' in 'G:\Plateformes\Images\Nintendo - SNES\Cart - 3D'
22:14:45 		[CopyImages] Found 'G:\Plateformes\Images\Nintendo - SNES\Clear Logo\Donkey Kong Country-01.png' in 'G:\Plateformes\Images\Nintendo - SNES\Clear Logo'
22:14:45 		[CopyImages] Found 'G:\Plateformes\Images\Nintendo - SNES\Clear Logo\North America\Donkey Kong Country-01.png' in 'G:\Plateformes\Images\Nintendo - SNES\Clear Logo'
22:14:45 		[CopyImages] Found 'G:\Plateformes\Images\Nintendo - SNES\Fanart - Box - Back\North America\Donkey Kong Country-01.jpg' in 'G:\Plateformes\Images\Nintendo - SNES\Fanart - Box - Back'
22:14:45 		[CopyImages] Found 'G:\Plateformes\Images\Nintendo - SNES\Fanart - Cart - Front\Europe\Donkey Kong Country-01.png' in 'G:\Plateformes\Images\Nintendo - SNES\Fanart - Cart - Front'
22:14:45 		[CopyImages] Found 'G:\Plateformes\Images\Nintendo - SNES\Fanart - Background\Donkey Kong Country-01.jpg' in 'G:\Plateformes\Images\Nintendo - SNES\Fanart - Background'
22:14:45 		[CopyImages] Found 'G:\Plateformes\Images\Nintendo - SNES\Fanart - Background\Donkey Kong Country-01.png' in 'G:\Plateformes\Images\Nintendo - SNES\Fanart - Background'
22:14:45 		[CopyImages] Found 'G:\Plateformes\Images\Nintendo - SNES\Fanart - Background\Donkey Kong Country-02.jpg' in 'G:\Plateformes\Images\Nintendo - SNES\Fanart - Background'
22:14:45 		[CopyImages] Found 'G:\Plateformes\Images\Nintendo - SNES\Fanart - Background\Donkey Kong Country-03.jpg' in 'G:\Plateformes\Images\Nintendo - SNES\Fanart - Background'
22:14:45 		[CopyImages] Found 'G:\Plateformes\Images\Nintendo - SNES\Fanart - Background\Donkey Kong Country-04.jpg' in 'G:\Plateformes\Images\Nintendo - SNES\Fanart - Background'
22:14:45 		[CopyImages] Found 'G:\Plateformes\Images\Nintendo - SNES\Fanart - Background\Donkey Kong Country-05.jpg' in 'G:\Plateformes\Images\Nintendo - SNES\Fanart - Background'
22:14:45 		[CopyImages] Found 'G:\Plateformes\Images\Nintendo - SNES\Fanart - Background\Donkey Kong Country-06.jpg' in 'G:\Plateformes\Images\Nintendo - SNES\Fanart - Background'
22:14:45 		[CopyImages] Found 'G:\Plateformes\Images\Nintendo - SNES\Fanart - Background\Donkey Kong Country-07.jpg' in 'G:\Plateformes\Images\Nintendo - SNES\Fanart - Background'
22:14:45 		[CopyImages] Found 'G:\Plateformes\Images\Nintendo - SNES\Fanart - Background\Donkey Kong Country-08.jpg' in 'G:\Plateformes\Images\Nintendo - SNES\Fanart - Background'
22:14:45 		[CopyImages] Found 'G:\Plateformes\Images\Nintendo - SNES\Fanart - Background\Donkey Kong Country-09.jpg' in 'G:\Plateformes\Images\Nintendo - SNES\Fanart - Background'
22:14:45 		[CopyImages] Found 'G:\Plateformes\Images\Nintendo - SNES\Fanart - Background\Donkey Kong Country-10.jpg' in 'G:\Plateformes\Images\Nintendo - SNES\Fanart - Background'
22:14:45 		[CopyImages] Found 'G:\Plateformes\Images\Nintendo - SNES\Fanart - Background\Donkey Kong Country-11.jpg' in 'G:\Plateformes\Images\Nintendo - SNES\Fanart - Background'
22:14:45 		[CopyImages] Found 'G:\Plateformes\Images\Nintendo - SNES\Fanart - Background\Donkey Kong Country-12.jpg' in 'G:\Plateformes\Images\Nintendo - SNES\Fanart - Background'
22:14:45 		[CopyImages] Found 'G:\Plateformes\Images\Nintendo - SNES\Fanart - Background\Donkey Kong Country-13.jpg' in 'G:\Plateformes\Images\Nintendo - SNES\Fanart - Background'
22:14:45 		[CopyImages] Found 'G:\Plateformes\Images\Nintendo - SNES\Fanart - Background\Donkey Kong Country-14.jpg' in 'G:\Plateformes\Images\Nintendo - SNES\Fanart - Background'
22:14:45 		[CopyImages] Found 'G:\Plateformes\Images\Nintendo - SNES\Fanart - Background\Donkey Kong Country-15.jpg' in 'G:\Plateformes\Images\Nintendo - SNES\Fanart - Background'
22:14:45 		[CopyImages] Found 'G:\Plateformes\Images\Nintendo - SNES\Fanart - Background\Donkey Kong Country-16.jpg' in 'G:\Plateformes\Images\Nintendo - SNES\Fanart - Background'
22:14:45 		[CopyImages] Found 'G:\Plateformes\Images\Nintendo - SNES\Screenshot - Gameplay\Europe\Donkey Kong Country-01.png' in 'G:\Plateformes\Images\Nintendo - SNES\Screenshot - Gameplay'
22:14:45 		[CopyImages] Found 'G:\Plateformes\Images\Nintendo - SNES\Screenshot - Game Title\Europe\Donkey Kong Country-01.png' in 'G:\Plateformes\Images\Nintendo - SNES\Screenshot - Game Title'
22:14:45 		[CopyImages] Found 'G:\Plateformes\Images\Nintendo - SNES\Screenshot - Game Over\Donkey Kong Country-01.png' in 'G:\Plateformes\Images\Nintendo - SNES\Screenshot - Game Over'
22:14:45 [CopyHandler] Destination file exists... 22:14:48 PassAll
22:14:48 [CopyHandler] Destination file exists... 22:14:48 PassAll
22:14:48 [CopyHandler] Destination file exists... 22:14:48 PassAll
22:14:48 [CopyHandler] Destination file exists... 22:14:48 PassAll
22:14:48 [CopyHandler] Destination file exists... 22:14:48 PassAll
22:14:48 [CopyHandler] Destination file exists... 22:14:48 PassAll
22:14:48 [CopyHandler] Destination file exists... 22:14:48 PassAll
22:14:48 [CopyHandler] Destination file exists... 22:14:48 PassAll
22:14:48 [CopyHandler] Destination file exists... 22:14:48 PassAll
22:14:48 [CopyHandler] Destination file exists... 22:14:48 PassAll
22:14:48 [CopyHandler] Destination file exists... 22:14:48 PassAll
22:14:48 [CopyHandler] Destination file exists... 22:14:48 PassAll
22:14:48 [CopyHandler] Destination file exists... 22:14:48 PassAll
22:14:48 [CopyHandler] Destination file exists... 22:14:48 PassAll
22:14:48 [CopyHandler] Destination file exists... 22:14:48 PassAll
22:14:48 [CopyHandler] Destination file exists... 22:14:48 PassAll
22:14:48 [CopyHandler] Destination file exists... 22:14:48 PassAll
22:14:48 [CopyHandler] Destination file exists... 22:14:48 PassAll
22:14:48 [CopyHandler] Destination file exists... 22:14:48 PassAll
22:14:48 [CopyHandler] Destination file exists... 22:14:48 PassAll
22:14:48 [CopyHandler] Destination file exists... 22:14:48 PassAll
22:14:48 [CopyHandler] Destination file exists... 22:14:48 PassAll
22:14:48 [CopyHandler] Destination file exists... 22:14:48 PassAll
22:14:48 [CopyHandler] Destination file exists... 22:14:48 PassAll
22:14:48 [CopyHandler] Destination file exists... 22:14:48 PassAll
22:14:48 [CopyHandler] Destination file exists... 22:14:48 PassAll
22:14:48 [CopyHandler] Destination file exists... 22:14:48 PassAll
22:14:48 [CopyHandler] Destination file exists... 22:14:48 PassAll
22:14:48 [CopyHandler] Destination file exists... 22:14:48 PassAll
22:14:48 [CopyHandler] Destination file exists... 22:14:48 PassAll
22:14:48 [CopyHandler] Destination file exists... 22:14:48 PassAll
22:14:48 [CopyHandler] Destination file exists... 22:14:48 PassAll
22:14:48 [CopyHandler] Destination file exists... 22:14:48 PassAll
22:14:48 [CopyHandler] Destination file exists... 22:14:48 PassAll
22:14:48 [CopyHandler] Destination file exists... 22:14:48 PassAll
22:14:48 [CopyHandler] Destination file exists... 22:14:48 PassAll
22:14:48 [CopyHandler] Destination file exists... 22:14:48 PassAll
22:14:48 [CopyHandler] Destination file exists... 22:14:48 PassAll
22:14:48 [CopyHandler] Destination file exists... 22:14:48 PassAll
22:14:48 [CopyHandler] Destination file exists... 22:14:49 PassAll
22:14:52 [CopyHandler] Destination file exists... 22:14:52 PassAll
22:14:52 [CopyHandler] Destination file exists... 22:14:52 PassAll
22:14:52 [CopyHandler] Destination file exists... 22:14:52 PassAll
22:14:52 [CopyHandler] Destination file exists... 22:14:52 PassAll
22:14:52 [CopyHandler] Destination file exists... 22:14:52 PassAll
22:14:52 [CopyHandler] Destination file exists... 22:14:52 PassAll
22:14:52 [CopyHandler] Destination file exists... 22:14:52 PassAll
22:14:52 [CopyHandler] Destination file exists... 22:14:52 PassAll
22:14:52 [CopyHandler] Destination file exists... 22:14:52 PassAll
22:14:52 [CopyHandler] Destination file exists... 22:14:52 PassAll
22:14:52 [CopyHandler] Destination file exists... 22:14:52 PassAll
