****** Initialisation Logger - niveau: 0 ******
17:28:37 Language fr-FR - 1.0.0.4, loading...
17:36:42 [Main] PackMe for 'Donkey Kong Country' | 'fc1ac9d2-d88a-4851-8939-cea8ddeb74bb'
17:36:42 Directory Exists 'G:\Temp\pmg - temp\Super Nintendo Entertainment System\Donkey Kong Country (E) (M3) (V1.0) [f1]'
17:36:45 [MakeStructure] Creation of the tree
17:36:51 [CreateHFolders] Creation of 'G:\Temp\pmg - temp\Super Nintendo Entertainment System\Donkey Kong Country (E) (M3) (V1.0) [f1]\Games'
17:36:51 [CreateHFolders] Creation of 'G:\Temp\pmg - temp\Super Nintendo Entertainment System\Donkey Kong Country (E) (M3) (V1.0) [f1]\CheatCodes'
17:36:51 [CreateHFolders] Creation of 'G:\Temp\pmg - temp\Super Nintendo Entertainment System\Donkey Kong Country (E) (M3) (V1.0) [f1]\Images'
17:36:51 [CreateHFolders] Creation of 'G:\Temp\pmg - temp\Super Nintendo Entertainment System\Donkey Kong Country (E) (M3) (V1.0) [f1]\Manuals'
17:36:51 [CreateHFolders] Creation of 'G:\Temp\pmg - temp\Super Nintendo Entertainment System\Donkey Kong Country (E) (M3) (V1.0) [f1]\Musics'
17:36:51 [CreateHFolders] Creation of 'G:\Temp\pmg - temp\Super Nintendo Entertainment System\Donkey Kong Country (E) (M3) (V1.0) [f1]\Videos'
17:36:51 Not managed: MissingBox3dImage
17:36:51 Not managed: MissingCartImage
17:36:51 Not managed: MissingCart3dImage
17:36:51 Not managed: MissingManual
17:36:51 Not managed: MissingBannerImage
17:36:51 Not managed: MissingMusic
17:36:51 Not managed: UsePauseScreen
17:36:51 Not managed: OverrideDefaultPauseScreenSettings
17:36:51 Not managed: SuspendProcessOnPause
17:36:51 Not managed: ForcefulPauseScreenActivation
