****** Initialisation Logger - niveau: 0 ******
16:12:18 Language fr-FR - 1.0.0.4, loading...
16:15:35 [Main] PackMe for 'Donkey Kong Country' | 'fc1ac9d2-d88a-4851-8939-cea8ddeb74bb'
16:15:35 Directory Exists 'G:\Temp\pmg - temp\Super Nintendo Entertainment System\Donkey Kong Country (E) (M3) (V1.0) [f1]'
16:15:44 [MakeStructure] Creation of the tree
16:15:44 [CreateHFolders] Creation of 'G:\Temp\pmg - temp\Super Nintendo Entertainment System\Donkey Kong Country (E) (M3) (V1.0) [f1]\Games'
16:15:44 [CreateHFolders] Creation of 'G:\Temp\pmg - temp\Super Nintendo Entertainment System\Donkey Kong Country (E) (M3) (V1.0) [f1]\CheatCodes'
16:15:44 [CreateHFolders] Creation of 'G:\Temp\pmg - temp\Super Nintendo Entertainment System\Donkey Kong Country (E) (M3) (V1.0) [f1]\Images'
16:15:44 [CreateHFolders] Creation of 'G:\Temp\pmg - temp\Super Nintendo Entertainment System\Donkey Kong Country (E) (M3) (V1.0) [f1]\Manuals'
16:15:44 [CreateHFolders] Creation of 'G:\Temp\pmg - temp\Super Nintendo Entertainment System\Donkey Kong Country (E) (M3) (V1.0) [f1]\Musics'
16:15:44 [CreateHFolders] Creation of 'G:\Temp\pmg - temp\Super Nintendo Entertainment System\Donkey Kong Country (E) (M3) (V1.0) [f1]\Videos'
16:15:44 Not managed: MissingBox3dImage
16:15:44 Not managed: MissingCartImage
16:15:44 Not managed: MissingCart3dImage
16:15:44 Not managed: MissingManual
16:15:44 Not managed: MissingBannerImage
16:15:44 Not managed: MissingMusic
16:15:44 Not managed: UsePauseScreen
16:15:44 Not managed: OverrideDefaultPauseScreenSettings
16:15:44 Not managed: SuspendProcessOnPause
16:15:44 Not managed: ForcefulPauseScreenActivation
16:15:57 [CopyHandler] Destination file exists... 16:16:10 Pass
16:17:34 [Main] PackMe for 'Donkey Kong Country' | 'fc1ac9d2-d88a-4851-8939-cea8ddeb74bb'
16:17:34 Directory Exists 'G:\Temp\pmg - temp\Super Nintendo Entertainment System\Donkey Kong Country (E) (M3) (V1.0) [f1]'
16:17:36 [MakeStructure] Creation of the tree
16:17:36 [CreateHFolders] Creation of 'G:\Temp\pmg - temp\Super Nintendo Entertainment System\Donkey Kong Country (E) (M3) (V1.0) [f1]\Games'
16:17:36 [CreateHFolders] Creation of 'G:\Temp\pmg - temp\Super Nintendo Entertainment System\Donkey Kong Country (E) (M3) (V1.0) [f1]\CheatCodes'
16:17:36 [CreateHFolders] Creation of 'G:\Temp\pmg - temp\Super Nintendo Entertainment System\Donkey Kong Country (E) (M3) (V1.0) [f1]\Images'
16:17:36 [CreateHFolders] Creation of 'G:\Temp\pmg - temp\Super Nintendo Entertainment System\Donkey Kong Country (E) (M3) (V1.0) [f1]\Manuals'
16:17:36 [CreateHFolders] Creation of 'G:\Temp\pmg - temp\Super Nintendo Entertainment System\Donkey Kong Country (E) (M3) (V1.0) [f1]\Musics'
16:17:36 [CreateHFolders] Creation of 'G:\Temp\pmg - temp\Super Nintendo Entertainment System\Donkey Kong Country (E) (M3) (V1.0) [f1]\Videos'
16:17:36 Not managed: MissingBox3dImage
16:17:36 Not managed: MissingBox3dImage
16:17:36 Not managed: MissingCartImage
16:17:36 Not managed: MissingCartImage
16:17:36 Not managed: MissingCart3dImage
16:17:36 Not managed: MissingCart3dImage
16:17:36 Not managed: MissingManual
16:17:36 Not managed: MissingManual
16:17:36 Not managed: MissingBannerImage
16:17:36 Not managed: MissingBannerImage
16:17:36 Not managed: MissingMusic
16:17:36 Not managed: MissingMusic
16:17:36 Not managed: UsePauseScreen
16:17:36 Not managed: UsePauseScreen
16:17:36 Not managed: OverrideDefaultPauseScreenSettings
16:17:36 Not managed: OverrideDefaultPauseScreenSettings
16:17:36 Not managed: SuspendProcessOnPause
16:17:36 Not managed: SuspendProcessOnPause
16:17:36 Not managed: ForcefulPauseScreenActivation
16:17:36 Not managed: ForcefulPauseScreenActivation
