****** Initialisation Logger - niveau: 0 ******
21:43:53 Language fr-FR - 1.0.0.4, loading...
21:44:18 [Main] PackMe for 'Scooby-Doo Mystery' | '85566630-876a-493c-94ea-a2ba8e179325'
21:44:18 [MakeStructure] Creation of the tree
21:44:18 [CreateHFolders] Creation of 'G:\Temp\pmg - temp\Super Nintendo Entertainment System\Scooby-Doo Mystery (USA)\Games'
21:44:18 [CreateHFolders] Creation of 'G:\Temp\pmg - temp\Super Nintendo Entertainment System\Scooby-Doo Mystery (USA)\CheatCodes'
21:44:18 [CreateHFolders] Creation of 'G:\Temp\pmg - temp\Super Nintendo Entertainment System\Scooby-Doo Mystery (USA)\Images'
21:44:18 [CreateHFolders] Creation of 'G:\Temp\pmg - temp\Super Nintendo Entertainment System\Scooby-Doo Mystery (USA)\Manuals'
21:44:18 [CreateHFolders] Creation of 'G:\Temp\pmg - temp\Super Nintendo Entertainment System\Scooby-Doo Mystery (USA)\Musics'
21:44:18 [CreateHFolders] Creation of 'G:\Temp\pmg - temp\Super Nintendo Entertainment System\Scooby-Doo Mystery (USA)\Videos'
21:44:18 Not managed: MissingBox3dImage
21:44:18 Not managed: MissingCartImage
21:44:18 Not managed: MissingCart3dImage
21:44:18 Not managed: MissingManual
21:44:18 Not managed: MissingBannerImage
21:44:18 Not managed: MissingMusic
21:44:18 Not managed: UsePauseScreen
21:44:18 Not managed: OverrideDefaultPauseScreenSettings
21:44:18 Not managed: SuspendProcessOnPause
21:44:18 Not managed: ForcefulPauseScreenActivation
21:44:29 [CopyFiles] Copy of the file 'Scooby-Doo Mystery (USA).sfc': Successful
