****** Initialisation Logger - niveau: 0 ******
17:38:29 Language fr-FR - 1.0.0.4, loading...
17:38:45 [Main] PackMe for 'Donkey Kong Country' | 'fc1ac9d2-d88a-4851-8939-cea8ddeb74bb'
17:38:45 Directory Exists 'G:\Temp\pmg - temp\Super Nintendo Entertainment System\Donkey Kong Country (E) (M3) (V1.0) [f1]'
17:38:47 [MakeStructure] Creation of the tree
17:38:47 [CreateHFolders] Creation of 'G:\Temp\pmg - temp\Super Nintendo Entertainment System\Donkey Kong Country (E) (M3) (V1.0) [f1]\Games'
17:38:47 [CreateHFolders] Creation of 'G:\Temp\pmg - temp\Super Nintendo Entertainment System\Donkey Kong Country (E) (M3) (V1.0) [f1]\CheatCodes'
17:38:47 [CreateHFolders] Creation of 'G:\Temp\pmg - temp\Super Nintendo Entertainment System\Donkey Kong Country (E) (M3) (V1.0) [f1]\Images'
17:38:47 [CreateHFolders] Creation of 'G:\Temp\pmg - temp\Super Nintendo Entertainment System\Donkey Kong Country (E) (M3) (V1.0) [f1]\Manuals'
17:38:47 [CreateHFolders] Creation of 'G:\Temp\pmg - temp\Super Nintendo Entertainment System\Donkey Kong Country (E) (M3) (V1.0) [f1]\Musics'
17:38:47 [CreateHFolders] Creation of 'G:\Temp\pmg - temp\Super Nintendo Entertainment System\Donkey Kong Country (E) (M3) (V1.0) [f1]\Videos'
17:38:47 Not managed: MissingBox3dImage
17:38:47 Not managed: MissingCartImage
17:38:47 Not managed: MissingCart3dImage
17:38:47 Not managed: MissingManual
17:38:47 Not managed: MissingBannerImage
17:38:47 Not managed: MissingMusic
17:38:47 Not managed: UsePauseScreen
17:38:47 Not managed: OverrideDefaultPauseScreenSettings
17:38:47 Not managed: SuspendProcessOnPause
17:38:47 Not managed: ForcefulPauseScreenActivation
17:38:53 [CopyHandler] Destination file exists... 17:38:58 PassAll
17:39:01 [CopyHandler] Destination file exists... 17:39:01 PassAll
17:39:02 [CopyHandler] Destination file exists... 17:39:02 PassAll
17:39:03 [CopyHandler] Destination file exists... 17:39:03 PassAll
17:39:03 [CopyHandler] Destination file exists... 17:39:03 PassAll
