****** Initialisation Logger - niveau: 0 ******
13:52:19 Language fr-FR - 1.0.0.4, loading...
13:54:59 [Main] PackMe for 'Donkey Kong Country' | 'fc1ac9d2-d88a-4851-8939-cea8ddeb74bb'
13:54:59 Directory Exists 'G:\Temp\pmg - temp\Super Nintendo Entertainment System\Donkey Kong Country (E) (M3) (V1.0) [f1]'
13:55:01 [MakeStructure] Creation of the tree
13:55:01 [CreateHFolders] Creation of 'G:\Temp\pmg - temp\Super Nintendo Entertainment System\Donkey Kong Country (E) (M3) (V1.0) [f1]\Games'
13:55:01 [CreateHFolders] Creation of 'G:\Temp\pmg - temp\Super Nintendo Entertainment System\Donkey Kong Country (E) (M3) (V1.0) [f1]\CheatCodes'
13:55:01 [CreateHFolders] Creation of 'G:\Temp\pmg - temp\Super Nintendo Entertainment System\Donkey Kong Country (E) (M3) (V1.0) [f1]\Images'
13:55:01 [CreateHFolders] Creation of 'G:\Temp\pmg - temp\Super Nintendo Entertainment System\Donkey Kong Country (E) (M3) (V1.0) [f1]\Manuals'
13:55:01 [CreateHFolders] Creation of 'G:\Temp\pmg - temp\Super Nintendo Entertainment System\Donkey Kong Country (E) (M3) (V1.0) [f1]\Musics'
13:55:01 [CreateHFolders] Creation of 'G:\Temp\pmg - temp\Super Nintendo Entertainment System\Donkey Kong Country (E) (M3) (V1.0) [f1]\Videos'
13:55:02 Not managed: MissingBox3dImage
13:55:02 Not managed: MissingCartImage
13:55:02 Not managed: MissingCart3dImage
13:55:02 Not managed: MissingManual
13:55:02 Not managed: MissingBannerImage
13:55:02 Not managed: MissingMusic
13:55:02 Not managed: UsePauseScreen
13:55:02 Not managed: OverrideDefaultPauseScreenSettings
13:55:02 Not managed: SuspendProcessOnPause
13:55:02 Not managed: ForcefulPauseScreenActivation
13:55:12 [CopyHandler] Destination file exists... 13:58:10 OverWrite
