****** Initialisation Logger - niveau: 0 ******
18:55:37 Language fr-FR - 1.0.0.4, loading...
18:55:52 [Main] PackMe for 'Contra III: The Alien Wars' | 'f59be3bb-a09a-41d5-a77f-4fa10b51e770'
18:55:52 Directory Exists 'G:\Temp\pmg - temp\Super Nintendo Entertainment System\Contra III - The Alien Wars (USA)'
18:55:55 [MakeStructure] Creation of the tree
18:55:55 [CreateHFolders] Creation of 'G:\Temp\pmg - temp\Super Nintendo Entertainment System\Contra III - The Alien Wars (USA)\Games'
18:55:55 [CreateHFolders] Creation of 'G:\Temp\pmg - temp\Super Nintendo Entertainment System\Contra III - The Alien Wars (USA)\CheatCodes'
18:55:55 [CreateHFolders] Creation of 'G:\Temp\pmg - temp\Super Nintendo Entertainment System\Contra III - The Alien Wars (USA)\Images'
18:55:55 [CreateHFolders] Creation of 'G:\Temp\pmg - temp\Super Nintendo Entertainment System\Contra III - The Alien Wars (USA)\Manuals'
18:55:55 [CreateHFolders] Creation of 'G:\Temp\pmg - temp\Super Nintendo Entertainment System\Contra III - The Alien Wars (USA)\Musics'
18:55:55 [CreateHFolders] Creation of 'G:\Temp\pmg - temp\Super Nintendo Entertainment System\Contra III - The Alien Wars (USA)\Videos'
18:55:55 Not managed: MissingBox3dImage
18:55:55 Not managed: MissingCartImage
18:55:55 Not managed: MissingCart3dImage
18:55:55 Not managed: MissingManual
18:55:55 Not managed: MissingBannerImage
18:55:55 Not managed: MissingMusic
18:55:55 Not managed: UsePauseScreen
18:55:55 Not managed: OverrideDefaultPauseScreenSettings
18:55:55 Not managed: SuspendProcessOnPause
18:55:55 Not managed: ForcefulPauseScreenActivation
