****** Initialisation Logger - niveau: 0 ******
17:52:43 Language fr-FR - 1.0.0.4, loading...
17:52:57 [Main] PackMe for 'Donkey Kong Country' | 'fc1ac9d2-d88a-4851-8939-cea8ddeb74bb'
17:52:57 Directory Exists 'G:\Temp\pmg - temp\Super Nintendo Entertainment System\Donkey Kong Country (E) (M3) (V1.0) [f1]'
17:53:52 [MakeStructure] Creation of the tree
17:53:52 [CreateHFolders] Creation of 'G:\Temp\pmg - temp\Super Nintendo Entertainment System\Donkey Kong Country (E) (M3) (V1.0) [f1]\Games'
17:53:52 [CreateHFolders] Creation of 'G:\Temp\pmg - temp\Super Nintendo Entertainment System\Donkey Kong Country (E) (M3) (V1.0) [f1]\CheatCodes'
17:53:52 [CreateHFolders] Creation of 'G:\Temp\pmg - temp\Super Nintendo Entertainment System\Donkey Kong Country (E) (M3) (V1.0) [f1]\Images'
17:53:52 [CreateHFolders] Creation of 'G:\Temp\pmg - temp\Super Nintendo Entertainment System\Donkey Kong Country (E) (M3) (V1.0) [f1]\Manuals'
17:53:52 [CreateHFolders] Creation of 'G:\Temp\pmg - temp\Super Nintendo Entertainment System\Donkey Kong Country (E) (M3) (V1.0) [f1]\Musics'
17:53:52 [CreateHFolders] Creation of 'G:\Temp\pmg - temp\Super Nintendo Entertainment System\Donkey Kong Country (E) (M3) (V1.0) [f1]\Videos'
17:53:52 Not managed: GogAppId
17:53:52 Not managed: OriginAppId
17:53:52 Not managed: OriginInstallPath
17:53:52 Not managed: MissingBox3dImage
17:53:52 Not managed: MissingCartImage
17:53:52 Not managed: MissingCart3dImage
17:53:52 Not managed: MissingManual
17:53:52 Not managed: MissingBannerImage
17:53:52 Not managed: MissingMusic
17:53:52 Not managed: UsePauseScreen
17:53:52 Not managed: PauseAutoHotkeyScript
17:53:52 Not managed: ResumeAutoHotkeyScript
17:53:52 Not managed: OverrideDefaultPauseScreenSettings
17:53:52 Not managed: SuspendProcessOnPause
17:53:52 Not managed: ForcefulPauseScreenActivation
17:53:52 Not managed: LoadStateAutoHotkeyScript
17:53:52 Not managed: SaveStateAutoHotkeyScript
17:53:52 Not managed: ResetAutoHotkeyScript
17:53:52 Not managed: SwapDiscsAutoHotkeyScript
17:53:53 [CopyHandler] Destination file exists... 17:53:56 PassAll
