****** Initialisation Logger - niveau: 0 ******
10:36:17 Language fr-FR - 1.0.0.4, loading...
10:36:36 [Main] PackMe for 'AAAHH!!! Real Monsters' | '088e2bbb-abd3-4157-9da2-bc62c38a83bc'
10:36:40 Not managed: GogAppId
10:36:40 Not managed: OriginAppId
10:36:40 Not managed: OriginInstallPath
10:36:40 Not managed: VideoPath
10:36:40 Not managed: ThemeVideoPath
10:36:40 Not managed: ApplicationPath
10:36:40 Not managed: CommandLine
10:36:40 Not managed: Completed
10:36:40 Not managed: ConfigurationCommandLine
10:36:40 Not managed: ConfigurationPath
10:36:40 Not managed: DateAdded
10:36:40 Not managed: DateModified
10:36:40 Not managed: Developer
10:36:40 Not managed: DosBoxConfigurationPath
10:36:41 Not managed: Emulator
10:36:41 Not managed: Favorite
10:36:41 Not managed: LastPlayedDate
10:36:41 Not managed: ManualPath
10:36:41 Not managed: MusicPath
10:36:41 Not managed: Notes
10:36:41 Not managed: Platform
10:36:41 Not managed: Publisher
10:36:41 Not managed: Rating
10:36:41 Not managed: RootFolder
10:36:41 Not managed: ScummVMAspectCorrection
10:36:41 Not managed: ScummVMFullscreen
10:36:41 Not managed: ScummVMGameDataFolderPath
10:36:41 Not managed: ScummVMGameType
10:36:41 Not managed: Source
10:36:41 Not managed: StarRatingFloat
10:36:41 Not managed: StarRating
10:36:41 Not managed: CommunityStarRating
10:36:41 Not managed: CommunityStarRatingTotalVotes
10:36:41 Not managed: DatabaseID
10:36:41 Not managed: WikipediaURL
10:36:41 Not managed: UseDosBox
10:36:41 Not managed: UseScummVM
10:36:41 Not managed: Series
10:36:41 Not managed: PlayMode
10:36:41 Not managed: PlayCount
10:36:41 Not managed: Portable
10:36:41 Not managed: Hide
10:36:41 Not managed: Broken
10:36:41 Not managed: Genre
10:36:41 Not managed: MissingVideo
10:36:41 Not managed: MissingBoxFrontImage
10:36:41 Not managed: MissingScreenshotImage
10:36:41 Not managed: MissingClearLogoImage
10:36:41 Not managed: MissingBackgroundImage
10:36:41 Not managed: MissingBox3dImage
10:36:41 Not managed: MissingCartImage
10:36:41 Not managed: MissingCart3dImage
10:36:41 Not managed: MissingManual
10:36:41 Not managed: MissingBannerImage
10:36:41 Not managed: MissingMusic
10:36:41 Not managed: UseStartupScreen
10:36:41 Not managed: HideAllNonExclusiveFullscreenWindows
10:36:41 Not managed: StartupLoadDelay
10:36:41 Not managed: HideMouseCursorInGame
10:36:41 Not managed: DisableShutdownScreen
10:36:41 Not managed: AggressiveWindowHiding
10:36:41 Not managed: OverrideDefaultStartupScreenSettings
10:36:41 Not managed: UsePauseScreen
10:36:41 Not managed: PauseAutoHotkeyScript
10:36:41 Not managed: ResumeAutoHotkeyScript
10:36:41 Not managed: OverrideDefaultPauseScreenSettings
10:36:41 Not managed: SuspendProcessOnPause
10:36:41 Not managed: ForcefulPauseScreenActivation
10:36:41 Not managed: LoadStateAutoHotkeyScript
10:36:41 Not managed: SaveStateAutoHotkeyScript
10:36:41 Not managed: ResetAutoHotkeyScript
10:36:41 Not managed: SwapDiscsAutoHotkeyScript
10:36:41 Not managed: CustomDosBoxVersionPath
10:36:41 Not managed: ReleaseType
10:36:41 Not managed: VideoUrl
10:36:41 Not managed: GogAppId
10:36:41 Not managed: OriginAppId
10:36:41 Not managed: OriginInstallPath
10:36:41 Not managed: VideoPath
10:36:41 Not managed: ThemeVideoPath
10:36:41 Not managed: ApplicationPath
10:36:41 Not managed: CommandLine
10:36:41 Not managed: Completed
10:36:41 Not managed: ConfigurationCommandLine
10:36:41 Not managed: ConfigurationPath
10:36:41 Not managed: DateAdded
10:36:41 Not managed: DateModified
10:36:41 Not managed: Developer
10:36:41 Not managed: DosBoxConfigurationPath
10:36:41 Not managed: Emulator
10:36:41 Not managed: Favorite
10:36:41 Not managed: LastPlayedDate
10:36:41 Not managed: ManualPath
10:36:41 Not managed: MusicPath
10:36:41 Not managed: Notes
10:36:41 Not managed: Platform
10:36:41 Not managed: Publisher
10:36:41 Not managed: Rating
10:36:41 Not managed: RootFolder
10:36:41 Not managed: ScummVMAspectCorrection
10:36:41 Not managed: ScummVMFullscreen
10:36:41 Not managed: ScummVMGameDataFolderPath
10:36:41 Not managed: ScummVMGameType
10:36:41 Not managed: Source
10:36:41 Not managed: StarRatingFloat
10:36:41 Not managed: StarRating
10:36:41 Not managed: CommunityStarRating
10:36:41 Not managed: CommunityStarRatingTotalVotes
10:36:41 Not managed: DatabaseID
10:36:41 Not managed: WikipediaURL
10:36:41 Not managed: UseDosBox
10:36:41 Not managed: UseScummVM
10:36:41 Not managed: Series
10:36:41 Not managed: PlayMode
10:36:41 Not managed: PlayCount
10:36:41 Not managed: Portable
10:36:41 Not managed: Hide
10:36:41 Not managed: Broken
10:36:41 Not managed: Genre
10:36:41 Not managed: MissingVideo
10:36:41 Not managed: MissingBoxFrontImage
10:36:41 Not managed: MissingScreenshotImage
10:36:41 Not managed: MissingClearLogoImage
10:36:41 Not managed: MissingBackgroundImage
10:36:41 Not managed: MissingBox3dImage
10:36:41 Not managed: MissingCartImage
10:36:41 Not managed: MissingCart3dImage
10:36:41 Not managed: MissingManual
10:36:41 Not managed: MissingBannerImage
10:36:41 Not managed: MissingMusic
10:36:41 Not managed: UseStartupScreen
10:36:41 Not managed: HideAllNonExclusiveFullscreenWindows
10:36:41 Not managed: StartupLoadDelay
10:36:41 Not managed: HideMouseCursorInGame
10:36:41 Not managed: DisableShutdownScreen
10:36:41 Not managed: AggressiveWindowHiding
10:36:41 Not managed: OverrideDefaultStartupScreenSettings
10:36:41 Not managed: UsePauseScreen
10:36:41 Not managed: PauseAutoHotkeyScript
10:36:41 Not managed: ResumeAutoHotkeyScript
10:36:41 Not managed: OverrideDefaultPauseScreenSettings
10:36:41 Not managed: SuspendProcessOnPause
10:36:41 Not managed: ForcefulPauseScreenActivation
10:36:41 Not managed: LoadStateAutoHotkeyScript
10:36:41 Not managed: SaveStateAutoHotkeyScript
10:36:41 Not managed: ResetAutoHotkeyScript
10:36:41 Not managed: SwapDiscsAutoHotkeyScript
10:36:41 Not managed: CustomDosBoxVersionPath
10:36:41 Not managed: ReleaseType
10:36:41 Not managed: VideoUrl
10:36:41 Not managed: GogAppId
10:36:41 Not managed: OriginAppId
10:36:41 Not managed: OriginInstallPath
10:36:41 Not managed: VideoPath
10:36:41 Not managed: ThemeVideoPath
10:36:41 Not managed: ApplicationPath
10:36:41 Not managed: CommandLine
10:36:41 Not managed: Completed
10:36:41 Not managed: ConfigurationCommandLine
10:36:41 Not managed: ConfigurationPath
10:36:41 Not managed: DateAdded
10:36:41 Not managed: DateModified
10:36:41 Not managed: Developer
10:36:41 Not managed: DosBoxConfigurationPath
10:36:41 Not managed: Emulator
10:36:41 Not managed: Favorite
10:36:41 Not managed: LastPlayedDate
10:36:41 Not managed: ManualPath
10:36:41 Not managed: MusicPath
10:36:41 Not managed: Notes
10:36:41 Not managed: Platform
10:36:41 Not managed: Publisher
10:36:41 Not managed: Rating
10:36:41 Not managed: RootFolder
10:36:41 Not managed: ScummVMAspectCorrection
10:36:41 Not managed: ScummVMFullscreen
10:36:41 Not managed: ScummVMGameDataFolderPath
10:36:41 Not managed: ScummVMGameType
10:36:41 Not managed: Source
10:36:41 Not managed: StarRatingFloat
10:36:41 Not managed: StarRating
10:36:41 Not managed: CommunityStarRating
10:36:41 Not managed: CommunityStarRatingTotalVotes
10:36:41 Not managed: DatabaseID
10:36:41 Not managed: WikipediaURL
10:36:41 Not managed: UseDosBox
10:36:41 Not managed: UseScummVM
10:36:41 Not managed: Series
10:36:41 Not managed: PlayMode
10:36:41 Not managed: PlayCount
10:36:41 Not managed: Portable
10:36:41 Not managed: Hide
10:36:41 Not managed: Broken
10:36:41 Not managed: Genre
10:36:41 Not managed: MissingVideo
10:36:41 Not managed: MissingBoxFrontImage
10:36:41 Not managed: MissingScreenshotImage
10:36:41 Not managed: MissingClearLogoImage
10:36:41 Not managed: MissingBackgroundImage
10:36:41 Not managed: MissingBox3dImage
10:36:41 Not managed: MissingCartImage
10:36:41 Not managed: MissingCart3dImage
10:36:41 Not managed: MissingManual
10:36:41 Not managed: MissingBannerImage
10:36:41 Not managed: MissingMusic
10:36:41 Not managed: UseStartupScreen
10:36:41 Not managed: HideAllNonExclusiveFullscreenWindows
10:36:41 Not managed: StartupLoadDelay
10:36:41 Not managed: HideMouseCursorInGame
10:36:41 Not managed: DisableShutdownScreen
10:36:41 Not managed: AggressiveWindowHiding
10:36:41 Not managed: OverrideDefaultStartupScreenSettings
10:36:41 Not managed: UsePauseScreen
10:36:41 Not managed: PauseAutoHotkeyScript
10:36:41 Not managed: ResumeAutoHotkeyScript
10:36:41 Not managed: OverrideDefaultPauseScreenSettings
10:36:41 Not managed: SuspendProcessOnPause
10:36:41 Not managed: ForcefulPauseScreenActivation
10:36:41 Not managed: LoadStateAutoHotkeyScript
10:36:41 Not managed: SaveStateAutoHotkeyScript
10:36:41 Not managed: ResetAutoHotkeyScript
10:36:41 Not managed: SwapDiscsAutoHotkeyScript
10:36:41 Not managed: CustomDosBoxVersionPath
10:36:41 Not managed: ReleaseType
10:36:41 Not managed: VideoUrl
10:36:41 Not managed: GogAppId
10:36:41 Not managed: OriginAppId
10:36:41 Not managed: OriginInstallPath
10:36:41 Not managed: VideoPath
10:36:41 Not managed: ThemeVideoPath
10:36:41 Not managed: ApplicationPath
10:36:41 Not managed: CommandLine
10:36:41 Not managed: Completed
10:36:41 Not managed: ConfigurationCommandLine
10:36:41 Not managed: ConfigurationPath
10:36:41 Not managed: DateAdded
10:36:41 Not managed: DateModified
10:36:41 Not managed: Developer
10:36:41 Not managed: DosBoxConfigurationPath
10:36:41 Not managed: Emulator
10:36:41 Not managed: Favorite
10:36:41 Not managed: ManualPath
10:36:41 Not managed: MusicPath
10:36:41 Not managed: Notes
10:36:41 Not managed: Platform
10:36:41 Not managed: Publisher
10:36:41 Not managed: Rating
10:36:41 Not managed: RootFolder
10:36:41 Not managed: ScummVMAspectCorrection
10:36:41 Not managed: ScummVMFullscreen
10:36:41 Not managed: ScummVMGameDataFolderPath
10:36:41 Not managed: ScummVMGameType
10:36:41 Not managed: Source
10:36:41 Not managed: StarRatingFloat
10:36:41 Not managed: StarRating
10:36:41 Not managed: CommunityStarRating
10:36:41 Not managed: CommunityStarRatingTotalVotes
10:36:41 Not managed: WikipediaURL
10:36:41 Not managed: UseDosBox
10:36:41 Not managed: UseScummVM
10:36:41 Not managed: Series
10:36:41 Not managed: PlayMode
10:36:41 Not managed: PlayCount
10:36:41 Not managed: Portable
10:36:41 Not managed: Hide
10:36:41 Not managed: Broken
10:36:41 Not managed: Genre
10:36:41 Not managed: MissingVideo
10:36:41 Not managed: MissingBoxFrontImage
10:36:41 Not managed: MissingScreenshotImage
10:36:41 Not managed: MissingClearLogoImage
10:36:41 Not managed: MissingBackgroundImage
10:36:41 Not managed: MissingBox3dImage
10:36:41 Not managed: MissingCartImage
10:36:41 Not managed: MissingCart3dImage
10:36:41 Not managed: MissingManual
10:36:41 Not managed: MissingBannerImage
10:36:41 Not managed: MissingMusic
10:36:41 Not managed: UseStartupScreen
10:36:41 Not managed: HideAllNonExclusiveFullscreenWindows
10:36:41 Not managed: StartupLoadDelay
10:36:41 Not managed: HideMouseCursorInGame
10:36:41 Not managed: DisableShutdownScreen
10:36:41 Not managed: AggressiveWindowHiding
10:36:41 Not managed: OverrideDefaultStartupScreenSettings
10:36:41 Not managed: UsePauseScreen
10:36:41 Not managed: PauseAutoHotkeyScript
10:36:41 Not managed: ResumeAutoHotkeyScript
10:36:41 Not managed: OverrideDefaultPauseScreenSettings
10:36:41 Not managed: SuspendProcessOnPause
10:36:41 Not managed: ForcefulPauseScreenActivation
10:36:41 Not managed: LoadStateAutoHotkeyScript
10:36:41 Not managed: SaveStateAutoHotkeyScript
10:36:41 Not managed: ResetAutoHotkeyScript
10:36:41 Not managed: SwapDiscsAutoHotkeyScript
10:36:41 Not managed: CustomDosBoxVersionPath
10:36:41 Not managed: ReleaseType
10:36:41 Not managed: VideoUrl
10:36:41 Not managed: GogAppId
10:36:41 Not managed: OriginAppId
10:36:41 Not managed: OriginInstallPath
10:36:41 Not managed: VideoPath
10:36:41 Not managed: ThemeVideoPath
10:36:41 Not managed: ApplicationPath
10:36:41 Not managed: CommandLine
10:36:41 Not managed: Completed
10:36:41 Not managed: ConfigurationCommandLine
10:36:41 Not managed: ConfigurationPath
10:36:41 Not managed: DateAdded
10:36:41 Not managed: DateModified
10:36:41 Not managed: Developer
10:36:41 Not managed: DosBoxConfigurationPath
10:36:41 Not managed: Emulator
10:36:41 Not managed: Favorite
10:36:41 Not managed: LastPlayedDate
10:36:41 Not managed: ManualPath
10:36:41 Not managed: MusicPath
10:36:41 Not managed: Notes
10:36:41 Not managed: Platform
10:36:41 Not managed: Publisher
10:36:41 Not managed: Rating
10:36:41 Not managed: RootFolder
10:36:41 Not managed: ScummVMAspectCorrection
10:36:41 Not managed: ScummVMFullscreen
10:36:41 Not managed: ScummVMGameDataFolderPath
10:36:41 Not managed: ScummVMGameType
10:36:41 Not managed: Source
10:36:41 Not managed: StarRatingFloat
10:36:41 Not managed: StarRating
10:36:41 Not managed: CommunityStarRating
10:36:41 Not managed: CommunityStarRatingTotalVotes
10:36:41 Not managed: DatabaseID
10:36:41 Not managed: WikipediaURL
10:36:41 Not managed: UseDosBox
10:36:41 Not managed: UseScummVM
10:36:41 Not managed: Series
10:36:41 Not managed: PlayMode
10:36:41 Not managed: PlayCount
10:36:41 Not managed: Portable
10:36:41 Not managed: Hide
10:36:41 Not managed: Broken
10:36:41 Not managed: Genre
10:36:41 Not managed: MissingVideo
10:36:41 Not managed: MissingBoxFrontImage
10:36:41 Not managed: MissingScreenshotImage
10:36:41 Not managed: MissingClearLogoImage
10:36:41 Not managed: MissingBackgroundImage
10:36:41 Not managed: MissingBox3dImage
10:36:41 Not managed: MissingCartImage
10:36:41 Not managed: MissingCart3dImage
10:36:41 Not managed: MissingManual
10:36:41 Not managed: MissingBannerImage
10:36:41 Not managed: MissingMusic
10:36:41 Not managed: UseStartupScreen
10:36:41 Not managed: HideAllNonExclusiveFullscreenWindows
10:36:41 Not managed: StartupLoadDelay
10:36:41 Not managed: HideMouseCursorInGame
10:36:41 Not managed: DisableShutdownScreen
10:36:41 Not managed: AggressiveWindowHiding
10:36:41 Not managed: OverrideDefaultStartupScreenSettings
10:36:41 Not managed: UsePauseScreen
10:36:41 Not managed: PauseAutoHotkeyScript
10:36:41 Not managed: ResumeAutoHotkeyScript
10:36:41 Not managed: OverrideDefaultPauseScreenSettings
10:36:41 Not managed: SuspendProcessOnPause
10:36:41 Not managed: ForcefulPauseScreenActivation
10:36:41 Not managed: LoadStateAutoHotkeyScript
10:36:41 Not managed: SaveStateAutoHotkeyScript
10:36:41 Not managed: ResetAutoHotkeyScript
10:36:41 Not managed: SwapDiscsAutoHotkeyScript
10:36:41 Not managed: CustomDosBoxVersionPath
10:36:41 Not managed: ReleaseType
10:36:41 Not managed: VideoUrl
10:36:41 Not managed: GogAppId
10:36:41 Not managed: OriginAppId
10:36:41 Not managed: OriginInstallPath
10:36:41 Not managed: VideoPath
10:36:41 Not managed: ThemeVideoPath
10:36:41 Not managed: ApplicationPath
10:36:41 Not managed: CommandLine
10:36:41 Not managed: Completed
10:36:41 Not managed: ConfigurationCommandLine
10:36:41 Not managed: ConfigurationPath
10:36:41 Not managed: DateAdded
10:36:41 Not managed: DateModified
10:36:41 Not managed: Developer
10:36:41 Not managed: DosBoxConfigurationPath
10:36:41 Not managed: Emulator
10:36:41 Not managed: Favorite
10:36:41 Not managed: ManualPath
10:36:41 Not managed: MusicPath
10:36:41 Not managed: Notes
10:36:41 Not managed: Platform
10:36:41 Not managed: Publisher
10:36:41 Not managed: Rating
10:36:41 Not managed: RootFolder
10:36:41 Not managed: ScummVMAspectCorrection
10:36:41 Not managed: ScummVMFullscreen
10:36:41 Not managed: ScummVMGameDataFolderPath
10:36:41 Not managed: ScummVMGameType
10:36:41 Not managed: Source
10:36:41 Not managed: StarRatingFloat
10:36:41 Not managed: StarRating
10:36:41 Not managed: CommunityStarRating
10:36:41 Not managed: CommunityStarRatingTotalVotes
10:36:41 Not managed: DatabaseID
10:36:41 Not managed: WikipediaURL
10:36:41 Not managed: UseDosBox
10:36:41 Not managed: UseScummVM
10:36:41 Not managed: Series
10:36:41 Not managed: PlayMode
10:36:41 Not managed: PlayCount
10:36:41 Not managed: Portable
10:36:41 Not managed: Hide
10:36:41 Not managed: Broken
10:36:41 Not managed: Genre
10:36:41 Not managed: MissingVideo
10:36:41 Not managed: MissingBoxFrontImage
10:36:41 Not managed: MissingScreenshotImage
10:36:41 Not managed: MissingClearLogoImage
10:36:41 Not managed: MissingBackgroundImage
10:36:41 Not managed: MissingBox3dImage
10:36:41 Not managed: MissingCartImage
10:36:41 Not managed: MissingCart3dImage
10:36:41 Not managed: MissingManual
10:36:41 Not managed: MissingBannerImage
10:36:41 Not managed: MissingMusic
10:36:41 Not managed: UseStartupScreen
10:36:41 Not managed: HideAllNonExclusiveFullscreenWindows
10:36:41 Not managed: StartupLoadDelay
10:36:41 Not managed: HideMouseCursorInGame
10:36:41 Not managed: DisableShutdownScreen
10:36:41 Not managed: AggressiveWindowHiding
10:36:41 Not managed: OverrideDefaultStartupScreenSettings
10:36:41 Not managed: UsePauseScreen
10:36:41 Not managed: PauseAutoHotkeyScript
10:36:41 Not managed: ResumeAutoHotkeyScript
10:36:41 Not managed: OverrideDefaultPauseScreenSettings
10:36:41 Not managed: SuspendProcessOnPause
10:36:41 Not managed: ForcefulPauseScreenActivation
10:36:41 Not managed: LoadStateAutoHotkeyScript
10:36:41 Not managed: SaveStateAutoHotkeyScript
10:36:41 Not managed: ResetAutoHotkeyScript
10:36:41 Not managed: SwapDiscsAutoHotkeyScript
10:36:41 Not managed: CustomDosBoxVersionPath
10:36:41 Not managed: ReleaseType
10:36:41 Not managed: VideoUrl
10:36:41 Not managed: GogAppId
10:36:41 Not managed: OriginAppId
10:36:41 Not managed: OriginInstallPath
10:36:41 Not managed: VideoPath
10:36:41 Not managed: ThemeVideoPath
10:36:41 Not managed: ApplicationPath
10:36:41 Not managed: CommandLine
10:36:41 Not managed: Completed
10:36:41 Not managed: ConfigurationCommandLine
10:36:41 Not managed: ConfigurationPath
10:36:41 Not managed: DateAdded
10:36:41 Not managed: DateModified
10:36:41 Not managed: Developer
10:36:41 Not managed: DosBoxConfigurationPath
10:36:41 Not managed: Emulator
10:36:41 Not managed: Favorite
10:36:41 Not managed: LastPlayedDate
10:36:41 Not managed: ManualPath
10:36:41 Not managed: MusicPath
10:36:41 Not managed: Notes
10:36:41 Not managed: Platform
10:36:41 Not managed: Publisher
10:36:41 Not managed: Rating
10:36:41 Not managed: RootFolder
10:36:41 Not managed: ScummVMAspectCorrection
10:36:41 Not managed: ScummVMFullscreen
10:36:41 Not managed: ScummVMGameDataFolderPath
10:36:41 Not managed: ScummVMGameType
10:36:41 Not managed: Source
10:36:41 Not managed: StarRatingFloat
10:36:41 Not managed: StarRating
10:36:41 Not managed: CommunityStarRating
10:36:41 Not managed: CommunityStarRatingTotalVotes
10:36:41 Not managed: WikipediaURL
10:36:41 Not managed: UseDosBox
10:36:41 Not managed: UseScummVM
10:36:41 Not managed: Series
10:36:41 Not managed: PlayMode
10:36:41 Not managed: PlayCount
10:36:41 Not managed: Portable
10:36:41 Not managed: Hide
10:36:41 Not managed: Broken
10:36:41 Not managed: Genre
10:36:41 Not managed: MissingVideo
10:36:41 Not managed: MissingBoxFrontImage
10:36:41 Not managed: MissingScreenshotImage
10:36:41 Not managed: MissingClearLogoImage
10:36:41 Not managed: MissingBackgroundImage
10:36:41 Not managed: MissingBox3dImage
10:36:41 Not managed: MissingCartImage
10:36:41 Not managed: MissingCart3dImage
10:36:41 Not managed: MissingManual
10:36:41 Not managed: MissingBannerImage
10:36:41 Not managed: MissingMusic
10:36:41 Not managed: UseStartupScreen
10:36:41 Not managed: HideAllNonExclusiveFullscreenWindows
10:36:41 Not managed: StartupLoadDelay
10:36:41 Not managed: HideMouseCursorInGame
10:36:41 Not managed: DisableShutdownScreen
10:36:41 Not managed: AggressiveWindowHiding
10:36:41 Not managed: OverrideDefaultStartupScreenSettings
10:36:41 Not managed: UsePauseScreen
10:36:41 Not managed: PauseAutoHotkeyScript
10:36:41 Not managed: ResumeAutoHotkeyScript
10:36:41 Not managed: OverrideDefaultPauseScreenSettings
10:36:41 Not managed: SuspendProcessOnPause
10:36:41 Not managed: ForcefulPauseScreenActivation
10:36:41 Not managed: LoadStateAutoHotkeyScript
10:36:41 Not managed: SaveStateAutoHotkeyScript
10:36:41 Not managed: ResetAutoHotkeyScript
10:36:41 Not managed: SwapDiscsAutoHotkeyScript
10:36:41 Not managed: CustomDosBoxVersionPath
10:36:41 Not managed: ReleaseType
10:36:41 Not managed: VideoUrl
10:36:41 Not managed: GogAppId
10:36:41 Not managed: OriginAppId
10:36:41 Not managed: OriginInstallPath
10:36:41 Not managed: VideoPath
10:36:41 Not managed: ThemeVideoPath
10:36:41 Not managed: ApplicationPath
10:36:41 Not managed: CommandLine
10:36:41 Not managed: Completed
10:36:41 Not managed: ConfigurationCommandLine
10:36:41 Not managed: ConfigurationPath
10:36:41 Not managed: DateAdded
10:36:41 Not managed: DateModified
10:36:41 Not managed: Developer
10:36:41 Not managed: DosBoxConfigurationPath
10:36:41 Not managed: Emulator
10:36:41 Not managed: Favorite
10:36:41 Not managed: ManualPath
10:36:41 Not managed: MusicPath
10:36:41 Not managed: Notes
10:36:41 Not managed: Platform
10:36:41 Not managed: Publisher
10:36:41 Not managed: Rating
10:36:41 Not managed: RootFolder
10:36:41 Not managed: ScummVMAspectCorrection
10:36:41 Not managed: ScummVMFullscreen
10:36:41 Not managed: ScummVMGameDataFolderPath
10:36:41 Not managed: ScummVMGameType
10:36:41 Not managed: Source
10:36:41 Not managed: StarRatingFloat
10:36:41 Not managed: StarRating
10:36:41 Not managed: CommunityStarRating
10:36:41 Not managed: CommunityStarRatingTotalVotes
10:36:41 Not managed: WikipediaURL
10:36:41 Not managed: UseDosBox
10:36:41 Not managed: UseScummVM
10:36:41 Not managed: Series
10:36:41 Not managed: PlayMode
10:36:41 Not managed: PlayCount
10:36:41 Not managed: Portable
10:36:41 Not managed: Hide
10:36:41 Not managed: Broken
10:36:41 Not managed: Genre
10:36:41 Not managed: MissingVideo
10:36:41 Not managed: MissingBoxFrontImage
10:36:41 Not managed: MissingScreenshotImage
10:36:41 Not managed: MissingClearLogoImage
10:36:41 Not managed: MissingBackgroundImage
10:36:41 Not managed: MissingBox3dImage
10:36:41 Not managed: MissingCartImage
10:36:41 Not managed: MissingCart3dImage
10:36:41 Not managed: MissingManual
10:36:41 Not managed: MissingBannerImage
10:36:41 Not managed: MissingMusic
10:36:41 Not managed: UseStartupScreen
10:36:41 Not managed: HideAllNonExclusiveFullscreenWindows
10:36:41 Not managed: StartupLoadDelay
10:36:41 Not managed: HideMouseCursorInGame
10:36:41 Not managed: DisableShutdownScreen
10:36:41 Not managed: AggressiveWindowHiding
10:36:41 Not managed: OverrideDefaultStartupScreenSettings
10:36:41 Not managed: UsePauseScreen
10:36:41 Not managed: PauseAutoHotkeyScript
10:36:41 Not managed: ResumeAutoHotkeyScript
10:36:41 Not managed: OverrideDefaultPauseScreenSettings
10:36:41 Not managed: SuspendProcessOnPause
10:36:41 Not managed: ForcefulPauseScreenActivation
10:36:41 Not managed: LoadStateAutoHotkeyScript
10:36:41 Not managed: SaveStateAutoHotkeyScript
10:36:41 Not managed: ResetAutoHotkeyScript
10:36:41 Not managed: SwapDiscsAutoHotkeyScript
10:36:41 Not managed: CustomDosBoxVersionPath
10:36:41 Not managed: ReleaseType
10:36:41 Not managed: VideoUrl
10:36:41 Not managed: GogAppId
10:36:41 Not managed: OriginAppId
10:36:41 Not managed: OriginInstallPath
10:36:41 Not managed: VideoPath
10:36:41 Not managed: ThemeVideoPath
10:36:41 Not managed: ApplicationPath
10:36:41 Not managed: CommandLine
10:36:41 Not managed: Completed
10:36:41 Not managed: ConfigurationCommandLine
10:36:41 Not managed: ConfigurationPath
10:36:41 Not managed: DateAdded
10:36:41 Not managed: DateModified
10:36:41 Not managed: Developer
10:36:41 Not managed: DosBoxConfigurationPath
10:36:41 Not managed: Emulator
10:36:41 Not managed: Favorite
10:36:41 Not managed: ManualPath
10:36:41 Not managed: MusicPath
10:36:41 Not managed: Notes
10:36:41 Not managed: Platform
10:36:41 Not managed: Publisher
10:36:41 Not managed: Rating
10:36:41 Not managed: RootFolder
10:36:41 Not managed: ScummVMAspectCorrection
10:36:41 Not managed: ScummVMFullscreen
10:36:41 Not managed: ScummVMGameDataFolderPath
10:36:41 Not managed: ScummVMGameType
10:36:41 Not managed: Source
10:36:41 Not managed: StarRatingFloat
10:36:41 Not managed: StarRating
10:36:41 Not managed: CommunityStarRating
10:36:41 Not managed: CommunityStarRatingTotalVotes
10:36:41 Not managed: WikipediaURL
10:36:41 Not managed: UseDosBox
10:36:41 Not managed: UseScummVM
10:36:41 Not managed: Series
10:36:41 Not managed: PlayMode
10:36:41 Not managed: PlayCount
10:36:41 Not managed: Portable
10:36:41 Not managed: Hide
10:36:42 Not managed: Broken
10:36:42 Not managed: Genre
10:36:42 Not managed: MissingVideo
10:36:42 Not managed: MissingBoxFrontImage
10:36:42 Not managed: MissingScreenshotImage
10:36:42 Not managed: MissingClearLogoImage
10:36:42 Not managed: MissingBackgroundImage
10:36:42 Not managed: MissingBox3dImage
10:36:42 Not managed: MissingCartImage
10:36:42 Not managed: MissingCart3dImage
10:36:42 Not managed: MissingManual
10:36:42 Not managed: MissingBannerImage
10:36:42 Not managed: MissingMusic
10:36:42 Not managed: UseStartupScreen
10:36:42 Not managed: HideAllNonExclusiveFullscreenWindows
10:36:42 Not managed: StartupLoadDelay
10:36:42 Not managed: HideMouseCursorInGame
10:36:42 Not managed: DisableShutdownScreen
10:36:42 Not managed: AggressiveWindowHiding
10:36:42 Not managed: OverrideDefaultStartupScreenSettings
10:36:42 Not managed: UsePauseScreen
10:36:42 Not managed: PauseAutoHotkeyScript
10:36:42 Not managed: ResumeAutoHotkeyScript
10:36:42 Not managed: OverrideDefaultPauseScreenSettings
10:36:42 Not managed: SuspendProcessOnPause
10:36:42 Not managed: ForcefulPauseScreenActivation
10:36:42 Not managed: LoadStateAutoHotkeyScript
10:36:42 Not managed: SaveStateAutoHotkeyScript
10:36:42 Not managed: ResetAutoHotkeyScript
10:36:42 Not managed: SwapDiscsAutoHotkeyScript
10:36:42 Not managed: CustomDosBoxVersionPath
10:36:42 Not managed: ReleaseType
10:36:42 Not managed: VideoUrl
10:36:42 Not managed: GogAppId
10:36:42 Not managed: OriginAppId
10:36:42 Not managed: OriginInstallPath
10:36:42 Not managed: VideoPath
10:36:42 Not managed: ThemeVideoPath
10:36:42 Not managed: ApplicationPath
10:36:42 Not managed: CommandLine
10:36:42 Not managed: Completed
10:36:42 Not managed: ConfigurationCommandLine
10:36:42 Not managed: ConfigurationPath
10:36:42 Not managed: DateAdded
10:36:42 Not managed: DateModified
10:36:42 Not managed: Developer
10:36:42 Not managed: DosBoxConfigurationPath
10:36:42 Not managed: Emulator
10:36:42 Not managed: Favorite
10:36:42 Not managed: ManualPath
10:36:42 Not managed: MusicPath
10:36:42 Not managed: Notes
10:36:42 Not managed: Platform
10:36:42 Not managed: Publisher
10:36:42 Not managed: Rating
10:36:42 Not managed: RootFolder
10:36:42 Not managed: ScummVMAspectCorrection
10:36:42 Not managed: ScummVMFullscreen
10:36:42 Not managed: ScummVMGameDataFolderPath
10:36:42 Not managed: ScummVMGameType
10:36:42 Not managed: Source
10:36:42 Not managed: StarRatingFloat
10:36:42 Not managed: StarRating
10:36:42 Not managed: CommunityStarRating
10:36:42 Not managed: CommunityStarRatingTotalVotes
10:36:42 Not managed: WikipediaURL
10:36:42 Not managed: UseDosBox
10:36:42 Not managed: UseScummVM
10:36:42 Not managed: Series
10:36:42 Not managed: PlayMode
10:36:42 Not managed: PlayCount
10:36:42 Not managed: Portable
10:36:42 Not managed: Hide
10:36:42 Not managed: Broken
10:36:42 Not managed: Genre
10:36:42 Not managed: MissingVideo
10:36:42 Not managed: MissingBoxFrontImage
10:36:42 Not managed: MissingScreenshotImage
10:36:42 Not managed: MissingClearLogoImage
10:36:42 Not managed: MissingBackgroundImage
10:36:42 Not managed: MissingBox3dImage
10:36:42 Not managed: MissingCartImage
10:36:42 Not managed: MissingCart3dImage
10:36:42 Not managed: MissingManual
10:36:42 Not managed: MissingBannerImage
10:36:42 Not managed: MissingMusic
10:36:42 Not managed: UseStartupScreen
10:36:42 Not managed: HideAllNonExclusiveFullscreenWindows
10:36:42 Not managed: StartupLoadDelay
10:36:42 Not managed: HideMouseCursorInGame
10:36:42 Not managed: DisableShutdownScreen
10:36:42 Not managed: AggressiveWindowHiding
10:36:42 Not managed: OverrideDefaultStartupScreenSettings
10:36:42 Not managed: UsePauseScreen
10:36:42 Not managed: PauseAutoHotkeyScript
10:36:42 Not managed: ResumeAutoHotkeyScript
10:36:42 Not managed: OverrideDefaultPauseScreenSettings
10:36:42 Not managed: SuspendProcessOnPause
10:36:42 Not managed: ForcefulPauseScreenActivation
10:36:42 Not managed: LoadStateAutoHotkeyScript
10:36:42 Not managed: SaveStateAutoHotkeyScript
10:36:42 Not managed: ResetAutoHotkeyScript
10:36:42 Not managed: SwapDiscsAutoHotkeyScript
10:36:42 Not managed: CustomDosBoxVersionPath
10:36:42 Not managed: ReleaseType
10:36:42 Not managed: VideoUrl
10:36:42 Not managed: GogAppId
10:36:42 Not managed: OriginAppId
10:36:42 Not managed: OriginInstallPath
10:36:42 Not managed: VideoPath
10:36:42 Not managed: ThemeVideoPath
10:36:42 Not managed: ApplicationPath
10:36:42 Not managed: CommandLine
10:36:42 Not managed: Completed
10:36:42 Not managed: ConfigurationCommandLine
10:36:42 Not managed: ConfigurationPath
10:36:42 Not managed: DateAdded
10:36:42 Not managed: DateModified
10:36:42 Not managed: Developer
10:36:42 Not managed: DosBoxConfigurationPath
10:36:42 Not managed: Emulator
10:36:42 Not managed: Favorite
10:36:42 Not managed: ManualPath
10:36:42 Not managed: MusicPath
10:36:42 Not managed: Notes
10:36:42 Not managed: Platform
10:36:42 Not managed: Publisher
10:36:42 Not managed: Rating
10:36:42 Not managed: RootFolder
10:36:42 Not managed: ScummVMAspectCorrection
10:36:42 Not managed: ScummVMFullscreen
10:36:42 Not managed: ScummVMGameDataFolderPath
10:36:42 Not managed: ScummVMGameType
10:36:42 Not managed: Source
10:36:42 Not managed: StarRatingFloat
10:36:42 Not managed: StarRating
10:36:42 Not managed: CommunityStarRating
10:36:42 Not managed: CommunityStarRatingTotalVotes
10:36:42 Not managed: WikipediaURL
10:36:42 Not managed: UseDosBox
10:36:42 Not managed: UseScummVM
10:36:42 Not managed: Series
10:36:42 Not managed: PlayMode
10:36:42 Not managed: PlayCount
10:36:42 Not managed: Portable
10:36:42 Not managed: Hide
10:36:42 Not managed: Broken
10:36:42 Not managed: Genre
10:36:42 Not managed: MissingVideo
10:36:42 Not managed: MissingBoxFrontImage
10:36:42 Not managed: MissingScreenshotImage
10:36:42 Not managed: MissingClearLogoImage
10:36:42 Not managed: MissingBackgroundImage
10:36:42 Not managed: MissingBox3dImage
10:36:42 Not managed: MissingCartImage
10:36:42 Not managed: MissingCart3dImage
10:36:42 Not managed: MissingManual
10:36:42 Not managed: MissingBannerImage
10:36:42 Not managed: MissingMusic
10:36:42 Not managed: UseStartupScreen
10:36:42 Not managed: HideAllNonExclusiveFullscreenWindows
10:36:42 Not managed: StartupLoadDelay
10:36:42 Not managed: HideMouseCursorInGame
10:36:42 Not managed: DisableShutdownScreen
10:36:42 Not managed: AggressiveWindowHiding
10:36:42 Not managed: OverrideDefaultStartupScreenSettings
10:36:42 Not managed: UsePauseScreen
10:36:42 Not managed: PauseAutoHotkeyScript
10:36:42 Not managed: ResumeAutoHotkeyScript
10:36:42 Not managed: OverrideDefaultPauseScreenSettings
10:36:42 Not managed: SuspendProcessOnPause
10:36:42 Not managed: ForcefulPauseScreenActivation
10:36:42 Not managed: LoadStateAutoHotkeyScript
10:36:42 Not managed: SaveStateAutoHotkeyScript
10:36:42 Not managed: ResetAutoHotkeyScript
10:36:42 Not managed: SwapDiscsAutoHotkeyScript
10:36:42 Not managed: CustomDosBoxVersionPath
10:36:42 Not managed: ReleaseType
10:36:42 Not managed: VideoUrl
10:36:42 Not managed: GogAppId
10:36:42 Not managed: OriginAppId
10:36:42 Not managed: OriginInstallPath
10:36:42 Not managed: VideoPath
10:36:42 Not managed: ThemeVideoPath
10:36:42 Not managed: ApplicationPath
10:36:42 Not managed: CommandLine
10:36:42 Not managed: Completed
10:36:42 Not managed: ConfigurationCommandLine
10:36:42 Not managed: ConfigurationPath
10:36:42 Not managed: DateAdded
10:36:42 Not managed: DateModified
10:36:42 Not managed: Developer
10:36:42 Not managed: DosBoxConfigurationPath
10:36:42 Not managed: Emulator
10:36:42 Not managed: Favorite
10:36:42 Not managed: LastPlayedDate
10:36:42 Not managed: ManualPath
10:36:42 Not managed: MusicPath
10:36:42 Not managed: Notes
10:36:42 Not managed: Platform
10:36:42 Not managed: Publisher
10:36:42 Not managed: Rating
10:36:42 Not managed: RootFolder
10:36:42 Not managed: ScummVMAspectCorrection
10:36:42 Not managed: ScummVMFullscreen
10:36:42 Not managed: ScummVMGameDataFolderPath
10:36:42 Not managed: ScummVMGameType
10:36:42 Not managed: Source
10:36:42 Not managed: StarRatingFloat
10:36:42 Not managed: StarRating
10:36:42 Not managed: CommunityStarRating
10:36:42 Not managed: CommunityStarRatingTotalVotes
10:36:42 Not managed: DatabaseID
10:36:42 Not managed: WikipediaURL
10:36:42 Not managed: UseDosBox
10:36:42 Not managed: UseScummVM
10:36:42 Not managed: Series
10:36:42 Not managed: PlayMode
10:36:42 Not managed: PlayCount
10:36:42 Not managed: Portable
10:36:42 Not managed: Hide
10:36:42 Not managed: Broken
10:36:42 Not managed: Genre
10:36:42 Not managed: MissingVideo
10:36:42 Not managed: MissingBoxFrontImage
10:36:42 Not managed: MissingScreenshotImage
10:36:42 Not managed: MissingClearLogoImage
10:36:42 Not managed: MissingBackgroundImage
10:36:42 Not managed: MissingBox3dImage
10:36:42 Not managed: MissingCartImage
10:36:42 Not managed: MissingCart3dImage
10:36:42 Not managed: MissingManual
10:36:42 Not managed: MissingBannerImage
10:36:42 Not managed: MissingMusic
10:36:42 Not managed: UseStartupScreen
10:36:42 Not managed: HideAllNonExclusiveFullscreenWindows
10:36:42 Not managed: StartupLoadDelay
10:36:42 Not managed: HideMouseCursorInGame
10:36:42 Not managed: DisableShutdownScreen
10:36:42 Not managed: AggressiveWindowHiding
10:36:42 Not managed: OverrideDefaultStartupScreenSettings
10:36:42 Not managed: UsePauseScreen
10:36:42 Not managed: PauseAutoHotkeyScript
10:36:42 Not managed: ResumeAutoHotkeyScript
10:36:42 Not managed: OverrideDefaultPauseScreenSettings
10:36:42 Not managed: SuspendProcessOnPause
10:36:42 Not managed: ForcefulPauseScreenActivation
10:36:42 Not managed: LoadStateAutoHotkeyScript
10:36:42 Not managed: SaveStateAutoHotkeyScript
10:36:42 Not managed: ResetAutoHotkeyScript
10:36:42 Not managed: SwapDiscsAutoHotkeyScript
10:36:42 Not managed: CustomDosBoxVersionPath
10:36:42 Not managed: ReleaseType
10:36:42 Not managed: VideoUrl
10:36:42 Not managed: GogAppId
10:36:42 Not managed: OriginAppId
10:36:42 Not managed: OriginInstallPath
10:36:42 Not managed: VideoPath
10:36:42 Not managed: ThemeVideoPath
10:36:42 Not managed: ApplicationPath
10:36:42 Not managed: CommandLine
10:36:42 Not managed: Completed
10:36:42 Not managed: ConfigurationCommandLine
10:36:42 Not managed: ConfigurationPath
10:36:42 Not managed: DateAdded
10:36:42 Not managed: DateModified
10:36:42 Not managed: Developer
10:36:42 Not managed: DosBoxConfigurationPath
10:36:42 Not managed: Emulator
10:36:42 Not managed: Favorite
10:36:42 Not managed: LastPlayedDate
10:36:42 Not managed: ManualPath
10:36:42 Not managed: MusicPath
10:36:42 Not managed: Notes
10:36:42 Not managed: Platform
10:36:42 Not managed: Publisher
10:36:42 Not managed: Rating
10:36:42 Not managed: RootFolder
10:36:42 Not managed: ScummVMAspectCorrection
10:36:42 Not managed: ScummVMFullscreen
10:36:42 Not managed: ScummVMGameDataFolderPath
10:36:42 Not managed: ScummVMGameType
10:36:42 Not managed: Source
10:36:42 Not managed: StarRatingFloat
10:36:42 Not managed: StarRating
10:36:42 Not managed: CommunityStarRating
10:36:42 Not managed: CommunityStarRatingTotalVotes
10:36:42 Not managed: WikipediaURL
10:36:42 Not managed: UseDosBox
10:36:42 Not managed: UseScummVM
10:36:42 Not managed: Series
10:36:42 Not managed: PlayMode
10:36:42 Not managed: PlayCount
10:36:42 Not managed: Portable
10:36:42 Not managed: Hide
10:36:42 Not managed: Broken
10:36:42 Not managed: Genre
10:36:42 Not managed: MissingVideo
10:36:42 Not managed: MissingBoxFrontImage
10:36:42 Not managed: MissingScreenshotImage
10:36:42 Not managed: MissingClearLogoImage
10:36:42 Not managed: MissingBackgroundImage
10:36:42 Not managed: MissingBox3dImage
10:36:42 Not managed: MissingCartImage
10:36:42 Not managed: MissingCart3dImage
10:36:42 Not managed: MissingManual
10:36:42 Not managed: MissingBannerImage
10:36:42 Not managed: MissingMusic
10:36:42 Not managed: UseStartupScreen
10:36:42 Not managed: HideAllNonExclusiveFullscreenWindows
10:36:42 Not managed: StartupLoadDelay
10:36:42 Not managed: HideMouseCursorInGame
10:36:42 Not managed: DisableShutdownScreen
10:36:42 Not managed: AggressiveWindowHiding
10:36:42 Not managed: OverrideDefaultStartupScreenSettings
10:36:42 Not managed: UsePauseScreen
10:36:42 Not managed: PauseAutoHotkeyScript
10:36:42 Not managed: ResumeAutoHotkeyScript
10:36:42 Not managed: OverrideDefaultPauseScreenSettings
10:36:42 Not managed: SuspendProcessOnPause
10:36:42 Not managed: ForcefulPauseScreenActivation
10:36:42 Not managed: LoadStateAutoHotkeyScript
10:36:42 Not managed: SaveStateAutoHotkeyScript
10:36:42 Not managed: ResetAutoHotkeyScript
10:36:42 Not managed: SwapDiscsAutoHotkeyScript
10:36:42 Not managed: CustomDosBoxVersionPath
10:36:42 Not managed: ReleaseType
10:36:42 Not managed: VideoUrl
10:36:42 Not managed: GogAppId
10:36:42 Not managed: OriginAppId
10:36:42 Not managed: OriginInstallPath
10:36:42 Not managed: VideoPath
10:36:42 Not managed: ThemeVideoPath
10:36:42 Not managed: ApplicationPath
10:36:42 Not managed: CommandLine
10:36:42 Not managed: Completed
10:36:42 Not managed: ConfigurationCommandLine
10:36:42 Not managed: ConfigurationPath
10:36:42 Not managed: DateAdded
10:36:42 Not managed: DateModified
10:36:42 Not managed: Developer
10:36:42 Not managed: DosBoxConfigurationPath
10:36:42 Not managed: Emulator
10:36:42 Not managed: Favorite
10:36:42 Not managed: LastPlayedDate
10:36:42 Not managed: ManualPath
10:36:42 Not managed: MusicPath
10:36:42 Not managed: Notes
10:36:42 Not managed: Platform
10:36:42 Not managed: Publisher
10:36:42 Not managed: Rating
10:36:42 Not managed: RootFolder
10:36:42 Not managed: ScummVMAspectCorrection
10:36:42 Not managed: ScummVMFullscreen
10:36:42 Not managed: ScummVMGameDataFolderPath
10:36:42 Not managed: ScummVMGameType
10:36:42 Not managed: Source
10:36:42 Not managed: StarRatingFloat
10:36:42 Not managed: StarRating
10:36:42 Not managed: CommunityStarRating
10:36:42 Not managed: CommunityStarRatingTotalVotes
10:36:42 Not managed: WikipediaID
10:36:42 Not managed: WikipediaURL
10:36:42 Not managed: UseDosBox
10:36:42 Not managed: UseScummVM
10:36:42 Not managed: Series
10:36:42 Not managed: PlayMode
10:36:42 Not managed: PlayCount
10:36:42 Not managed: Portable
10:36:42 Not managed: Hide
10:36:42 Not managed: Broken
10:36:42 Not managed: Genre
10:36:42 Not managed: MissingVideo
10:36:42 Not managed: MissingBoxFrontImage
10:36:42 Not managed: MissingScreenshotImage
10:36:42 Not managed: MissingClearLogoImage
10:36:42 Not managed: MissingBackgroundImage
10:36:42 Not managed: MissingBox3dImage
10:36:42 Not managed: MissingCartImage
10:36:42 Not managed: MissingCart3dImage
10:36:42 Not managed: MissingManual
10:36:42 Not managed: MissingBannerImage
10:36:42 Not managed: MissingMusic
10:36:42 Not managed: UseStartupScreen
10:36:42 Not managed: HideAllNonExclusiveFullscreenWindows
10:36:42 Not managed: StartupLoadDelay
10:36:42 Not managed: HideMouseCursorInGame
10:36:42 Not managed: DisableShutdownScreen
10:36:42 Not managed: AggressiveWindowHiding
10:36:42 Not managed: OverrideDefaultStartupScreenSettings
10:36:42 Not managed: UsePauseScreen
10:36:42 Not managed: PauseAutoHotkeyScript
10:36:42 Not managed: ResumeAutoHotkeyScript
10:36:42 Not managed: OverrideDefaultPauseScreenSettings
10:36:42 Not managed: SuspendProcessOnPause
10:36:42 Not managed: ForcefulPauseScreenActivation
10:36:42 Not managed: LoadStateAutoHotkeyScript
10:36:42 Not managed: SaveStateAutoHotkeyScript
10:36:42 Not managed: ResetAutoHotkeyScript
10:36:42 Not managed: SwapDiscsAutoHotkeyScript
10:36:42 Not managed: CustomDosBoxVersionPath
10:36:42 Not managed: ReleaseType
10:36:42 Not managed: VideoUrl
10:36:42 Not managed: GogAppId
10:36:42 Not managed: OriginAppId
10:36:42 Not managed: OriginInstallPath
10:36:42 Not managed: VideoPath
10:36:42 Not managed: ThemeVideoPath
10:36:42 Not managed: ApplicationPath
10:36:42 Not managed: CommandLine
10:36:42 Not managed: Completed
10:36:42 Not managed: ConfigurationCommandLine
10:36:42 Not managed: ConfigurationPath
10:36:42 Not managed: DateAdded
10:36:42 Not managed: DateModified
10:36:42 Not managed: Developer
10:36:42 Not managed: DosBoxConfigurationPath
10:36:42 Not managed: Emulator
10:36:42 Not managed: Favorite
10:36:42 Not managed: ManualPath
10:36:42 Not managed: MusicPath
10:36:42 Not managed: Notes
10:36:42 Not managed: Platform
10:36:42 Not managed: Publisher
10:36:42 Not managed: Rating
10:36:42 Not managed: RootFolder
10:36:42 Not managed: ScummVMAspectCorrection
10:36:42 Not managed: ScummVMFullscreen
10:36:42 Not managed: ScummVMGameDataFolderPath
10:36:42 Not managed: ScummVMGameType
10:36:42 Not managed: Source
10:36:42 Not managed: StarRatingFloat
10:36:42 Not managed: StarRating
10:36:42 Not managed: CommunityStarRating
10:36:42 Not managed: CommunityStarRatingTotalVotes
10:36:42 Not managed: WikipediaURL
10:36:42 Not managed: UseDosBox
10:36:42 Not managed: UseScummVM
10:36:42 Not managed: Series
10:36:42 Not managed: PlayMode
10:36:42 Not managed: PlayCount
10:36:42 Not managed: Portable
10:36:42 Not managed: Hide
10:36:42 Not managed: Broken
10:36:42 Not managed: Genre
10:36:42 Not managed: MissingVideo
10:36:42 Not managed: MissingBoxFrontImage
10:36:42 Not managed: MissingScreenshotImage
10:36:42 Not managed: MissingClearLogoImage
10:36:42 Not managed: MissingBackgroundImage
10:36:42 Not managed: MissingBox3dImage
10:36:42 Not managed: MissingCartImage
10:36:42 Not managed: MissingCart3dImage
10:36:42 Not managed: MissingManual
10:36:42 Not managed: MissingBannerImage
10:36:42 Not managed: MissingMusic
10:36:42 Not managed: UseStartupScreen
10:36:42 Not managed: HideAllNonExclusiveFullscreenWindows
10:36:42 Not managed: StartupLoadDelay
10:36:42 Not managed: HideMouseCursorInGame
10:36:42 Not managed: DisableShutdownScreen
10:36:42 Not managed: AggressiveWindowHiding
10:36:42 Not managed: OverrideDefaultStartupScreenSettings
10:36:42 Not managed: UsePauseScreen
10:36:42 Not managed: PauseAutoHotkeyScript
10:36:42 Not managed: ResumeAutoHotkeyScript
10:36:42 Not managed: OverrideDefaultPauseScreenSettings
10:36:42 Not managed: SuspendProcessOnPause
10:36:42 Not managed: ForcefulPauseScreenActivation
10:36:42 Not managed: LoadStateAutoHotkeyScript
10:36:42 Not managed: SaveStateAutoHotkeyScript
10:36:42 Not managed: ResetAutoHotkeyScript
10:36:42 Not managed: SwapDiscsAutoHotkeyScript
10:36:42 Not managed: CustomDosBoxVersionPath
10:36:42 Not managed: ReleaseType
10:36:42 Not managed: VideoUrl
10:36:42 Not managed: Developer
10:36:42 Not managed: Publisher
10:36:42 Not managed: Platform
10:36:42 Not managed: Series
10:36:42 Not managed: Genre
10:36:42 Not managed: PlayMode
10:36:42 Not managed: Notes
10:36:42 Not managed: Rating
10:36:42 Not managed: Completed
10:36:42 Not managed: DateAdded
10:36:42 Not managed: DateModified
10:36:42 Not managed: Favorite
10:36:42 Not managed: WikipediaURL
10:36:42 Not managed: ApplicationPath
10:36:42 Not managed: ManualPath
10:36:42 Not managed: MusicPath
10:36:42 Not managed: VideoPath
10:36:42 Not managed: DosBoxConfigurationPath
10:36:42 Not managed: DatabaseID
10:36:42 Not managed: Hide
10:36:42 Not managed: Broken
10:36:42 Not managed: Portable
10:36:42 Not managed: ScummVMAspectCorrection
10:36:42 Not managed: ScummVMFullscreen
10:36:42 Not managed: ScummVMGameDataFolderPath
10:36:42 Not managed: ScummVMGameType
10:36:42 Not managed: UseScummVM
10:36:42 Not managed: UseDosBox
10:36:42 Not managed: CommandLine
10:36:42 Not managed: ConfigurationCommandLine
10:36:42 Not managed: ConfigurationPath
10:36:42 Not managed: Emulator
10:36:42 Not managed: PlayCount
10:36:42 Not managed: LastPlayedDate
10:36:42 Not managed: CommunityStarRating
10:36:42 Not managed: CommunityStarRatingTotalVotes
10:36:42 Not managed: StarRatingFloat
10:36:42 Not managed: StarRating
10:36:42 Not managed: RootFolder
10:36:42 Not managed: Source
10:36:42 Not managed: MissingVideo
10:36:42 Not managed: MissingBoxFrontImage
10:36:42 Not managed: MissingScreenshotImage
10:36:42 Not managed: MissingClearLogoImage
10:36:42 Not managed: MissingBackgroundImage
10:36:42 Not managed: Developer
10:36:42 Not managed: Publisher
10:36:42 Not managed: Platform
10:36:42 Not managed: Series
10:36:42 Not managed: Genre
10:36:42 Not managed: PlayMode
10:36:42 Not managed: Notes
10:36:42 Not managed: Rating
10:36:42 Not managed: Completed
10:36:42 Not managed: DateAdded
10:36:42 Not managed: DateModified
10:36:42 Not managed: Favorite
10:36:42 Not managed: WikipediaURL
10:36:42 Not managed: ApplicationPath
10:36:42 Not managed: ManualPath
10:36:42 Not managed: MusicPath
10:36:42 Not managed: VideoPath
10:36:42 Not managed: DosBoxConfigurationPath
10:36:42 Not managed: DatabaseID
10:36:42 Not managed: Hide
10:36:42 Not managed: Broken
10:36:42 Not managed: Portable
10:36:42 Not managed: ScummVMAspectCorrection
10:36:42 Not managed: ScummVMFullscreen
10:36:42 Not managed: ScummVMGameDataFolderPath
10:36:42 Not managed: ScummVMGameType
10:36:42 Not managed: UseScummVM
10:36:42 Not managed: UseDosBox
10:36:42 Not managed: CommandLine
10:36:42 Not managed: ConfigurationCommandLine
10:36:42 Not managed: ConfigurationPath
10:36:42 Not managed: Emulator
10:36:42 Not managed: PlayCount
10:36:42 Not managed: LastPlayedDate
10:36:42 Not managed: CommunityStarRating
10:36:42 Not managed: CommunityStarRatingTotalVotes
10:36:42 Not managed: StarRatingFloat
10:36:42 Not managed: StarRating
10:36:42 Not managed: RootFolder
10:36:42 Not managed: Source
10:36:42 Not managed: MissingVideo
10:36:42 Not managed: MissingBoxFrontImage
10:36:42 Not managed: MissingScreenshotImage
10:36:42 Not managed: MissingClearLogoImage
10:36:42 Not managed: MissingBackgroundImage
10:36:42 Not managed: Developer
10:36:42 Not managed: Publisher
10:36:42 Not managed: Platform
10:36:42 Not managed: Series
10:36:42 Not managed: Genre
10:36:42 Not managed: PlayMode
10:36:42 Not managed: Notes
10:36:42 Not managed: Rating
10:36:42 Not managed: Completed
10:36:42 Not managed: DateAdded
10:36:42 Not managed: DateModified
10:36:42 Not managed: Favorite
10:36:42 Not managed: WikipediaURL
10:36:42 Not managed: ApplicationPath
10:36:42 Not managed: ManualPath
10:36:42 Not managed: MusicPath
10:36:42 Not managed: VideoPath
10:36:42 Not managed: DosBoxConfigurationPath
10:36:42 Not managed: DatabaseID
10:36:42 Not managed: Hide
10:36:42 Not managed: Broken
10:36:42 Not managed: Portable
10:36:42 Not managed: ScummVMAspectCorrection
10:36:42 Not managed: ScummVMFullscreen
10:36:42 Not managed: ScummVMGameDataFolderPath
10:36:42 Not managed: ScummVMGameType
10:36:42 Not managed: UseScummVM
10:36:42 Not managed: UseDosBox
10:36:42 Not managed: CommandLine
10:36:42 Not managed: ConfigurationCommandLine
10:36:42 Not managed: ConfigurationPath
10:36:42 Not managed: Emulator
10:36:42 Not managed: PlayCount
10:36:42 Not managed: LastPlayedDate
10:36:42 Not managed: CommunityStarRating
10:36:42 Not managed: CommunityStarRatingTotalVotes
10:36:42 Not managed: StarRatingFloat
10:36:42 Not managed: StarRating
10:36:42 Not managed: RootFolder
10:36:42 Not managed: Source
10:36:42 Not managed: MissingVideo
10:36:42 Not managed: MissingBoxFrontImage
10:36:42 Not managed: MissingScreenshotImage
10:36:42 Not managed: MissingClearLogoImage
10:36:42 Not managed: MissingBackgroundImage
10:36:42 Not managed: Developer
10:36:42 Not managed: Publisher
10:36:42 Not managed: Platform
10:36:42 Not managed: Series
10:36:42 Not managed: Genre
10:36:42 Not managed: PlayMode
10:36:42 Not managed: Notes
10:36:42 Not managed: Rating
10:36:42 Not managed: Completed
10:36:42 Not managed: DateAdded
10:36:42 Not managed: DateModified
10:36:42 Not managed: Favorite
10:36:42 Not managed: WikipediaURL
10:36:42 Not managed: ApplicationPath
10:36:42 Not managed: ManualPath
10:36:42 Not managed: MusicPath
10:36:42 Not managed: VideoPath
10:36:42 Not managed: DosBoxConfigurationPath
10:36:42 Not managed: DatabaseID
10:36:42 Not managed: Hide
10:36:42 Not managed: Broken
10:36:42 Not managed: Portable
10:36:42 Not managed: ScummVMAspectCorrection
10:36:42 Not managed: ScummVMFullscreen
10:36:42 Not managed: ScummVMGameDataFolderPath
10:36:42 Not managed: ScummVMGameType
10:36:42 Not managed: UseScummVM
10:36:42 Not managed: UseDosBox
10:36:42 Not managed: CommandLine
10:36:42 Not managed: ConfigurationCommandLine
10:36:42 Not managed: ConfigurationPath
10:36:42 Not managed: Emulator
10:36:42 Not managed: PlayCount
10:36:42 Not managed: LastPlayedDate
10:36:42 Not managed: CommunityStarRating
10:36:42 Not managed: CommunityStarRatingTotalVotes
10:36:42 Not managed: StarRatingFloat
10:36:42 Not managed: StarRating
10:36:42 Not managed: RootFolder
10:36:42 Not managed: Source
10:36:42 Not managed: MissingVideo
10:36:42 Not managed: MissingBoxFrontImage
10:36:42 Not managed: MissingScreenshotImage
10:36:42 Not managed: MissingClearLogoImage
10:36:42 Not managed: MissingBackgroundImage
10:36:42 Not managed: Developer
10:36:42 Not managed: Publisher
10:36:42 Not managed: Platform
10:36:42 Not managed: Series
10:36:42 Not managed: Genre
10:36:42 Not managed: PlayMode
10:36:42 Not managed: Notes
10:36:42 Not managed: Rating
10:36:42 Not managed: Completed
10:36:42 Not managed: DateAdded
10:36:42 Not managed: DateModified
10:36:42 Not managed: Favorite
10:36:42 Not managed: WikipediaURL
10:36:42 Not managed: ApplicationPath
10:36:42 Not managed: ManualPath
10:36:42 Not managed: MusicPath
10:36:42 Not managed: VideoPath
10:36:42 Not managed: DosBoxConfigurationPath
10:36:42 Not managed: DatabaseID
10:36:42 Not managed: Hide
10:36:42 Not managed: Broken
10:36:42 Not managed: Portable
10:36:42 Not managed: ScummVMAspectCorrection
10:36:42 Not managed: ScummVMFullscreen
10:36:42 Not managed: ScummVMGameDataFolderPath
10:36:42 Not managed: ScummVMGameType
10:36:42 Not managed: UseScummVM
10:36:42 Not managed: UseDosBox
10:36:42 Not managed: CommandLine
10:36:42 Not managed: ConfigurationCommandLine
10:36:42 Not managed: ConfigurationPath
10:36:42 Not managed: Emulator
10:36:42 Not managed: PlayCount
10:36:42 Not managed: LastPlayedDate
10:36:42 Not managed: CommunityStarRating
10:36:42 Not managed: CommunityStarRatingTotalVotes
10:36:42 Not managed: StarRatingFloat
10:36:42 Not managed: StarRating
10:36:42 Not managed: RootFolder
10:36:42 Not managed: Source
10:36:42 Not managed: MissingVideo
10:36:42 Not managed: MissingBoxFrontImage
10:36:42 Not managed: MissingScreenshotImage
10:36:42 Not managed: MissingClearLogoImage
10:36:42 Not managed: MissingBackgroundImage
10:36:42 Not managed: Developer
10:36:42 Not managed: Publisher
10:36:42 Not managed: Platform
10:36:42 Not managed: Series
10:36:42 Not managed: Genre
10:36:42 Not managed: PlayMode
10:36:42 Not managed: Notes
10:36:42 Not managed: Rating
10:36:42 Not managed: Completed
10:36:42 Not managed: DateAdded
10:36:42 Not managed: DateModified
10:36:42 Not managed: Favorite
10:36:42 Not managed: WikipediaURL
10:36:42 Not managed: ApplicationPath
10:36:42 Not managed: ManualPath
10:36:42 Not managed: MusicPath
10:36:42 Not managed: VideoPath
10:36:42 Not managed: DosBoxConfigurationPath
10:36:42 Not managed: DatabaseID
10:36:42 Not managed: Hide
10:36:42 Not managed: Broken
10:36:42 Not managed: Portable
10:36:42 Not managed: ScummVMAspectCorrection
10:36:42 Not managed: ScummVMFullscreen
10:36:42 Not managed: ScummVMGameDataFolderPath
10:36:42 Not managed: ScummVMGameType
10:36:42 Not managed: UseScummVM
10:36:42 Not managed: UseDosBox
10:36:42 Not managed: CommandLine
10:36:42 Not managed: ConfigurationCommandLine
10:36:42 Not managed: ConfigurationPath
10:36:42 Not managed: Emulator
10:36:42 Not managed: PlayCount
10:36:42 Not managed: LastPlayedDate
10:36:42 Not managed: CommunityStarRating
10:36:42 Not managed: CommunityStarRatingTotalVotes
10:36:42 Not managed: StarRatingFloat
10:36:42 Not managed: StarRating
10:36:42 Not managed: RootFolder
10:36:42 Not managed: Source
10:36:42 Not managed: MissingVideo
10:36:42 Not managed: MissingBoxFrontImage
10:36:42 Not managed: MissingScreenshotImage
10:36:42 Not managed: MissingClearLogoImage
10:36:42 Not managed: MissingBackgroundImage
10:36:42 Not managed: Developer
10:36:42 Not managed: Publisher
10:36:42 Not managed: Platform
10:36:42 Not managed: Series
10:36:42 Not managed: Genre
10:36:42 Not managed: PlayMode
10:36:42 Not managed: Notes
10:36:42 Not managed: Rating
10:36:42 Not managed: Completed
10:36:42 Not managed: DateAdded
10:36:42 Not managed: DateModified
10:36:42 Not managed: Favorite
10:36:42 Not managed: WikipediaURL
10:36:42 Not managed: ApplicationPath
10:36:42 Not managed: ManualPath
10:36:42 Not managed: MusicPath
10:36:42 Not managed: VideoPath
10:36:42 Not managed: DosBoxConfigurationPath
10:36:42 Not managed: DatabaseID
10:36:42 Not managed: Hide
10:36:42 Not managed: Broken
10:36:42 Not managed: Portable
10:36:42 Not managed: ScummVMAspectCorrection
10:36:42 Not managed: ScummVMFullscreen
10:36:42 Not managed: ScummVMGameDataFolderPath
10:36:42 Not managed: ScummVMGameType
10:36:42 Not managed: UseScummVM
10:36:42 Not managed: UseDosBox
10:36:42 Not managed: CommandLine
10:36:42 Not managed: ConfigurationCommandLine
10:36:42 Not managed: ConfigurationPath
10:36:42 Not managed: Emulator
10:36:42 Not managed: PlayCount
10:36:42 Not managed: LastPlayedDate
10:36:42 Not managed: CommunityStarRating
10:36:42 Not managed: CommunityStarRatingTotalVotes
10:36:42 Not managed: StarRatingFloat
10:36:42 Not managed: StarRating
10:36:42 Not managed: RootFolder
10:36:42 Not managed: Source
10:36:42 Not managed: MissingVideo
10:36:42 Not managed: MissingBoxFrontImage
10:36:42 Not managed: MissingScreenshotImage
10:36:42 Not managed: MissingClearLogoImage
10:36:42 Not managed: MissingBackgroundImage
10:36:42 Not managed: Developer
10:36:42 Not managed: Publisher
10:36:42 Not managed: Platform
10:36:42 Not managed: Series
10:36:42 Not managed: Genre
10:36:42 Not managed: PlayMode
10:36:42 Not managed: Notes
10:36:42 Not managed: Rating
10:36:42 Not managed: Completed
10:36:42 Not managed: DateAdded
10:36:42 Not managed: DateModified
10:36:42 Not managed: Favorite
10:36:42 Not managed: WikipediaURL
10:36:42 Not managed: ApplicationPath
10:36:42 Not managed: ManualPath
10:36:42 Not managed: MusicPath
10:36:42 Not managed: VideoPath
10:36:42 Not managed: DosBoxConfigurationPath
10:36:42 Not managed: DatabaseID
10:36:42 Not managed: Hide
10:36:42 Not managed: Broken
10:36:42 Not managed: Portable
10:36:42 Not managed: ScummVMAspectCorrection
10:36:42 Not managed: ScummVMFullscreen
10:36:42 Not managed: ScummVMGameDataFolderPath
10:36:42 Not managed: ScummVMGameType
10:36:42 Not managed: UseScummVM
10:36:42 Not managed: UseDosBox
10:36:42 Not managed: CommandLine
10:36:42 Not managed: ConfigurationCommandLine
10:36:42 Not managed: ConfigurationPath
10:36:42 Not managed: Emulator
10:36:42 Not managed: PlayCount
10:36:42 Not managed: LastPlayedDate
10:36:42 Not managed: CommunityStarRating
10:36:42 Not managed: CommunityStarRatingTotalVotes
10:36:42 Not managed: StarRatingFloat
10:36:42 Not managed: StarRating
10:36:42 Not managed: RootFolder
10:36:42 Not managed: Source
10:36:42 Not managed: MissingVideo
10:36:42 Not managed: MissingBoxFrontImage
10:36:42 Not managed: MissingScreenshotImage
10:36:42 Not managed: MissingClearLogoImage
10:36:42 Not managed: MissingBackgroundImage
10:36:42 Not managed: Developer
10:36:42 Not managed: Publisher
10:36:42 Not managed: Platform
10:36:42 Not managed: Series
10:36:42 Not managed: Genre
10:36:42 Not managed: PlayMode
10:36:42 Not managed: Notes
10:36:42 Not managed: Rating
10:36:42 Not managed: Completed
10:36:42 Not managed: DateAdded
10:36:42 Not managed: DateModified
10:36:42 Not managed: Favorite
10:36:42 Not managed: WikipediaURL
10:36:42 Not managed: ApplicationPath
10:36:42 Not managed: ManualPath
10:36:42 Not managed: MusicPath
10:36:42 Not managed: VideoPath
10:36:42 Not managed: DosBoxConfigurationPath
10:36:42 Not managed: DatabaseID
10:36:43 Not managed: Hide
10:36:43 Not managed: Broken
10:36:43 Not managed: Portable
10:36:43 Not managed: ScummVMAspectCorrection
10:36:43 Not managed: ScummVMFullscreen
10:36:43 Not managed: ScummVMGameDataFolderPath
10:36:43 Not managed: ScummVMGameType
10:36:43 Not managed: UseScummVM
10:36:43 Not managed: UseDosBox
10:36:43 Not managed: CommandLine
10:36:43 Not managed: ConfigurationCommandLine
10:36:43 Not managed: ConfigurationPath
10:36:43 Not managed: Emulator
10:36:43 Not managed: PlayCount
10:36:43 Not managed: LastPlayedDate
10:36:43 Not managed: CommunityStarRating
10:36:43 Not managed: CommunityStarRatingTotalVotes
10:36:43 Not managed: StarRatingFloat
10:36:43 Not managed: StarRating
10:36:43 Not managed: RootFolder
10:36:43 Not managed: Source
10:36:43 Not managed: MissingVideo
10:36:43 Not managed: MissingBoxFrontImage
10:36:43 Not managed: MissingScreenshotImage
10:36:43 Not managed: MissingClearLogoImage
10:36:43 Not managed: MissingBackgroundImage
10:36:43 Not managed: Developer
10:36:43 Not managed: Publisher
10:36:43 Not managed: Platform
10:36:43 Not managed: Series
10:36:43 Not managed: Genre
10:36:43 Not managed: PlayMode
10:36:43 Not managed: Notes
10:36:43 Not managed: Rating
10:36:43 Not managed: Completed
10:36:43 Not managed: DateAdded
10:36:43 Not managed: DateModified
10:36:43 Not managed: Favorite
10:36:43 Not managed: WikipediaURL
10:36:43 Not managed: ApplicationPath
10:36:43 Not managed: ManualPath
10:36:43 Not managed: MusicPath
10:36:43 Not managed: VideoPath
10:36:43 Not managed: DosBoxConfigurationPath
10:36:43 Not managed: DatabaseID
10:36:43 Not managed: Hide
10:36:43 Not managed: Broken
10:36:43 Not managed: Portable
10:36:43 Not managed: ScummVMAspectCorrection
10:36:43 Not managed: ScummVMFullscreen
10:36:43 Not managed: ScummVMGameDataFolderPath
10:36:43 Not managed: ScummVMGameType
10:36:43 Not managed: UseScummVM
10:36:43 Not managed: UseDosBox
10:36:43 Not managed: CommandLine
10:36:43 Not managed: ConfigurationCommandLine
10:36:43 Not managed: ConfigurationPath
10:36:43 Not managed: Emulator
10:36:43 Not managed: PlayCount
10:36:43 Not managed: LastPlayedDate
10:36:43 Not managed: CommunityStarRating
10:36:43 Not managed: CommunityStarRatingTotalVotes
10:36:43 Not managed: StarRatingFloat
10:36:43 Not managed: StarRating
10:36:43 Not managed: RootFolder
10:36:43 Not managed: Source
10:36:43 Not managed: MissingVideo
10:36:43 Not managed: MissingBoxFrontImage
10:36:43 Not managed: MissingScreenshotImage
10:36:43 Not managed: MissingClearLogoImage
10:36:43 Not managed: MissingBackgroundImage
10:36:43 Not managed: Developer
10:36:43 Not managed: Publisher
10:36:43 Not managed: Platform
10:36:43 Not managed: Series
10:36:43 Not managed: Genre
10:36:43 Not managed: PlayMode
10:36:43 Not managed: Notes
10:36:43 Not managed: Rating
10:36:43 Not managed: Completed
10:36:43 Not managed: DateAdded
10:36:43 Not managed: DateModified
10:36:43 Not managed: Favorite
10:36:43 Not managed: WikipediaURL
10:36:43 Not managed: ApplicationPath
10:36:43 Not managed: ManualPath
10:36:43 Not managed: MusicPath
10:36:43 Not managed: VideoPath
10:36:43 Not managed: DosBoxConfigurationPath
10:36:43 Not managed: DatabaseID
10:36:43 Not managed: Hide
10:36:43 Not managed: Broken
10:36:43 Not managed: Portable
10:36:43 Not managed: ScummVMAspectCorrection
10:36:43 Not managed: ScummVMFullscreen
10:36:43 Not managed: ScummVMGameDataFolderPath
10:36:43 Not managed: ScummVMGameType
10:36:43 Not managed: UseScummVM
10:36:43 Not managed: UseDosBox
10:36:43 Not managed: CommandLine
10:36:43 Not managed: ConfigurationCommandLine
10:36:43 Not managed: ConfigurationPath
10:36:43 Not managed: Emulator
10:36:43 Not managed: PlayCount
10:36:43 Not managed: LastPlayedDate
10:36:43 Not managed: CommunityStarRating
10:36:43 Not managed: CommunityStarRatingTotalVotes
10:36:43 Not managed: StarRatingFloat
10:36:43 Not managed: StarRating
10:36:43 Not managed: RootFolder
10:36:43 Not managed: Source
10:36:43 Not managed: MissingVideo
10:36:43 Not managed: MissingBoxFrontImage
10:36:43 Not managed: MissingScreenshotImage
10:36:43 Not managed: MissingClearLogoImage
10:36:43 Not managed: MissingBackgroundImage
10:36:43 Not managed: Developer
10:36:43 Not managed: Publisher
10:36:43 Not managed: Platform
10:36:43 Not managed: Series
10:36:43 Not managed: Genre
10:36:43 Not managed: PlayMode
10:36:43 Not managed: Notes
10:36:43 Not managed: Rating
10:36:43 Not managed: Completed
10:36:43 Not managed: DateAdded
10:36:43 Not managed: DateModified
10:36:43 Not managed: Favorite
10:36:43 Not managed: WikipediaURL
10:36:43 Not managed: ApplicationPath
10:36:43 Not managed: ManualPath
10:36:43 Not managed: MusicPath
10:36:43 Not managed: VideoPath
10:36:43 Not managed: DosBoxConfigurationPath
10:36:43 Not managed: DatabaseID
10:36:43 Not managed: Hide
10:36:43 Not managed: Broken
10:36:43 Not managed: Portable
10:36:43 Not managed: ScummVMAspectCorrection
10:36:43 Not managed: ScummVMFullscreen
10:36:43 Not managed: ScummVMGameDataFolderPath
10:36:43 Not managed: ScummVMGameType
10:36:43 Not managed: UseScummVM
10:36:43 Not managed: UseDosBox
10:36:43 Not managed: CommandLine
10:36:43 Not managed: ConfigurationCommandLine
10:36:43 Not managed: ConfigurationPath
10:36:43 Not managed: Emulator
10:36:43 Not managed: PlayCount
10:36:43 Not managed: LastPlayedDate
10:36:43 Not managed: CommunityStarRating
10:36:43 Not managed: CommunityStarRatingTotalVotes
10:36:43 Not managed: StarRatingFloat
10:36:43 Not managed: StarRating
10:36:43 Not managed: RootFolder
10:36:43 Not managed: Source
10:36:43 Not managed: MissingVideo
10:36:43 Not managed: MissingBoxFrontImage
10:36:43 Not managed: MissingScreenshotImage
10:36:43 Not managed: MissingClearLogoImage
10:36:43 Not managed: MissingBackgroundImage
10:36:43 Not managed: Developer
10:36:43 Not managed: Publisher
10:36:43 Not managed: Platform
10:36:43 Not managed: Series
10:36:43 Not managed: Genre
10:36:43 Not managed: PlayMode
10:36:43 Not managed: Notes
10:36:43 Not managed: Rating
10:36:43 Not managed: Completed
10:36:43 Not managed: DateAdded
10:36:43 Not managed: DateModified
10:36:43 Not managed: Favorite
10:36:43 Not managed: WikipediaURL
10:36:43 Not managed: ApplicationPath
10:36:43 Not managed: ManualPath
10:36:43 Not managed: MusicPath
10:36:43 Not managed: VideoPath
10:36:43 Not managed: DosBoxConfigurationPath
10:36:43 Not managed: DatabaseID
10:36:43 Not managed: Hide
10:36:43 Not managed: Broken
10:36:43 Not managed: Portable
10:36:43 Not managed: ScummVMAspectCorrection
10:36:43 Not managed: ScummVMFullscreen
10:36:43 Not managed: ScummVMGameDataFolderPath
10:36:43 Not managed: ScummVMGameType
10:36:43 Not managed: UseScummVM
10:36:43 Not managed: UseDosBox
10:36:43 Not managed: CommandLine
10:36:43 Not managed: ConfigurationCommandLine
10:36:43 Not managed: ConfigurationPath
10:36:43 Not managed: Emulator
10:36:43 Not managed: PlayCount
10:36:43 Not managed: LastPlayedDate
10:36:43 Not managed: CommunityStarRating
10:36:43 Not managed: CommunityStarRatingTotalVotes
10:36:43 Not managed: StarRatingFloat
10:36:43 Not managed: StarRating
10:36:43 Not managed: RootFolder
10:36:43 Not managed: Source
10:36:43 Not managed: MissingVideo
10:36:43 Not managed: MissingBoxFrontImage
10:36:43 Not managed: MissingScreenshotImage
10:36:43 Not managed: MissingClearLogoImage
10:36:43 Not managed: MissingBackgroundImage
10:36:43 Not managed: Developer
10:36:43 Not managed: Publisher
10:36:43 Not managed: Platform
10:36:43 Not managed: Series
10:36:43 Not managed: Genre
10:36:43 Not managed: PlayMode
10:36:43 Not managed: Notes
10:36:43 Not managed: Rating
10:36:43 Not managed: Completed
10:36:43 Not managed: DateAdded
10:36:43 Not managed: DateModified
10:36:43 Not managed: Favorite
10:36:43 Not managed: WikipediaURL
10:36:43 Not managed: ApplicationPath
10:36:43 Not managed: ManualPath
10:36:43 Not managed: MusicPath
10:36:43 Not managed: VideoPath
10:36:43 Not managed: DosBoxConfigurationPath
10:36:43 Not managed: DatabaseID
10:36:43 Not managed: Hide
10:36:43 Not managed: Broken
10:36:43 Not managed: Portable
10:36:43 Not managed: ScummVMAspectCorrection
10:36:43 Not managed: ScummVMFullscreen
10:36:43 Not managed: ScummVMGameDataFolderPath
10:36:43 Not managed: ScummVMGameType
10:36:43 Not managed: UseScummVM
10:36:43 Not managed: UseDosBox
10:36:43 Not managed: CommandLine
10:36:43 Not managed: ConfigurationCommandLine
10:36:43 Not managed: ConfigurationPath
10:36:43 Not managed: Emulator
10:36:43 Not managed: PlayCount
10:36:43 Not managed: LastPlayedDate
10:36:43 Not managed: CommunityStarRating
10:36:43 Not managed: CommunityStarRatingTotalVotes
10:36:43 Not managed: StarRatingFloat
10:36:43 Not managed: StarRating
10:36:43 Not managed: RootFolder
10:36:43 Not managed: Source
10:36:43 Not managed: MissingVideo
10:36:43 Not managed: MissingBoxFrontImage
10:36:43 Not managed: MissingScreenshotImage
10:36:43 Not managed: MissingClearLogoImage
10:36:43 Not managed: MissingBackgroundImage
10:36:43 Not managed: Developer
10:36:43 Not managed: Publisher
10:36:43 Not managed: Platform
10:36:43 Not managed: Series
10:36:43 Not managed: Genre
10:36:43 Not managed: PlayMode
10:36:43 Not managed: Notes
10:36:43 Not managed: Rating
10:36:43 Not managed: Completed
10:36:43 Not managed: DateAdded
10:36:43 Not managed: DateModified
10:36:43 Not managed: Favorite
10:36:43 Not managed: WikipediaURL
10:36:43 Not managed: ApplicationPath
10:36:43 Not managed: ManualPath
10:36:43 Not managed: MusicPath
10:36:43 Not managed: VideoPath
10:36:43 Not managed: DosBoxConfigurationPath
10:36:43 Not managed: DatabaseID
10:36:43 Not managed: Hide
10:36:43 Not managed: Broken
10:36:43 Not managed: Portable
10:36:43 Not managed: ScummVMAspectCorrection
10:36:43 Not managed: ScummVMFullscreen
10:36:43 Not managed: ScummVMGameDataFolderPath
10:36:43 Not managed: ScummVMGameType
10:36:43 Not managed: UseScummVM
10:36:43 Not managed: UseDosBox
10:36:43 Not managed: CommandLine
10:36:43 Not managed: ConfigurationCommandLine
10:36:43 Not managed: ConfigurationPath
10:36:43 Not managed: Emulator
10:36:43 Not managed: PlayCount
10:36:43 Not managed: LastPlayedDate
10:36:43 Not managed: CommunityStarRating
10:36:43 Not managed: CommunityStarRatingTotalVotes
10:36:43 Not managed: StarRatingFloat
10:36:43 Not managed: StarRating
10:36:43 Not managed: RootFolder
10:36:43 Not managed: Source
10:36:43 Not managed: MissingVideo
10:36:43 Not managed: MissingBoxFrontImage
10:36:43 Not managed: MissingScreenshotImage
10:36:43 Not managed: MissingClearLogoImage
10:36:43 Not managed: MissingBackgroundImage
10:36:43 Not managed: Developer
10:36:43 Not managed: Publisher
10:36:43 Not managed: Platform
10:36:43 Not managed: Series
10:36:43 Not managed: Genre
10:36:43 Not managed: PlayMode
10:36:43 Not managed: Notes
10:36:43 Not managed: Rating
10:36:43 Not managed: Completed
10:36:43 Not managed: DateAdded
10:36:43 Not managed: DateModified
10:36:43 Not managed: Favorite
10:36:43 Not managed: WikipediaURL
10:36:43 Not managed: ApplicationPath
10:36:43 Not managed: ManualPath
10:36:43 Not managed: MusicPath
10:36:43 Not managed: VideoPath
10:36:43 Not managed: DosBoxConfigurationPath
10:36:43 Not managed: DatabaseID
10:36:43 Not managed: Hide
10:36:43 Not managed: Broken
10:36:43 Not managed: Portable
10:36:43 Not managed: ScummVMAspectCorrection
10:36:43 Not managed: ScummVMFullscreen
10:36:43 Not managed: ScummVMGameDataFolderPath
10:36:43 Not managed: ScummVMGameType
10:36:43 Not managed: UseScummVM
10:36:43 Not managed: UseDosBox
10:36:43 Not managed: CommandLine
10:36:43 Not managed: ConfigurationCommandLine
10:36:43 Not managed: ConfigurationPath
10:36:43 Not managed: Emulator
10:36:43 Not managed: PlayCount
10:36:43 Not managed: LastPlayedDate
10:36:43 Not managed: CommunityStarRating
10:36:43 Not managed: CommunityStarRatingTotalVotes
10:36:43 Not managed: StarRatingFloat
10:36:43 Not managed: StarRating
10:36:43 Not managed: RootFolder
10:36:43 Not managed: Source
10:36:43 Not managed: MissingVideo
10:36:43 Not managed: MissingBoxFrontImage
10:36:43 Not managed: MissingScreenshotImage
10:36:43 Not managed: MissingClearLogoImage
10:36:43 Not managed: MissingBackgroundImage
10:36:43 Not managed: Developer
10:36:43 Not managed: Publisher
10:36:43 Not managed: Platform
10:36:43 Not managed: Series
10:36:43 Not managed: Genre
10:36:43 Not managed: PlayMode
10:36:43 Not managed: Notes
10:36:43 Not managed: Rating
10:36:43 Not managed: Completed
10:36:43 Not managed: DateAdded
10:36:43 Not managed: DateModified
10:36:43 Not managed: Favorite
10:36:43 Not managed: WikipediaURL
10:36:43 Not managed: ApplicationPath
10:36:43 Not managed: ManualPath
10:36:43 Not managed: MusicPath
10:36:43 Not managed: VideoPath
10:36:43 Not managed: DosBoxConfigurationPath
10:36:43 Not managed: DatabaseID
10:36:43 Not managed: Hide
10:36:43 Not managed: Broken
10:36:43 Not managed: Portable
10:36:43 Not managed: ScummVMAspectCorrection
10:36:43 Not managed: ScummVMFullscreen
10:36:43 Not managed: ScummVMGameDataFolderPath
10:36:43 Not managed: ScummVMGameType
10:36:43 Not managed: UseScummVM
10:36:43 Not managed: UseDosBox
10:36:43 Not managed: CommandLine
10:36:43 Not managed: ConfigurationCommandLine
10:36:43 Not managed: ConfigurationPath
10:36:43 Not managed: Emulator
10:36:43 Not managed: PlayCount
10:36:43 Not managed: LastPlayedDate
10:36:43 Not managed: CommunityStarRating
10:36:43 Not managed: CommunityStarRatingTotalVotes
10:36:43 Not managed: StarRatingFloat
10:36:43 Not managed: StarRating
10:36:43 Not managed: RootFolder
10:36:43 Not managed: Source
10:36:43 Not managed: MissingVideo
10:36:43 Not managed: MissingBoxFrontImage
10:36:43 Not managed: MissingScreenshotImage
10:36:43 Not managed: MissingClearLogoImage
10:36:43 Not managed: MissingBackgroundImage
10:36:43 Not managed: Developer
10:36:43 Not managed: Publisher
10:36:43 Not managed: Platform
10:36:43 Not managed: Series
10:36:43 Not managed: Genre
10:36:43 Not managed: PlayMode
10:36:43 Not managed: Notes
10:36:43 Not managed: Rating
10:36:43 Not managed: Completed
10:36:43 Not managed: DateAdded
10:36:43 Not managed: DateModified
10:36:43 Not managed: Favorite
10:36:43 Not managed: WikipediaURL
10:36:43 Not managed: ApplicationPath
10:36:43 Not managed: ManualPath
10:36:43 Not managed: MusicPath
10:36:43 Not managed: VideoPath
10:36:43 Not managed: DosBoxConfigurationPath
10:36:43 Not managed: DatabaseID
10:36:43 Not managed: Hide
10:36:43 Not managed: Broken
10:36:43 Not managed: Portable
10:36:43 Not managed: ScummVMAspectCorrection
10:36:43 Not managed: ScummVMFullscreen
10:36:43 Not managed: ScummVMGameDataFolderPath
10:36:43 Not managed: ScummVMGameType
10:36:43 Not managed: UseScummVM
10:36:43 Not managed: UseDosBox
10:36:43 Not managed: CommandLine
10:36:43 Not managed: ConfigurationCommandLine
10:36:43 Not managed: ConfigurationPath
10:36:43 Not managed: Emulator
10:36:43 Not managed: PlayCount
10:36:43 Not managed: LastPlayedDate
10:36:43 Not managed: CommunityStarRating
10:36:43 Not managed: CommunityStarRatingTotalVotes
10:36:43 Not managed: StarRatingFloat
10:36:43 Not managed: StarRating
10:36:43 Not managed: RootFolder
10:36:43 Not managed: Source
10:36:43 Not managed: MissingVideo
10:36:43 Not managed: MissingBoxFrontImage
10:36:43 Not managed: MissingScreenshotImage
10:36:43 Not managed: MissingClearLogoImage
10:36:43 Not managed: MissingBackgroundImage
10:36:43 Not managed: Developer
10:36:43 Not managed: Publisher
10:36:43 Not managed: Platform
10:36:43 Not managed: Series
10:36:43 Not managed: Genre
10:36:43 Not managed: PlayMode
10:36:43 Not managed: Notes
10:36:43 Not managed: Rating
10:36:43 Not managed: Completed
10:36:43 Not managed: DateAdded
10:36:43 Not managed: DateModified
10:36:43 Not managed: Favorite
10:36:43 Not managed: WikipediaURL
10:36:43 Not managed: ApplicationPath
10:36:43 Not managed: ManualPath
10:36:43 Not managed: MusicPath
10:36:43 Not managed: VideoPath
10:36:43 Not managed: DosBoxConfigurationPath
10:36:43 Not managed: DatabaseID
10:36:43 Not managed: Hide
10:36:43 Not managed: Broken
10:36:43 Not managed: Portable
10:36:43 Not managed: ScummVMAspectCorrection
10:36:43 Not managed: ScummVMFullscreen
10:36:43 Not managed: ScummVMGameDataFolderPath
10:36:43 Not managed: ScummVMGameType
10:36:43 Not managed: UseScummVM
10:36:43 Not managed: UseDosBox
10:36:43 Not managed: CommandLine
10:36:43 Not managed: ConfigurationCommandLine
10:36:43 Not managed: ConfigurationPath
10:36:43 Not managed: Emulator
10:36:43 Not managed: PlayCount
10:36:43 Not managed: CommunityStarRating
10:36:43 Not managed: CommunityStarRatingTotalVotes
10:36:43 Not managed: StarRatingFloat
10:36:43 Not managed: StarRating
10:36:43 Not managed: RootFolder
10:36:43 Not managed: MissingVideo
10:36:43 Not managed: MissingBoxFrontImage
10:36:43 Not managed: MissingScreenshotImage
10:36:43 Not managed: MissingClearLogoImage
10:36:43 Not managed: MissingBackgroundImage
