****** Initialisation Logger - niveau: 0 ******
09:02:27 Language fr-FR - 1.0.0.4, loading...
09:04:51 [Main] PackMe for 'Donkey Kong Country' | 'fc1ac9d2-d88a-4851-8939-cea8ddeb74bb'
09:04:52 Directory Exists 'G:\Temp\pmg - temp\Super Nintendo Entertainment System\Donkey Kong Country (E) (M3) (V1.0) [f1]'
09:04:57 [MakeStructure] Creation of the tree
09:04:57 [CreateHFolders] Creation of 'G:\Temp\pmg - temp\Super Nintendo Entertainment System\Donkey Kong Country (E) (M3) (V1.0) [f1]\Games'
09:04:57 [CreateHFolders] Creation of 'G:\Temp\pmg - temp\Super Nintendo Entertainment System\Donkey Kong Country (E) (M3) (V1.0) [f1]\CheatCodes'
09:04:57 [CreateHFolders] Creation of 'G:\Temp\pmg - temp\Super Nintendo Entertainment System\Donkey Kong Country (E) (M3) (V1.0) [f1]\Images'
09:04:57 [CreateHFolders] Creation of 'G:\Temp\pmg - temp\Super Nintendo Entertainment System\Donkey Kong Country (E) (M3) (V1.0) [f1]\Manuals'
09:04:57 [CreateHFolders] Creation of 'G:\Temp\pmg - temp\Super Nintendo Entertainment System\Donkey Kong Country (E) (M3) (V1.0) [f1]\Musics'
09:04:57 [CreateHFolders] Creation of 'G:\Temp\pmg - temp\Super Nintendo Entertainment System\Donkey Kong Country (E) (M3) (V1.0) [f1]\Videos'
09:04:57 Not managed: GogAppId
09:04:57 Not managed: OriginAppId
09:04:57 Not managed: OriginInstallPath
09:04:57 Not managed: MissingBox3dImage
09:04:57 Not managed: MissingCartImage
09:04:57 Not managed: MissingCart3dImage
09:04:57 Not managed: MissingManual
09:04:57 Not managed: MissingBannerImage
09:04:57 Not managed: MissingMusic
09:04:57 Not managed: UsePauseScreen
09:04:57 Not managed: PauseAutoHotkeyScript
09:04:57 Not managed: ResumeAutoHotkeyScript
09:04:57 Not managed: OverrideDefaultPauseScreenSettings
09:04:57 Not managed: SuspendProcessOnPause
09:04:57 Not managed: ForcefulPauseScreenActivation
09:04:57 Not managed: LoadStateAutoHotkeyScript
09:04:57 Not managed: SaveStateAutoHotkeyScript
09:04:57 Not managed: ResetAutoHotkeyScript
09:04:57 Not managed: SwapDiscsAutoHotkeyScript
09:04:57 [CopyHandler] Destination file exists... 09:05:02 PassAll
09:05:05 [CopyHandler] Destination file exists... 09:05:05 PassAll
09:05:06 [CopyHandler] Destination file exists... 09:05:06 PassAll
09:05:07 [CopyHandler] Destination file exists... 09:05:07 PassAll
09:05:07 [CopyHandler] Destination file exists... 09:05:07 PassAll
09:05:07 		[CopyImages] Found 'G:\Plateformes\Images\Nintendo - SNES\Box - Front\Donkey Kong Country-01.png' in 'G:\Plateformes\Images\Nintendo - SNES\Box - Front'
09:05:07 		[CopyImages] Found 'G:\Plateformes\Images\Nintendo - SNES\Box - Front\France\Donkey Kong Country-01.png' in 'G:\Plateformes\Images\Nintendo - SNES\Box - Front'
09:05:07 		[CopyImages] Found 'G:\Plateformes\Images\Nintendo - SNES\Box - Back\North America\Donkey Kong Country-01.jpg' in 'G:\Plateformes\Images\Nintendo - SNES\Box - Back'
09:05:07 		[CopyImages] Found 'G:\Plateformes\Images\Nintendo - SNES\Box - 3D\Donkey Kong Country-01.png' in 'G:\Plateformes\Images\Nintendo - SNES\Box - 3D'
09:05:07 		[CopyImages] Found 'G:\Plateformes\Images\Nintendo - SNES\Box - 3D\Donkey Kong Country-02.png' in 'G:\Plateformes\Images\Nintendo - SNES\Box - 3D'
09:05:07 		[CopyImages] Found 'G:\Plateformes\Images\Nintendo - SNES\Box - 3D\Europe\Donkey Kong Country-01.png' in 'G:\Plateformes\Images\Nintendo - SNES\Box - 3D'
09:05:07 		[CopyImages] Found 'G:\Plateformes\Images\Nintendo - SNES\Arcade - Marquee\Donkey Kong Country-01.png' in 'G:\Plateformes\Images\Nintendo - SNES\Arcade - Marquee'
09:05:07 		[CopyImages] Found 'G:\Plateformes\Images\Nintendo - SNES\Banner\Donkey Kong Country-01.jpg' in 'G:\Plateformes\Images\Nintendo - SNES\Banner'
09:05:07 		[CopyImages] Found 'G:\Plateformes\Images\Nintendo - SNES\Banner\Donkey Kong Country-01.png' in 'G:\Plateformes\Images\Nintendo - SNES\Banner'
09:05:07 		[CopyImages] Found 'G:\Plateformes\Images\Nintendo - SNES\Banner\Donkey Kong Country-02.jpg' in 'G:\Plateformes\Images\Nintendo - SNES\Banner'
09:05:07 		[CopyImages] Found 'G:\Plateformes\Images\Nintendo - SNES\Banner\Donkey Kong Country-02.png' in 'G:\Plateformes\Images\Nintendo - SNES\Banner'
09:05:07 		[CopyImages] Found 'G:\Plateformes\Images\Nintendo - SNES\Banner\Donkey Kong Country-03.png' in 'G:\Plateformes\Images\Nintendo - SNES\Banner'
09:05:07 		[CopyImages] Found 'G:\Plateformes\Images\Nintendo - SNES\Cart - Front\Donkey Kong Country-01.png' in 'G:\Plateformes\Images\Nintendo - SNES\Cart - Front'
09:05:07 		[CopyImages] Found 'G:\Plateformes\Images\Nintendo - SNES\Cart - Front\Japan\Donkey Kong Country-01.jpg' in 'G:\Plateformes\Images\Nintendo - SNES\Cart - Front'
09:05:07 		[CopyImages] Found 'G:\Plateformes\Images\Nintendo - SNES\Cart - 3D\Donkey Kong Country-01.png' in 'G:\Plateformes\Images\Nintendo - SNES\Cart - 3D'
09:05:07 		[CopyImages] Found 'G:\Plateformes\Images\Nintendo - SNES\Cart - 3D\North America\Donkey Kong Country-01.png' in 'G:\Plateformes\Images\Nintendo - SNES\Cart - 3D'
09:05:07 		[CopyImages] Found 'G:\Plateformes\Images\Nintendo - SNES\Clear Logo\Donkey Kong Country-01.png' in 'G:\Plateformes\Images\Nintendo - SNES\Clear Logo'
09:05:07 		[CopyImages] Found 'G:\Plateformes\Images\Nintendo - SNES\Clear Logo\North America\Donkey Kong Country-01.png' in 'G:\Plateformes\Images\Nintendo - SNES\Clear Logo'
09:05:07 		[CopyImages] Found 'G:\Plateformes\Images\Nintendo - SNES\Fanart - Box - Back\North America\Donkey Kong Country-01.jpg' in 'G:\Plateformes\Images\Nintendo - SNES\Fanart - Box - Back'
09:05:07 		[CopyImages] Found 'G:\Plateformes\Images\Nintendo - SNES\Fanart - Cart - Front\Europe\Donkey Kong Country-01.png' in 'G:\Plateformes\Images\Nintendo - SNES\Fanart - Cart - Front'
09:05:07 		[CopyImages] Found 'G:\Plateformes\Images\Nintendo - SNES\Fanart - Background\Donkey Kong Country-01.jpg' in 'G:\Plateformes\Images\Nintendo - SNES\Fanart - Background'
09:05:07 		[CopyImages] Found 'G:\Plateformes\Images\Nintendo - SNES\Fanart - Background\Donkey Kong Country-01.png' in 'G:\Plateformes\Images\Nintendo - SNES\Fanart - Background'
09:05:07 		[CopyImages] Found 'G:\Plateformes\Images\Nintendo - SNES\Fanart - Background\Donkey Kong Country-02.jpg' in 'G:\Plateformes\Images\Nintendo - SNES\Fanart - Background'
09:05:07 		[CopyImages] Found 'G:\Plateformes\Images\Nintendo - SNES\Fanart - Background\Donkey Kong Country-03.jpg' in 'G:\Plateformes\Images\Nintendo - SNES\Fanart - Background'
09:05:07 		[CopyImages] Found 'G:\Plateformes\Images\Nintendo - SNES\Fanart - Background\Donkey Kong Country-04.jpg' in 'G:\Plateformes\Images\Nintendo - SNES\Fanart - Background'
09:05:07 		[CopyImages] Found 'G:\Plateformes\Images\Nintendo - SNES\Fanart - Background\Donkey Kong Country-05.jpg' in 'G:\Plateformes\Images\Nintendo - SNES\Fanart - Background'
09:05:07 		[CopyImages] Found 'G:\Plateformes\Images\Nintendo - SNES\Fanart - Background\Donkey Kong Country-06.jpg' in 'G:\Plateformes\Images\Nintendo - SNES\Fanart - Background'
09:05:07 		[CopyImages] Found 'G:\Plateformes\Images\Nintendo - SNES\Fanart - Background\Donkey Kong Country-07.jpg' in 'G:\Plateformes\Images\Nintendo - SNES\Fanart - Background'
09:05:07 		[CopyImages] Found 'G:\Plateformes\Images\Nintendo - SNES\Fanart - Background\Donkey Kong Country-08.jpg' in 'G:\Plateformes\Images\Nintendo - SNES\Fanart - Background'
09:05:07 		[CopyImages] Found 'G:\Plateformes\Images\Nintendo - SNES\Fanart - Background\Donkey Kong Country-09.jpg' in 'G:\Plateformes\Images\Nintendo - SNES\Fanart - Background'
09:05:07 		[CopyImages] Found 'G:\Plateformes\Images\Nintendo - SNES\Fanart - Background\Donkey Kong Country-10.jpg' in 'G:\Plateformes\Images\Nintendo - SNES\Fanart - Background'
09:05:07 		[CopyImages] Found 'G:\Plateformes\Images\Nintendo - SNES\Fanart - Background\Donkey Kong Country-11.jpg' in 'G:\Plateformes\Images\Nintendo - SNES\Fanart - Background'
09:05:07 		[CopyImages] Found 'G:\Plateformes\Images\Nintendo - SNES\Fanart - Background\Donkey Kong Country-12.jpg' in 'G:\Plateformes\Images\Nintendo - SNES\Fanart - Background'
09:05:07 		[CopyImages] Found 'G:\Plateformes\Images\Nintendo - SNES\Fanart - Background\Donkey Kong Country-13.jpg' in 'G:\Plateformes\Images\Nintendo - SNES\Fanart - Background'
09:05:07 		[CopyImages] Found 'G:\Plateformes\Images\Nintendo - SNES\Fanart - Background\Donkey Kong Country-14.jpg' in 'G:\Plateformes\Images\Nintendo - SNES\Fanart - Background'
09:05:07 		[CopyImages] Found 'G:\Plateformes\Images\Nintendo - SNES\Fanart - Background\Donkey Kong Country-15.jpg' in 'G:\Plateformes\Images\Nintendo - SNES\Fanart - Background'
09:05:07 		[CopyImages] Found 'G:\Plateformes\Images\Nintendo - SNES\Fanart - Background\Donkey Kong Country-16.jpg' in 'G:\Plateformes\Images\Nintendo - SNES\Fanart - Background'
09:05:07 		[CopyImages] Found 'G:\Plateformes\Images\Nintendo - SNES\Screenshot - Gameplay\Europe\Donkey Kong Country-01.png' in 'G:\Plateformes\Images\Nintendo - SNES\Screenshot - Gameplay'
09:05:08 		[CopyImages] Found 'G:\Plateformes\Images\Nintendo - SNES\Screenshot - Game Title\Europe\Donkey Kong Country-01.png' in 'G:\Plateformes\Images\Nintendo - SNES\Screenshot - Game Title'
09:05:08 		[CopyImages] Found 'G:\Plateformes\Images\Nintendo - SNES\Screenshot - Game Over\Donkey Kong Country-01.png' in 'G:\Plateformes\Images\Nintendo - SNES\Screenshot - Game Over'
09:05:08 [CopyHandler] Destination file exists... 09:05:16 OverWrite
09:05:16 [CopyFiles] Copy of the file 'Donkey Kong Country-01.png': Successful
09:05:23 [CopyHandler] Destination file exists... 09:05:31 PassAll
09:05:31 [CopyHandler] Destination file exists... 09:05:31 PassAll
09:05:31 [CopyHandler] Destination file exists... 09:05:31 PassAll
09:05:31 [CopyHandler] Destination file exists... 09:05:31 PassAll
09:05:31 [CopyHandler] Destination file exists... 09:05:31 PassAll
09:05:31 [CopyHandler] Destination file exists... 09:05:31 PassAll
09:05:31 [CopyHandler] Destination file exists... 09:05:31 PassAll
09:05:31 [CopyHandler] Destination file exists... 09:05:31 PassAll
09:05:31 [CopyHandler] Destination file exists... 09:05:31 PassAll
09:05:31 [CopyHandler] Destination file exists... 09:05:31 PassAll
09:05:31 [CopyHandler] Destination file exists... 09:05:31 PassAll
09:05:31 [CopyHandler] Destination file exists... 09:05:31 PassAll
09:05:31 [CopyHandler] Destination file exists... 09:05:31 PassAll
09:05:31 [CopyHandler] Destination file exists... 09:05:31 PassAll
09:05:31 [CopyHandler] Destination file exists... 09:05:31 PassAll
09:05:31 [CopyHandler] Destination file exists... 09:05:31 PassAll
09:05:31 [CopyHandler] Destination file exists... 09:05:31 PassAll
09:05:31 [CopyHandler] Destination file exists... 09:05:31 PassAll
09:05:31 [CopyHandler] Destination file exists... 09:05:31 PassAll
09:05:31 [CopyHandler] Destination file exists... 09:05:31 PassAll
09:05:31 [CopyHandler] Destination file exists... 09:05:31 PassAll
09:05:31 [CopyHandler] Destination file exists... 09:05:32 PassAll
09:05:32 [CopyHandler] Destination file exists... 09:05:32 PassAll
09:05:32 [CopyHandler] Destination file exists... 09:05:32 PassAll
09:05:32 [CopyHandler] Destination file exists... 09:05:32 PassAll
09:05:32 [CopyHandler] Destination file exists... 09:05:32 PassAll
09:05:32 [CopyHandler] Destination file exists... 09:05:32 PassAll
09:05:32 [CopyHandler] Destination file exists... 09:05:32 PassAll
09:05:32 [CopyHandler] Destination file exists... 09:05:32 PassAll
09:05:32 [CopyHandler] Destination file exists... 09:05:32 PassAll
09:05:32 [CopyHandler] Destination file exists... 09:05:32 PassAll
09:05:32 [CopyHandler] Destination file exists... 09:05:32 PassAll
09:05:32 [CopyHandler] Destination file exists... 09:05:32 PassAll
09:05:32 [CopyHandler] Destination file exists... 09:05:32 PassAll
09:05:32 [CopyHandler] Destination file exists... 09:05:32 PassAll
09:05:32 [CopyHandler] Destination file exists... 09:05:32 PassAll
09:05:32 [CopyHandler] Destination file exists... 09:05:32 PassAll
09:05:32 [CopyHandler] Destination file exists... 09:05:32 PassAll
09:05:32 [CopyHandler] Destination file exists... 09:05:32 PassAll
09:05:39 [CopyHandler] Destination file exists... 09:05:39 PassAll
09:06:12 [Main] PackMe for 'Donkey Kong Country' | 'fc1ac9d2-d88a-4851-8939-cea8ddeb74bb'
09:06:12 Directory Exists 'G:\Temp\pmg - temp\Super Nintendo Entertainment System\Donkey Kong Country (E) (M3) (V1.0) [f1]'
09:06:14 [MakeStructure] Creation of the tree
09:06:14 [CreateHFolders] Creation of 'G:\Temp\pmg - temp\Super Nintendo Entertainment System\Donkey Kong Country (E) (M3) (V1.0) [f1]\Games'
09:06:14 [CreateHFolders] Creation of 'G:\Temp\pmg - temp\Super Nintendo Entertainment System\Donkey Kong Country (E) (M3) (V1.0) [f1]\CheatCodes'
09:06:14 [CreateHFolders] Creation of 'G:\Temp\pmg - temp\Super Nintendo Entertainment System\Donkey Kong Country (E) (M3) (V1.0) [f1]\Images'
09:06:14 [CreateHFolders] Creation of 'G:\Temp\pmg - temp\Super Nintendo Entertainment System\Donkey Kong Country (E) (M3) (V1.0) [f1]\Manuals'
09:06:14 [CreateHFolders] Creation of 'G:\Temp\pmg - temp\Super Nintendo Entertainment System\Donkey Kong Country (E) (M3) (V1.0) [f1]\Musics'
09:06:14 [CreateHFolders] Creation of 'G:\Temp\pmg - temp\Super Nintendo Entertainment System\Donkey Kong Country (E) (M3) (V1.0) [f1]\Videos'
09:06:14 Not managed: GogAppId
09:06:14 Not managed: GogAppId
09:06:14 Not managed: OriginAppId
09:06:14 Not managed: OriginAppId
09:06:14 Not managed: OriginInstallPath
09:06:14 Not managed: OriginInstallPath
09:06:14 Not managed: MissingBox3dImage
09:06:14 Not managed: MissingBox3dImage
09:06:14 Not managed: MissingCartImage
09:06:14 Not managed: MissingCartImage
09:06:14 Not managed: MissingCart3dImage
09:06:14 Not managed: MissingCart3dImage
09:06:14 Not managed: MissingManual
09:06:14 Not managed: MissingManual
09:06:14 Not managed: MissingBannerImage
09:06:14 Not managed: MissingBannerImage
09:06:14 Not managed: MissingMusic
09:06:14 Not managed: MissingMusic
09:06:14 Not managed: UsePauseScreen
09:06:14 Not managed: UsePauseScreen
09:06:14 Not managed: PauseAutoHotkeyScript
09:06:14 Not managed: PauseAutoHotkeyScript
09:06:14 Not managed: ResumeAutoHotkeyScript
09:06:14 Not managed: ResumeAutoHotkeyScript
09:06:14 Not managed: OverrideDefaultPauseScreenSettings
09:06:14 Not managed: OverrideDefaultPauseScreenSettings
09:06:14 Not managed: SuspendProcessOnPause
09:06:14 Not managed: SuspendProcessOnPause
09:06:14 Not managed: ForcefulPauseScreenActivation
09:06:14 Not managed: ForcefulPauseScreenActivation
09:06:14 Not managed: LoadStateAutoHotkeyScript
09:06:14 Not managed: LoadStateAutoHotkeyScript
09:06:14 Not managed: SaveStateAutoHotkeyScript
09:06:14 Not managed: SaveStateAutoHotkeyScript
09:06:14 Not managed: ResetAutoHotkeyScript
09:06:14 Not managed: ResetAutoHotkeyScript
09:06:15 Not managed: SwapDiscsAutoHotkeyScript
09:06:15 Not managed: SwapDiscsAutoHotkeyScript
09:06:15 [CopyHandler] Destination file exists... 09:06:16 Pass
09:06:20 [CopyHandler] Destination file exists... 09:06:26 OverWriteAll
09:06:26 [CopyFiles] Copy of the file 'Donkey Kong Country.pdf': Successful
09:06:33 [CopyHandler] Destination file exists... 09:06:33 OverWriteAll
09:06:33 [CopyFiles] Copy of the file 'Donkey Kong Country.mp3': Successful
09:06:35 [CopyHandler] Destination file exists... 09:06:35 OverWriteAll
09:06:35 [CopyFiles] Copy of the file 'Donkey Kong Country-01.mp4': Successful
09:06:35 [CopyHandler] Destination file exists... 09:06:35 OverWriteAll
09:06:35 [CopyFiles] Copy of the file 'Donkey Kong Country-01.mp4': Successful
09:06:36 		[CopyImages] Found 'G:\Plateformes\Images\Nintendo - SNES\Box - Front\Donkey Kong Country-01.png' in 'G:\Plateformes\Images\Nintendo - SNES\Box - Front'
09:06:36 		[CopyImages] Found 'G:\Plateformes\Images\Nintendo - SNES\Box - Front\France\Donkey Kong Country-01.png' in 'G:\Plateformes\Images\Nintendo - SNES\Box - Front'
09:06:36 		[CopyImages] Found 'G:\Plateformes\Images\Nintendo - SNES\Box - Back\North America\Donkey Kong Country-01.jpg' in 'G:\Plateformes\Images\Nintendo - SNES\Box - Back'
09:06:36 		[CopyImages] Found 'G:\Plateformes\Images\Nintendo - SNES\Box - 3D\Donkey Kong Country-01.png' in 'G:\Plateformes\Images\Nintendo - SNES\Box - 3D'
09:06:36 		[CopyImages] Found 'G:\Plateformes\Images\Nintendo - SNES\Box - 3D\Donkey Kong Country-02.png' in 'G:\Plateformes\Images\Nintendo - SNES\Box - 3D'
09:06:36 		[CopyImages] Found 'G:\Plateformes\Images\Nintendo - SNES\Box - 3D\Europe\Donkey Kong Country-01.png' in 'G:\Plateformes\Images\Nintendo - SNES\Box - 3D'
09:06:36 		[CopyImages] Found 'G:\Plateformes\Images\Nintendo - SNES\Arcade - Marquee\Donkey Kong Country-01.png' in 'G:\Plateformes\Images\Nintendo - SNES\Arcade - Marquee'
09:06:36 		[CopyImages] Found 'G:\Plateformes\Images\Nintendo - SNES\Banner\Donkey Kong Country-01.jpg' in 'G:\Plateformes\Images\Nintendo - SNES\Banner'
09:06:36 		[CopyImages] Found 'G:\Plateformes\Images\Nintendo - SNES\Banner\Donkey Kong Country-01.png' in 'G:\Plateformes\Images\Nintendo - SNES\Banner'
09:06:36 		[CopyImages] Found 'G:\Plateformes\Images\Nintendo - SNES\Banner\Donkey Kong Country-02.jpg' in 'G:\Plateformes\Images\Nintendo - SNES\Banner'
09:06:36 		[CopyImages] Found 'G:\Plateformes\Images\Nintendo - SNES\Banner\Donkey Kong Country-02.png' in 'G:\Plateformes\Images\Nintendo - SNES\Banner'
09:06:36 		[CopyImages] Found 'G:\Plateformes\Images\Nintendo - SNES\Banner\Donkey Kong Country-03.png' in 'G:\Plateformes\Images\Nintendo - SNES\Banner'
09:06:36 		[CopyImages] Found 'G:\Plateformes\Images\Nintendo - SNES\Cart - Front\Donkey Kong Country-01.png' in 'G:\Plateformes\Images\Nintendo - SNES\Cart - Front'
09:06:36 		[CopyImages] Found 'G:\Plateformes\Images\Nintendo - SNES\Cart - Front\Japan\Donkey Kong Country-01.jpg' in 'G:\Plateformes\Images\Nintendo - SNES\Cart - Front'
09:06:36 		[CopyImages] Found 'G:\Plateformes\Images\Nintendo - SNES\Cart - 3D\Donkey Kong Country-01.png' in 'G:\Plateformes\Images\Nintendo - SNES\Cart - 3D'
09:06:36 		[CopyImages] Found 'G:\Plateformes\Images\Nintendo - SNES\Cart - 3D\North America\Donkey Kong Country-01.png' in 'G:\Plateformes\Images\Nintendo - SNES\Cart - 3D'
09:06:36 		[CopyImages] Found 'G:\Plateformes\Images\Nintendo - SNES\Clear Logo\Donkey Kong Country-01.png' in 'G:\Plateformes\Images\Nintendo - SNES\Clear Logo'
09:06:36 		[CopyImages] Found 'G:\Plateformes\Images\Nintendo - SNES\Clear Logo\North America\Donkey Kong Country-01.png' in 'G:\Plateformes\Images\Nintendo - SNES\Clear Logo'
09:06:36 		[CopyImages] Found 'G:\Plateformes\Images\Nintendo - SNES\Fanart - Box - Back\North America\Donkey Kong Country-01.jpg' in 'G:\Plateformes\Images\Nintendo - SNES\Fanart - Box - Back'
09:06:36 		[CopyImages] Found 'G:\Plateformes\Images\Nintendo - SNES\Fanart - Cart - Front\Europe\Donkey Kong Country-01.png' in 'G:\Plateformes\Images\Nintendo - SNES\Fanart - Cart - Front'
09:06:36 		[CopyImages] Found 'G:\Plateformes\Images\Nintendo - SNES\Fanart - Background\Donkey Kong Country-01.jpg' in 'G:\Plateformes\Images\Nintendo - SNES\Fanart - Background'
09:06:36 		[CopyImages] Found 'G:\Plateformes\Images\Nintendo - SNES\Fanart - Background\Donkey Kong Country-01.png' in 'G:\Plateformes\Images\Nintendo - SNES\Fanart - Background'
09:06:36 		[CopyImages] Found 'G:\Plateformes\Images\Nintendo - SNES\Fanart - Background\Donkey Kong Country-02.jpg' in 'G:\Plateformes\Images\Nintendo - SNES\Fanart - Background'
09:06:36 		[CopyImages] Found 'G:\Plateformes\Images\Nintendo - SNES\Fanart - Background\Donkey Kong Country-03.jpg' in 'G:\Plateformes\Images\Nintendo - SNES\Fanart - Background'
09:06:36 		[CopyImages] Found 'G:\Plateformes\Images\Nintendo - SNES\Fanart - Background\Donkey Kong Country-04.jpg' in 'G:\Plateformes\Images\Nintendo - SNES\Fanart - Background'
09:06:36 		[CopyImages] Found 'G:\Plateformes\Images\Nintendo - SNES\Fanart - Background\Donkey Kong Country-05.jpg' in 'G:\Plateformes\Images\Nintendo - SNES\Fanart - Background'
09:06:36 		[CopyImages] Found 'G:\Plateformes\Images\Nintendo - SNES\Fanart - Background\Donkey Kong Country-06.jpg' in 'G:\Plateformes\Images\Nintendo - SNES\Fanart - Background'
09:06:36 		[CopyImages] Found 'G:\Plateformes\Images\Nintendo - SNES\Fanart - Background\Donkey Kong Country-07.jpg' in 'G:\Plateformes\Images\Nintendo - SNES\Fanart - Background'
09:06:36 		[CopyImages] Found 'G:\Plateformes\Images\Nintendo - SNES\Fanart - Background\Donkey Kong Country-08.jpg' in 'G:\Plateformes\Images\Nintendo - SNES\Fanart - Background'
09:06:36 		[CopyImages] Found 'G:\Plateformes\Images\Nintendo - SNES\Fanart - Background\Donkey Kong Country-09.jpg' in 'G:\Plateformes\Images\Nintendo - SNES\Fanart - Background'
09:06:36 		[CopyImages] Found 'G:\Plateformes\Images\Nintendo - SNES\Fanart - Background\Donkey Kong Country-10.jpg' in 'G:\Plateformes\Images\Nintendo - SNES\Fanart - Background'
09:06:36 		[CopyImages] Found 'G:\Plateformes\Images\Nintendo - SNES\Fanart - Background\Donkey Kong Country-11.jpg' in 'G:\Plateformes\Images\Nintendo - SNES\Fanart - Background'
09:06:36 		[CopyImages] Found 'G:\Plateformes\Images\Nintendo - SNES\Fanart - Background\Donkey Kong Country-12.jpg' in 'G:\Plateformes\Images\Nintendo - SNES\Fanart - Background'
09:06:36 		[CopyImages] Found 'G:\Plateformes\Images\Nintendo - SNES\Fanart - Background\Donkey Kong Country-13.jpg' in 'G:\Plateformes\Images\Nintendo - SNES\Fanart - Background'
09:06:36 		[CopyImages] Found 'G:\Plateformes\Images\Nintendo - SNES\Fanart - Background\Donkey Kong Country-14.jpg' in 'G:\Plateformes\Images\Nintendo - SNES\Fanart - Background'
09:06:36 		[CopyImages] Found 'G:\Plateformes\Images\Nintendo - SNES\Fanart - Background\Donkey Kong Country-15.jpg' in 'G:\Plateformes\Images\Nintendo - SNES\Fanart - Background'
09:06:36 		[CopyImages] Found 'G:\Plateformes\Images\Nintendo - SNES\Fanart - Background\Donkey Kong Country-16.jpg' in 'G:\Plateformes\Images\Nintendo - SNES\Fanart - Background'
09:06:36 		[CopyImages] Found 'G:\Plateformes\Images\Nintendo - SNES\Screenshot - Gameplay\Europe\Donkey Kong Country-01.png' in 'G:\Plateformes\Images\Nintendo - SNES\Screenshot - Gameplay'
09:06:36 		[CopyImages] Found 'G:\Plateformes\Images\Nintendo - SNES\Screenshot - Game Title\Europe\Donkey Kong Country-01.png' in 'G:\Plateformes\Images\Nintendo - SNES\Screenshot - Game Title'
09:06:36 		[CopyImages] Found 'G:\Plateformes\Images\Nintendo - SNES\Screenshot - Game Over\Donkey Kong Country-01.png' in 'G:\Plateformes\Images\Nintendo - SNES\Screenshot - Game Over'
09:06:36 [CopyHandler] Destination file exists... 09:06:43 PassAll
09:06:43 [CopyHandler] Destination file exists... 09:06:43 PassAll
09:06:43 [CopyHandler] Destination file exists... 09:06:43 PassAll
09:06:43 [CopyHandler] Destination file exists... 09:06:43 PassAll
09:06:43 [CopyHandler] Destination file exists... 09:06:43 PassAll
09:06:43 [CopyHandler] Destination file exists... 09:06:43 PassAll
09:06:43 [CopyHandler] Destination file exists... 09:06:43 PassAll
09:06:43 [CopyHandler] Destination file exists... 09:06:43 PassAll
09:06:43 [CopyHandler] Destination file exists... 09:06:43 PassAll
09:06:43 [CopyHandler] Destination file exists... 09:06:43 PassAll
09:06:43 [CopyHandler] Destination file exists... 09:06:43 PassAll
09:06:43 [CopyHandler] Destination file exists... 09:06:43 PassAll
09:06:43 [CopyHandler] Destination file exists... 09:06:43 PassAll
09:06:43 [CopyHandler] Destination file exists... 09:06:43 PassAll
09:06:43 [CopyHandler] Destination file exists... 09:06:43 PassAll
09:06:43 [CopyHandler] Destination file exists... 09:06:43 PassAll
09:06:43 [CopyHandler] Destination file exists... 09:06:43 PassAll
09:06:43 [CopyHandler] Destination file exists... 09:06:43 PassAll
09:06:43 [CopyHandler] Destination file exists... 09:06:43 PassAll
09:06:43 [CopyHandler] Destination file exists... 09:06:43 PassAll
09:06:43 [CopyHandler] Destination file exists... 09:06:43 PassAll
09:06:43 [CopyHandler] Destination file exists... 09:06:43 PassAll
09:06:43 [CopyHandler] Destination file exists... 09:06:43 PassAll
09:06:43 [CopyHandler] Destination file exists... 09:06:43 PassAll
09:06:43 [CopyHandler] Destination file exists... 09:06:43 PassAll
09:06:43 [CopyHandler] Destination file exists... 09:06:43 PassAll
09:06:43 [CopyHandler] Destination file exists... 09:06:43 PassAll
09:06:43 [CopyHandler] Destination file exists... 09:06:43 PassAll
09:06:43 [CopyHandler] Destination file exists... 09:06:43 PassAll
09:06:43 [CopyHandler] Destination file exists... 09:06:43 PassAll
09:06:43 [CopyHandler] Destination file exists... 09:06:43 PassAll
09:06:43 [CopyHandler] Destination file exists... 09:06:43 PassAll
09:06:43 [CopyHandler] Destination file exists... 09:06:43 PassAll
09:06:43 [CopyHandler] Destination file exists... 09:06:43 PassAll
09:06:43 [CopyHandler] Destination file exists... 09:06:43 PassAll
09:06:43 [CopyHandler] Destination file exists... 09:06:43 PassAll
09:06:43 [CopyHandler] Destination file exists... 09:06:43 PassAll
09:06:43 [CopyHandler] Destination file exists... 09:06:43 PassAll
09:06:43 [CopyHandler] Destination file exists... 09:06:43 PassAll
09:06:43 [CopyHandler] Destination file exists... 09:06:43 PassAll
09:06:51 [CopyHandler] Destination file exists... 09:06:51 OverWriteAll
09:06:51 [CopyFiles] Copy of the file 'Donkey Kong Country-01.txt': Successful
