****** Initialisation Logger - niveau: 0 ******
11:25:53 Language fr-FR - 1.0.0.4, loading...
11:29:35 [Main] PackMe for 'Donkey Kong Country' | 'fc1ac9d2-d88a-4851-8939-cea8ddeb74bb'
11:29:35 Directory Exists 'G:\Temp\pmg - temp\Super Nintendo Entertainment System\Donkey Kong Country (E) (M3) (V1.0) [f1]'
11:29:38 [MakeStructure] Creation of the tree
11:29:38 [CreateHFolders] Creation of 'G:\Temp\pmg - temp\Super Nintendo Entertainment System\Donkey Kong Country (E) (M3) (V1.0) [f1]\Games'
11:29:38 [CreateHFolders] Creation of 'G:\Temp\pmg - temp\Super Nintendo Entertainment System\Donkey Kong Country (E) (M3) (V1.0) [f1]\CheatCodes'
11:29:38 [CreateHFolders] Creation of 'G:\Temp\pmg - temp\Super Nintendo Entertainment System\Donkey Kong Country (E) (M3) (V1.0) [f1]\Images'
11:29:38 [CreateHFolders] Creation of 'G:\Temp\pmg - temp\Super Nintendo Entertainment System\Donkey Kong Country (E) (M3) (V1.0) [f1]\Manuals'
11:29:38 [CreateHFolders] Creation of 'G:\Temp\pmg - temp\Super Nintendo Entertainment System\Donkey Kong Country (E) (M3) (V1.0) [f1]\Musics'
11:29:38 [CreateHFolders] Creation of 'G:\Temp\pmg - temp\Super Nintendo Entertainment System\Donkey Kong Country (E) (M3) (V1.0) [f1]\Videos'
11:29:38 Not managed: GogAppId
11:29:38 Not managed: OriginAppId
11:29:38 Not managed: OriginInstallPath
11:29:38 Not managed: MissingBox3dImage
11:29:38 Not managed: MissingCartImage
11:29:38 Not managed: MissingCart3dImage
11:29:38 Not managed: MissingManual
11:29:38 Not managed: MissingBannerImage
11:29:38 Not managed: MissingMusic
11:29:38 Not managed: UsePauseScreen
11:29:38 Not managed: PauseAutoHotkeyScript
11:29:38 Not managed: ResumeAutoHotkeyScript
11:29:38 Not managed: OverrideDefaultPauseScreenSettings
11:29:38 Not managed: SuspendProcessOnPause
11:29:38 Not managed: ForcefulPauseScreenActivation
11:29:38 Not managed: LoadStateAutoHotkeyScript
11:29:38 Not managed: SaveStateAutoHotkeyScript
11:29:38 Not managed: ResetAutoHotkeyScript
11:29:38 Not managed: SwapDiscsAutoHotkeyScript
11:29:39 [CopyHandler] Destination file exists... 11:29:42 PassAll
11:29:44 [CopyHandler] Destination file exists... 11:29:44 PassAll
11:29:46 [CopyHandler] Destination file exists... 11:29:46 PassAll
11:29:47 [CopyHandler] Destination file exists... 11:29:47 PassAll
11:29:47 [CopyHandler] Destination file exists... 11:29:47 PassAll
11:29:47 		[CopyImages] Found 'G:\Plateformes\Images\Nintendo - SNES\Box - Front\Donkey Kong Country-01.png' in 'G:\Plateformes\Images\Nintendo - SNES\Box - Front'
11:29:47 		[CopyImages] Found 'G:\Plateformes\Images\Nintendo - SNES\Box - Front\France\Donkey Kong Country-01.png' in 'G:\Plateformes\Images\Nintendo - SNES\Box - Front'
11:29:48 		[CopyImages] Found 'G:\Plateformes\Images\Nintendo - SNES\Box - Back\North America\Donkey Kong Country-01.jpg' in 'G:\Plateformes\Images\Nintendo - SNES\Box - Back'
11:29:48 		[CopyImages] Found 'G:\Plateformes\Images\Nintendo - SNES\Box - 3D\Donkey Kong Country-01.png' in 'G:\Plateformes\Images\Nintendo - SNES\Box - 3D'
11:29:48 		[CopyImages] Found 'G:\Plateformes\Images\Nintendo - SNES\Box - 3D\Donkey Kong Country-02.png' in 'G:\Plateformes\Images\Nintendo - SNES\Box - 3D'
11:29:48 		[CopyImages] Found 'G:\Plateformes\Images\Nintendo - SNES\Box - 3D\Europe\Donkey Kong Country-01.png' in 'G:\Plateformes\Images\Nintendo - SNES\Box - 3D'
11:29:48 		[CopyImages] Found 'G:\Plateformes\Images\Nintendo - SNES\Arcade - Marquee\Donkey Kong Country-01.png' in 'G:\Plateformes\Images\Nintendo - SNES\Arcade - Marquee'
11:29:48 		[CopyImages] Found 'G:\Plateformes\Images\Nintendo - SNES\Banner\Donkey Kong Country-01.jpg' in 'G:\Plateformes\Images\Nintendo - SNES\Banner'
11:29:48 		[CopyImages] Found 'G:\Plateformes\Images\Nintendo - SNES\Banner\Donkey Kong Country-01.png' in 'G:\Plateformes\Images\Nintendo - SNES\Banner'
11:29:48 		[CopyImages] Found 'G:\Plateformes\Images\Nintendo - SNES\Banner\Donkey Kong Country-02.jpg' in 'G:\Plateformes\Images\Nintendo - SNES\Banner'
11:29:48 		[CopyImages] Found 'G:\Plateformes\Images\Nintendo - SNES\Banner\Donkey Kong Country-02.png' in 'G:\Plateformes\Images\Nintendo - SNES\Banner'
11:29:48 		[CopyImages] Found 'G:\Plateformes\Images\Nintendo - SNES\Banner\Donkey Kong Country-03.png' in 'G:\Plateformes\Images\Nintendo - SNES\Banner'
11:29:48 		[CopyImages] Found 'G:\Plateformes\Images\Nintendo - SNES\Cart - Front\Donkey Kong Country-01.png' in 'G:\Plateformes\Images\Nintendo - SNES\Cart - Front'
11:29:48 		[CopyImages] Found 'G:\Plateformes\Images\Nintendo - SNES\Cart - Front\Japan\Donkey Kong Country-01.jpg' in 'G:\Plateformes\Images\Nintendo - SNES\Cart - Front'
11:29:48 		[CopyImages] Found 'G:\Plateformes\Images\Nintendo - SNES\Cart - 3D\Donkey Kong Country-01.png' in 'G:\Plateformes\Images\Nintendo - SNES\Cart - 3D'
11:29:48 		[CopyImages] Found 'G:\Plateformes\Images\Nintendo - SNES\Cart - 3D\North America\Donkey Kong Country-01.png' in 'G:\Plateformes\Images\Nintendo - SNES\Cart - 3D'
11:29:48 		[CopyImages] Found 'G:\Plateformes\Images\Nintendo - SNES\Clear Logo\Donkey Kong Country-01.png' in 'G:\Plateformes\Images\Nintendo - SNES\Clear Logo'
11:29:48 		[CopyImages] Found 'G:\Plateformes\Images\Nintendo - SNES\Clear Logo\North America\Donkey Kong Country-01.png' in 'G:\Plateformes\Images\Nintendo - SNES\Clear Logo'
11:29:48 		[CopyImages] Found 'G:\Plateformes\Images\Nintendo - SNES\Fanart - Box - Back\North America\Donkey Kong Country-01.jpg' in 'G:\Plateformes\Images\Nintendo - SNES\Fanart - Box - Back'
11:29:48 		[CopyImages] Found 'G:\Plateformes\Images\Nintendo - SNES\Fanart - Cart - Front\Europe\Donkey Kong Country-01.png' in 'G:\Plateformes\Images\Nintendo - SNES\Fanart - Cart - Front'
11:29:48 		[CopyImages] Found 'G:\Plateformes\Images\Nintendo - SNES\Fanart - Background\Donkey Kong Country-01.jpg' in 'G:\Plateformes\Images\Nintendo - SNES\Fanart - Background'
11:29:48 		[CopyImages] Found 'G:\Plateformes\Images\Nintendo - SNES\Fanart - Background\Donkey Kong Country-01.png' in 'G:\Plateformes\Images\Nintendo - SNES\Fanart - Background'
11:29:48 		[CopyImages] Found 'G:\Plateformes\Images\Nintendo - SNES\Fanart - Background\Donkey Kong Country-02.jpg' in 'G:\Plateformes\Images\Nintendo - SNES\Fanart - Background'
11:29:48 		[CopyImages] Found 'G:\Plateformes\Images\Nintendo - SNES\Fanart - Background\Donkey Kong Country-03.jpg' in 'G:\Plateformes\Images\Nintendo - SNES\Fanart - Background'
11:29:48 		[CopyImages] Found 'G:\Plateformes\Images\Nintendo - SNES\Fanart - Background\Donkey Kong Country-04.jpg' in 'G:\Plateformes\Images\Nintendo - SNES\Fanart - Background'
11:29:48 		[CopyImages] Found 'G:\Plateformes\Images\Nintendo - SNES\Fanart - Background\Donkey Kong Country-05.jpg' in 'G:\Plateformes\Images\Nintendo - SNES\Fanart - Background'
11:29:48 		[CopyImages] Found 'G:\Plateformes\Images\Nintendo - SNES\Fanart - Background\Donkey Kong Country-06.jpg' in 'G:\Plateformes\Images\Nintendo - SNES\Fanart - Background'
11:29:48 		[CopyImages] Found 'G:\Plateformes\Images\Nintendo - SNES\Fanart - Background\Donkey Kong Country-07.jpg' in 'G:\Plateformes\Images\Nintendo - SNES\Fanart - Background'
11:29:48 		[CopyImages] Found 'G:\Plateformes\Images\Nintendo - SNES\Fanart - Background\Donkey Kong Country-08.jpg' in 'G:\Plateformes\Images\Nintendo - SNES\Fanart - Background'
11:29:48 		[CopyImages] Found 'G:\Plateformes\Images\Nintendo - SNES\Fanart - Background\Donkey Kong Country-09.jpg' in 'G:\Plateformes\Images\Nintendo - SNES\Fanart - Background'
11:29:48 		[CopyImages] Found 'G:\Plateformes\Images\Nintendo - SNES\Fanart - Background\Donkey Kong Country-10.jpg' in 'G:\Plateformes\Images\Nintendo - SNES\Fanart - Background'
11:29:48 		[CopyImages] Found 'G:\Plateformes\Images\Nintendo - SNES\Fanart - Background\Donkey Kong Country-11.jpg' in 'G:\Plateformes\Images\Nintendo - SNES\Fanart - Background'
11:29:48 		[CopyImages] Found 'G:\Plateformes\Images\Nintendo - SNES\Fanart - Background\Donkey Kong Country-12.jpg' in 'G:\Plateformes\Images\Nintendo - SNES\Fanart - Background'
11:29:48 		[CopyImages] Found 'G:\Plateformes\Images\Nintendo - SNES\Fanart - Background\Donkey Kong Country-13.jpg' in 'G:\Plateformes\Images\Nintendo - SNES\Fanart - Background'
11:29:48 		[CopyImages] Found 'G:\Plateformes\Images\Nintendo - SNES\Fanart - Background\Donkey Kong Country-14.jpg' in 'G:\Plateformes\Images\Nintendo - SNES\Fanart - Background'
11:29:48 		[CopyImages] Found 'G:\Plateformes\Images\Nintendo - SNES\Fanart - Background\Donkey Kong Country-15.jpg' in 'G:\Plateformes\Images\Nintendo - SNES\Fanart - Background'
11:29:48 		[CopyImages] Found 'G:\Plateformes\Images\Nintendo - SNES\Fanart - Background\Donkey Kong Country-16.jpg' in 'G:\Plateformes\Images\Nintendo - SNES\Fanart - Background'
11:29:48 		[CopyImages] Found 'G:\Plateformes\Images\Nintendo - SNES\Screenshot - Gameplay\Europe\Donkey Kong Country-01.png' in 'G:\Plateformes\Images\Nintendo - SNES\Screenshot - Gameplay'
11:29:48 		[CopyImages] Found 'G:\Plateformes\Images\Nintendo - SNES\Screenshot - Game Title\Europe\Donkey Kong Country-01.png' in 'G:\Plateformes\Images\Nintendo - SNES\Screenshot - Game Title'
11:29:48 		[CopyImages] Found 'G:\Plateformes\Images\Nintendo - SNES\Screenshot - Game Over\Donkey Kong Country-01.png' in 'G:\Plateformes\Images\Nintendo - SNES\Screenshot - Game Over'
11:29:48 [CopyHandler] Destination file exists... 11:29:51 PassAll
11:29:51 [CopyHandler] Destination file exists... 11:29:51 PassAll
11:29:51 [CopyHandler] Destination file exists... 11:29:51 PassAll
11:29:51 [CopyHandler] Destination file exists... 11:29:51 PassAll
11:29:51 [CopyHandler] Destination file exists... 11:29:51 PassAll
11:29:51 [CopyHandler] Destination file exists... 11:29:51 PassAll
11:29:51 [CopyHandler] Destination file exists... 11:29:51 PassAll
11:29:51 [CopyHandler] Destination file exists... 11:29:51 PassAll
11:29:51 [CopyHandler] Destination file exists... 11:29:51 PassAll
11:29:51 [CopyHandler] Destination file exists... 11:29:51 PassAll
11:29:51 [CopyHandler] Destination file exists... 11:29:51 PassAll
11:29:51 [CopyHandler] Destination file exists... 11:29:51 PassAll
11:29:51 [CopyHandler] Destination file exists... 11:29:51 PassAll
11:29:51 [CopyHandler] Destination file exists... 11:29:51 PassAll
11:29:51 [CopyHandler] Destination file exists... 11:29:51 PassAll
11:29:51 [CopyHandler] Destination file exists... 11:29:51 PassAll
11:29:51 [CopyHandler] Destination file exists... 11:29:51 PassAll
11:29:51 [CopyHandler] Destination file exists... 11:29:51 PassAll
11:29:51 [CopyHandler] Destination file exists... 11:29:51 PassAll
11:29:51 [CopyHandler] Destination file exists... 11:29:51 PassAll
11:29:51 [CopyHandler] Destination file exists... 11:29:51 PassAll
11:29:51 [CopyHandler] Destination file exists... 11:29:51 PassAll
11:29:51 [CopyHandler] Destination file exists... 11:29:51 PassAll
11:29:51 [CopyHandler] Destination file exists... 11:29:51 PassAll
11:29:51 [CopyHandler] Destination file exists... 11:29:51 PassAll
11:29:51 [CopyHandler] Destination file exists... 11:29:51 PassAll
11:29:51 [CopyHandler] Destination file exists... 11:29:51 PassAll
11:29:51 [CopyHandler] Destination file exists... 11:29:51 PassAll
11:29:51 [CopyHandler] Destination file exists... 11:29:51 PassAll
11:29:51 [CopyHandler] Destination file exists... 11:29:51 PassAll
11:29:51 [CopyHandler] Destination file exists... 11:29:51 PassAll
11:29:51 [CopyHandler] Destination file exists... 11:29:51 PassAll
11:29:51 [CopyHandler] Destination file exists... 11:29:51 PassAll
11:29:51 [CopyHandler] Destination file exists... 11:29:51 PassAll
11:29:51 [CopyHandler] Destination file exists... 11:29:51 PassAll
11:29:51 [CopyHandler] Destination file exists... 11:29:51 PassAll
11:29:51 [CopyHandler] Destination file exists... 11:29:51 PassAll
11:29:51 [CopyHandler] Destination file exists... 11:29:51 PassAll
11:29:51 [CopyHandler] Destination file exists... 11:29:51 PassAll
11:29:51 [CopyHandler] Destination file exists... 11:29:51 PassAll
11:29:52 [CopyHandler] Destination file exists... 11:29:52 PassAll
11:29:52 [CopyHandler] Destination file exists... 11:29:52 PassAll
11:29:52 [CopyHandler] Destination file exists... 11:29:52 PassAll
11:29:52 [CopyHandler] Destination file exists... 11:29:52 PassAll
11:29:52 [CopyHandler] Destination file exists... 11:29:52 PassAll
11:29:52 [CopyHandler] Destination file exists... 11:29:52 PassAll
11:29:52 [CopyHandler] Destination file exists... 11:29:52 PassAll
11:29:52 [CopyHandler] Destination file exists... 11:29:52 PassAll
11:29:52 [CopyHandler] Destination file exists... 11:29:52 PassAll
11:29:52 [CopyHandler] Destination file exists... 11:29:52 PassAll
11:29:52 [CopyHandler] Destination file exists... 11:29:52 PassAll
