****** Initialisation Logger - niveau: 0 ******
10:07:39 Language fr-FR - 1.0.0.4, loading...
10:08:10 [Main] PackMe for 'Donkey Kong Country' | 'fc1ac9d2-d88a-4851-8939-cea8ddeb74bb'
10:08:10 Directory Exists 'G:\Temp\pmg - temp\Super Nintendo Entertainment System\Donkey Kong Country (E) (M3) (V1.0) [f1]'
10:08:11 [MakeStructure] Creation of the tree
10:08:11 [CreateHFolders] Creation of 'G:\Temp\pmg - temp\Super Nintendo Entertainment System\Donkey Kong Country (E) (M3) (V1.0) [f1]\Games'
10:08:11 [CreateHFolders] Creation of 'G:\Temp\pmg - temp\Super Nintendo Entertainment System\Donkey Kong Country (E) (M3) (V1.0) [f1]\CheatCodes'
10:08:11 [CreateHFolders] Creation of 'G:\Temp\pmg - temp\Super Nintendo Entertainment System\Donkey Kong Country (E) (M3) (V1.0) [f1]\Images'
10:08:11 [CreateHFolders] Creation of 'G:\Temp\pmg - temp\Super Nintendo Entertainment System\Donkey Kong Country (E) (M3) (V1.0) [f1]\Manuals'
10:08:11 [CreateHFolders] Creation of 'G:\Temp\pmg - temp\Super Nintendo Entertainment System\Donkey Kong Country (E) (M3) (V1.0) [f1]\Musics'
10:08:11 [CreateHFolders] Creation of 'G:\Temp\pmg - temp\Super Nintendo Entertainment System\Donkey Kong Country (E) (M3) (V1.0) [f1]\Videos'
10:08:11 Not managed: GogAppId
10:08:11 Not managed: OriginAppId
10:08:11 Not managed: OriginInstallPath
10:08:11 Not managed: MissingBox3dImage
10:08:11 Not managed: MissingCartImage
10:08:11 Not managed: MissingCart3dImage
10:08:11 Not managed: MissingManual
10:08:11 Not managed: MissingBannerImage
10:08:11 Not managed: MissingMusic
10:08:11 Not managed: UsePauseScreen
10:08:11 Not managed: PauseAutoHotkeyScript
10:08:11 Not managed: ResumeAutoHotkeyScript
10:08:11 Not managed: OverrideDefaultPauseScreenSettings
10:08:11 Not managed: SuspendProcessOnPause
10:08:11 Not managed: ForcefulPauseScreenActivation
10:08:11 Not managed: LoadStateAutoHotkeyScript
10:08:11 Not managed: SaveStateAutoHotkeyScript
10:08:11 Not managed: ResetAutoHotkeyScript
10:08:11 Not managed: SwapDiscsAutoHotkeyScript
10:08:11 [CopyHandler] Destination file exists... 10:08:15 PassAll
10:08:16 [CopyHandler] Destination file exists... 10:08:16 PassAll
10:08:17 [CopyHandler] Destination file exists... 10:08:17 PassAll
10:08:18 [CopyHandler] Destination file exists... 10:08:18 PassAll
10:08:18 [CopyHandler] Destination file exists... 10:08:18 PassAll
10:08:18 		[CopyImages] Found 'G:\Plateformes\Images\Nintendo - SNES\Box - Front\Donkey Kong Country-01.png' in 'G:\Plateformes\Images\Nintendo - SNES\Box - Front'
10:08:18 		[CopyImages] Found 'G:\Plateformes\Images\Nintendo - SNES\Box - Front\France\Donkey Kong Country-01.png' in 'G:\Plateformes\Images\Nintendo - SNES\Box - Front'
10:08:18 		[CopyImages] Found 'G:\Plateformes\Images\Nintendo - SNES\Box - Back\North America\Donkey Kong Country-01.jpg' in 'G:\Plateformes\Images\Nintendo - SNES\Box - Back'
10:08:18 		[CopyImages] Found 'G:\Plateformes\Images\Nintendo - SNES\Box - 3D\Donkey Kong Country-01.png' in 'G:\Plateformes\Images\Nintendo - SNES\Box - 3D'
10:08:18 		[CopyImages] Found 'G:\Plateformes\Images\Nintendo - SNES\Box - 3D\Donkey Kong Country-02.png' in 'G:\Plateformes\Images\Nintendo - SNES\Box - 3D'
10:08:18 		[CopyImages] Found 'G:\Plateformes\Images\Nintendo - SNES\Box - 3D\Europe\Donkey Kong Country-01.png' in 'G:\Plateformes\Images\Nintendo - SNES\Box - 3D'
10:08:18 		[CopyImages] Found 'G:\Plateformes\Images\Nintendo - SNES\Arcade - Marquee\Donkey Kong Country-01.png' in 'G:\Plateformes\Images\Nintendo - SNES\Arcade - Marquee'
10:08:18 		[CopyImages] Found 'G:\Plateformes\Images\Nintendo - SNES\Banner\Donkey Kong Country-01.jpg' in 'G:\Plateformes\Images\Nintendo - SNES\Banner'
10:08:18 		[CopyImages] Found 'G:\Plateformes\Images\Nintendo - SNES\Banner\Donkey Kong Country-01.png' in 'G:\Plateformes\Images\Nintendo - SNES\Banner'
10:08:18 		[CopyImages] Found 'G:\Plateformes\Images\Nintendo - SNES\Banner\Donkey Kong Country-02.jpg' in 'G:\Plateformes\Images\Nintendo - SNES\Banner'
10:08:18 		[CopyImages] Found 'G:\Plateformes\Images\Nintendo - SNES\Banner\Donkey Kong Country-02.png' in 'G:\Plateformes\Images\Nintendo - SNES\Banner'
10:08:18 		[CopyImages] Found 'G:\Plateformes\Images\Nintendo - SNES\Banner\Donkey Kong Country-03.png' in 'G:\Plateformes\Images\Nintendo - SNES\Banner'
10:08:18 		[CopyImages] Found 'G:\Plateformes\Images\Nintendo - SNES\Cart - Front\Donkey Kong Country-01.png' in 'G:\Plateformes\Images\Nintendo - SNES\Cart - Front'
10:08:18 		[CopyImages] Found 'G:\Plateformes\Images\Nintendo - SNES\Cart - Front\Japan\Donkey Kong Country-01.jpg' in 'G:\Plateformes\Images\Nintendo - SNES\Cart - Front'
10:08:18 		[CopyImages] Found 'G:\Plateformes\Images\Nintendo - SNES\Cart - 3D\Donkey Kong Country-01.png' in 'G:\Plateformes\Images\Nintendo - SNES\Cart - 3D'
10:08:18 		[CopyImages] Found 'G:\Plateformes\Images\Nintendo - SNES\Cart - 3D\North America\Donkey Kong Country-01.png' in 'G:\Plateformes\Images\Nintendo - SNES\Cart - 3D'
10:08:18 		[CopyImages] Found 'G:\Plateformes\Images\Nintendo - SNES\Clear Logo\Donkey Kong Country-01.png' in 'G:\Plateformes\Images\Nintendo - SNES\Clear Logo'
10:08:18 		[CopyImages] Found 'G:\Plateformes\Images\Nintendo - SNES\Clear Logo\North America\Donkey Kong Country-01.png' in 'G:\Plateformes\Images\Nintendo - SNES\Clear Logo'
10:08:18 		[CopyImages] Found 'G:\Plateformes\Images\Nintendo - SNES\Fanart - Box - Back\North America\Donkey Kong Country-01.jpg' in 'G:\Plateformes\Images\Nintendo - SNES\Fanart - Box - Back'
10:08:18 		[CopyImages] Found 'G:\Plateformes\Images\Nintendo - SNES\Fanart - Cart - Front\Europe\Donkey Kong Country-01.png' in 'G:\Plateformes\Images\Nintendo - SNES\Fanart - Cart - Front'
10:08:18 		[CopyImages] Found 'G:\Plateformes\Images\Nintendo - SNES\Fanart - Background\Donkey Kong Country-01.jpg' in 'G:\Plateformes\Images\Nintendo - SNES\Fanart - Background'
10:08:18 		[CopyImages] Found 'G:\Plateformes\Images\Nintendo - SNES\Fanart - Background\Donkey Kong Country-01.png' in 'G:\Plateformes\Images\Nintendo - SNES\Fanart - Background'
10:08:18 		[CopyImages] Found 'G:\Plateformes\Images\Nintendo - SNES\Fanart - Background\Donkey Kong Country-02.jpg' in 'G:\Plateformes\Images\Nintendo - SNES\Fanart - Background'
10:08:18 		[CopyImages] Found 'G:\Plateformes\Images\Nintendo - SNES\Fanart - Background\Donkey Kong Country-03.jpg' in 'G:\Plateformes\Images\Nintendo - SNES\Fanart - Background'
10:08:18 		[CopyImages] Found 'G:\Plateformes\Images\Nintendo - SNES\Fanart - Background\Donkey Kong Country-04.jpg' in 'G:\Plateformes\Images\Nintendo - SNES\Fanart - Background'
10:08:18 		[CopyImages] Found 'G:\Plateformes\Images\Nintendo - SNES\Fanart - Background\Donkey Kong Country-05.jpg' in 'G:\Plateformes\Images\Nintendo - SNES\Fanart - Background'
10:08:18 		[CopyImages] Found 'G:\Plateformes\Images\Nintendo - SNES\Fanart - Background\Donkey Kong Country-06.jpg' in 'G:\Plateformes\Images\Nintendo - SNES\Fanart - Background'
10:08:18 		[CopyImages] Found 'G:\Plateformes\Images\Nintendo - SNES\Fanart - Background\Donkey Kong Country-07.jpg' in 'G:\Plateformes\Images\Nintendo - SNES\Fanart - Background'
10:08:18 		[CopyImages] Found 'G:\Plateformes\Images\Nintendo - SNES\Fanart - Background\Donkey Kong Country-08.jpg' in 'G:\Plateformes\Images\Nintendo - SNES\Fanart - Background'
10:08:18 		[CopyImages] Found 'G:\Plateformes\Images\Nintendo - SNES\Fanart - Background\Donkey Kong Country-09.jpg' in 'G:\Plateformes\Images\Nintendo - SNES\Fanart - Background'
10:08:18 		[CopyImages] Found 'G:\Plateformes\Images\Nintendo - SNES\Fanart - Background\Donkey Kong Country-10.jpg' in 'G:\Plateformes\Images\Nintendo - SNES\Fanart - Background'
10:08:18 		[CopyImages] Found 'G:\Plateformes\Images\Nintendo - SNES\Fanart - Background\Donkey Kong Country-11.jpg' in 'G:\Plateformes\Images\Nintendo - SNES\Fanart - Background'
10:08:18 		[CopyImages] Found 'G:\Plateformes\Images\Nintendo - SNES\Fanart - Background\Donkey Kong Country-12.jpg' in 'G:\Plateformes\Images\Nintendo - SNES\Fanart - Background'
10:08:18 		[CopyImages] Found 'G:\Plateformes\Images\Nintendo - SNES\Fanart - Background\Donkey Kong Country-13.jpg' in 'G:\Plateformes\Images\Nintendo - SNES\Fanart - Background'
10:08:18 		[CopyImages] Found 'G:\Plateformes\Images\Nintendo - SNES\Fanart - Background\Donkey Kong Country-14.jpg' in 'G:\Plateformes\Images\Nintendo - SNES\Fanart - Background'
10:08:18 		[CopyImages] Found 'G:\Plateformes\Images\Nintendo - SNES\Fanart - Background\Donkey Kong Country-15.jpg' in 'G:\Plateformes\Images\Nintendo - SNES\Fanart - Background'
10:08:18 		[CopyImages] Found 'G:\Plateformes\Images\Nintendo - SNES\Fanart - Background\Donkey Kong Country-16.jpg' in 'G:\Plateformes\Images\Nintendo - SNES\Fanart - Background'
10:08:18 		[CopyImages] Found 'G:\Plateformes\Images\Nintendo - SNES\Screenshot - Gameplay\Europe\Donkey Kong Country-01.png' in 'G:\Plateformes\Images\Nintendo - SNES\Screenshot - Gameplay'
10:08:18 		[CopyImages] Found 'G:\Plateformes\Images\Nintendo - SNES\Screenshot - Game Title\Europe\Donkey Kong Country-01.png' in 'G:\Plateformes\Images\Nintendo - SNES\Screenshot - Game Title'
10:08:18 		[CopyImages] Found 'G:\Plateformes\Images\Nintendo - SNES\Screenshot - Game Over\Donkey Kong Country-01.png' in 'G:\Plateformes\Images\Nintendo - SNES\Screenshot - Game Over'
10:08:18 [CopyHandler] Destination file exists... 10:08:21 PassAll
10:08:21 [CopyHandler] Destination file exists... 10:08:21 PassAll
10:08:21 [CopyHandler] Destination file exists... 10:08:21 PassAll
10:08:21 [CopyHandler] Destination file exists... 10:08:21 PassAll
10:08:21 [CopyHandler] Destination file exists... 10:08:21 PassAll
10:08:21 [CopyHandler] Destination file exists... 10:08:21 PassAll
10:08:21 [CopyHandler] Destination file exists... 10:08:21 PassAll
10:08:21 [CopyHandler] Destination file exists... 10:08:21 PassAll
10:08:21 [CopyHandler] Destination file exists... 10:08:21 PassAll
10:08:21 [CopyHandler] Destination file exists... 10:08:21 PassAll
10:08:21 [CopyHandler] Destination file exists... 10:08:21 PassAll
10:08:21 [CopyHandler] Destination file exists... 10:08:21 PassAll
10:08:21 [CopyHandler] Destination file exists... 10:08:21 PassAll
10:08:21 [CopyHandler] Destination file exists... 10:08:21 PassAll
10:08:21 [CopyHandler] Destination file exists... 10:08:21 PassAll
10:08:21 [CopyHandler] Destination file exists... 10:08:21 PassAll
10:08:21 [CopyHandler] Destination file exists... 10:08:21 PassAll
10:08:21 [CopyHandler] Destination file exists... 10:08:21 PassAll
10:08:21 [CopyHandler] Destination file exists... 10:08:21 PassAll
10:08:21 [CopyHandler] Destination file exists... 10:08:21 PassAll
10:08:21 [CopyHandler] Destination file exists... 10:08:21 PassAll
10:08:21 [CopyHandler] Destination file exists... 10:08:21 PassAll
10:08:21 [CopyHandler] Destination file exists... 10:08:21 PassAll
10:08:21 [CopyHandler] Destination file exists... 10:08:21 PassAll
10:08:21 [CopyHandler] Destination file exists... 10:08:21 PassAll
10:08:21 [CopyHandler] Destination file exists... 10:08:21 PassAll
10:08:21 [CopyHandler] Destination file exists... 10:08:21 PassAll
10:08:21 [CopyHandler] Destination file exists... 10:08:21 PassAll
10:08:21 [CopyHandler] Destination file exists... 10:08:21 PassAll
10:08:21 [CopyHandler] Destination file exists... 10:08:21 PassAll
10:08:21 [CopyHandler] Destination file exists... 10:08:21 PassAll
10:08:21 [CopyHandler] Destination file exists... 10:08:21 PassAll
10:08:21 [CopyHandler] Destination file exists... 10:08:21 PassAll
10:08:21 [CopyHandler] Destination file exists... 10:08:21 PassAll
10:08:21 [CopyHandler] Destination file exists... 10:08:21 PassAll
10:08:21 [CopyHandler] Destination file exists... 10:08:21 PassAll
10:08:21 [CopyHandler] Destination file exists... 10:08:21 PassAll
10:08:21 [CopyHandler] Destination file exists... 10:08:21 PassAll
10:08:21 [CopyHandler] Destination file exists... 10:08:21 PassAll
10:08:21 [CopyHandler] Destination file exists... 10:08:21 PassAll
10:08:22 [CopyHandler] Destination file exists... 10:08:22 PassAll
10:08:22 [CopyHandler] Destination file exists... 10:08:22 PassAll
10:08:22 [CopyHandler] Destination file exists... 10:08:22 PassAll
10:08:22 [CopyHandler] Destination file exists... 10:08:22 PassAll
10:08:22 [CopyHandler] Destination file exists... 10:08:22 PassAll
10:08:22 [CopyHandler] Destination file exists... 10:08:23 PassAll
10:08:23 [CopyHandler] Destination file exists... 10:08:23 PassAll
10:08:23 [CopyHandler] Destination file exists... 10:08:23 PassAll
10:08:23 [CopyHandler] Destination file exists... 10:08:23 PassAll
10:08:23 [CopyHandler] Destination file exists... 10:08:23 PassAll
10:08:23 [CopyHandler] Destination file exists... 10:08:23 PassAll
10:09:37 [Main] PackMe for 'Donkey Kong Country' | 'fc1ac9d2-d88a-4851-8939-cea8ddeb74bb'
10:09:37 Directory Exists 'G:\Temp\pmg - temp\Super Nintendo Entertainment System\Donkey Kong Country (E) (M3) (V1.0) [f1]'
10:09:39 [MakeStructure] Creation of the tree
10:09:39 [CreateHFolders] Creation of 'G:\Temp\pmg - temp\Super Nintendo Entertainment System\Donkey Kong Country (E) (M3) (V1.0) [f1]\Games'
10:09:39 [CreateHFolders] Creation of 'G:\Temp\pmg - temp\Super Nintendo Entertainment System\Donkey Kong Country (E) (M3) (V1.0) [f1]\CheatCodes'
10:09:39 [CreateHFolders] Creation of 'G:\Temp\pmg - temp\Super Nintendo Entertainment System\Donkey Kong Country (E) (M3) (V1.0) [f1]\Images'
10:09:39 [CreateHFolders] Creation of 'G:\Temp\pmg - temp\Super Nintendo Entertainment System\Donkey Kong Country (E) (M3) (V1.0) [f1]\Manuals'
10:09:39 [CreateHFolders] Creation of 'G:\Temp\pmg - temp\Super Nintendo Entertainment System\Donkey Kong Country (E) (M3) (V1.0) [f1]\Musics'
10:09:39 [CreateHFolders] Creation of 'G:\Temp\pmg - temp\Super Nintendo Entertainment System\Donkey Kong Country (E) (M3) (V1.0) [f1]\Videos'
10:09:39 Not managed: GogAppId
10:09:39 Not managed: GogAppId
10:09:39 Not managed: OriginAppId
10:09:39 Not managed: OriginAppId
10:09:39 Not managed: OriginInstallPath
10:09:39 Not managed: OriginInstallPath
10:09:39 Not managed: MissingBox3dImage
10:09:39 Not managed: MissingBox3dImage
10:09:39 Not managed: MissingCartImage
10:09:39 Not managed: MissingCartImage
10:09:39 Not managed: MissingCart3dImage
10:09:39 Not managed: MissingCart3dImage
10:09:39 Not managed: MissingManual
10:09:39 Not managed: MissingManual
10:09:39 Not managed: MissingBannerImage
10:09:39 Not managed: MissingBannerImage
10:09:39 Not managed: MissingMusic
10:09:39 Not managed: MissingMusic
10:09:39 Not managed: UsePauseScreen
10:09:39 Not managed: UsePauseScreen
10:09:39 Not managed: PauseAutoHotkeyScript
10:09:39 Not managed: PauseAutoHotkeyScript
10:09:39 Not managed: ResumeAutoHotkeyScript
10:09:39 Not managed: ResumeAutoHotkeyScript
10:09:39 Not managed: OverrideDefaultPauseScreenSettings
10:09:39 Not managed: OverrideDefaultPauseScreenSettings
10:09:39 Not managed: SuspendProcessOnPause
10:09:39 Not managed: SuspendProcessOnPause
10:09:39 Not managed: ForcefulPauseScreenActivation
10:09:39 Not managed: ForcefulPauseScreenActivation
10:09:39 Not managed: LoadStateAutoHotkeyScript
10:09:39 Not managed: LoadStateAutoHotkeyScript
10:09:39 Not managed: SaveStateAutoHotkeyScript
10:09:39 Not managed: SaveStateAutoHotkeyScript
10:09:39 Not managed: ResetAutoHotkeyScript
10:09:39 Not managed: ResetAutoHotkeyScript
10:09:39 Not managed: SwapDiscsAutoHotkeyScript
10:09:39 Not managed: SwapDiscsAutoHotkeyScript
10:09:39 [CopyHandler] Destination file exists... 10:09:43 PassAll
10:09:44 [CopyHandler] Destination file exists... 10:09:44 PassAll
10:09:47 [CopyHandler] Destination file exists... 10:09:47 PassAll
10:09:48 [CopyHandler] Destination file exists... 10:09:48 PassAll
10:09:48 [CopyHandler] Destination file exists... 10:09:48 PassAll
10:09:48 		[CopyImages] Found 'G:\Plateformes\Images\Nintendo - SNES\Box - Front\Donkey Kong Country-01.png' in 'G:\Plateformes\Images\Nintendo - SNES\Box - Front'
10:09:48 		[CopyImages] Found 'G:\Plateformes\Images\Nintendo - SNES\Box - Front\France\Donkey Kong Country-01.png' in 'G:\Plateformes\Images\Nintendo - SNES\Box - Front'
10:09:48 		[CopyImages] Found 'G:\Plateformes\Images\Nintendo - SNES\Box - Back\North America\Donkey Kong Country-01.jpg' in 'G:\Plateformes\Images\Nintendo - SNES\Box - Back'
10:09:48 		[CopyImages] Found 'G:\Plateformes\Images\Nintendo - SNES\Box - 3D\Donkey Kong Country-01.png' in 'G:\Plateformes\Images\Nintendo - SNES\Box - 3D'
10:09:48 		[CopyImages] Found 'G:\Plateformes\Images\Nintendo - SNES\Box - 3D\Donkey Kong Country-02.png' in 'G:\Plateformes\Images\Nintendo - SNES\Box - 3D'
10:09:48 		[CopyImages] Found 'G:\Plateformes\Images\Nintendo - SNES\Box - 3D\Europe\Donkey Kong Country-01.png' in 'G:\Plateformes\Images\Nintendo - SNES\Box - 3D'
10:09:48 		[CopyImages] Found 'G:\Plateformes\Images\Nintendo - SNES\Arcade - Marquee\Donkey Kong Country-01.png' in 'G:\Plateformes\Images\Nintendo - SNES\Arcade - Marquee'
10:09:48 		[CopyImages] Found 'G:\Plateformes\Images\Nintendo - SNES\Banner\Donkey Kong Country-01.jpg' in 'G:\Plateformes\Images\Nintendo - SNES\Banner'
10:09:48 		[CopyImages] Found 'G:\Plateformes\Images\Nintendo - SNES\Banner\Donkey Kong Country-01.png' in 'G:\Plateformes\Images\Nintendo - SNES\Banner'
10:09:48 		[CopyImages] Found 'G:\Plateformes\Images\Nintendo - SNES\Banner\Donkey Kong Country-02.jpg' in 'G:\Plateformes\Images\Nintendo - SNES\Banner'
10:09:48 		[CopyImages] Found 'G:\Plateformes\Images\Nintendo - SNES\Banner\Donkey Kong Country-02.png' in 'G:\Plateformes\Images\Nintendo - SNES\Banner'
10:09:48 		[CopyImages] Found 'G:\Plateformes\Images\Nintendo - SNES\Banner\Donkey Kong Country-03.png' in 'G:\Plateformes\Images\Nintendo - SNES\Banner'
10:09:48 		[CopyImages] Found 'G:\Plateformes\Images\Nintendo - SNES\Cart - Front\Donkey Kong Country-01.png' in 'G:\Plateformes\Images\Nintendo - SNES\Cart - Front'
10:09:48 		[CopyImages] Found 'G:\Plateformes\Images\Nintendo - SNES\Cart - Front\Japan\Donkey Kong Country-01.jpg' in 'G:\Plateformes\Images\Nintendo - SNES\Cart - Front'
10:09:48 		[CopyImages] Found 'G:\Plateformes\Images\Nintendo - SNES\Cart - 3D\Donkey Kong Country-01.png' in 'G:\Plateformes\Images\Nintendo - SNES\Cart - 3D'
10:09:48 		[CopyImages] Found 'G:\Plateformes\Images\Nintendo - SNES\Cart - 3D\North America\Donkey Kong Country-01.png' in 'G:\Plateformes\Images\Nintendo - SNES\Cart - 3D'
10:09:48 		[CopyImages] Found 'G:\Plateformes\Images\Nintendo - SNES\Clear Logo\Donkey Kong Country-01.png' in 'G:\Plateformes\Images\Nintendo - SNES\Clear Logo'
10:09:48 		[CopyImages] Found 'G:\Plateformes\Images\Nintendo - SNES\Clear Logo\North America\Donkey Kong Country-01.png' in 'G:\Plateformes\Images\Nintendo - SNES\Clear Logo'
10:09:48 		[CopyImages] Found 'G:\Plateformes\Images\Nintendo - SNES\Fanart - Box - Back\North America\Donkey Kong Country-01.jpg' in 'G:\Plateformes\Images\Nintendo - SNES\Fanart - Box - Back'
10:09:48 		[CopyImages] Found 'G:\Plateformes\Images\Nintendo - SNES\Fanart - Cart - Front\Europe\Donkey Kong Country-01.png' in 'G:\Plateformes\Images\Nintendo - SNES\Fanart - Cart - Front'
10:09:48 		[CopyImages] Found 'G:\Plateformes\Images\Nintendo - SNES\Fanart - Background\Donkey Kong Country-01.jpg' in 'G:\Plateformes\Images\Nintendo - SNES\Fanart - Background'
10:09:48 		[CopyImages] Found 'G:\Plateformes\Images\Nintendo - SNES\Fanart - Background\Donkey Kong Country-01.png' in 'G:\Plateformes\Images\Nintendo - SNES\Fanart - Background'
10:09:48 		[CopyImages] Found 'G:\Plateformes\Images\Nintendo - SNES\Fanart - Background\Donkey Kong Country-02.jpg' in 'G:\Plateformes\Images\Nintendo - SNES\Fanart - Background'
10:09:48 		[CopyImages] Found 'G:\Plateformes\Images\Nintendo - SNES\Fanart - Background\Donkey Kong Country-03.jpg' in 'G:\Plateformes\Images\Nintendo - SNES\Fanart - Background'
10:09:48 		[CopyImages] Found 'G:\Plateformes\Images\Nintendo - SNES\Fanart - Background\Donkey Kong Country-04.jpg' in 'G:\Plateformes\Images\Nintendo - SNES\Fanart - Background'
10:09:48 		[CopyImages] Found 'G:\Plateformes\Images\Nintendo - SNES\Fanart - Background\Donkey Kong Country-05.jpg' in 'G:\Plateformes\Images\Nintendo - SNES\Fanart - Background'
10:09:48 		[CopyImages] Found 'G:\Plateformes\Images\Nintendo - SNES\Fanart - Background\Donkey Kong Country-06.jpg' in 'G:\Plateformes\Images\Nintendo - SNES\Fanart - Background'
10:09:48 		[CopyImages] Found 'G:\Plateformes\Images\Nintendo - SNES\Fanart - Background\Donkey Kong Country-07.jpg' in 'G:\Plateformes\Images\Nintendo - SNES\Fanart - Background'
10:09:48 		[CopyImages] Found 'G:\Plateformes\Images\Nintendo - SNES\Fanart - Background\Donkey Kong Country-08.jpg' in 'G:\Plateformes\Images\Nintendo - SNES\Fanart - Background'
10:09:48 		[CopyImages] Found 'G:\Plateformes\Images\Nintendo - SNES\Fanart - Background\Donkey Kong Country-09.jpg' in 'G:\Plateformes\Images\Nintendo - SNES\Fanart - Background'
10:09:48 		[CopyImages] Found 'G:\Plateformes\Images\Nintendo - SNES\Fanart - Background\Donkey Kong Country-10.jpg' in 'G:\Plateformes\Images\Nintendo - SNES\Fanart - Background'
10:09:48 		[CopyImages] Found 'G:\Plateformes\Images\Nintendo - SNES\Fanart - Background\Donkey Kong Country-11.jpg' in 'G:\Plateformes\Images\Nintendo - SNES\Fanart - Background'
10:09:48 		[CopyImages] Found 'G:\Plateformes\Images\Nintendo - SNES\Fanart - Background\Donkey Kong Country-12.jpg' in 'G:\Plateformes\Images\Nintendo - SNES\Fanart - Background'
10:09:48 		[CopyImages] Found 'G:\Plateformes\Images\Nintendo - SNES\Fanart - Background\Donkey Kong Country-13.jpg' in 'G:\Plateformes\Images\Nintendo - SNES\Fanart - Background'
10:09:48 		[CopyImages] Found 'G:\Plateformes\Images\Nintendo - SNES\Fanart - Background\Donkey Kong Country-14.jpg' in 'G:\Plateformes\Images\Nintendo - SNES\Fanart - Background'
10:09:48 		[CopyImages] Found 'G:\Plateformes\Images\Nintendo - SNES\Fanart - Background\Donkey Kong Country-15.jpg' in 'G:\Plateformes\Images\Nintendo - SNES\Fanart - Background'
10:09:48 		[CopyImages] Found 'G:\Plateformes\Images\Nintendo - SNES\Fanart - Background\Donkey Kong Country-16.jpg' in 'G:\Plateformes\Images\Nintendo - SNES\Fanart - Background'
10:09:48 		[CopyImages] Found 'G:\Plateformes\Images\Nintendo - SNES\Screenshot - Gameplay\Europe\Donkey Kong Country-01.png' in 'G:\Plateformes\Images\Nintendo - SNES\Screenshot - Gameplay'
10:09:48 		[CopyImages] Found 'G:\Plateformes\Images\Nintendo - SNES\Screenshot - Game Title\Europe\Donkey Kong Country-01.png' in 'G:\Plateformes\Images\Nintendo - SNES\Screenshot - Game Title'
10:09:48 		[CopyImages] Found 'G:\Plateformes\Images\Nintendo - SNES\Screenshot - Game Over\Donkey Kong Country-01.png' in 'G:\Plateformes\Images\Nintendo - SNES\Screenshot - Game Over'
10:09:48 [CopyHandler] Destination file exists... 10:09:51 PassAll
10:09:51 [CopyHandler] Destination file exists... 10:09:51 PassAll
10:09:51 [CopyHandler] Destination file exists... 10:09:51 PassAll
10:09:51 [CopyHandler] Destination file exists... 10:09:51 PassAll
10:09:51 [CopyHandler] Destination file exists... 10:09:51 PassAll
10:09:51 [CopyHandler] Destination file exists... 10:09:51 PassAll
10:09:51 [CopyHandler] Destination file exists... 10:09:51 PassAll
10:09:51 [CopyHandler] Destination file exists... 10:09:51 PassAll
10:09:51 [CopyHandler] Destination file exists... 10:09:51 PassAll
10:09:51 [CopyHandler] Destination file exists... 10:09:51 PassAll
10:09:51 [CopyHandler] Destination file exists... 10:09:51 PassAll
10:09:51 [CopyHandler] Destination file exists... 10:09:51 PassAll
10:09:51 [CopyHandler] Destination file exists... 10:09:51 PassAll
10:09:51 [CopyHandler] Destination file exists... 10:09:51 PassAll
10:09:51 [CopyHandler] Destination file exists... 10:09:51 PassAll
10:09:51 [CopyHandler] Destination file exists... 10:09:51 PassAll
10:09:51 [CopyHandler] Destination file exists... 10:09:51 PassAll
10:09:51 [CopyHandler] Destination file exists... 10:09:51 PassAll
10:09:51 [CopyHandler] Destination file exists... 10:09:51 PassAll
10:09:51 [CopyHandler] Destination file exists... 10:09:51 PassAll
10:09:51 [CopyHandler] Destination file exists... 10:09:51 PassAll
10:09:51 [CopyHandler] Destination file exists... 10:09:51 PassAll
10:09:51 [CopyHandler] Destination file exists... 10:09:51 PassAll
10:09:51 [CopyHandler] Destination file exists... 10:09:51 PassAll
10:09:51 [CopyHandler] Destination file exists... 10:09:51 PassAll
10:09:51 [CopyHandler] Destination file exists... 10:09:51 PassAll
10:09:51 [CopyHandler] Destination file exists... 10:09:51 PassAll
10:09:51 [CopyHandler] Destination file exists... 10:09:51 PassAll
10:09:51 [CopyHandler] Destination file exists... 10:09:51 PassAll
10:09:51 [CopyHandler] Destination file exists... 10:09:51 PassAll
10:09:51 [CopyHandler] Destination file exists... 10:09:51 PassAll
10:09:51 [CopyHandler] Destination file exists... 10:09:51 PassAll
10:09:51 [CopyHandler] Destination file exists... 10:09:51 PassAll
10:09:51 [CopyHandler] Destination file exists... 10:09:51 PassAll
10:09:51 [CopyHandler] Destination file exists... 10:09:51 PassAll
10:09:51 [CopyHandler] Destination file exists... 10:09:51 PassAll
10:09:51 [CopyHandler] Destination file exists... 10:09:51 PassAll
10:09:51 [CopyHandler] Destination file exists... 10:09:51 PassAll
10:09:51 [CopyHandler] Destination file exists... 10:09:51 PassAll
10:09:51 [CopyHandler] Destination file exists... 10:09:51 PassAll
10:09:53 [CopyHandler] Destination file exists... 10:09:53 PassAll
10:09:53 [CopyHandler] Destination file exists... 10:09:53 PassAll
10:09:53 [CopyHandler] Destination file exists... 10:09:53 PassAll
10:09:53 [CopyHandler] Destination file exists... 10:09:53 PassAll
10:09:53 [CopyHandler] Destination file exists... 10:09:53 PassAll
10:09:53 [CopyHandler] Destination file exists... 10:09:53 PassAll
10:09:53 [CopyHandler] Destination file exists... 10:09:53 PassAll
10:09:53 [CopyHandler] Destination file exists... 10:09:53 PassAll
10:09:53 [CopyHandler] Destination file exists... 10:09:53 PassAll
10:09:53 [CopyHandler] Destination file exists... 10:09:53 PassAll
10:09:53 [CopyHandler] Destination file exists... 10:09:53 PassAll
