****** Initialisation Logger - niveau: 0 ******
08:09:11 Language fr-FR - 1.0.0.4, loading...
08:10:08 [Main] PackMe for 'Donkey Kong Country' | 'fc1ac9d2-d88a-4851-8939-cea8ddeb74bb'
08:10:08 Directory Exists 'G:\Temp\pmg - temp\Super Nintendo Entertainment System\Donkey Kong Country (E) (M3) (V1.0) [f1]'
08:10:12 [MakeStructure] Creation of the tree
08:10:12 [CreateHFolders] Creation of 'G:\Temp\pmg - temp\Super Nintendo Entertainment System\Donkey Kong Country (E) (M3) (V1.0) [f1]\Games'
08:10:12 [CreateHFolders] Creation of 'G:\Temp\pmg - temp\Super Nintendo Entertainment System\Donkey Kong Country (E) (M3) (V1.0) [f1]\CheatCodes'
08:10:12 [CreateHFolders] Creation of 'G:\Temp\pmg - temp\Super Nintendo Entertainment System\Donkey Kong Country (E) (M3) (V1.0) [f1]\Images'
08:10:12 [CreateHFolders] Creation of 'G:\Temp\pmg - temp\Super Nintendo Entertainment System\Donkey Kong Country (E) (M3) (V1.0) [f1]\Manuals'
08:10:12 [CreateHFolders] Creation of 'G:\Temp\pmg - temp\Super Nintendo Entertainment System\Donkey Kong Country (E) (M3) (V1.0) [f1]\Musics'
08:10:12 [CreateHFolders] Creation of 'G:\Temp\pmg - temp\Super Nintendo Entertainment System\Donkey Kong Country (E) (M3) (V1.0) [f1]\Videos'
08:10:12 Not managed: GogAppId
08:10:12 Not managed: OriginAppId
08:10:12 Not managed: OriginInstallPath
08:10:12 Not managed: MissingBox3dImage
08:10:12 Not managed: MissingCartImage
08:10:12 Not managed: MissingCart3dImage
08:10:12 Not managed: MissingManual
08:10:12 Not managed: MissingBannerImage
08:10:12 Not managed: MissingMusic
08:10:12 Not managed: UsePauseScreen
08:10:12 Not managed: PauseAutoHotkeyScript
08:10:12 Not managed: ResumeAutoHotkeyScript
08:10:12 Not managed: OverrideDefaultPauseScreenSettings
08:10:12 Not managed: SuspendProcessOnPause
08:10:12 Not managed: ForcefulPauseScreenActivation
08:10:12 Not managed: LoadStateAutoHotkeyScript
08:10:12 Not managed: SaveStateAutoHotkeyScript
08:10:12 Not managed: ResetAutoHotkeyScript
08:10:12 Not managed: SwapDiscsAutoHotkeyScript
08:10:12 [CopyHandler] Destination file exists... 08:10:15 PassAll
08:10:18 [CopyHandler] Destination file exists... 08:10:18 PassAll
08:10:19 [CopyHandler] Destination file exists... 08:10:19 PassAll
08:10:20 [CopyHandler] Destination file exists... 08:10:20 PassAll
08:10:20 [CopyHandler] Destination file exists... 08:10:20 PassAll
08:10:20 		[CopyImages] Found 'G:\Plateformes\Images\Nintendo - SNES\Box - Front\Donkey Kong Country-01.png' in 'G:\Plateformes\Images\Nintendo - SNES\Box - Front'
08:10:20 		[CopyImages] Found 'G:\Plateformes\Images\Nintendo - SNES\Box - Front\France\Donkey Kong Country-01.png' in 'G:\Plateformes\Images\Nintendo - SNES\Box - Front'
08:10:20 		[CopyImages] Found 'G:\Plateformes\Images\Nintendo - SNES\Box - Back\North America\Donkey Kong Country-01.jpg' in 'G:\Plateformes\Images\Nintendo - SNES\Box - Back'
08:10:20 		[CopyImages] Found 'G:\Plateformes\Images\Nintendo - SNES\Box - 3D\Donkey Kong Country-01.png' in 'G:\Plateformes\Images\Nintendo - SNES\Box - 3D'
08:10:20 		[CopyImages] Found 'G:\Plateformes\Images\Nintendo - SNES\Box - 3D\Donkey Kong Country-02.png' in 'G:\Plateformes\Images\Nintendo - SNES\Box - 3D'
08:10:20 		[CopyImages] Found 'G:\Plateformes\Images\Nintendo - SNES\Box - 3D\Europe\Donkey Kong Country-01.png' in 'G:\Plateformes\Images\Nintendo - SNES\Box - 3D'
08:10:20 		[CopyImages] Found 'G:\Plateformes\Images\Nintendo - SNES\Arcade - Marquee\Donkey Kong Country-01.png' in 'G:\Plateformes\Images\Nintendo - SNES\Arcade - Marquee'
08:10:20 		[CopyImages] Found 'G:\Plateformes\Images\Nintendo - SNES\Banner\Donkey Kong Country-01.jpg' in 'G:\Plateformes\Images\Nintendo - SNES\Banner'
08:10:20 		[CopyImages] Found 'G:\Plateformes\Images\Nintendo - SNES\Banner\Donkey Kong Country-01.png' in 'G:\Plateformes\Images\Nintendo - SNES\Banner'
08:10:20 		[CopyImages] Found 'G:\Plateformes\Images\Nintendo - SNES\Banner\Donkey Kong Country-02.jpg' in 'G:\Plateformes\Images\Nintendo - SNES\Banner'
08:10:20 		[CopyImages] Found 'G:\Plateformes\Images\Nintendo - SNES\Banner\Donkey Kong Country-02.png' in 'G:\Plateformes\Images\Nintendo - SNES\Banner'
08:10:20 		[CopyImages] Found 'G:\Plateformes\Images\Nintendo - SNES\Banner\Donkey Kong Country-03.png' in 'G:\Plateformes\Images\Nintendo - SNES\Banner'
08:10:20 		[CopyImages] Found 'G:\Plateformes\Images\Nintendo - SNES\Cart - Front\Donkey Kong Country-01.png' in 'G:\Plateformes\Images\Nintendo - SNES\Cart - Front'
08:10:20 		[CopyImages] Found 'G:\Plateformes\Images\Nintendo - SNES\Cart - Front\Japan\Donkey Kong Country-01.jpg' in 'G:\Plateformes\Images\Nintendo - SNES\Cart - Front'
08:10:20 		[CopyImages] Found 'G:\Plateformes\Images\Nintendo - SNES\Cart - 3D\Donkey Kong Country-01.png' in 'G:\Plateformes\Images\Nintendo - SNES\Cart - 3D'
08:10:20 		[CopyImages] Found 'G:\Plateformes\Images\Nintendo - SNES\Cart - 3D\North America\Donkey Kong Country-01.png' in 'G:\Plateformes\Images\Nintendo - SNES\Cart - 3D'
08:10:20 		[CopyImages] Found 'G:\Plateformes\Images\Nintendo - SNES\Clear Logo\Donkey Kong Country-01.png' in 'G:\Plateformes\Images\Nintendo - SNES\Clear Logo'
08:10:20 		[CopyImages] Found 'G:\Plateformes\Images\Nintendo - SNES\Clear Logo\North America\Donkey Kong Country-01.png' in 'G:\Plateformes\Images\Nintendo - SNES\Clear Logo'
08:10:20 		[CopyImages] Found 'G:\Plateformes\Images\Nintendo - SNES\Fanart - Box - Back\North America\Donkey Kong Country-01.jpg' in 'G:\Plateformes\Images\Nintendo - SNES\Fanart - Box - Back'
08:10:20 		[CopyImages] Found 'G:\Plateformes\Images\Nintendo - SNES\Fanart - Cart - Front\Europe\Donkey Kong Country-01.png' in 'G:\Plateformes\Images\Nintendo - SNES\Fanart - Cart - Front'
08:10:20 		[CopyImages] Found 'G:\Plateformes\Images\Nintendo - SNES\Fanart - Background\Donkey Kong Country-01.jpg' in 'G:\Plateformes\Images\Nintendo - SNES\Fanart - Background'
08:10:20 		[CopyImages] Found 'G:\Plateformes\Images\Nintendo - SNES\Fanart - Background\Donkey Kong Country-01.png' in 'G:\Plateformes\Images\Nintendo - SNES\Fanart - Background'
08:10:20 		[CopyImages] Found 'G:\Plateformes\Images\Nintendo - SNES\Fanart - Background\Donkey Kong Country-02.jpg' in 'G:\Plateformes\Images\Nintendo - SNES\Fanart - Background'
08:10:20 		[CopyImages] Found 'G:\Plateformes\Images\Nintendo - SNES\Fanart - Background\Donkey Kong Country-03.jpg' in 'G:\Plateformes\Images\Nintendo - SNES\Fanart - Background'
08:10:20 		[CopyImages] Found 'G:\Plateformes\Images\Nintendo - SNES\Fanart - Background\Donkey Kong Country-04.jpg' in 'G:\Plateformes\Images\Nintendo - SNES\Fanart - Background'
08:10:20 		[CopyImages] Found 'G:\Plateformes\Images\Nintendo - SNES\Fanart - Background\Donkey Kong Country-05.jpg' in 'G:\Plateformes\Images\Nintendo - SNES\Fanart - Background'
08:10:20 		[CopyImages] Found 'G:\Plateformes\Images\Nintendo - SNES\Fanart - Background\Donkey Kong Country-06.jpg' in 'G:\Plateformes\Images\Nintendo - SNES\Fanart - Background'
08:10:20 		[CopyImages] Found 'G:\Plateformes\Images\Nintendo - SNES\Fanart - Background\Donkey Kong Country-07.jpg' in 'G:\Plateformes\Images\Nintendo - SNES\Fanart - Background'
08:10:20 		[CopyImages] Found 'G:\Plateformes\Images\Nintendo - SNES\Fanart - Background\Donkey Kong Country-08.jpg' in 'G:\Plateformes\Images\Nintendo - SNES\Fanart - Background'
08:10:20 		[CopyImages] Found 'G:\Plateformes\Images\Nintendo - SNES\Fanart - Background\Donkey Kong Country-09.jpg' in 'G:\Plateformes\Images\Nintendo - SNES\Fanart - Background'
08:10:20 		[CopyImages] Found 'G:\Plateformes\Images\Nintendo - SNES\Fanart - Background\Donkey Kong Country-10.jpg' in 'G:\Plateformes\Images\Nintendo - SNES\Fanart - Background'
08:10:20 		[CopyImages] Found 'G:\Plateformes\Images\Nintendo - SNES\Fanart - Background\Donkey Kong Country-11.jpg' in 'G:\Plateformes\Images\Nintendo - SNES\Fanart - Background'
08:10:20 		[CopyImages] Found 'G:\Plateformes\Images\Nintendo - SNES\Fanart - Background\Donkey Kong Country-12.jpg' in 'G:\Plateformes\Images\Nintendo - SNES\Fanart - Background'
08:10:20 		[CopyImages] Found 'G:\Plateformes\Images\Nintendo - SNES\Fanart - Background\Donkey Kong Country-13.jpg' in 'G:\Plateformes\Images\Nintendo - SNES\Fanart - Background'
08:10:20 		[CopyImages] Found 'G:\Plateformes\Images\Nintendo - SNES\Fanart - Background\Donkey Kong Country-14.jpg' in 'G:\Plateformes\Images\Nintendo - SNES\Fanart - Background'
08:10:20 		[CopyImages] Found 'G:\Plateformes\Images\Nintendo - SNES\Fanart - Background\Donkey Kong Country-15.jpg' in 'G:\Plateformes\Images\Nintendo - SNES\Fanart - Background'
08:10:20 		[CopyImages] Found 'G:\Plateformes\Images\Nintendo - SNES\Fanart - Background\Donkey Kong Country-16.jpg' in 'G:\Plateformes\Images\Nintendo - SNES\Fanart - Background'
08:10:20 		[CopyImages] Found 'G:\Plateformes\Images\Nintendo - SNES\Screenshot - Gameplay\Europe\Donkey Kong Country-01.png' in 'G:\Plateformes\Images\Nintendo - SNES\Screenshot - Gameplay'
08:10:20 		[CopyImages] Found 'G:\Plateformes\Images\Nintendo - SNES\Screenshot - Game Title\Europe\Donkey Kong Country-01.png' in 'G:\Plateformes\Images\Nintendo - SNES\Screenshot - Game Title'
08:10:20 		[CopyImages] Found 'G:\Plateformes\Images\Nintendo - SNES\Screenshot - Game Over\Donkey Kong Country-01.png' in 'G:\Plateformes\Images\Nintendo - SNES\Screenshot - Game Over'
08:10:21 [CopyHandler] Destination file exists... 08:10:25 PassAll
08:10:25 [CopyHandler] Destination file exists... 08:10:25 PassAll
08:10:25 [CopyHandler] Destination file exists... 08:10:25 PassAll
08:10:25 [CopyHandler] Destination file exists... 08:10:25 PassAll
08:10:25 [CopyHandler] Destination file exists... 08:10:25 PassAll
08:10:25 [CopyHandler] Destination file exists... 08:10:25 PassAll
08:10:25 [CopyHandler] Destination file exists... 08:10:25 PassAll
08:10:25 [CopyHandler] Destination file exists... 08:10:25 PassAll
08:10:25 [CopyHandler] Destination file exists... 08:10:25 PassAll
08:10:25 [CopyHandler] Destination file exists... 08:10:25 PassAll
08:10:25 [CopyHandler] Destination file exists... 08:10:25 PassAll
08:10:25 [CopyHandler] Destination file exists... 08:10:25 PassAll
08:10:25 [CopyHandler] Destination file exists... 08:10:25 PassAll
08:10:25 [CopyHandler] Destination file exists... 08:10:25 PassAll
08:10:25 [CopyHandler] Destination file exists... 08:10:25 PassAll
08:10:25 [CopyHandler] Destination file exists... 08:10:25 PassAll
08:10:25 [CopyHandler] Destination file exists... 08:10:25 PassAll
08:10:25 [CopyHandler] Destination file exists... 08:10:25 PassAll
08:10:25 [CopyHandler] Destination file exists... 08:10:25 PassAll
08:10:25 [CopyHandler] Destination file exists... 08:10:25 PassAll
08:10:25 [CopyHandler] Destination file exists... 08:10:26 PassAll
08:10:26 [CopyHandler] Destination file exists... 08:10:26 PassAll
08:10:26 [CopyHandler] Destination file exists... 08:10:26 PassAll
08:10:26 [CopyHandler] Destination file exists... 08:10:26 PassAll
08:10:26 [CopyHandler] Destination file exists... 08:10:26 PassAll
08:10:26 [CopyHandler] Destination file exists... 08:10:26 PassAll
08:10:26 [CopyHandler] Destination file exists... 08:10:26 PassAll
08:10:26 [CopyHandler] Destination file exists... 08:10:26 PassAll
08:10:26 [CopyHandler] Destination file exists... 08:10:26 PassAll
08:10:26 [CopyHandler] Destination file exists... 08:10:26 PassAll
08:10:26 [CopyHandler] Destination file exists... 08:10:26 PassAll
08:10:26 [CopyHandler] Destination file exists... 08:10:26 PassAll
08:10:26 [CopyHandler] Destination file exists... 08:10:26 PassAll
08:10:26 [CopyHandler] Destination file exists... 08:10:26 PassAll
08:10:26 [CopyHandler] Destination file exists... 08:10:26 PassAll
08:10:26 [CopyHandler] Destination file exists... 08:10:26 PassAll
08:10:26 [CopyHandler] Destination file exists... 08:10:26 PassAll
08:10:26 [CopyHandler] Destination file exists... 08:10:26 PassAll
08:10:26 [CopyHandler] Destination file exists... 08:10:26 PassAll
08:10:26 [CopyHandler] Destination file exists... 08:10:26 PassAll
08:10:32 [CopyCheatCodes] Search in: 'G:\fauxgames\Cheat Codes\Super Nintendo Entertainment System' of files beginning by 'Donkey Kong Country-': 08:12:33 [Main] PackMe for 'Donkey Kong Country' | 'fc1ac9d2-d88a-4851-8939-cea8ddeb74bb'
08:12:33 Directory Exists 'G:\Temp\pmg - temp\Super Nintendo Entertainment System\Donkey Kong Country (E) (M3) (V1.0) [f1]'
08:12:36 [MakeStructure] Creation of the tree
08:12:36 [CreateHFolders] Creation of 'G:\Temp\pmg - temp\Super Nintendo Entertainment System\Donkey Kong Country (E) (M3) (V1.0) [f1]\Games'
08:12:36 [CreateHFolders] Creation of 'G:\Temp\pmg - temp\Super Nintendo Entertainment System\Donkey Kong Country (E) (M3) (V1.0) [f1]\CheatCodes'
08:12:36 [CreateHFolders] Creation of 'G:\Temp\pmg - temp\Super Nintendo Entertainment System\Donkey Kong Country (E) (M3) (V1.0) [f1]\Images'
08:12:36 [CreateHFolders] Creation of 'G:\Temp\pmg - temp\Super Nintendo Entertainment System\Donkey Kong Country (E) (M3) (V1.0) [f1]\Manuals'
08:12:36 [CreateHFolders] Creation of 'G:\Temp\pmg - temp\Super Nintendo Entertainment System\Donkey Kong Country (E) (M3) (V1.0) [f1]\Musics'
08:12:36 [CreateHFolders] Creation of 'G:\Temp\pmg - temp\Super Nintendo Entertainment System\Donkey Kong Country (E) (M3) (V1.0) [f1]\Videos'
08:12:36 Not managed: GogAppId
08:12:36 Not managed: GogAppId
08:12:36 Not managed: OriginAppId
08:12:36 Not managed: OriginAppId
08:12:36 Not managed: OriginInstallPath
08:12:36 Not managed: OriginInstallPath
08:12:36 Not managed: MissingBox3dImage
08:12:36 Not managed: MissingBox3dImage
08:12:36 Not managed: MissingCartImage
08:12:36 Not managed: MissingCartImage
08:12:36 Not managed: MissingCart3dImage
08:12:36 Not managed: MissingCart3dImage
08:12:36 Not managed: MissingManual
08:12:36 Not managed: MissingManual
08:12:36 Not managed: MissingBannerImage
08:12:36 Not managed: MissingBannerImage
08:12:36 Not managed: MissingMusic
08:12:36 Not managed: MissingMusic
08:12:36 Not managed: UsePauseScreen
08:12:36 Not managed: UsePauseScreen
08:12:36 Not managed: PauseAutoHotkeyScript
08:12:36 Not managed: PauseAutoHotkeyScript
08:12:36 Not managed: ResumeAutoHotkeyScript
08:12:36 Not managed: ResumeAutoHotkeyScript
08:12:36 Not managed: OverrideDefaultPauseScreenSettings
08:12:36 Not managed: OverrideDefaultPauseScreenSettings
08:12:36 Not managed: SuspendProcessOnPause
08:12:36 Not managed: SuspendProcessOnPause
08:12:36 Not managed: ForcefulPauseScreenActivation
08:12:36 Not managed: ForcefulPauseScreenActivation
08:12:36 Not managed: LoadStateAutoHotkeyScript
08:12:36 Not managed: LoadStateAutoHotkeyScript
08:12:36 Not managed: SaveStateAutoHotkeyScript
08:12:36 Not managed: SaveStateAutoHotkeyScript
08:12:36 Not managed: ResetAutoHotkeyScript
08:12:36 Not managed: ResetAutoHotkeyScript
08:12:36 Not managed: SwapDiscsAutoHotkeyScript
08:12:36 Not managed: SwapDiscsAutoHotkeyScript
08:12:36 [CopyHandler] Destination file exists... 08:12:39 PassAll
08:12:41 [CopyHandler] Destination file exists... 08:12:41 PassAll
08:12:42 [CopyHandler] Destination file exists... 08:12:42 PassAll
08:12:43 [CopyHandler] Destination file exists... 08:12:43 PassAll
08:12:43 [CopyHandler] Destination file exists... 08:12:43 PassAll
08:12:43 		[CopyImages] Found 'G:\Plateformes\Images\Nintendo - SNES\Box - Front\Donkey Kong Country-01.png' in 'G:\Plateformes\Images\Nintendo - SNES\Box - Front'
08:12:43 		[CopyImages] Found 'G:\Plateformes\Images\Nintendo - SNES\Box - Front\France\Donkey Kong Country-01.png' in 'G:\Plateformes\Images\Nintendo - SNES\Box - Front'
08:12:43 		[CopyImages] Found 'G:\Plateformes\Images\Nintendo - SNES\Box - Back\North America\Donkey Kong Country-01.jpg' in 'G:\Plateformes\Images\Nintendo - SNES\Box - Back'
08:12:43 		[CopyImages] Found 'G:\Plateformes\Images\Nintendo - SNES\Box - 3D\Donkey Kong Country-01.png' in 'G:\Plateformes\Images\Nintendo - SNES\Box - 3D'
08:12:43 		[CopyImages] Found 'G:\Plateformes\Images\Nintendo - SNES\Box - 3D\Donkey Kong Country-02.png' in 'G:\Plateformes\Images\Nintendo - SNES\Box - 3D'
08:12:43 		[CopyImages] Found 'G:\Plateformes\Images\Nintendo - SNES\Box - 3D\Europe\Donkey Kong Country-01.png' in 'G:\Plateformes\Images\Nintendo - SNES\Box - 3D'
08:12:43 		[CopyImages] Found 'G:\Plateformes\Images\Nintendo - SNES\Arcade - Marquee\Donkey Kong Country-01.png' in 'G:\Plateformes\Images\Nintendo - SNES\Arcade - Marquee'
08:12:43 		[CopyImages] Found 'G:\Plateformes\Images\Nintendo - SNES\Banner\Donkey Kong Country-01.jpg' in 'G:\Plateformes\Images\Nintendo - SNES\Banner'
08:12:43 		[CopyImages] Found 'G:\Plateformes\Images\Nintendo - SNES\Banner\Donkey Kong Country-01.png' in 'G:\Plateformes\Images\Nintendo - SNES\Banner'
08:12:43 		[CopyImages] Found 'G:\Plateformes\Images\Nintendo - SNES\Banner\Donkey Kong Country-02.jpg' in 'G:\Plateformes\Images\Nintendo - SNES\Banner'
08:12:43 		[CopyImages] Found 'G:\Plateformes\Images\Nintendo - SNES\Banner\Donkey Kong Country-02.png' in 'G:\Plateformes\Images\Nintendo - SNES\Banner'
08:12:43 		[CopyImages] Found 'G:\Plateformes\Images\Nintendo - SNES\Banner\Donkey Kong Country-03.png' in 'G:\Plateformes\Images\Nintendo - SNES\Banner'
08:12:43 		[CopyImages] Found 'G:\Plateformes\Images\Nintendo - SNES\Cart - Front\Donkey Kong Country-01.png' in 'G:\Plateformes\Images\Nintendo - SNES\Cart - Front'
08:12:43 		[CopyImages] Found 'G:\Plateformes\Images\Nintendo - SNES\Cart - Front\Japan\Donkey Kong Country-01.jpg' in 'G:\Plateformes\Images\Nintendo - SNES\Cart - Front'
08:12:43 		[CopyImages] Found 'G:\Plateformes\Images\Nintendo - SNES\Cart - 3D\Donkey Kong Country-01.png' in 'G:\Plateformes\Images\Nintendo - SNES\Cart - 3D'
08:12:43 		[CopyImages] Found 'G:\Plateformes\Images\Nintendo - SNES\Cart - 3D\North America\Donkey Kong Country-01.png' in 'G:\Plateformes\Images\Nintendo - SNES\Cart - 3D'
08:12:43 		[CopyImages] Found 'G:\Plateformes\Images\Nintendo - SNES\Clear Logo\Donkey Kong Country-01.png' in 'G:\Plateformes\Images\Nintendo - SNES\Clear Logo'
08:12:43 		[CopyImages] Found 'G:\Plateformes\Images\Nintendo - SNES\Clear Logo\North America\Donkey Kong Country-01.png' in 'G:\Plateformes\Images\Nintendo - SNES\Clear Logo'
08:12:43 		[CopyImages] Found 'G:\Plateformes\Images\Nintendo - SNES\Fanart - Box - Back\North America\Donkey Kong Country-01.jpg' in 'G:\Plateformes\Images\Nintendo - SNES\Fanart - Box - Back'
08:12:43 		[CopyImages] Found 'G:\Plateformes\Images\Nintendo - SNES\Fanart - Cart - Front\Europe\Donkey Kong Country-01.png' in 'G:\Plateformes\Images\Nintendo - SNES\Fanart - Cart - Front'
08:12:43 		[CopyImages] Found 'G:\Plateformes\Images\Nintendo - SNES\Fanart - Background\Donkey Kong Country-01.jpg' in 'G:\Plateformes\Images\Nintendo - SNES\Fanart - Background'
08:12:43 		[CopyImages] Found 'G:\Plateformes\Images\Nintendo - SNES\Fanart - Background\Donkey Kong Country-01.png' in 'G:\Plateformes\Images\Nintendo - SNES\Fanart - Background'
08:12:43 		[CopyImages] Found 'G:\Plateformes\Images\Nintendo - SNES\Fanart - Background\Donkey Kong Country-02.jpg' in 'G:\Plateformes\Images\Nintendo - SNES\Fanart - Background'
08:12:43 		[CopyImages] Found 'G:\Plateformes\Images\Nintendo - SNES\Fanart - Background\Donkey Kong Country-03.jpg' in 'G:\Plateformes\Images\Nintendo - SNES\Fanart - Background'
08:12:43 		[CopyImages] Found 'G:\Plateformes\Images\Nintendo - SNES\Fanart - Background\Donkey Kong Country-04.jpg' in 'G:\Plateformes\Images\Nintendo - SNES\Fanart - Background'
08:12:43 		[CopyImages] Found 'G:\Plateformes\Images\Nintendo - SNES\Fanart - Background\Donkey Kong Country-05.jpg' in 'G:\Plateformes\Images\Nintendo - SNES\Fanart - Background'
08:12:43 		[CopyImages] Found 'G:\Plateformes\Images\Nintendo - SNES\Fanart - Background\Donkey Kong Country-06.jpg' in 'G:\Plateformes\Images\Nintendo - SNES\Fanart - Background'
08:12:43 		[CopyImages] Found 'G:\Plateformes\Images\Nintendo - SNES\Fanart - Background\Donkey Kong Country-07.jpg' in 'G:\Plateformes\Images\Nintendo - SNES\Fanart - Background'
08:12:43 		[CopyImages] Found 'G:\Plateformes\Images\Nintendo - SNES\Fanart - Background\Donkey Kong Country-08.jpg' in 'G:\Plateformes\Images\Nintendo - SNES\Fanart - Background'
08:12:43 		[CopyImages] Found 'G:\Plateformes\Images\Nintendo - SNES\Fanart - Background\Donkey Kong Country-09.jpg' in 'G:\Plateformes\Images\Nintendo - SNES\Fanart - Background'
08:12:43 		[CopyImages] Found 'G:\Plateformes\Images\Nintendo - SNES\Fanart - Background\Donkey Kong Country-10.jpg' in 'G:\Plateformes\Images\Nintendo - SNES\Fanart - Background'
08:12:43 		[CopyImages] Found 'G:\Plateformes\Images\Nintendo - SNES\Fanart - Background\Donkey Kong Country-11.jpg' in 'G:\Plateformes\Images\Nintendo - SNES\Fanart - Background'
08:12:43 		[CopyImages] Found 'G:\Plateformes\Images\Nintendo - SNES\Fanart - Background\Donkey Kong Country-12.jpg' in 'G:\Plateformes\Images\Nintendo - SNES\Fanart - Background'
08:12:43 		[CopyImages] Found 'G:\Plateformes\Images\Nintendo - SNES\Fanart - Background\Donkey Kong Country-13.jpg' in 'G:\Plateformes\Images\Nintendo - SNES\Fanart - Background'
08:12:43 		[CopyImages] Found 'G:\Plateformes\Images\Nintendo - SNES\Fanart - Background\Donkey Kong Country-14.jpg' in 'G:\Plateformes\Images\Nintendo - SNES\Fanart - Background'
08:12:43 		[CopyImages] Found 'G:\Plateformes\Images\Nintendo - SNES\Fanart - Background\Donkey Kong Country-15.jpg' in 'G:\Plateformes\Images\Nintendo - SNES\Fanart - Background'
08:12:43 		[CopyImages] Found 'G:\Plateformes\Images\Nintendo - SNES\Fanart - Background\Donkey Kong Country-16.jpg' in 'G:\Plateformes\Images\Nintendo - SNES\Fanart - Background'
08:12:43 		[CopyImages] Found 'G:\Plateformes\Images\Nintendo - SNES\Screenshot - Gameplay\Europe\Donkey Kong Country-01.png' in 'G:\Plateformes\Images\Nintendo - SNES\Screenshot - Gameplay'
08:12:43 		[CopyImages] Found 'G:\Plateformes\Images\Nintendo - SNES\Screenshot - Game Title\Europe\Donkey Kong Country-01.png' in 'G:\Plateformes\Images\Nintendo - SNES\Screenshot - Game Title'
08:12:43 		[CopyImages] Found 'G:\Plateformes\Images\Nintendo - SNES\Screenshot - Game Over\Donkey Kong Country-01.png' in 'G:\Plateformes\Images\Nintendo - SNES\Screenshot - Game Over'
08:12:43 [CopyHandler] Destination file exists... 08:12:50 PassAll
08:12:50 [CopyHandler] Destination file exists... 08:12:50 PassAll
08:12:50 [CopyHandler] Destination file exists... 08:12:50 PassAll
08:12:50 [CopyHandler] Destination file exists... 08:12:50 PassAll
08:12:50 [CopyHandler] Destination file exists... 08:12:50 PassAll
08:12:50 [CopyHandler] Destination file exists... 08:12:50 PassAll
08:12:50 [CopyHandler] Destination file exists... 08:12:50 PassAll
08:12:50 [CopyHandler] Destination file exists... 08:12:50 PassAll
08:12:50 [CopyHandler] Destination file exists... 08:12:50 PassAll
08:12:50 [CopyHandler] Destination file exists... 08:12:50 PassAll
08:12:50 [CopyHandler] Destination file exists... 08:12:50 PassAll
08:12:50 [CopyHandler] Destination file exists... 08:12:50 PassAll
08:12:50 [CopyHandler] Destination file exists... 08:12:50 PassAll
08:12:50 [CopyHandler] Destination file exists... 08:12:50 PassAll
08:12:50 [CopyHandler] Destination file exists... 08:12:50 PassAll
08:12:50 [CopyHandler] Destination file exists... 08:12:50 PassAll
08:12:50 [CopyHandler] Destination file exists... 08:12:50 PassAll
08:12:50 [CopyHandler] Destination file exists... 08:12:50 PassAll
08:12:50 [CopyHandler] Destination file exists... 08:12:50 PassAll
08:12:50 [CopyHandler] Destination file exists... 08:12:50 PassAll
08:12:50 [CopyHandler] Destination file exists... 08:12:50 PassAll
08:12:50 [CopyHandler] Destination file exists... 08:12:50 PassAll
08:12:50 [CopyHandler] Destination file exists... 08:12:50 PassAll
08:12:50 [CopyHandler] Destination file exists... 08:12:50 PassAll
08:12:50 [CopyHandler] Destination file exists... 08:12:50 PassAll
08:12:50 [CopyHandler] Destination file exists... 08:12:50 PassAll
08:12:50 [CopyHandler] Destination file exists... 08:12:50 PassAll
08:12:50 [CopyHandler] Destination file exists... 08:12:50 PassAll
08:12:50 [CopyHandler] Destination file exists... 08:12:50 PassAll
08:12:50 [CopyHandler] Destination file exists... 08:12:50 PassAll
08:12:50 [CopyHandler] Destination file exists... 08:12:50 PassAll
08:12:50 [CopyHandler] Destination file exists... 08:12:50 PassAll
08:12:50 [CopyHandler] Destination file exists... 08:12:50 PassAll
08:12:50 [CopyHandler] Destination file exists... 08:12:50 PassAll
08:12:50 [CopyHandler] Destination file exists... 08:12:50 PassAll
08:12:50 [CopyHandler] Destination file exists... 08:12:50 PassAll
08:12:50 [CopyHandler] Destination file exists... 08:12:50 PassAll
08:12:50 [CopyHandler] Destination file exists... 08:12:50 PassAll
08:12:50 [CopyHandler] Destination file exists... 08:12:50 PassAll
08:12:50 [CopyHandler] Destination file exists... 08:12:50 PassAll
08:13:08 [CopyCheatCodes] Search in: 'G:\fauxgames\Cheat Codes\Super Nintendo Entertainment System' of files beginning by 'Donkey Kong Country-': 