****** Initialisation Logger - niveau: 0 ******
11:01:08 Language fr-FR - 1.0.0.4, loading...
11:01:26 [Main] PackMe for 'Donkey Kong Country' | 'fc1ac9d2-d88a-4851-8939-cea8ddeb74bb'
11:01:26 Directory Exists 'G:\Temp\pmg - temp\Super Nintendo Entertainment System\Donkey Kong Country (E) (M3) (V1.0) [f1]'
11:01:29 [MakeStructure] Creation of the tree
11:01:29 [CreateHFolders] Creation of 'G:\Temp\pmg - temp\Super Nintendo Entertainment System\Donkey Kong Country (E) (M3) (V1.0) [f1]\Games'
11:01:29 [CreateHFolders] Creation of 'G:\Temp\pmg - temp\Super Nintendo Entertainment System\Donkey Kong Country (E) (M3) (V1.0) [f1]\CheatCodes'
11:01:29 [CreateHFolders] Creation of 'G:\Temp\pmg - temp\Super Nintendo Entertainment System\Donkey Kong Country (E) (M3) (V1.0) [f1]\Images'
11:01:29 [CreateHFolders] Creation of 'G:\Temp\pmg - temp\Super Nintendo Entertainment System\Donkey Kong Country (E) (M3) (V1.0) [f1]\Manuals'
11:01:29 [CreateHFolders] Creation of 'G:\Temp\pmg - temp\Super Nintendo Entertainment System\Donkey Kong Country (E) (M3) (V1.0) [f1]\Musics'
11:01:29 [CreateHFolders] Creation of 'G:\Temp\pmg - temp\Super Nintendo Entertainment System\Donkey Kong Country (E) (M3) (V1.0) [f1]\Videos'
11:01:29 Not managed: MissingBox3dImage
11:01:29 Not managed: MissingCartImage
11:01:29 Not managed: MissingCart3dImage
11:01:29 Not managed: MissingManual
11:01:29 Not managed: MissingBannerImage
11:01:29 Not managed: MissingMusic
11:01:29 Not managed: UsePauseScreen
11:01:29 Not managed: OverrideDefaultPauseScreenSettings
11:01:29 Not managed: SuspendProcessOnPause
11:01:29 Not managed: ForcefulPauseScreenActivation
11:01:31 [CopyHandler] Destination file exists, abort
11:01:43 Le thread appelant doit être en mode STA, comme l'exigent de nombreux composants de l'interface utilisateur.
11:02:38 [Main] PackMe for 'Donkey Kong Country' | 'fc1ac9d2-d88a-4851-8939-cea8ddeb74bb'
11:02:38 Directory Exists 'G:\Temp\pmg - temp\Super Nintendo Entertainment System\Donkey Kong Country (E) (M3) (V1.0) [f1]'
11:02:40 [MakeStructure] Creation of the tree
11:02:40 [CreateHFolders] Creation of 'G:\Temp\pmg - temp\Super Nintendo Entertainment System\Donkey Kong Country (E) (M3) (V1.0) [f1]\Games'
11:02:40 [CreateHFolders] Creation of 'G:\Temp\pmg - temp\Super Nintendo Entertainment System\Donkey Kong Country (E) (M3) (V1.0) [f1]\CheatCodes'
11:02:40 [CreateHFolders] Creation of 'G:\Temp\pmg - temp\Super Nintendo Entertainment System\Donkey Kong Country (E) (M3) (V1.0) [f1]\Images'
11:02:40 [CreateHFolders] Creation of 'G:\Temp\pmg - temp\Super Nintendo Entertainment System\Donkey Kong Country (E) (M3) (V1.0) [f1]\Manuals'
11:02:40 [CreateHFolders] Creation of 'G:\Temp\pmg - temp\Super Nintendo Entertainment System\Donkey Kong Country (E) (M3) (V1.0) [f1]\Musics'
11:02:40 [CreateHFolders] Creation of 'G:\Temp\pmg - temp\Super Nintendo Entertainment System\Donkey Kong Country (E) (M3) (V1.0) [f1]\Videos'
11:02:40 Not managed: MissingBox3dImage
11:02:40 Not managed: MissingBox3dImage
11:02:40 Not managed: MissingCartImage
11:02:40 Not managed: MissingCartImage
11:02:40 Not managed: MissingCart3dImage
11:02:40 Not managed: MissingCart3dImage
11:02:40 Not managed: MissingManual
11:02:40 Not managed: MissingManual
11:02:40 Not managed: MissingBannerImage
11:02:40 Not managed: MissingBannerImage
11:02:40 Not managed: MissingMusic
11:02:40 Not managed: MissingMusic
11:02:40 Not managed: UsePauseScreen
11:02:40 Not managed: UsePauseScreen
11:02:40 Not managed: OverrideDefaultPauseScreenSettings
11:02:40 Not managed: OverrideDefaultPauseScreenSettings
11:02:40 Not managed: SuspendProcessOnPause
11:02:40 Not managed: SuspendProcessOnPause
11:02:40 Not managed: ForcefulPauseScreenActivation
11:02:40 Not managed: ForcefulPauseScreenActivation
11:02:47 [CopyHandler] Destination file exists, abort
11:02:55 Le thread appelant doit être en mode STA, comme l'exigent de nombreux composants de l'interface utilisateur.
