****** Initialisation Logger - niveau: 0 ******
16:20:51 Language fr-FR - 1.0.0.4, loading...
16:21:05 [Main] PackMe for 'Donkey Kong Country' | 'fc1ac9d2-d88a-4851-8939-cea8ddeb74bb'
16:21:05 Directory Exists 'G:\Temp\pmg - temp\Super Nintendo Entertainment System\Donkey Kong Country (E) (M3) (V1.0) [f1]'
16:21:08 [MakeStructure] Creation of the tree
16:21:08 [CreateHFolders] Creation of 'G:\Temp\pmg - temp\Super Nintendo Entertainment System\Donkey Kong Country (E) (M3) (V1.0) [f1]\Games'
16:21:08 [CreateHFolders] Creation of 'G:\Temp\pmg - temp\Super Nintendo Entertainment System\Donkey Kong Country (E) (M3) (V1.0) [f1]\CheatCodes'
16:21:08 [CreateHFolders] Creation of 'G:\Temp\pmg - temp\Super Nintendo Entertainment System\Donkey Kong Country (E) (M3) (V1.0) [f1]\Images'
16:21:08 [CreateHFolders] Creation of 'G:\Temp\pmg - temp\Super Nintendo Entertainment System\Donkey Kong Country (E) (M3) (V1.0) [f1]\Manuals'
16:21:08 [CreateHFolders] Creation of 'G:\Temp\pmg - temp\Super Nintendo Entertainment System\Donkey Kong Country (E) (M3) (V1.0) [f1]\Musics'
16:21:08 [CreateHFolders] Creation of 'G:\Temp\pmg - temp\Super Nintendo Entertainment System\Donkey Kong Country (E) (M3) (V1.0) [f1]\Videos'
16:21:08 Not managed: GogAppId
16:21:08 Not managed: OriginAppId
16:21:08 Not managed: OriginInstallPath
16:21:08 Not managed: MissingBox3dImage
16:21:08 Not managed: MissingCartImage
16:21:08 Not managed: MissingCart3dImage
16:21:08 Not managed: MissingManual
16:21:08 Not managed: MissingBannerImage
16:21:08 Not managed: MissingMusic
16:21:08 Not managed: UsePauseScreen
16:21:08 Not managed: PauseAutoHotkeyScript
16:21:08 Not managed: ResumeAutoHotkeyScript
16:21:08 Not managed: OverrideDefaultPauseScreenSettings
16:21:08 Not managed: SuspendProcessOnPause
16:21:08 Not managed: ForcefulPauseScreenActivation
16:21:08 Not managed: LoadStateAutoHotkeyScript
16:21:08 Not managed: SaveStateAutoHotkeyScript
16:21:08 Not managed: ResetAutoHotkeyScript
16:21:08 Not managed: SwapDiscsAutoHotkeyScript
16:21:08 [CopyHandler] Destination file exists... 16:21:11 PassAll
16:21:13 [CopyHandler] Destination file exists... 16:21:13 PassAll
16:21:14 [CopyHandler] Destination file exists... 16:21:14 PassAll
16:21:15 [CopyHandler] Destination file exists... 16:21:15 PassAll
16:21:15 [CopyHandler] Destination file exists... 16:21:15 PassAll
16:21:15 		[CopyImages] Found 'G:\Plateformes\Images\Nintendo - SNES\Box - Front\Donkey Kong Country-01.png' in 'G:\Plateformes\Images\Nintendo - SNES\Box - Front'
16:21:15 		[CopyImages] Found 'G:\Plateformes\Images\Nintendo - SNES\Box - Front\France\Donkey Kong Country-01.png' in 'G:\Plateformes\Images\Nintendo - SNES\Box - Front'
16:21:15 		[CopyImages] Found 'G:\Plateformes\Images\Nintendo - SNES\Box - Back\North America\Donkey Kong Country-01.jpg' in 'G:\Plateformes\Images\Nintendo - SNES\Box - Back'
16:21:15 		[CopyImages] Found 'G:\Plateformes\Images\Nintendo - SNES\Box - 3D\Donkey Kong Country-01.png' in 'G:\Plateformes\Images\Nintendo - SNES\Box - 3D'
16:21:15 		[CopyImages] Found 'G:\Plateformes\Images\Nintendo - SNES\Box - 3D\Donkey Kong Country-02.png' in 'G:\Plateformes\Images\Nintendo - SNES\Box - 3D'
16:21:15 		[CopyImages] Found 'G:\Plateformes\Images\Nintendo - SNES\Box - 3D\Europe\Donkey Kong Country-01.png' in 'G:\Plateformes\Images\Nintendo - SNES\Box - 3D'
16:21:15 		[CopyImages] Found 'G:\Plateformes\Images\Nintendo - SNES\Arcade - Marquee\Donkey Kong Country-01.png' in 'G:\Plateformes\Images\Nintendo - SNES\Arcade - Marquee'
16:21:15 		[CopyImages] Found 'G:\Plateformes\Images\Nintendo - SNES\Banner\Donkey Kong Country-01.jpg' in 'G:\Plateformes\Images\Nintendo - SNES\Banner'
16:21:15 		[CopyImages] Found 'G:\Plateformes\Images\Nintendo - SNES\Banner\Donkey Kong Country-01.png' in 'G:\Plateformes\Images\Nintendo - SNES\Banner'
16:21:15 		[CopyImages] Found 'G:\Plateformes\Images\Nintendo - SNES\Banner\Donkey Kong Country-02.jpg' in 'G:\Plateformes\Images\Nintendo - SNES\Banner'
16:21:15 		[CopyImages] Found 'G:\Plateformes\Images\Nintendo - SNES\Banner\Donkey Kong Country-02.png' in 'G:\Plateformes\Images\Nintendo - SNES\Banner'
16:21:15 		[CopyImages] Found 'G:\Plateformes\Images\Nintendo - SNES\Banner\Donkey Kong Country-03.png' in 'G:\Plateformes\Images\Nintendo - SNES\Banner'
16:21:15 		[CopyImages] Found 'G:\Plateformes\Images\Nintendo - SNES\Cart - Front\Donkey Kong Country-01.png' in 'G:\Plateformes\Images\Nintendo - SNES\Cart - Front'
16:21:15 		[CopyImages] Found 'G:\Plateformes\Images\Nintendo - SNES\Cart - Front\Japan\Donkey Kong Country-01.jpg' in 'G:\Plateformes\Images\Nintendo - SNES\Cart - Front'
16:21:15 		[CopyImages] Found 'G:\Plateformes\Images\Nintendo - SNES\Cart - 3D\Donkey Kong Country-01.png' in 'G:\Plateformes\Images\Nintendo - SNES\Cart - 3D'
16:21:15 		[CopyImages] Found 'G:\Plateformes\Images\Nintendo - SNES\Cart - 3D\North America\Donkey Kong Country-01.png' in 'G:\Plateformes\Images\Nintendo - SNES\Cart - 3D'
16:21:15 		[CopyImages] Found 'G:\Plateformes\Images\Nintendo - SNES\Clear Logo\Donkey Kong Country-01.png' in 'G:\Plateformes\Images\Nintendo - SNES\Clear Logo'
16:21:15 		[CopyImages] Found 'G:\Plateformes\Images\Nintendo - SNES\Clear Logo\North America\Donkey Kong Country-01.png' in 'G:\Plateformes\Images\Nintendo - SNES\Clear Logo'
16:21:15 		[CopyImages] Found 'G:\Plateformes\Images\Nintendo - SNES\Fanart - Box - Back\North America\Donkey Kong Country-01.jpg' in 'G:\Plateformes\Images\Nintendo - SNES\Fanart - Box - Back'
16:21:15 		[CopyImages] Found 'G:\Plateformes\Images\Nintendo - SNES\Fanart - Cart - Front\Europe\Donkey Kong Country-01.png' in 'G:\Plateformes\Images\Nintendo - SNES\Fanart - Cart - Front'
16:21:15 		[CopyImages] Found 'G:\Plateformes\Images\Nintendo - SNES\Fanart - Background\Donkey Kong Country-01.jpg' in 'G:\Plateformes\Images\Nintendo - SNES\Fanart - Background'
16:21:15 		[CopyImages] Found 'G:\Plateformes\Images\Nintendo - SNES\Fanart - Background\Donkey Kong Country-01.png' in 'G:\Plateformes\Images\Nintendo - SNES\Fanart - Background'
16:21:15 		[CopyImages] Found 'G:\Plateformes\Images\Nintendo - SNES\Fanart - Background\Donkey Kong Country-02.jpg' in 'G:\Plateformes\Images\Nintendo - SNES\Fanart - Background'
16:21:15 		[CopyImages] Found 'G:\Plateformes\Images\Nintendo - SNES\Fanart - Background\Donkey Kong Country-03.jpg' in 'G:\Plateformes\Images\Nintendo - SNES\Fanart - Background'
16:21:15 		[CopyImages] Found 'G:\Plateformes\Images\Nintendo - SNES\Fanart - Background\Donkey Kong Country-04.jpg' in 'G:\Plateformes\Images\Nintendo - SNES\Fanart - Background'
16:21:15 		[CopyImages] Found 'G:\Plateformes\Images\Nintendo - SNES\Fanart - Background\Donkey Kong Country-05.jpg' in 'G:\Plateformes\Images\Nintendo - SNES\Fanart - Background'
16:21:15 		[CopyImages] Found 'G:\Plateformes\Images\Nintendo - SNES\Fanart - Background\Donkey Kong Country-06.jpg' in 'G:\Plateformes\Images\Nintendo - SNES\Fanart - Background'
16:21:15 		[CopyImages] Found 'G:\Plateformes\Images\Nintendo - SNES\Fanart - Background\Donkey Kong Country-07.jpg' in 'G:\Plateformes\Images\Nintendo - SNES\Fanart - Background'
16:21:15 		[CopyImages] Found 'G:\Plateformes\Images\Nintendo - SNES\Fanart - Background\Donkey Kong Country-08.jpg' in 'G:\Plateformes\Images\Nintendo - SNES\Fanart - Background'
16:21:15 		[CopyImages] Found 'G:\Plateformes\Images\Nintendo - SNES\Fanart - Background\Donkey Kong Country-09.jpg' in 'G:\Plateformes\Images\Nintendo - SNES\Fanart - Background'
16:21:15 		[CopyImages] Found 'G:\Plateformes\Images\Nintendo - SNES\Fanart - Background\Donkey Kong Country-10.jpg' in 'G:\Plateformes\Images\Nintendo - SNES\Fanart - Background'
16:21:15 		[CopyImages] Found 'G:\Plateformes\Images\Nintendo - SNES\Fanart - Background\Donkey Kong Country-11.jpg' in 'G:\Plateformes\Images\Nintendo - SNES\Fanart - Background'
16:21:15 		[CopyImages] Found 'G:\Plateformes\Images\Nintendo - SNES\Fanart - Background\Donkey Kong Country-12.jpg' in 'G:\Plateformes\Images\Nintendo - SNES\Fanart - Background'
16:21:15 		[CopyImages] Found 'G:\Plateformes\Images\Nintendo - SNES\Fanart - Background\Donkey Kong Country-13.jpg' in 'G:\Plateformes\Images\Nintendo - SNES\Fanart - Background'
16:21:15 		[CopyImages] Found 'G:\Plateformes\Images\Nintendo - SNES\Fanart - Background\Donkey Kong Country-14.jpg' in 'G:\Plateformes\Images\Nintendo - SNES\Fanart - Background'
16:21:15 		[CopyImages] Found 'G:\Plateformes\Images\Nintendo - SNES\Fanart - Background\Donkey Kong Country-15.jpg' in 'G:\Plateformes\Images\Nintendo - SNES\Fanart - Background'
16:21:15 		[CopyImages] Found 'G:\Plateformes\Images\Nintendo - SNES\Fanart - Background\Donkey Kong Country-16.jpg' in 'G:\Plateformes\Images\Nintendo - SNES\Fanart - Background'
16:21:15 		[CopyImages] Found 'G:\Plateformes\Images\Nintendo - SNES\Screenshot - Gameplay\Europe\Donkey Kong Country-01.png' in 'G:\Plateformes\Images\Nintendo - SNES\Screenshot - Gameplay'
16:21:15 		[CopyImages] Found 'G:\Plateformes\Images\Nintendo - SNES\Screenshot - Game Title\Europe\Donkey Kong Country-01.png' in 'G:\Plateformes\Images\Nintendo - SNES\Screenshot - Game Title'
16:21:15 		[CopyImages] Found 'G:\Plateformes\Images\Nintendo - SNES\Screenshot - Game Over\Donkey Kong Country-01.png' in 'G:\Plateformes\Images\Nintendo - SNES\Screenshot - Game Over'
16:21:15 [CopyHandler] Destination file exists... 16:21:18 PassAll
16:21:18 [CopyHandler] Destination file exists... 16:21:18 PassAll
16:21:18 [CopyHandler] Destination file exists... 16:21:18 PassAll
16:21:18 [CopyHandler] Destination file exists... 16:21:18 PassAll
16:21:18 [CopyHandler] Destination file exists... 16:21:18 PassAll
16:21:18 [CopyHandler] Destination file exists... 16:21:18 PassAll
16:21:18 [CopyHandler] Destination file exists... 16:21:18 PassAll
16:21:18 [CopyHandler] Destination file exists... 16:21:18 PassAll
16:21:18 [CopyHandler] Destination file exists... 16:21:18 PassAll
16:21:18 [CopyHandler] Destination file exists... 16:21:18 PassAll
16:21:18 [CopyHandler] Destination file exists... 16:21:18 PassAll
16:21:18 [CopyHandler] Destination file exists... 16:21:18 PassAll
16:21:18 [CopyHandler] Destination file exists... 16:21:18 PassAll
16:21:18 [CopyHandler] Destination file exists... 16:21:18 PassAll
16:21:18 [CopyHandler] Destination file exists... 16:21:18 PassAll
16:21:18 [CopyHandler] Destination file exists... 16:21:18 PassAll
16:21:18 [CopyHandler] Destination file exists... 16:21:18 PassAll
16:21:18 [CopyHandler] Destination file exists... 16:21:18 PassAll
16:21:18 [CopyHandler] Destination file exists... 16:21:18 PassAll
16:21:18 [CopyHandler] Destination file exists... 16:21:18 PassAll
16:21:18 [CopyHandler] Destination file exists... 16:21:18 PassAll
16:21:18 [CopyHandler] Destination file exists... 16:21:18 PassAll
16:21:18 [CopyHandler] Destination file exists... 16:21:18 PassAll
16:21:18 [CopyHandler] Destination file exists... 16:21:18 PassAll
16:21:18 [CopyHandler] Destination file exists... 16:21:18 PassAll
16:21:18 [CopyHandler] Destination file exists... 16:21:18 PassAll
16:21:18 [CopyHandler] Destination file exists... 16:21:18 PassAll
16:21:18 [CopyHandler] Destination file exists... 16:21:18 PassAll
16:21:18 [CopyHandler] Destination file exists... 16:21:18 PassAll
16:21:18 [CopyHandler] Destination file exists... 16:21:18 PassAll
16:21:18 [CopyHandler] Destination file exists... 16:21:18 PassAll
16:21:18 [CopyHandler] Destination file exists... 16:21:18 PassAll
16:21:18 [CopyHandler] Destination file exists... 16:21:18 PassAll
16:21:18 [CopyHandler] Destination file exists... 16:21:18 PassAll
16:21:18 [CopyHandler] Destination file exists... 16:21:18 PassAll
16:21:18 [CopyHandler] Destination file exists... 16:21:18 PassAll
16:21:18 [CopyHandler] Destination file exists... 16:21:18 PassAll
16:21:18 [CopyHandler] Destination file exists... 16:21:18 PassAll
16:21:18 [CopyHandler] Destination file exists... 16:21:18 PassAll
16:21:18 [CopyHandler] Destination file exists... 16:21:18 PassAll
16:21:21 [CopyHandler] Destination file exists... 16:21:21 PassAll
16:21:21 [CopyHandler] Destination file exists... 16:21:21 PassAll
16:21:21 [CopyHandler] Destination file exists... 16:21:21 PassAll
16:21:21 [CopyHandler] Destination file exists... 16:21:21 PassAll
16:21:21 [CopyHandler] Destination file exists... 16:21:21 PassAll
16:21:21 [CopyHandler] Destination file exists... 16:21:21 PassAll
16:21:21 [CopyHandler] Destination file exists... 16:21:21 PassAll
16:21:21 [CopyHandler] Destination file exists... 16:21:21 PassAll
16:21:21 [CopyHandler] Destination file exists... 16:21:21 PassAll
16:21:21 [CopyHandler] Destination file exists... 16:21:21 PassAll
16:21:21 [CopyHandler] Destination file exists... 16:21:21 PassAll
16:22:03 [Main] PackMe for 'Donkey Kong Country' | 'fc1ac9d2-d88a-4851-8939-cea8ddeb74bb'
16:22:03 Directory Exists 'G:\Temp\pmg - temp\Super Nintendo Entertainment System\Donkey Kong Country (E) (M3) (V1.0) [f1]'
16:25:19 [MakeStructure] Creation of the tree
16:25:19 [CreateHFolders] Creation of 'G:\Temp\pmg - temp\Super Nintendo Entertainment System\Donkey Kong Country (E) (M3) (V1.0) [f1]\Games'
16:25:19 [CreateHFolders] Creation of 'G:\Temp\pmg - temp\Super Nintendo Entertainment System\Donkey Kong Country (E) (M3) (V1.0) [f1]\CheatCodes'
16:25:19 [CreateHFolders] Creation of 'G:\Temp\pmg - temp\Super Nintendo Entertainment System\Donkey Kong Country (E) (M3) (V1.0) [f1]\Images'
16:25:19 [CreateHFolders] Creation of 'G:\Temp\pmg - temp\Super Nintendo Entertainment System\Donkey Kong Country (E) (M3) (V1.0) [f1]\Manuals'
16:25:19 [CreateHFolders] Creation of 'G:\Temp\pmg - temp\Super Nintendo Entertainment System\Donkey Kong Country (E) (M3) (V1.0) [f1]\Musics'
16:25:19 [CreateHFolders] Creation of 'G:\Temp\pmg - temp\Super Nintendo Entertainment System\Donkey Kong Country (E) (M3) (V1.0) [f1]\Videos'
16:25:19 Not managed: GogAppId
16:25:19 Not managed: GogAppId
16:25:19 Not managed: OriginAppId
16:25:19 Not managed: OriginAppId
16:25:19 Not managed: OriginInstallPath
16:25:19 Not managed: OriginInstallPath
16:25:19 Not managed: MissingBox3dImage
16:25:19 Not managed: MissingBox3dImage
16:25:19 Not managed: MissingCartImage
16:25:19 Not managed: MissingCartImage
16:25:19 Not managed: MissingCart3dImage
16:25:19 Not managed: MissingCart3dImage
16:25:19 Not managed: MissingManual
16:25:19 Not managed: MissingManual
16:25:19 Not managed: MissingBannerImage
16:25:19 Not managed: MissingBannerImage
16:25:19 Not managed: MissingMusic
16:25:19 Not managed: MissingMusic
16:25:19 Not managed: UsePauseScreen
16:25:19 Not managed: UsePauseScreen
16:25:19 Not managed: PauseAutoHotkeyScript
16:25:19 Not managed: PauseAutoHotkeyScript
16:25:19 Not managed: ResumeAutoHotkeyScript
16:25:20 Not managed: ResumeAutoHotkeyScript
16:25:20 Not managed: OverrideDefaultPauseScreenSettings
16:25:20 Not managed: OverrideDefaultPauseScreenSettings
16:25:20 Not managed: SuspendProcessOnPause
16:25:20 Not managed: SuspendProcessOnPause
16:25:20 Not managed: ForcefulPauseScreenActivation
16:25:20 Not managed: ForcefulPauseScreenActivation
16:25:20 Not managed: LoadStateAutoHotkeyScript
16:25:20 Not managed: LoadStateAutoHotkeyScript
16:25:20 Not managed: SaveStateAutoHotkeyScript
16:25:20 Not managed: SaveStateAutoHotkeyScript
16:25:20 Not managed: ResetAutoHotkeyScript
16:25:20 Not managed: ResetAutoHotkeyScript
16:25:20 Not managed: SwapDiscsAutoHotkeyScript
16:25:20 Not managed: SwapDiscsAutoHotkeyScript
16:25:20 [CopyHandler] Destination file exists... 16:25:23 PassAll
16:25:24 [CopyHandler] Destination file exists... 16:25:24 PassAll
16:25:25 [CopyHandler] Destination file exists... 16:25:25 PassAll
16:25:26 [CopyHandler] Destination file exists... 16:25:26 PassAll
16:25:26 [CopyHandler] Destination file exists... 16:25:26 PassAll
16:25:26 		[CopyImages] Found 'G:\Plateformes\Images\Nintendo - SNES\Box - Front\Donkey Kong Country-01.png' in 'G:\Plateformes\Images\Nintendo - SNES\Box - Front'
16:25:26 		[CopyImages] Found 'G:\Plateformes\Images\Nintendo - SNES\Box - Front\France\Donkey Kong Country-01.png' in 'G:\Plateformes\Images\Nintendo - SNES\Box - Front'
16:25:26 		[CopyImages] Found 'G:\Plateformes\Images\Nintendo - SNES\Box - Back\North America\Donkey Kong Country-01.jpg' in 'G:\Plateformes\Images\Nintendo - SNES\Box - Back'
16:25:26 		[CopyImages] Found 'G:\Plateformes\Images\Nintendo - SNES\Box - 3D\Donkey Kong Country-01.png' in 'G:\Plateformes\Images\Nintendo - SNES\Box - 3D'
16:25:26 		[CopyImages] Found 'G:\Plateformes\Images\Nintendo - SNES\Box - 3D\Donkey Kong Country-02.png' in 'G:\Plateformes\Images\Nintendo - SNES\Box - 3D'
16:25:26 		[CopyImages] Found 'G:\Plateformes\Images\Nintendo - SNES\Box - 3D\Europe\Donkey Kong Country-01.png' in 'G:\Plateformes\Images\Nintendo - SNES\Box - 3D'
16:25:26 		[CopyImages] Found 'G:\Plateformes\Images\Nintendo - SNES\Arcade - Marquee\Donkey Kong Country-01.png' in 'G:\Plateformes\Images\Nintendo - SNES\Arcade - Marquee'
16:25:26 		[CopyImages] Found 'G:\Plateformes\Images\Nintendo - SNES\Banner\Donkey Kong Country-01.jpg' in 'G:\Plateformes\Images\Nintendo - SNES\Banner'
16:25:26 		[CopyImages] Found 'G:\Plateformes\Images\Nintendo - SNES\Banner\Donkey Kong Country-01.png' in 'G:\Plateformes\Images\Nintendo - SNES\Banner'
16:25:26 		[CopyImages] Found 'G:\Plateformes\Images\Nintendo - SNES\Banner\Donkey Kong Country-02.jpg' in 'G:\Plateformes\Images\Nintendo - SNES\Banner'
16:25:26 		[CopyImages] Found 'G:\Plateformes\Images\Nintendo - SNES\Banner\Donkey Kong Country-02.png' in 'G:\Plateformes\Images\Nintendo - SNES\Banner'
16:25:26 		[CopyImages] Found 'G:\Plateformes\Images\Nintendo - SNES\Banner\Donkey Kong Country-03.png' in 'G:\Plateformes\Images\Nintendo - SNES\Banner'
16:25:26 		[CopyImages] Found 'G:\Plateformes\Images\Nintendo - SNES\Cart - Front\Donkey Kong Country-01.png' in 'G:\Plateformes\Images\Nintendo - SNES\Cart - Front'
16:25:26 		[CopyImages] Found 'G:\Plateformes\Images\Nintendo - SNES\Cart - Front\Japan\Donkey Kong Country-01.jpg' in 'G:\Plateformes\Images\Nintendo - SNES\Cart - Front'
16:25:26 		[CopyImages] Found 'G:\Plateformes\Images\Nintendo - SNES\Cart - 3D\Donkey Kong Country-01.png' in 'G:\Plateformes\Images\Nintendo - SNES\Cart - 3D'
16:25:26 		[CopyImages] Found 'G:\Plateformes\Images\Nintendo - SNES\Cart - 3D\North America\Donkey Kong Country-01.png' in 'G:\Plateformes\Images\Nintendo - SNES\Cart - 3D'
16:25:26 		[CopyImages] Found 'G:\Plateformes\Images\Nintendo - SNES\Clear Logo\Donkey Kong Country-01.png' in 'G:\Plateformes\Images\Nintendo - SNES\Clear Logo'
16:25:26 		[CopyImages] Found 'G:\Plateformes\Images\Nintendo - SNES\Clear Logo\North America\Donkey Kong Country-01.png' in 'G:\Plateformes\Images\Nintendo - SNES\Clear Logo'
16:25:26 		[CopyImages] Found 'G:\Plateformes\Images\Nintendo - SNES\Fanart - Box - Back\North America\Donkey Kong Country-01.jpg' in 'G:\Plateformes\Images\Nintendo - SNES\Fanart - Box - Back'
16:25:26 		[CopyImages] Found 'G:\Plateformes\Images\Nintendo - SNES\Fanart - Cart - Front\Europe\Donkey Kong Country-01.png' in 'G:\Plateformes\Images\Nintendo - SNES\Fanart - Cart - Front'
16:25:26 		[CopyImages] Found 'G:\Plateformes\Images\Nintendo - SNES\Fanart - Background\Donkey Kong Country-01.jpg' in 'G:\Plateformes\Images\Nintendo - SNES\Fanart - Background'
16:25:26 		[CopyImages] Found 'G:\Plateformes\Images\Nintendo - SNES\Fanart - Background\Donkey Kong Country-01.png' in 'G:\Plateformes\Images\Nintendo - SNES\Fanart - Background'
16:25:26 		[CopyImages] Found 'G:\Plateformes\Images\Nintendo - SNES\Fanart - Background\Donkey Kong Country-02.jpg' in 'G:\Plateformes\Images\Nintendo - SNES\Fanart - Background'
16:25:26 		[CopyImages] Found 'G:\Plateformes\Images\Nintendo - SNES\Fanart - Background\Donkey Kong Country-03.jpg' in 'G:\Plateformes\Images\Nintendo - SNES\Fanart - Background'
16:25:26 		[CopyImages] Found 'G:\Plateformes\Images\Nintendo - SNES\Fanart - Background\Donkey Kong Country-04.jpg' in 'G:\Plateformes\Images\Nintendo - SNES\Fanart - Background'
16:25:26 		[CopyImages] Found 'G:\Plateformes\Images\Nintendo - SNES\Fanart - Background\Donkey Kong Country-05.jpg' in 'G:\Plateformes\Images\Nintendo - SNES\Fanart - Background'
16:25:26 		[CopyImages] Found 'G:\Plateformes\Images\Nintendo - SNES\Fanart - Background\Donkey Kong Country-06.jpg' in 'G:\Plateformes\Images\Nintendo - SNES\Fanart - Background'
16:25:26 		[CopyImages] Found 'G:\Plateformes\Images\Nintendo - SNES\Fanart - Background\Donkey Kong Country-07.jpg' in 'G:\Plateformes\Images\Nintendo - SNES\Fanart - Background'
16:25:26 		[CopyImages] Found 'G:\Plateformes\Images\Nintendo - SNES\Fanart - Background\Donkey Kong Country-08.jpg' in 'G:\Plateformes\Images\Nintendo - SNES\Fanart - Background'
16:25:26 		[CopyImages] Found 'G:\Plateformes\Images\Nintendo - SNES\Fanart - Background\Donkey Kong Country-09.jpg' in 'G:\Plateformes\Images\Nintendo - SNES\Fanart - Background'
16:25:26 		[CopyImages] Found 'G:\Plateformes\Images\Nintendo - SNES\Fanart - Background\Donkey Kong Country-10.jpg' in 'G:\Plateformes\Images\Nintendo - SNES\Fanart - Background'
16:25:26 		[CopyImages] Found 'G:\Plateformes\Images\Nintendo - SNES\Fanart - Background\Donkey Kong Country-11.jpg' in 'G:\Plateformes\Images\Nintendo - SNES\Fanart - Background'
16:25:26 		[CopyImages] Found 'G:\Plateformes\Images\Nintendo - SNES\Fanart - Background\Donkey Kong Country-12.jpg' in 'G:\Plateformes\Images\Nintendo - SNES\Fanart - Background'
16:25:26 		[CopyImages] Found 'G:\Plateformes\Images\Nintendo - SNES\Fanart - Background\Donkey Kong Country-13.jpg' in 'G:\Plateformes\Images\Nintendo - SNES\Fanart - Background'
16:25:26 		[CopyImages] Found 'G:\Plateformes\Images\Nintendo - SNES\Fanart - Background\Donkey Kong Country-14.jpg' in 'G:\Plateformes\Images\Nintendo - SNES\Fanart - Background'
16:25:26 		[CopyImages] Found 'G:\Plateformes\Images\Nintendo - SNES\Fanart - Background\Donkey Kong Country-15.jpg' in 'G:\Plateformes\Images\Nintendo - SNES\Fanart - Background'
16:25:26 		[CopyImages] Found 'G:\Plateformes\Images\Nintendo - SNES\Fanart - Background\Donkey Kong Country-16.jpg' in 'G:\Plateformes\Images\Nintendo - SNES\Fanart - Background'
16:25:26 		[CopyImages] Found 'G:\Plateformes\Images\Nintendo - SNES\Screenshot - Gameplay\Europe\Donkey Kong Country-01.png' in 'G:\Plateformes\Images\Nintendo - SNES\Screenshot - Gameplay'
16:25:26 		[CopyImages] Found 'G:\Plateformes\Images\Nintendo - SNES\Screenshot - Game Title\Europe\Donkey Kong Country-01.png' in 'G:\Plateformes\Images\Nintendo - SNES\Screenshot - Game Title'
16:25:26 		[CopyImages] Found 'G:\Plateformes\Images\Nintendo - SNES\Screenshot - Game Over\Donkey Kong Country-01.png' in 'G:\Plateformes\Images\Nintendo - SNES\Screenshot - Game Over'
16:25:26 [CopyHandler] Destination file exists... 16:25:29 PassAll
16:25:29 [CopyHandler] Destination file exists... 16:25:29 PassAll
16:25:29 [CopyHandler] Destination file exists... 16:25:29 PassAll
16:25:29 [CopyHandler] Destination file exists... 16:25:29 PassAll
16:25:29 [CopyHandler] Destination file exists... 16:25:29 PassAll
16:25:29 [CopyHandler] Destination file exists... 16:25:29 PassAll
16:25:29 [CopyHandler] Destination file exists... 16:25:29 PassAll
16:25:29 [CopyHandler] Destination file exists... 16:25:29 PassAll
16:25:29 [CopyHandler] Destination file exists... 16:25:29 PassAll
16:25:29 [CopyHandler] Destination file exists... 16:25:29 PassAll
16:25:29 [CopyHandler] Destination file exists... 16:25:29 PassAll
16:25:29 [CopyHandler] Destination file exists... 16:25:29 PassAll
16:25:29 [CopyHandler] Destination file exists... 16:25:29 PassAll
16:25:29 [CopyHandler] Destination file exists... 16:25:29 PassAll
16:25:29 [CopyHandler] Destination file exists... 16:25:29 PassAll
16:25:29 [CopyHandler] Destination file exists... 16:25:29 PassAll
16:25:29 [CopyHandler] Destination file exists... 16:25:29 PassAll
16:25:29 [CopyHandler] Destination file exists... 16:25:29 PassAll
16:25:29 [CopyHandler] Destination file exists... 16:25:29 PassAll
16:25:29 [CopyHandler] Destination file exists... 16:25:29 PassAll
16:25:29 [CopyHandler] Destination file exists... 16:25:29 PassAll
16:25:29 [CopyHandler] Destination file exists... 16:25:29 PassAll
16:25:29 [CopyHandler] Destination file exists... 16:25:29 PassAll
16:25:29 [CopyHandler] Destination file exists... 16:25:29 PassAll
16:25:29 [CopyHandler] Destination file exists... 16:25:29 PassAll
16:25:29 [CopyHandler] Destination file exists... 16:25:29 PassAll
16:25:29 [CopyHandler] Destination file exists... 16:25:29 PassAll
16:25:29 [CopyHandler] Destination file exists... 16:25:29 PassAll
16:25:29 [CopyHandler] Destination file exists... 16:25:29 PassAll
16:25:29 [CopyHandler] Destination file exists... 16:25:29 PassAll
16:25:29 [CopyHandler] Destination file exists... 16:25:29 PassAll
16:25:29 [CopyHandler] Destination file exists... 16:25:29 PassAll
16:25:29 [CopyHandler] Destination file exists... 16:25:29 PassAll
16:25:29 [CopyHandler] Destination file exists... 16:25:29 PassAll
16:25:29 [CopyHandler] Destination file exists... 16:25:29 PassAll
16:25:29 [CopyHandler] Destination file exists... 16:25:29 PassAll
16:25:29 [CopyHandler] Destination file exists... 16:25:29 PassAll
16:25:29 [CopyHandler] Destination file exists... 16:25:29 PassAll
16:25:29 [CopyHandler] Destination file exists... 16:25:29 PassAll
16:25:29 [CopyHandler] Destination file exists... 16:25:29 PassAll
16:25:31 [CopyHandler] Destination file exists... 16:25:31 PassAll
16:25:31 [CopyHandler] Destination file exists... 16:25:31 PassAll
16:25:31 [CopyHandler] Destination file exists... 16:25:31 PassAll
16:25:31 [CopyHandler] Destination file exists... 16:25:31 PassAll
16:25:31 [CopyHandler] Destination file exists... 16:25:31 PassAll
16:25:31 [CopyHandler] Destination file exists... 16:25:31 PassAll
16:25:31 [CopyHandler] Destination file exists... 16:25:31 PassAll
16:25:31 [CopyHandler] Destination file exists... 16:25:31 PassAll
16:25:31 [CopyHandler] Destination file exists... 16:25:31 PassAll
16:25:31 [CopyHandler] Destination file exists... 16:25:31 PassAll
16:25:31 [CopyHandler] Destination file exists... 16:25:31 PassAll
