****** Initialisation Logger - niveau: 0 ******
17:55:12 Language fr-FR - 1.0.0.4, loading...
17:55:56 [Main] PackMe for 'Donkey Kong Country' | 'fc1ac9d2-d88a-4851-8939-cea8ddeb74bb'
17:55:56 Directory Exists 'G:\Temp\pmg - temp\Super Nintendo Entertainment System\Donkey Kong Country (E) (M3) (V1.0) [f1]'
17:55:58 [MakeStructure] Creation of the tree
17:55:58 [CreateHFolders] Creation of 'G:\Temp\pmg - temp\Super Nintendo Entertainment System\Donkey Kong Country (E) (M3) (V1.0) [f1]\Games'
17:55:58 [CreateHFolders] Creation of 'G:\Temp\pmg - temp\Super Nintendo Entertainment System\Donkey Kong Country (E) (M3) (V1.0) [f1]\CheatCodes'
17:55:58 [CreateHFolders] Creation of 'G:\Temp\pmg - temp\Super Nintendo Entertainment System\Donkey Kong Country (E) (M3) (V1.0) [f1]\Images'
17:55:58 [CreateHFolders] Creation of 'G:\Temp\pmg - temp\Super Nintendo Entertainment System\Donkey Kong Country (E) (M3) (V1.0) [f1]\Manuals'
17:55:58 [CreateHFolders] Creation of 'G:\Temp\pmg - temp\Super Nintendo Entertainment System\Donkey Kong Country (E) (M3) (V1.0) [f1]\Musics'
17:55:58 [CreateHFolders] Creation of 'G:\Temp\pmg - temp\Super Nintendo Entertainment System\Donkey Kong Country (E) (M3) (V1.0) [f1]\Videos'
17:55:58 Not managed: GogAppId
17:55:58 Not managed: OriginAppId
17:55:58 Not managed: OriginInstallPath
17:55:59 Not managed: MissingBox3dImage
17:55:59 Not managed: MissingCartImage
17:55:59 Not managed: MissingCart3dImage
17:55:59 Not managed: MissingManual
17:55:59 Not managed: MissingBannerImage
17:55:59 Not managed: MissingMusic
17:55:59 Not managed: UsePauseScreen
17:55:59 Not managed: PauseAutoHotkeyScript
17:55:59 Not managed: ResumeAutoHotkeyScript
17:55:59 Not managed: OverrideDefaultPauseScreenSettings
17:55:59 Not managed: SuspendProcessOnPause
17:55:59 Not managed: ForcefulPauseScreenActivation
17:55:59 Not managed: LoadStateAutoHotkeyScript
17:55:59 Not managed: SaveStateAutoHotkeyScript
17:55:59 Not managed: ResetAutoHotkeyScript
17:55:59 Not managed: SwapDiscsAutoHotkeyScript
17:55:59 [CopyHandler] Destination file exists... 17:56:01 PassAll
17:56:04 [CopyHandler] Destination file exists... 17:56:04 PassAll
17:56:05 [CopyHandler] Destination file exists... 17:56:05 PassAll
17:56:05 [CopyHandler] Destination file exists... 17:56:05 PassAll
17:56:05 [CopyHandler] Destination file exists... 17:56:05 PassAll
17:56:05 		[CopyImages] Found 'G:\Plateformes\Images\Nintendo - SNES\Box - Front\Donkey Kong Country-01.png' in 'G:\Plateformes\Images\Nintendo - SNES\Box - Front'
17:56:05 		[CopyImages] Found 'G:\Plateformes\Images\Nintendo - SNES\Box - Front\France\Donkey Kong Country-01.png' in 'G:\Plateformes\Images\Nintendo - SNES\Box - Front'
17:56:05 		[CopyImages] Found 'G:\Plateformes\Images\Nintendo - SNES\Box - Back\North America\Donkey Kong Country-01.jpg' in 'G:\Plateformes\Images\Nintendo - SNES\Box - Back'
17:56:05 		[CopyImages] Found 'G:\Plateformes\Images\Nintendo - SNES\Box - 3D\Donkey Kong Country-01.png' in 'G:\Plateformes\Images\Nintendo - SNES\Box - 3D'
17:56:05 		[CopyImages] Found 'G:\Plateformes\Images\Nintendo - SNES\Box - 3D\Donkey Kong Country-02.png' in 'G:\Plateformes\Images\Nintendo - SNES\Box - 3D'
17:56:05 		[CopyImages] Found 'G:\Plateformes\Images\Nintendo - SNES\Box - 3D\Europe\Donkey Kong Country-01.png' in 'G:\Plateformes\Images\Nintendo - SNES\Box - 3D'
17:56:05 		[CopyImages] Found 'G:\Plateformes\Images\Nintendo - SNES\Arcade - Marquee\Donkey Kong Country-01.png' in 'G:\Plateformes\Images\Nintendo - SNES\Arcade - Marquee'
17:56:05 		[CopyImages] Found 'G:\Plateformes\Images\Nintendo - SNES\Banner\Donkey Kong Country-01.jpg' in 'G:\Plateformes\Images\Nintendo - SNES\Banner'
17:56:05 		[CopyImages] Found 'G:\Plateformes\Images\Nintendo - SNES\Banner\Donkey Kong Country-01.png' in 'G:\Plateformes\Images\Nintendo - SNES\Banner'
17:56:05 		[CopyImages] Found 'G:\Plateformes\Images\Nintendo - SNES\Banner\Donkey Kong Country-02.jpg' in 'G:\Plateformes\Images\Nintendo - SNES\Banner'
17:56:05 		[CopyImages] Found 'G:\Plateformes\Images\Nintendo - SNES\Banner\Donkey Kong Country-02.png' in 'G:\Plateformes\Images\Nintendo - SNES\Banner'
17:56:05 		[CopyImages] Found 'G:\Plateformes\Images\Nintendo - SNES\Banner\Donkey Kong Country-03.png' in 'G:\Plateformes\Images\Nintendo - SNES\Banner'
17:56:05 		[CopyImages] Found 'G:\Plateformes\Images\Nintendo - SNES\Cart - Front\Donkey Kong Country-01.png' in 'G:\Plateformes\Images\Nintendo - SNES\Cart - Front'
17:56:05 		[CopyImages] Found 'G:\Plateformes\Images\Nintendo - SNES\Cart - Front\Japan\Donkey Kong Country-01.jpg' in 'G:\Plateformes\Images\Nintendo - SNES\Cart - Front'
17:56:06 		[CopyImages] Found 'G:\Plateformes\Images\Nintendo - SNES\Cart - 3D\Donkey Kong Country-01.png' in 'G:\Plateformes\Images\Nintendo - SNES\Cart - 3D'
17:56:06 		[CopyImages] Found 'G:\Plateformes\Images\Nintendo - SNES\Cart - 3D\North America\Donkey Kong Country-01.png' in 'G:\Plateformes\Images\Nintendo - SNES\Cart - 3D'
17:56:06 		[CopyImages] Found 'G:\Plateformes\Images\Nintendo - SNES\Clear Logo\Donkey Kong Country-01.png' in 'G:\Plateformes\Images\Nintendo - SNES\Clear Logo'
17:56:06 		[CopyImages] Found 'G:\Plateformes\Images\Nintendo - SNES\Clear Logo\North America\Donkey Kong Country-01.png' in 'G:\Plateformes\Images\Nintendo - SNES\Clear Logo'
17:56:06 		[CopyImages] Found 'G:\Plateformes\Images\Nintendo - SNES\Fanart - Box - Back\North America\Donkey Kong Country-01.jpg' in 'G:\Plateformes\Images\Nintendo - SNES\Fanart - Box - Back'
17:56:06 		[CopyImages] Found 'G:\Plateformes\Images\Nintendo - SNES\Fanart - Cart - Front\Europe\Donkey Kong Country-01.png' in 'G:\Plateformes\Images\Nintendo - SNES\Fanart - Cart - Front'
17:56:06 		[CopyImages] Found 'G:\Plateformes\Images\Nintendo - SNES\Fanart - Background\Donkey Kong Country-01.jpg' in 'G:\Plateformes\Images\Nintendo - SNES\Fanart - Background'
17:56:06 		[CopyImages] Found 'G:\Plateformes\Images\Nintendo - SNES\Fanart - Background\Donkey Kong Country-01.png' in 'G:\Plateformes\Images\Nintendo - SNES\Fanart - Background'
17:56:06 		[CopyImages] Found 'G:\Plateformes\Images\Nintendo - SNES\Fanart - Background\Donkey Kong Country-02.jpg' in 'G:\Plateformes\Images\Nintendo - SNES\Fanart - Background'
17:56:06 		[CopyImages] Found 'G:\Plateformes\Images\Nintendo - SNES\Fanart - Background\Donkey Kong Country-03.jpg' in 'G:\Plateformes\Images\Nintendo - SNES\Fanart - Background'
17:56:06 		[CopyImages] Found 'G:\Plateformes\Images\Nintendo - SNES\Fanart - Background\Donkey Kong Country-04.jpg' in 'G:\Plateformes\Images\Nintendo - SNES\Fanart - Background'
17:56:06 		[CopyImages] Found 'G:\Plateformes\Images\Nintendo - SNES\Fanart - Background\Donkey Kong Country-05.jpg' in 'G:\Plateformes\Images\Nintendo - SNES\Fanart - Background'
17:56:06 		[CopyImages] Found 'G:\Plateformes\Images\Nintendo - SNES\Fanart - Background\Donkey Kong Country-06.jpg' in 'G:\Plateformes\Images\Nintendo - SNES\Fanart - Background'
17:56:06 		[CopyImages] Found 'G:\Plateformes\Images\Nintendo - SNES\Fanart - Background\Donkey Kong Country-07.jpg' in 'G:\Plateformes\Images\Nintendo - SNES\Fanart - Background'
17:56:06 		[CopyImages] Found 'G:\Plateformes\Images\Nintendo - SNES\Fanart - Background\Donkey Kong Country-08.jpg' in 'G:\Plateformes\Images\Nintendo - SNES\Fanart - Background'
17:56:06 		[CopyImages] Found 'G:\Plateformes\Images\Nintendo - SNES\Fanart - Background\Donkey Kong Country-09.jpg' in 'G:\Plateformes\Images\Nintendo - SNES\Fanart - Background'
17:56:06 		[CopyImages] Found 'G:\Plateformes\Images\Nintendo - SNES\Fanart - Background\Donkey Kong Country-10.jpg' in 'G:\Plateformes\Images\Nintendo - SNES\Fanart - Background'
17:56:06 		[CopyImages] Found 'G:\Plateformes\Images\Nintendo - SNES\Fanart - Background\Donkey Kong Country-11.jpg' in 'G:\Plateformes\Images\Nintendo - SNES\Fanart - Background'
17:56:06 		[CopyImages] Found 'G:\Plateformes\Images\Nintendo - SNES\Fanart - Background\Donkey Kong Country-12.jpg' in 'G:\Plateformes\Images\Nintendo - SNES\Fanart - Background'
17:56:06 		[CopyImages] Found 'G:\Plateformes\Images\Nintendo - SNES\Fanart - Background\Donkey Kong Country-13.jpg' in 'G:\Plateformes\Images\Nintendo - SNES\Fanart - Background'
17:56:06 		[CopyImages] Found 'G:\Plateformes\Images\Nintendo - SNES\Fanart - Background\Donkey Kong Country-14.jpg' in 'G:\Plateformes\Images\Nintendo - SNES\Fanart - Background'
17:56:06 		[CopyImages] Found 'G:\Plateformes\Images\Nintendo - SNES\Fanart - Background\Donkey Kong Country-15.jpg' in 'G:\Plateformes\Images\Nintendo - SNES\Fanart - Background'
17:56:06 		[CopyImages] Found 'G:\Plateformes\Images\Nintendo - SNES\Fanart - Background\Donkey Kong Country-16.jpg' in 'G:\Plateformes\Images\Nintendo - SNES\Fanart - Background'
17:56:06 		[CopyImages] Found 'G:\Plateformes\Images\Nintendo - SNES\Screenshot - Gameplay\Europe\Donkey Kong Country-01.png' in 'G:\Plateformes\Images\Nintendo - SNES\Screenshot - Gameplay'
17:56:06 		[CopyImages] Found 'G:\Plateformes\Images\Nintendo - SNES\Screenshot - Game Title\Europe\Donkey Kong Country-01.png' in 'G:\Plateformes\Images\Nintendo - SNES\Screenshot - Game Title'
17:56:06 		[CopyImages] Found 'G:\Plateformes\Images\Nintendo - SNES\Screenshot - Game Over\Donkey Kong Country-01.png' in 'G:\Plateformes\Images\Nintendo - SNES\Screenshot - Game Over'
17:56:06 [CopyHandler] Destination file exists... 17:56:09 PassAll
17:56:09 [CopyHandler] Destination file exists... 17:56:09 PassAll
17:56:09 [CopyHandler] Destination file exists... 17:56:09 PassAll
17:56:09 [CopyHandler] Destination file exists... 17:56:09 PassAll
17:56:09 [CopyHandler] Destination file exists... 17:56:09 PassAll
17:56:09 [CopyHandler] Destination file exists... 17:56:09 PassAll
17:56:09 [CopyHandler] Destination file exists... 17:56:09 PassAll
17:56:09 [CopyHandler] Destination file exists... 17:56:09 PassAll
17:56:09 [CopyHandler] Destination file exists... 17:56:09 PassAll
17:56:09 [CopyHandler] Destination file exists... 17:56:09 PassAll
17:56:09 [CopyHandler] Destination file exists... 17:56:09 PassAll
17:56:09 [CopyHandler] Destination file exists... 17:56:09 PassAll
17:56:09 [CopyHandler] Destination file exists... 17:56:09 PassAll
17:56:09 [CopyHandler] Destination file exists... 17:56:09 PassAll
17:56:09 [CopyHandler] Destination file exists... 17:56:09 PassAll
17:56:09 [CopyHandler] Destination file exists... 17:56:09 PassAll
17:56:09 [CopyHandler] Destination file exists... 17:56:09 PassAll
17:56:09 [CopyHandler] Destination file exists... 17:56:09 PassAll
17:56:09 [CopyHandler] Destination file exists... 17:56:09 PassAll
17:56:09 [CopyHandler] Destination file exists... 17:56:09 PassAll
17:56:09 [CopyHandler] Destination file exists... 17:56:09 PassAll
17:56:09 [CopyHandler] Destination file exists... 17:56:09 PassAll
17:56:09 [CopyHandler] Destination file exists... 17:56:09 PassAll
17:56:09 [CopyHandler] Destination file exists... 17:56:09 PassAll
17:56:09 [CopyHandler] Destination file exists... 17:56:09 PassAll
17:56:09 [CopyHandler] Destination file exists... 17:56:09 PassAll
17:56:09 [CopyHandler] Destination file exists... 17:56:09 PassAll
17:56:09 [CopyHandler] Destination file exists... 17:56:09 PassAll
17:56:09 [CopyHandler] Destination file exists... 17:56:09 PassAll
17:56:09 [CopyHandler] Destination file exists... 17:56:09 PassAll
17:56:09 [CopyHandler] Destination file exists... 17:56:09 PassAll
17:56:09 [CopyHandler] Destination file exists... 17:56:09 PassAll
17:56:09 [CopyHandler] Destination file exists... 17:56:09 PassAll
17:56:09 [CopyHandler] Destination file exists... 17:56:09 PassAll
17:56:09 [CopyHandler] Destination file exists... 17:56:09 PassAll
17:56:09 [CopyHandler] Destination file exists... 17:56:09 PassAll
17:56:09 [CopyHandler] Destination file exists... 17:56:09 PassAll
17:56:09 [CopyHandler] Destination file exists... 17:56:09 PassAll
17:56:09 [CopyHandler] Destination file exists... 17:56:09 PassAll
17:56:09 [CopyHandler] Destination file exists... 17:56:09 PassAll
17:56:11 [CopyHandler] Destination file exists... 17:56:11 PassAll
17:56:11 [CopyHandler] Destination file exists... 17:56:11 PassAll
17:56:11 [CopyHandler] Destination file exists... 17:56:11 PassAll
17:56:11 [CopyHandler] Destination file exists... 17:56:11 PassAll
17:56:11 [CopyHandler] Destination file exists... 17:56:11 PassAll
17:56:11 [CopyHandler] Destination file exists... 17:56:11 PassAll
17:56:11 [CopyHandler] Destination file exists... 17:56:11 PassAll
17:56:11 [CopyHandler] Destination file exists... 17:56:11 PassAll
17:56:11 [CopyHandler] Destination file exists... 17:56:11 PassAll
17:56:11 [CopyHandler] Destination file exists... 17:56:11 PassAll
17:56:11 [CopyHandler] Destination file exists... 17:56:11 PassAll
