****** Initialisation Logger - niveau: 0 ******
12:22:40 Language fr-FR - 1.0.0.4, loading...
12:23:05 [Main] PackMe for 'Ecco the Dolphin' | '2c00a91f-9f5d-4331-869c-cb23bbdeec53'
12:23:05 Directory Exists 'G:\Temp\pmg - temp\Sega CD\Ecco the Dolphin (1993)(Sega)(PAL)[!][MK-4408P-00135 1]'
12:23:07 [MakeStructure] Creation of the tree
12:23:07 [CreateHFolders] Creation of 'G:\Temp\pmg - temp\Sega CD\Ecco the Dolphin (1993)(Sega)(PAL)[!][MK-4408P-00135 1]\Games'
12:23:07 [CreateHFolders] Creation of 'G:\Temp\pmg - temp\Sega CD\Ecco the Dolphin (1993)(Sega)(PAL)[!][MK-4408P-00135 1]\CheatCodes'
12:23:07 [CreateHFolders] Creation of 'G:\Temp\pmg - temp\Sega CD\Ecco the Dolphin (1993)(Sega)(PAL)[!][MK-4408P-00135 1]\Images'
12:23:07 [CreateHFolders] Creation of 'G:\Temp\pmg - temp\Sega CD\Ecco the Dolphin (1993)(Sega)(PAL)[!][MK-4408P-00135 1]\Manuals'
12:23:07 [CreateHFolders] Creation of 'G:\Temp\pmg - temp\Sega CD\Ecco the Dolphin (1993)(Sega)(PAL)[!][MK-4408P-00135 1]\Musics'
12:23:07 [CreateHFolders] Creation of 'G:\Temp\pmg - temp\Sega CD\Ecco the Dolphin (1993)(Sega)(PAL)[!][MK-4408P-00135 1]\Videos'
12:23:07 Not managed: GogAppId
12:23:07 Not managed: OriginAppId
12:23:07 Not managed: OriginInstallPath
12:23:07 Not managed: MissingBox3dImage
12:23:07 Not managed: MissingCartImage
12:23:07 Not managed: MissingCart3dImage
12:23:07 Not managed: MissingManual
12:23:07 Not managed: MissingBannerImage
12:23:07 Not managed: MissingMusic
12:23:07 Not managed: UsePauseScreen
12:23:07 Not managed: PauseAutoHotkeyScript
12:23:07 Not managed: ResumeAutoHotkeyScript
12:23:07 Not managed: OverrideDefaultPauseScreenSettings
12:23:07 Not managed: SuspendProcessOnPause
12:23:07 Not managed: ForcefulPauseScreenActivation
12:23:07 Not managed: LoadStateAutoHotkeyScript
12:23:07 Not managed: SaveStateAutoHotkeyScript
12:23:07 Not managed: ResetAutoHotkeyScript
12:23:07 Not managed: SwapDiscsAutoHotkeyScript
12:23:07 Not managed: AndroidBoxFrontThumbPath
12:23:07 Not managed: AndroidBoxFrontFullPath
12:23:07 Not managed: AndroidBackgroundPath
12:23:07 [CopyHandler] Destination file exists... 12:23:09 PassAll
12:23:09 [CopyHandler] Destination file exists... 12:23:09 PassAll
12:23:09 [CopyHandler] Destination file exists... 12:23:09 PassAll
12:23:09 [CopyHandler] Destination file exists... 12:23:09 PassAll
12:23:09 [CopyHandler] Destination file exists... 12:23:09 PassAll
12:23:09 [CopyHandler] Destination file exists... 12:23:09 PassAll
12:23:09 [CopyHandler] Destination file exists... 12:23:09 PassAll
12:23:09 [CopyHandler] Destination file exists... 12:23:09 PassAll
12:23:09 [CopyHandler] Destination file exists... 12:23:09 PassAll
12:23:09 [CopyHandler] Destination file exists... 12:23:09 PassAll
12:23:09 [CopyHandler] Destination file exists... 12:23:09 PassAll
12:23:09 [CopyHandler] Destination file exists... 12:23:09 PassAll
12:23:09 [CopyHandler] Destination file exists... 12:23:09 PassAll
12:23:09 [CopyHandler] Destination file exists... 12:23:09 PassAll
12:23:09 [CopyHandler] Destination file exists... 12:23:09 PassAll
12:23:09 [CopyHandler] Destination file exists... 12:23:09 PassAll
12:23:09 [CopyHandler] Destination file exists... 12:23:09 PassAll
12:23:09 [CopyFiles] Copy of the file 'Ecco the Dolphin.pdf': Successful
12:23:10 [CopyFiles] Copy of the file 'Ecco the Dolphin - Title Screen.mp3': Successful
12:23:10 [CopyFiles] Copy of the file 'Ecco the Dolphin-01.mp4': Successful
12:23:10 		[CopyImages] Found 'G:\Plateformes\Images\Sega CD\Box - Front\Ecco the Dolphin-01.png' in 'G:\Plateformes\Images\Sega CD\Box - Front'
12:23:10 		[CopyImages] Found 'G:\Plateformes\Images\Sega CD\Box - Front\Europe\Ecco the Dolphin-01.jpg' in 'G:\Plateformes\Images\Sega CD\Box - Front'
12:23:10 		[CopyImages] Found 'G:\Plateformes\Images\Sega CD\Box - Front\Europe\Ecco the Dolphin-02.jpg' in 'G:\Plateformes\Images\Sega CD\Box - Front'
12:23:10 		[CopyImages] Found 'G:\Plateformes\Images\Sega CD\Box - Front - Reconstructed\North America\Ecco the Dolphin-01.jpg' in 'G:\Plateformes\Images\Sega CD\Box - Front - Reconstructed'
12:23:10 		[CopyImages] Found 'G:\Plateformes\Images\Sega CD\Box - Back\Ecco the Dolphin-01.png' in 'G:\Plateformes\Images\Sega CD\Box - Back'
12:23:10 		[CopyImages] Found 'G:\Plateformes\Images\Sega CD\Box - Back\Europe\Ecco the Dolphin-01.jpg' in 'G:\Plateformes\Images\Sega CD\Box - Back'
12:23:10 		[CopyImages] Found 'G:\Plateformes\Images\Sega CD\Box - Back\Europe\Ecco the Dolphin-02.jpg' in 'G:\Plateformes\Images\Sega CD\Box - Back'
12:23:10 		[CopyImages] Found 'G:\Plateformes\Images\Sega CD\Box - Back - Reconstructed\North America\Ecco the Dolphin-01.jpg' in 'G:\Plateformes\Images\Sega CD\Box - Back - Reconstructed'
12:23:10 		[CopyImages] Found 'G:\Plateformes\Images\Sega CD\Box - 3D\Ecco the Dolphin-01.png' in 'G:\Plateformes\Images\Sega CD\Box - 3D'
12:23:11 		[CopyImages] Found 'G:\Plateformes\Images\Sega CD\Box - 3D\Europe\Ecco the Dolphin-01.png' in 'G:\Plateformes\Images\Sega CD\Box - 3D'
12:23:11 		[CopyImages] Found 'G:\Plateformes\Images\Sega CD\Arcade - Marquee\Ecco the Dolphin-02.png' in 'G:\Plateformes\Images\Sega CD\Arcade - Marquee'
12:23:11 		[CopyImages] Found 'G:\Plateformes\Images\Sega CD\Banner\Ecco the Dolphin-01.jpg' in 'G:\Plateformes\Images\Sega CD\Banner'
12:23:11 		[CopyImages] Found 'G:\Plateformes\Images\Sega CD\Clear Logo\Ecco the Dolphin-01.png' in 'G:\Plateformes\Images\Sega CD\Clear Logo'
12:23:11 		[CopyImages] Found 'G:\Plateformes\Images\Sega CD\Clear Logo\Japan\Ecco the Dolphin-01.png' in 'G:\Plateformes\Images\Sega CD\Clear Logo'
12:23:11 		[CopyImages] Found 'G:\Plateformes\Images\Sega CD\Disc\Ecco the Dolphin-01.png' in 'G:\Plateformes\Images\Sega CD\Disc'
12:23:11 		[CopyImages] Found 'G:\Plateformes\Images\Sega CD\Disc\Europe\Ecco the Dolphin-01.png' in 'G:\Plateformes\Images\Sega CD\Disc'
12:23:11 		[CopyImages] Found 'G:\Plateformes\Images\Sega CD\Disc\Europe\Ecco the Dolphin-02.png' in 'G:\Plateformes\Images\Sega CD\Disc'
12:23:11 		[CopyImages] Found 'G:\Plateformes\Images\Sega CD\Fanart - Box - Front\Europe\Ecco the Dolphin-01.jpg' in 'G:\Plateformes\Images\Sega CD\Fanart - Box - Front'
12:23:11 		[CopyImages] Found 'G:\Plateformes\Images\Sega CD\Fanart - Box - Back\Europe\Ecco the Dolphin-01.jpg' in 'G:\Plateformes\Images\Sega CD\Fanart - Box - Back'
12:23:11 		[CopyImages] Found 'G:\Plateformes\Images\Sega CD\Fanart - Background\Ecco the Dolphin-01.jpg' in 'G:\Plateformes\Images\Sega CD\Fanart - Background'
12:23:11 		[CopyImages] Found 'G:\Plateformes\Images\Sega CD\Screenshot - Gameplay\Ecco the Dolphin-01.png' in 'G:\Plateformes\Images\Sega CD\Screenshot - Gameplay'
12:23:11 		[CopyImages] Found 'G:\Plateformes\Images\Sega CD\Screenshot - Gameplay\North America\Ecco the Dolphin-01.png' in 'G:\Plateformes\Images\Sega CD\Screenshot - Gameplay'
12:23:11 		[CopyImages] Found 'G:\Plateformes\Images\Sega CD\Screenshot - Gameplay\North America\Ecco the Dolphin-02.png' in 'G:\Plateformes\Images\Sega CD\Screenshot - Gameplay'
12:23:11 		[CopyImages] Found 'G:\Plateformes\Images\Sega CD\Screenshot - Gameplay\North America\Ecco the Dolphin-03.png' in 'G:\Plateformes\Images\Sega CD\Screenshot - Gameplay'
12:23:11 		[CopyImages] Found 'G:\Plateformes\Images\Sega CD\Screenshot - Gameplay\North America\Ecco the Dolphin-04.png' in 'G:\Plateformes\Images\Sega CD\Screenshot - Gameplay'
12:23:11 		[CopyImages] Found 'G:\Plateformes\Images\Sega CD\Screenshot - Gameplay\North America\Ecco the Dolphin-05.png' in 'G:\Plateformes\Images\Sega CD\Screenshot - Gameplay'
12:23:11 		[CopyImages] Found 'G:\Plateformes\Images\Sega CD\Screenshot - Game Title\Ecco the Dolphin-01.png' in 'G:\Plateformes\Images\Sega CD\Screenshot - Game Title'
12:23:11 		[CopyImages] Found 'G:\Plateformes\Images\Sega CD\Screenshot - Game Title\Japan\Ecco the Dolphin-01.png' in 'G:\Plateformes\Images\Sega CD\Screenshot - Game Title'
