****** Initialisation Logger - niveau: 0 ******
09:15:35 Language fr-FR - 1.0.0.4, loading...
09:17:15 [Main] PackMe for 'Donkey Kong Country' | 'fc1ac9d2-d88a-4851-8939-cea8ddeb74bb'
09:17:15 Directory Exists 'G:\Temp\pmg - temp\Super Nintendo Entertainment System\Donkey Kong Country (E) (M3) (V1.0) [f1]'
09:17:18 [MakeStructure] Creation of the tree
09:17:18 [CreateHFolders] Creation of 'G:\Temp\pmg - temp\Super Nintendo Entertainment System\Donkey Kong Country (E) (M3) (V1.0) [f1]\Games'
09:17:18 [CreateHFolders] Creation of 'G:\Temp\pmg - temp\Super Nintendo Entertainment System\Donkey Kong Country (E) (M3) (V1.0) [f1]\CheatCodes'
09:17:18 [CreateHFolders] Creation of 'G:\Temp\pmg - temp\Super Nintendo Entertainment System\Donkey Kong Country (E) (M3) (V1.0) [f1]\Images'
09:17:18 [CreateHFolders] Creation of 'G:\Temp\pmg - temp\Super Nintendo Entertainment System\Donkey Kong Country (E) (M3) (V1.0) [f1]\Manuals'
09:17:18 [CreateHFolders] Creation of 'G:\Temp\pmg - temp\Super Nintendo Entertainment System\Donkey Kong Country (E) (M3) (V1.0) [f1]\Musics'
09:17:18 [CreateHFolders] Creation of 'G:\Temp\pmg - temp\Super Nintendo Entertainment System\Donkey Kong Country (E) (M3) (V1.0) [f1]\Videos'
09:17:18 Not managed: GogAppId
09:17:18 Not managed: OriginAppId
09:17:18 Not managed: OriginInstallPath
09:17:18 Not managed: MissingBox3dImage
09:17:18 Not managed: MissingCartImage
09:17:18 Not managed: MissingCart3dImage
09:17:18 Not managed: MissingManual
09:17:18 Not managed: MissingBannerImage
09:17:18 Not managed: MissingMusic
09:17:18 Not managed: UsePauseScreen
09:17:18 Not managed: PauseAutoHotkeyScript
09:17:18 Not managed: ResumeAutoHotkeyScript
09:17:18 Not managed: OverrideDefaultPauseScreenSettings
09:17:18 Not managed: SuspendProcessOnPause
09:17:18 Not managed: ForcefulPauseScreenActivation
09:17:18 Not managed: LoadStateAutoHotkeyScript
09:17:18 Not managed: SaveStateAutoHotkeyScript
09:17:18 Not managed: ResetAutoHotkeyScript
09:17:18 Not managed: SwapDiscsAutoHotkeyScript
09:17:18 [CopyHandler] Destination file exists... 09:17:21 PassAll
09:17:23 [CopyHandler] Destination file exists... 09:17:23 PassAll
09:17:24 [CopyHandler] Destination file exists... 09:17:24 PassAll
09:17:25 [CopyHandler] Destination file exists... 09:17:25 PassAll
09:17:25 [CopyHandler] Destination file exists... 09:17:25 PassAll
09:17:25 		[CopyImages] Found 'G:\Plateformes\Images\Nintendo - SNES\Box - Front\Donkey Kong Country-01.png' in 'G:\Plateformes\Images\Nintendo - SNES\Box - Front'
09:17:25 		[CopyImages] Found 'G:\Plateformes\Images\Nintendo - SNES\Box - Front\France\Donkey Kong Country-01.png' in 'G:\Plateformes\Images\Nintendo - SNES\Box - Front'
09:17:25 		[CopyImages] Found 'G:\Plateformes\Images\Nintendo - SNES\Box - Back\North America\Donkey Kong Country-01.jpg' in 'G:\Plateformes\Images\Nintendo - SNES\Box - Back'
09:17:25 		[CopyImages] Found 'G:\Plateformes\Images\Nintendo - SNES\Box - 3D\Donkey Kong Country-01.png' in 'G:\Plateformes\Images\Nintendo - SNES\Box - 3D'
09:17:25 		[CopyImages] Found 'G:\Plateformes\Images\Nintendo - SNES\Box - 3D\Donkey Kong Country-02.png' in 'G:\Plateformes\Images\Nintendo - SNES\Box - 3D'
09:17:25 		[CopyImages] Found 'G:\Plateformes\Images\Nintendo - SNES\Box - 3D\Europe\Donkey Kong Country-01.png' in 'G:\Plateformes\Images\Nintendo - SNES\Box - 3D'
09:17:26 		[CopyImages] Found 'G:\Plateformes\Images\Nintendo - SNES\Arcade - Marquee\Donkey Kong Country-01.png' in 'G:\Plateformes\Images\Nintendo - SNES\Arcade - Marquee'
09:17:26 		[CopyImages] Found 'G:\Plateformes\Images\Nintendo - SNES\Banner\Donkey Kong Country-01.jpg' in 'G:\Plateformes\Images\Nintendo - SNES\Banner'
09:17:26 		[CopyImages] Found 'G:\Plateformes\Images\Nintendo - SNES\Banner\Donkey Kong Country-01.png' in 'G:\Plateformes\Images\Nintendo - SNES\Banner'
09:17:26 		[CopyImages] Found 'G:\Plateformes\Images\Nintendo - SNES\Banner\Donkey Kong Country-02.jpg' in 'G:\Plateformes\Images\Nintendo - SNES\Banner'
09:17:26 		[CopyImages] Found 'G:\Plateformes\Images\Nintendo - SNES\Banner\Donkey Kong Country-02.png' in 'G:\Plateformes\Images\Nintendo - SNES\Banner'
09:17:26 		[CopyImages] Found 'G:\Plateformes\Images\Nintendo - SNES\Banner\Donkey Kong Country-03.png' in 'G:\Plateformes\Images\Nintendo - SNES\Banner'
09:17:26 		[CopyImages] Found 'G:\Plateformes\Images\Nintendo - SNES\Cart - Front\Donkey Kong Country-01.png' in 'G:\Plateformes\Images\Nintendo - SNES\Cart - Front'
09:17:26 		[CopyImages] Found 'G:\Plateformes\Images\Nintendo - SNES\Cart - Front\Japan\Donkey Kong Country-01.jpg' in 'G:\Plateformes\Images\Nintendo - SNES\Cart - Front'
09:17:26 		[CopyImages] Found 'G:\Plateformes\Images\Nintendo - SNES\Cart - 3D\Donkey Kong Country-01.png' in 'G:\Plateformes\Images\Nintendo - SNES\Cart - 3D'
09:17:26 		[CopyImages] Found 'G:\Plateformes\Images\Nintendo - SNES\Cart - 3D\North America\Donkey Kong Country-01.png' in 'G:\Plateformes\Images\Nintendo - SNES\Cart - 3D'
09:17:26 		[CopyImages] Found 'G:\Plateformes\Images\Nintendo - SNES\Clear Logo\Donkey Kong Country-01.png' in 'G:\Plateformes\Images\Nintendo - SNES\Clear Logo'
09:17:26 		[CopyImages] Found 'G:\Plateformes\Images\Nintendo - SNES\Clear Logo\North America\Donkey Kong Country-01.png' in 'G:\Plateformes\Images\Nintendo - SNES\Clear Logo'
09:17:26 		[CopyImages] Found 'G:\Plateformes\Images\Nintendo - SNES\Fanart - Box - Back\North America\Donkey Kong Country-01.jpg' in 'G:\Plateformes\Images\Nintendo - SNES\Fanart - Box - Back'
09:17:26 		[CopyImages] Found 'G:\Plateformes\Images\Nintendo - SNES\Fanart - Cart - Front\Europe\Donkey Kong Country-01.png' in 'G:\Plateformes\Images\Nintendo - SNES\Fanart - Cart - Front'
09:17:26 		[CopyImages] Found 'G:\Plateformes\Images\Nintendo - SNES\Fanart - Background\Donkey Kong Country-01.jpg' in 'G:\Plateformes\Images\Nintendo - SNES\Fanart - Background'
09:17:26 		[CopyImages] Found 'G:\Plateformes\Images\Nintendo - SNES\Fanart - Background\Donkey Kong Country-01.png' in 'G:\Plateformes\Images\Nintendo - SNES\Fanart - Background'
09:17:26 		[CopyImages] Found 'G:\Plateformes\Images\Nintendo - SNES\Fanart - Background\Donkey Kong Country-02.jpg' in 'G:\Plateformes\Images\Nintendo - SNES\Fanart - Background'
09:17:26 		[CopyImages] Found 'G:\Plateformes\Images\Nintendo - SNES\Fanart - Background\Donkey Kong Country-03.jpg' in 'G:\Plateformes\Images\Nintendo - SNES\Fanart - Background'
09:17:26 		[CopyImages] Found 'G:\Plateformes\Images\Nintendo - SNES\Fanart - Background\Donkey Kong Country-04.jpg' in 'G:\Plateformes\Images\Nintendo - SNES\Fanart - Background'
09:17:26 		[CopyImages] Found 'G:\Plateformes\Images\Nintendo - SNES\Fanart - Background\Donkey Kong Country-05.jpg' in 'G:\Plateformes\Images\Nintendo - SNES\Fanart - Background'
09:17:26 		[CopyImages] Found 'G:\Plateformes\Images\Nintendo - SNES\Fanart - Background\Donkey Kong Country-06.jpg' in 'G:\Plateformes\Images\Nintendo - SNES\Fanart - Background'
09:17:26 		[CopyImages] Found 'G:\Plateformes\Images\Nintendo - SNES\Fanart - Background\Donkey Kong Country-07.jpg' in 'G:\Plateformes\Images\Nintendo - SNES\Fanart - Background'
09:17:26 		[CopyImages] Found 'G:\Plateformes\Images\Nintendo - SNES\Fanart - Background\Donkey Kong Country-08.jpg' in 'G:\Plateformes\Images\Nintendo - SNES\Fanart - Background'
09:17:26 		[CopyImages] Found 'G:\Plateformes\Images\Nintendo - SNES\Fanart - Background\Donkey Kong Country-09.jpg' in 'G:\Plateformes\Images\Nintendo - SNES\Fanart - Background'
09:17:26 		[CopyImages] Found 'G:\Plateformes\Images\Nintendo - SNES\Fanart - Background\Donkey Kong Country-10.jpg' in 'G:\Plateformes\Images\Nintendo - SNES\Fanart - Background'
09:17:26 		[CopyImages] Found 'G:\Plateformes\Images\Nintendo - SNES\Fanart - Background\Donkey Kong Country-11.jpg' in 'G:\Plateformes\Images\Nintendo - SNES\Fanart - Background'
09:17:26 		[CopyImages] Found 'G:\Plateformes\Images\Nintendo - SNES\Fanart - Background\Donkey Kong Country-12.jpg' in 'G:\Plateformes\Images\Nintendo - SNES\Fanart - Background'
09:17:26 		[CopyImages] Found 'G:\Plateformes\Images\Nintendo - SNES\Fanart - Background\Donkey Kong Country-13.jpg' in 'G:\Plateformes\Images\Nintendo - SNES\Fanart - Background'
09:17:26 		[CopyImages] Found 'G:\Plateformes\Images\Nintendo - SNES\Fanart - Background\Donkey Kong Country-14.jpg' in 'G:\Plateformes\Images\Nintendo - SNES\Fanart - Background'
09:17:26 		[CopyImages] Found 'G:\Plateformes\Images\Nintendo - SNES\Fanart - Background\Donkey Kong Country-15.jpg' in 'G:\Plateformes\Images\Nintendo - SNES\Fanart - Background'
09:17:26 		[CopyImages] Found 'G:\Plateformes\Images\Nintendo - SNES\Fanart - Background\Donkey Kong Country-16.jpg' in 'G:\Plateformes\Images\Nintendo - SNES\Fanart - Background'
09:17:26 		[CopyImages] Found 'G:\Plateformes\Images\Nintendo - SNES\Screenshot - Gameplay\Europe\Donkey Kong Country-01.png' in 'G:\Plateformes\Images\Nintendo - SNES\Screenshot - Gameplay'
09:17:26 		[CopyImages] Found 'G:\Plateformes\Images\Nintendo - SNES\Screenshot - Game Title\Europe\Donkey Kong Country-01.png' in 'G:\Plateformes\Images\Nintendo - SNES\Screenshot - Game Title'
09:17:26 		[CopyImages] Found 'G:\Plateformes\Images\Nintendo - SNES\Screenshot - Game Over\Donkey Kong Country-01.png' in 'G:\Plateformes\Images\Nintendo - SNES\Screenshot - Game Over'
09:17:26 [CopyHandler] Destination file exists... 09:17:29 PassAll
09:17:29 [CopyHandler] Destination file exists... 09:17:29 PassAll
09:17:29 [CopyHandler] Destination file exists... 09:17:29 PassAll
09:17:29 [CopyHandler] Destination file exists... 09:17:29 PassAll
09:17:29 [CopyHandler] Destination file exists... 09:17:29 PassAll
09:17:29 [CopyHandler] Destination file exists... 09:17:29 PassAll
09:17:29 [CopyHandler] Destination file exists... 09:17:29 PassAll
09:17:29 [CopyHandler] Destination file exists... 09:17:29 PassAll
09:17:29 [CopyHandler] Destination file exists... 09:17:29 PassAll
09:17:29 [CopyHandler] Destination file exists... 09:17:29 PassAll
09:17:29 [CopyHandler] Destination file exists... 09:17:29 PassAll
09:17:29 [CopyHandler] Destination file exists... 09:17:29 PassAll
09:17:29 [CopyHandler] Destination file exists... 09:17:29 PassAll
09:17:29 [CopyHandler] Destination file exists... 09:17:29 PassAll
09:17:29 [CopyHandler] Destination file exists... 09:17:29 PassAll
09:17:29 [CopyHandler] Destination file exists... 09:17:29 PassAll
09:17:29 [CopyHandler] Destination file exists... 09:17:29 PassAll
09:17:29 [CopyHandler] Destination file exists... 09:17:29 PassAll
09:17:29 [CopyHandler] Destination file exists... 09:17:29 PassAll
09:17:29 [CopyHandler] Destination file exists... 09:17:29 PassAll
09:17:29 [CopyHandler] Destination file exists... 09:17:29 PassAll
09:17:29 [CopyHandler] Destination file exists... 09:17:29 PassAll
09:17:29 [CopyHandler] Destination file exists... 09:17:29 PassAll
09:17:29 [CopyHandler] Destination file exists... 09:17:29 PassAll
09:17:29 [CopyHandler] Destination file exists... 09:17:29 PassAll
09:17:29 [CopyHandler] Destination file exists... 09:17:29 PassAll
09:17:29 [CopyHandler] Destination file exists... 09:17:29 PassAll
09:17:29 [CopyHandler] Destination file exists... 09:17:29 PassAll
09:17:29 [CopyHandler] Destination file exists... 09:17:29 PassAll
09:17:29 [CopyHandler] Destination file exists... 09:17:29 PassAll
09:17:29 [CopyHandler] Destination file exists... 09:17:29 PassAll
09:17:29 [CopyHandler] Destination file exists... 09:17:29 PassAll
09:17:29 [CopyHandler] Destination file exists... 09:17:29 PassAll
09:17:29 [CopyHandler] Destination file exists... 09:17:29 PassAll
09:17:29 [CopyHandler] Destination file exists... 09:17:29 PassAll
09:17:29 [CopyHandler] Destination file exists... 09:17:29 PassAll
09:17:29 [CopyHandler] Destination file exists... 09:17:29 PassAll
09:17:29 [CopyHandler] Destination file exists... 09:17:29 PassAll
09:17:29 [CopyHandler] Destination file exists... 09:17:29 PassAll
09:17:29 [CopyHandler] Destination file exists... 09:17:29 PassAll
09:17:31 [CopyHandler] Destination file exists... 09:17:31 PassAll
09:17:31 [CopyHandler] Destination file exists... 09:17:31 PassAll
09:17:31 [CopyHandler] Destination file exists... 09:17:31 PassAll
09:17:31 [CopyHandler] Destination file exists... 09:17:31 PassAll
09:17:31 [CopyHandler] Destination file exists... 09:17:31 PassAll
09:17:31 [CopyHandler] Destination file exists... 09:17:31 PassAll
09:17:31 [CopyHandler] Destination file exists... 09:17:31 PassAll
09:17:31 [CopyHandler] Destination file exists... 09:17:31 PassAll
09:17:31 [CopyHandler] Destination file exists... 09:17:31 PassAll
09:17:31 [CopyHandler] Destination file exists... 09:17:31 PassAll
09:17:31 [CopyHandler] Destination file exists... 09:17:31 PassAll
09:21:05 Try 0: System.IO.IOException: Cannot create 'G:\Temp\pmg - temp\Super Nintendo Entertainment System\Donkey Kong Country' because a file or directory with the same name already exists.
   at System.IO.Directory.Move(String sourceDirName, String destDirName)
   at Pack_My_Game.Core.LaunchBoxCore.PackMe(ShortGame shGame) in E:\Programmation\Git-Hub\Pack-My-Game\Sources\Pack My Game\Core\LaunchBoxCore.cs:line 364
09:21:05 Try 1: System.IO.IOException: Cannot create 'G:\Temp\pmg - temp\Super Nintendo Entertainment System\Donkey Kong Country' because a file or directory with the same name already exists.
   at System.IO.Directory.Move(String sourceDirName, String destDirName)
   at Pack_My_Game.Core.LaunchBoxCore.PackMe(ShortGame shGame) in E:\Programmation\Git-Hub\Pack-My-Game\Sources\Pack My Game\Core\LaunchBoxCore.cs:line 364
09:21:05 Try 2: System.IO.IOException: Cannot create 'G:\Temp\pmg - temp\Super Nintendo Entertainment System\Donkey Kong Country' because a file or directory with the same name already exists.
   at System.IO.Directory.Move(String sourceDirName, String destDirName)
   at Pack_My_Game.Core.LaunchBoxCore.PackMe(ShortGame shGame) in E:\Programmation\Git-Hub\Pack-My-Game\Sources\Pack My Game\Core\LaunchBoxCore.cs:line 364
09:21:05 Try 3: System.IO.IOException: Cannot create 'G:\Temp\pmg - temp\Super Nintendo Entertainment System\Donkey Kong Country' because a file or directory with the same name already exists.
   at System.IO.Directory.Move(String sourceDirName, String destDirName)
   at Pack_My_Game.Core.LaunchBoxCore.PackMe(ShortGame shGame) in E:\Programmation\Git-Hub\Pack-My-Game\Sources\Pack My Game\Core\LaunchBoxCore.cs:line 364
09:21:05 Try 4: System.IO.IOException: Cannot create 'G:\Temp\pmg - temp\Super Nintendo Entertainment System\Donkey Kong Country' because a file or directory with the same name already exists.
   at System.IO.Directory.Move(String sourceDirName, String destDirName)
   at Pack_My_Game.Core.LaunchBoxCore.PackMe(ShortGame shGame) in E:\Programmation\Git-Hub\Pack-My-Game\Sources\Pack My Game\Core\LaunchBoxCore.cs:line 364
09:21:05 Try 5: System.IO.IOException: Cannot create 'G:\Temp\pmg - temp\Super Nintendo Entertainment System\Donkey Kong Country' because a file or directory with the same name already exists.
   at System.IO.Directory.Move(String sourceDirName, String destDirName)
   at Pack_My_Game.Core.LaunchBoxCore.PackMe(ShortGame shGame) in E:\Programmation\Git-Hub\Pack-My-Game\Sources\Pack My Game\Core\LaunchBoxCore.cs:line 364
09:21:05 Try 6: System.IO.IOException: Cannot create 'G:\Temp\pmg - temp\Super Nintendo Entertainment System\Donkey Kong Country' because a file or directory with the same name already exists.
   at System.IO.Directory.Move(String sourceDirName, String destDirName)
   at Pack_My_Game.Core.LaunchBoxCore.PackMe(ShortGame shGame) in E:\Programmation\Git-Hub\Pack-My-Game\Sources\Pack My Game\Core\LaunchBoxCore.cs:line 364
09:21:05 Try 7: System.IO.IOException: Cannot create 'G:\Temp\pmg - temp\Super Nintendo Entertainment System\Donkey Kong Country' because a file or directory with the same name already exists.
   at System.IO.Directory.Move(String sourceDirName, String destDirName)
   at Pack_My_Game.Core.LaunchBoxCore.PackMe(ShortGame shGame) in E:\Programmation\Git-Hub\Pack-My-Game\Sources\Pack My Game\Core\LaunchBoxCore.cs:line 364
09:21:05 Try 8: System.IO.IOException: Cannot create 'G:\Temp\pmg - temp\Super Nintendo Entertainment System\Donkey Kong Country' because a file or directory with the same name already exists.
   at System.IO.Directory.Move(String sourceDirName, String destDirName)
   at Pack_My_Game.Core.LaunchBoxCore.PackMe(ShortGame shGame) in E:\Programmation\Git-Hub\Pack-My-Game\Sources\Pack My Game\Core\LaunchBoxCore.cs:line 364
09:21:05 Try 9: System.IO.IOException: Cannot create 'G:\Temp\pmg - temp\Super Nintendo Entertainment System\Donkey Kong Country' because a file or directory with the same name already exists.
   at System.IO.Directory.Move(String sourceDirName, String destDirName)
   at Pack_My_Game.Core.LaunchBoxCore.PackMe(ShortGame shGame) in E:\Programmation\Git-Hub\Pack-My-Game\Sources\Pack My Game\Core\LaunchBoxCore.cs:line 364
