****** Initialisation Logger - niveau: 0 ******
21:44:51 Language fr-FR - 1.0.0.4, loading...
21:47:30 [Main] PackMe for 'Donkey Kong Country' | 'fc1ac9d2-d88a-4851-8939-cea8ddeb74bb'
21:47:30 Directory Exists 'G:\Temp\pmg - temp\Super Nintendo Entertainment System\Donkey Kong Country (E) (M3) (V1.0) [f1]'
21:47:32 [MakeStructure] Creation of the tree
21:47:32 [CreateHFolders] Creation of 'G:\Temp\pmg - temp\Super Nintendo Entertainment System\Donkey Kong Country (E) (M3) (V1.0) [f1]\Games'
21:47:32 [CreateHFolders] Creation of 'G:\Temp\pmg - temp\Super Nintendo Entertainment System\Donkey Kong Country (E) (M3) (V1.0) [f1]\CheatCodes'
21:47:32 [CreateHFolders] Creation of 'G:\Temp\pmg - temp\Super Nintendo Entertainment System\Donkey Kong Country (E) (M3) (V1.0) [f1]\Images'
21:47:32 [CreateHFolders] Creation of 'G:\Temp\pmg - temp\Super Nintendo Entertainment System\Donkey Kong Country (E) (M3) (V1.0) [f1]\Manuals'
21:47:32 [CreateHFolders] Creation of 'G:\Temp\pmg - temp\Super Nintendo Entertainment System\Donkey Kong Country (E) (M3) (V1.0) [f1]\Musics'
21:47:32 [CreateHFolders] Creation of 'G:\Temp\pmg - temp\Super Nintendo Entertainment System\Donkey Kong Country (E) (M3) (V1.0) [f1]\Videos'
21:47:32 Not managed: GogAppId
21:47:32 Not managed: OriginAppId
21:47:32 Not managed: OriginInstallPath
21:47:32 Not managed: MissingBox3dImage
21:47:32 Not managed: MissingCartImage
21:47:32 Not managed: MissingCart3dImage
21:47:32 Not managed: MissingManual
21:47:32 Not managed: MissingBannerImage
21:47:32 Not managed: MissingMusic
21:47:32 Not managed: UsePauseScreen
21:47:32 Not managed: PauseAutoHotkeyScript
21:47:32 Not managed: ResumeAutoHotkeyScript
21:47:32 Not managed: OverrideDefaultPauseScreenSettings
21:47:32 Not managed: SuspendProcessOnPause
21:47:32 Not managed: ForcefulPauseScreenActivation
21:47:32 Not managed: LoadStateAutoHotkeyScript
21:47:32 Not managed: SaveStateAutoHotkeyScript
21:47:32 Not managed: ResetAutoHotkeyScript
21:47:32 Not managed: SwapDiscsAutoHotkeyScript
21:50:45 [CopyHandler] Destination file exists... 21:59:03 Pass
21:59:05 [CopyHandler] Destination file exists... 21:59:15 PassAll
21:59:17 [CopyHandler] Destination file exists... 21:59:17 PassAll
21:59:19 [CopyHandler] Destination file exists... 21:59:19 PassAll
21:59:19 [CopyHandler] Destination file exists... 21:59:19 PassAll
21:59:19 		[CopyImages] Found 'G:\Plateformes\Images\Nintendo - SNES\Box - Front\Donkey Kong Country-01.png' in 'G:\Plateformes\Images\Nintendo - SNES\Box - Front'
21:59:19 		[CopyImages] Found 'G:\Plateformes\Images\Nintendo - SNES\Box - Front\France\Donkey Kong Country-01.png' in 'G:\Plateformes\Images\Nintendo - SNES\Box - Front'
21:59:19 		[CopyImages] Found 'G:\Plateformes\Images\Nintendo - SNES\Box - Back\North America\Donkey Kong Country-01.jpg' in 'G:\Plateformes\Images\Nintendo - SNES\Box - Back'
21:59:19 		[CopyImages] Found 'G:\Plateformes\Images\Nintendo - SNES\Box - 3D\Donkey Kong Country-01.png' in 'G:\Plateformes\Images\Nintendo - SNES\Box - 3D'
21:59:19 		[CopyImages] Found 'G:\Plateformes\Images\Nintendo - SNES\Box - 3D\Donkey Kong Country-02.png' in 'G:\Plateformes\Images\Nintendo - SNES\Box - 3D'
21:59:19 		[CopyImages] Found 'G:\Plateformes\Images\Nintendo - SNES\Box - 3D\Europe\Donkey Kong Country-01.png' in 'G:\Plateformes\Images\Nintendo - SNES\Box - 3D'
21:59:19 		[CopyImages] Found 'G:\Plateformes\Images\Nintendo - SNES\Arcade - Marquee\Donkey Kong Country-01.png' in 'G:\Plateformes\Images\Nintendo - SNES\Arcade - Marquee'
21:59:19 		[CopyImages] Found 'G:\Plateformes\Images\Nintendo - SNES\Banner\Donkey Kong Country-01.jpg' in 'G:\Plateformes\Images\Nintendo - SNES\Banner'
21:59:19 		[CopyImages] Found 'G:\Plateformes\Images\Nintendo - SNES\Banner\Donkey Kong Country-01.png' in 'G:\Plateformes\Images\Nintendo - SNES\Banner'
21:59:19 		[CopyImages] Found 'G:\Plateformes\Images\Nintendo - SNES\Banner\Donkey Kong Country-02.jpg' in 'G:\Plateformes\Images\Nintendo - SNES\Banner'
21:59:19 		[CopyImages] Found 'G:\Plateformes\Images\Nintendo - SNES\Banner\Donkey Kong Country-02.png' in 'G:\Plateformes\Images\Nintendo - SNES\Banner'
21:59:19 		[CopyImages] Found 'G:\Plateformes\Images\Nintendo - SNES\Banner\Donkey Kong Country-03.png' in 'G:\Plateformes\Images\Nintendo - SNES\Banner'
21:59:19 		[CopyImages] Found 'G:\Plateformes\Images\Nintendo - SNES\Cart - Front\Donkey Kong Country-01.png' in 'G:\Plateformes\Images\Nintendo - SNES\Cart - Front'
21:59:19 		[CopyImages] Found 'G:\Plateformes\Images\Nintendo - SNES\Cart - Front\Japan\Donkey Kong Country-01.jpg' in 'G:\Plateformes\Images\Nintendo - SNES\Cart - Front'
21:59:19 		[CopyImages] Found 'G:\Plateformes\Images\Nintendo - SNES\Cart - 3D\Donkey Kong Country-01.png' in 'G:\Plateformes\Images\Nintendo - SNES\Cart - 3D'
21:59:19 		[CopyImages] Found 'G:\Plateformes\Images\Nintendo - SNES\Cart - 3D\North America\Donkey Kong Country-01.png' in 'G:\Plateformes\Images\Nintendo - SNES\Cart - 3D'
21:59:19 		[CopyImages] Found 'G:\Plateformes\Images\Nintendo - SNES\Clear Logo\Donkey Kong Country-01.png' in 'G:\Plateformes\Images\Nintendo - SNES\Clear Logo'
21:59:19 		[CopyImages] Found 'G:\Plateformes\Images\Nintendo - SNES\Clear Logo\North America\Donkey Kong Country-01.png' in 'G:\Plateformes\Images\Nintendo - SNES\Clear Logo'
21:59:19 		[CopyImages] Found 'G:\Plateformes\Images\Nintendo - SNES\Fanart - Box - Back\North America\Donkey Kong Country-01.jpg' in 'G:\Plateformes\Images\Nintendo - SNES\Fanart - Box - Back'
21:59:19 		[CopyImages] Found 'G:\Plateformes\Images\Nintendo - SNES\Fanart - Cart - Front\Europe\Donkey Kong Country-01.png' in 'G:\Plateformes\Images\Nintendo - SNES\Fanart - Cart - Front'
21:59:19 		[CopyImages] Found 'G:\Plateformes\Images\Nintendo - SNES\Fanart - Background\Donkey Kong Country-01.jpg' in 'G:\Plateformes\Images\Nintendo - SNES\Fanart - Background'
21:59:19 		[CopyImages] Found 'G:\Plateformes\Images\Nintendo - SNES\Fanart - Background\Donkey Kong Country-01.png' in 'G:\Plateformes\Images\Nintendo - SNES\Fanart - Background'
21:59:19 		[CopyImages] Found 'G:\Plateformes\Images\Nintendo - SNES\Fanart - Background\Donkey Kong Country-02.jpg' in 'G:\Plateformes\Images\Nintendo - SNES\Fanart - Background'
21:59:19 		[CopyImages] Found 'G:\Plateformes\Images\Nintendo - SNES\Fanart - Background\Donkey Kong Country-03.jpg' in 'G:\Plateformes\Images\Nintendo - SNES\Fanart - Background'
21:59:19 		[CopyImages] Found 'G:\Plateformes\Images\Nintendo - SNES\Fanart - Background\Donkey Kong Country-04.jpg' in 'G:\Plateformes\Images\Nintendo - SNES\Fanart - Background'
21:59:19 		[CopyImages] Found 'G:\Plateformes\Images\Nintendo - SNES\Fanart - Background\Donkey Kong Country-05.jpg' in 'G:\Plateformes\Images\Nintendo - SNES\Fanart - Background'
21:59:19 		[CopyImages] Found 'G:\Plateformes\Images\Nintendo - SNES\Fanart - Background\Donkey Kong Country-06.jpg' in 'G:\Plateformes\Images\Nintendo - SNES\Fanart - Background'
21:59:19 		[CopyImages] Found 'G:\Plateformes\Images\Nintendo - SNES\Fanart - Background\Donkey Kong Country-07.jpg' in 'G:\Plateformes\Images\Nintendo - SNES\Fanart - Background'
21:59:19 		[CopyImages] Found 'G:\Plateformes\Images\Nintendo - SNES\Fanart - Background\Donkey Kong Country-08.jpg' in 'G:\Plateformes\Images\Nintendo - SNES\Fanart - Background'
21:59:19 		[CopyImages] Found 'G:\Plateformes\Images\Nintendo - SNES\Fanart - Background\Donkey Kong Country-09.jpg' in 'G:\Plateformes\Images\Nintendo - SNES\Fanart - Background'
21:59:19 		[CopyImages] Found 'G:\Plateformes\Images\Nintendo - SNES\Fanart - Background\Donkey Kong Country-10.jpg' in 'G:\Plateformes\Images\Nintendo - SNES\Fanart - Background'
21:59:19 		[CopyImages] Found 'G:\Plateformes\Images\Nintendo - SNES\Fanart - Background\Donkey Kong Country-11.jpg' in 'G:\Plateformes\Images\Nintendo - SNES\Fanart - Background'
21:59:19 		[CopyImages] Found 'G:\Plateformes\Images\Nintendo - SNES\Fanart - Background\Donkey Kong Country-12.jpg' in 'G:\Plateformes\Images\Nintendo - SNES\Fanart - Background'
21:59:19 		[CopyImages] Found 'G:\Plateformes\Images\Nintendo - SNES\Fanart - Background\Donkey Kong Country-13.jpg' in 'G:\Plateformes\Images\Nintendo - SNES\Fanart - Background'
21:59:19 		[CopyImages] Found 'G:\Plateformes\Images\Nintendo - SNES\Fanart - Background\Donkey Kong Country-14.jpg' in 'G:\Plateformes\Images\Nintendo - SNES\Fanart - Background'
21:59:19 		[CopyImages] Found 'G:\Plateformes\Images\Nintendo - SNES\Fanart - Background\Donkey Kong Country-15.jpg' in 'G:\Plateformes\Images\Nintendo - SNES\Fanart - Background'
21:59:19 		[CopyImages] Found 'G:\Plateformes\Images\Nintendo - SNES\Fanart - Background\Donkey Kong Country-16.jpg' in 'G:\Plateformes\Images\Nintendo - SNES\Fanart - Background'
21:59:19 		[CopyImages] Found 'G:\Plateformes\Images\Nintendo - SNES\Screenshot - Gameplay\Europe\Donkey Kong Country-01.png' in 'G:\Plateformes\Images\Nintendo - SNES\Screenshot - Gameplay'
21:59:19 		[CopyImages] Found 'G:\Plateformes\Images\Nintendo - SNES\Screenshot - Game Title\Europe\Donkey Kong Country-01.png' in 'G:\Plateformes\Images\Nintendo - SNES\Screenshot - Game Title'
21:59:19 		[CopyImages] Found 'G:\Plateformes\Images\Nintendo - SNES\Screenshot - Game Over\Donkey Kong Country-01.png' in 'G:\Plateformes\Images\Nintendo - SNES\Screenshot - Game Over'
21:59:19 [CopyHandler] Destination file exists... 21:59:23 PassAll
21:59:23 [CopyHandler] Destination file exists... 21:59:23 PassAll
21:59:23 [CopyHandler] Destination file exists... 21:59:23 PassAll
21:59:23 [CopyHandler] Destination file exists... 21:59:23 PassAll
21:59:23 [CopyHandler] Destination file exists... 21:59:23 PassAll
21:59:23 [CopyHandler] Destination file exists... 21:59:23 PassAll
21:59:23 [CopyHandler] Destination file exists... 21:59:23 PassAll
21:59:23 [CopyHandler] Destination file exists... 21:59:23 PassAll
21:59:23 [CopyHandler] Destination file exists... 21:59:23 PassAll
21:59:23 [CopyHandler] Destination file exists... 21:59:23 PassAll
21:59:23 [CopyHandler] Destination file exists... 21:59:23 PassAll
21:59:23 [CopyHandler] Destination file exists... 21:59:23 PassAll
21:59:23 [CopyHandler] Destination file exists... 21:59:23 PassAll
21:59:23 [CopyHandler] Destination file exists... 21:59:23 PassAll
21:59:23 [CopyHandler] Destination file exists... 21:59:23 PassAll
21:59:23 [CopyHandler] Destination file exists... 21:59:23 PassAll
21:59:23 [CopyHandler] Destination file exists... 21:59:23 PassAll
21:59:23 [CopyHandler] Destination file exists... 21:59:23 PassAll
21:59:23 [CopyHandler] Destination file exists... 21:59:23 PassAll
21:59:23 [CopyHandler] Destination file exists... 21:59:23 PassAll
21:59:23 [CopyHandler] Destination file exists... 21:59:23 PassAll
21:59:23 [CopyHandler] Destination file exists... 21:59:23 PassAll
21:59:23 [CopyHandler] Destination file exists... 21:59:23 PassAll
21:59:23 [CopyHandler] Destination file exists... 21:59:23 PassAll
21:59:23 [CopyHandler] Destination file exists... 21:59:23 PassAll
21:59:23 [CopyHandler] Destination file exists... 21:59:23 PassAll
21:59:23 [CopyHandler] Destination file exists... 21:59:23 PassAll
21:59:23 [CopyHandler] Destination file exists... 21:59:23 PassAll
21:59:23 [CopyHandler] Destination file exists... 21:59:23 PassAll
21:59:23 [CopyHandler] Destination file exists... 21:59:23 PassAll
21:59:23 [CopyHandler] Destination file exists... 21:59:23 PassAll
21:59:23 [CopyHandler] Destination file exists... 21:59:23 PassAll
21:59:23 [CopyHandler] Destination file exists... 21:59:23 PassAll
21:59:23 [CopyHandler] Destination file exists... 21:59:23 PassAll
21:59:23 [CopyHandler] Destination file exists... 21:59:23 PassAll
21:59:23 [CopyHandler] Destination file exists... 21:59:23 PassAll
21:59:23 [CopyHandler] Destination file exists... 21:59:23 PassAll
21:59:23 [CopyHandler] Destination file exists... 21:59:23 PassAll
21:59:23 [CopyHandler] Destination file exists... 21:59:23 PassAll
21:59:23 [CopyHandler] Destination file exists... 21:59:23 PassAll
21:59:25 [CopyHandler] Destination file exists... 21:59:25 PassAll
21:59:25 [CopyHandler] Destination file exists... 21:59:25 PassAll
21:59:25 [CopyHandler] Destination file exists... 21:59:25 PassAll
21:59:25 [CopyHandler] Destination file exists... 21:59:25 PassAll
21:59:25 [CopyHandler] Destination file exists... 21:59:25 PassAll
21:59:25 [CopyHandler] Destination file exists... 21:59:25 PassAll
21:59:25 [CopyHandler] Destination file exists... 21:59:25 PassAll
21:59:25 [CopyHandler] Destination file exists... 21:59:25 PassAll
21:59:25 [CopyHandler] Destination file exists... 21:59:25 PassAll
21:59:25 [CopyHandler] Destination file exists... 21:59:25 PassAll
21:59:25 [CopyHandler] Destination file exists... 21:59:25 PassAll
