****** Initialisation Logger - niveau: 0 ******
15:39:51 Language fr-FR - 1.0.0.4, loading...
15:40:37 [Main] PackMe for 'Donkey Kong Country' | 'fc1ac9d2-d88a-4851-8939-cea8ddeb74bb'
15:40:37 Directory Exists 'G:\Temp\pmg - temp\Super Nintendo Entertainment System\Donkey Kong Country (E) (M3) (V1.0) [f1]'
15:40:39 [MakeStructure] Creation of the tree
15:40:39 [CreateHFolders] Creation of 'G:\Temp\pmg - temp\Super Nintendo Entertainment System\Donkey Kong Country (E) (M3) (V1.0) [f1]\Games'
15:40:39 [CreateHFolders] Creation of 'G:\Temp\pmg - temp\Super Nintendo Entertainment System\Donkey Kong Country (E) (M3) (V1.0) [f1]\CheatCodes'
15:40:39 [CreateHFolders] Creation of 'G:\Temp\pmg - temp\Super Nintendo Entertainment System\Donkey Kong Country (E) (M3) (V1.0) [f1]\Images'
15:40:39 [CreateHFolders] Creation of 'G:\Temp\pmg - temp\Super Nintendo Entertainment System\Donkey Kong Country (E) (M3) (V1.0) [f1]\Manuals'
15:40:39 [CreateHFolders] Creation of 'G:\Temp\pmg - temp\Super Nintendo Entertainment System\Donkey Kong Country (E) (M3) (V1.0) [f1]\Musics'
15:40:39 [CreateHFolders] Creation of 'G:\Temp\pmg - temp\Super Nintendo Entertainment System\Donkey Kong Country (E) (M3) (V1.0) [f1]\Videos'
15:40:39 Not managed: GogAppId
15:40:39 Not managed: OriginAppId
15:40:39 Not managed: OriginInstallPath
15:40:39 Not managed: MissingBox3dImage
15:40:39 Not managed: MissingCartImage
15:40:39 Not managed: MissingCart3dImage
15:40:39 Not managed: MissingManual
15:40:39 Not managed: MissingBannerImage
15:40:39 Not managed: MissingMusic
15:40:39 Not managed: UsePauseScreen
15:40:39 Not managed: PauseAutoHotkeyScript
15:40:39 Not managed: ResumeAutoHotkeyScript
15:40:39 Not managed: OverrideDefaultPauseScreenSettings
15:40:39 Not managed: SuspendProcessOnPause
15:40:39 Not managed: ForcefulPauseScreenActivation
15:40:39 Not managed: LoadStateAutoHotkeyScript
15:40:39 Not managed: SaveStateAutoHotkeyScript
15:40:39 Not managed: ResetAutoHotkeyScript
15:40:39 Not managed: SwapDiscsAutoHotkeyScript
15:40:40 [CopyHandler] Destination file exists... 15:40:43 PassAll
15:40:59 [CopyHandler] Destination file exists... 15:40:59 PassAll
15:41:08 [CopyHandler] Destination file exists... 15:41:08 PassAll
15:41:09 [CopyHandler] Destination file exists... 15:41:09 PassAll
15:41:09 [CopyHandler] Destination file exists... 15:41:09 PassAll
15:41:09 		[CopyImages] Found 'G:\Plateformes\Images\Nintendo - SNES\Box - Front\Donkey Kong Country-01.png' in 'G:\Plateformes\Images\Nintendo - SNES\Box - Front'
15:41:09 		[CopyImages] Found 'G:\Plateformes\Images\Nintendo - SNES\Box - Front\France\Donkey Kong Country-01.png' in 'G:\Plateformes\Images\Nintendo - SNES\Box - Front'
15:41:09 		[CopyImages] Found 'G:\Plateformes\Images\Nintendo - SNES\Box - Back\North America\Donkey Kong Country-01.jpg' in 'G:\Plateformes\Images\Nintendo - SNES\Box - Back'
15:41:09 		[CopyImages] Found 'G:\Plateformes\Images\Nintendo - SNES\Box - 3D\Donkey Kong Country-01.png' in 'G:\Plateformes\Images\Nintendo - SNES\Box - 3D'
15:41:09 		[CopyImages] Found 'G:\Plateformes\Images\Nintendo - SNES\Box - 3D\Donkey Kong Country-02.png' in 'G:\Plateformes\Images\Nintendo - SNES\Box - 3D'
15:41:09 		[CopyImages] Found 'G:\Plateformes\Images\Nintendo - SNES\Box - 3D\Europe\Donkey Kong Country-01.png' in 'G:\Plateformes\Images\Nintendo - SNES\Box - 3D'
15:41:09 		[CopyImages] Found 'G:\Plateformes\Images\Nintendo - SNES\Arcade - Marquee\Donkey Kong Country-01.png' in 'G:\Plateformes\Images\Nintendo - SNES\Arcade - Marquee'
15:41:09 		[CopyImages] Found 'G:\Plateformes\Images\Nintendo - SNES\Banner\Donkey Kong Country-01.jpg' in 'G:\Plateformes\Images\Nintendo - SNES\Banner'
15:41:09 		[CopyImages] Found 'G:\Plateformes\Images\Nintendo - SNES\Banner\Donkey Kong Country-01.png' in 'G:\Plateformes\Images\Nintendo - SNES\Banner'
15:41:09 		[CopyImages] Found 'G:\Plateformes\Images\Nintendo - SNES\Banner\Donkey Kong Country-02.jpg' in 'G:\Plateformes\Images\Nintendo - SNES\Banner'
15:41:09 		[CopyImages] Found 'G:\Plateformes\Images\Nintendo - SNES\Banner\Donkey Kong Country-02.png' in 'G:\Plateformes\Images\Nintendo - SNES\Banner'
15:41:09 		[CopyImages] Found 'G:\Plateformes\Images\Nintendo - SNES\Banner\Donkey Kong Country-03.png' in 'G:\Plateformes\Images\Nintendo - SNES\Banner'
15:41:09 		[CopyImages] Found 'G:\Plateformes\Images\Nintendo - SNES\Cart - Front\Donkey Kong Country-01.png' in 'G:\Plateformes\Images\Nintendo - SNES\Cart - Front'
15:41:09 		[CopyImages] Found 'G:\Plateformes\Images\Nintendo - SNES\Cart - Front\Japan\Donkey Kong Country-01.jpg' in 'G:\Plateformes\Images\Nintendo - SNES\Cart - Front'
15:41:09 		[CopyImages] Found 'G:\Plateformes\Images\Nintendo - SNES\Cart - 3D\Donkey Kong Country-01.png' in 'G:\Plateformes\Images\Nintendo - SNES\Cart - 3D'
15:41:09 		[CopyImages] Found 'G:\Plateformes\Images\Nintendo - SNES\Cart - 3D\North America\Donkey Kong Country-01.png' in 'G:\Plateformes\Images\Nintendo - SNES\Cart - 3D'
15:41:09 		[CopyImages] Found 'G:\Plateformes\Images\Nintendo - SNES\Clear Logo\Donkey Kong Country-01.png' in 'G:\Plateformes\Images\Nintendo - SNES\Clear Logo'
15:41:09 		[CopyImages] Found 'G:\Plateformes\Images\Nintendo - SNES\Clear Logo\North America\Donkey Kong Country-01.png' in 'G:\Plateformes\Images\Nintendo - SNES\Clear Logo'
15:41:09 		[CopyImages] Found 'G:\Plateformes\Images\Nintendo - SNES\Fanart - Box - Back\North America\Donkey Kong Country-01.jpg' in 'G:\Plateformes\Images\Nintendo - SNES\Fanart - Box - Back'
15:41:09 		[CopyImages] Found 'G:\Plateformes\Images\Nintendo - SNES\Fanart - Cart - Front\Europe\Donkey Kong Country-01.png' in 'G:\Plateformes\Images\Nintendo - SNES\Fanart - Cart - Front'
15:41:09 		[CopyImages] Found 'G:\Plateformes\Images\Nintendo - SNES\Fanart - Background\Donkey Kong Country-01.jpg' in 'G:\Plateformes\Images\Nintendo - SNES\Fanart - Background'
15:41:09 		[CopyImages] Found 'G:\Plateformes\Images\Nintendo - SNES\Fanart - Background\Donkey Kong Country-01.png' in 'G:\Plateformes\Images\Nintendo - SNES\Fanart - Background'
15:41:09 		[CopyImages] Found 'G:\Plateformes\Images\Nintendo - SNES\Fanart - Background\Donkey Kong Country-02.jpg' in 'G:\Plateformes\Images\Nintendo - SNES\Fanart - Background'
15:41:09 		[CopyImages] Found 'G:\Plateformes\Images\Nintendo - SNES\Fanart - Background\Donkey Kong Country-03.jpg' in 'G:\Plateformes\Images\Nintendo - SNES\Fanart - Background'
15:41:09 		[CopyImages] Found 'G:\Plateformes\Images\Nintendo - SNES\Fanart - Background\Donkey Kong Country-04.jpg' in 'G:\Plateformes\Images\Nintendo - SNES\Fanart - Background'
15:41:09 		[CopyImages] Found 'G:\Plateformes\Images\Nintendo - SNES\Fanart - Background\Donkey Kong Country-05.jpg' in 'G:\Plateformes\Images\Nintendo - SNES\Fanart - Background'
15:41:09 		[CopyImages] Found 'G:\Plateformes\Images\Nintendo - SNES\Fanart - Background\Donkey Kong Country-06.jpg' in 'G:\Plateformes\Images\Nintendo - SNES\Fanart - Background'
15:41:09 		[CopyImages] Found 'G:\Plateformes\Images\Nintendo - SNES\Fanart - Background\Donkey Kong Country-07.jpg' in 'G:\Plateformes\Images\Nintendo - SNES\Fanart - Background'
15:41:09 		[CopyImages] Found 'G:\Plateformes\Images\Nintendo - SNES\Fanart - Background\Donkey Kong Country-08.jpg' in 'G:\Plateformes\Images\Nintendo - SNES\Fanart - Background'
15:41:09 		[CopyImages] Found 'G:\Plateformes\Images\Nintendo - SNES\Fanart - Background\Donkey Kong Country-09.jpg' in 'G:\Plateformes\Images\Nintendo - SNES\Fanart - Background'
15:41:09 		[CopyImages] Found 'G:\Plateformes\Images\Nintendo - SNES\Fanart - Background\Donkey Kong Country-10.jpg' in 'G:\Plateformes\Images\Nintendo - SNES\Fanart - Background'
15:41:09 		[CopyImages] Found 'G:\Plateformes\Images\Nintendo - SNES\Fanart - Background\Donkey Kong Country-11.jpg' in 'G:\Plateformes\Images\Nintendo - SNES\Fanart - Background'
15:41:09 		[CopyImages] Found 'G:\Plateformes\Images\Nintendo - SNES\Fanart - Background\Donkey Kong Country-12.jpg' in 'G:\Plateformes\Images\Nintendo - SNES\Fanart - Background'
15:41:09 		[CopyImages] Found 'G:\Plateformes\Images\Nintendo - SNES\Fanart - Background\Donkey Kong Country-13.jpg' in 'G:\Plateformes\Images\Nintendo - SNES\Fanart - Background'
15:41:09 		[CopyImages] Found 'G:\Plateformes\Images\Nintendo - SNES\Fanart - Background\Donkey Kong Country-14.jpg' in 'G:\Plateformes\Images\Nintendo - SNES\Fanart - Background'
15:41:09 		[CopyImages] Found 'G:\Plateformes\Images\Nintendo - SNES\Fanart - Background\Donkey Kong Country-15.jpg' in 'G:\Plateformes\Images\Nintendo - SNES\Fanart - Background'
15:41:09 		[CopyImages] Found 'G:\Plateformes\Images\Nintendo - SNES\Fanart - Background\Donkey Kong Country-16.jpg' in 'G:\Plateformes\Images\Nintendo - SNES\Fanart - Background'
15:41:09 		[CopyImages] Found 'G:\Plateformes\Images\Nintendo - SNES\Screenshot - Gameplay\Europe\Donkey Kong Country-01.png' in 'G:\Plateformes\Images\Nintendo - SNES\Screenshot - Gameplay'
15:41:09 		[CopyImages] Found 'G:\Plateformes\Images\Nintendo - SNES\Screenshot - Game Title\Europe\Donkey Kong Country-01.png' in 'G:\Plateformes\Images\Nintendo - SNES\Screenshot - Game Title'
15:41:10 		[CopyImages] Found 'G:\Plateformes\Images\Nintendo - SNES\Screenshot - Game Over\Donkey Kong Country-01.png' in 'G:\Plateformes\Images\Nintendo - SNES\Screenshot - Game Over'
15:41:10 [CopyHandler] Destination file exists... 15:41:15 PassAll
15:41:15 [CopyHandler] Destination file exists... 15:41:15 PassAll
15:41:15 [CopyHandler] Destination file exists... 15:41:15 PassAll
15:41:15 [CopyHandler] Destination file exists... 15:41:15 PassAll
15:41:15 [CopyHandler] Destination file exists... 15:41:15 PassAll
15:41:15 [CopyHandler] Destination file exists... 15:41:15 PassAll
15:41:15 [CopyHandler] Destination file exists... 15:41:15 PassAll
15:41:15 [CopyHandler] Destination file exists... 15:41:15 PassAll
15:41:15 [CopyHandler] Destination file exists... 15:41:15 PassAll
15:41:15 [CopyHandler] Destination file exists... 15:41:15 PassAll
15:41:15 [CopyHandler] Destination file exists... 15:41:15 PassAll
15:41:15 [CopyHandler] Destination file exists... 15:41:15 PassAll
15:41:15 [CopyHandler] Destination file exists... 15:41:15 PassAll
15:41:15 [CopyHandler] Destination file exists... 15:41:15 PassAll
15:41:15 [CopyHandler] Destination file exists... 15:41:15 PassAll
15:41:15 [CopyHandler] Destination file exists... 15:41:15 PassAll
15:41:15 [CopyHandler] Destination file exists... 15:41:15 PassAll
15:41:15 [CopyHandler] Destination file exists... 15:41:15 PassAll
15:41:15 [CopyHandler] Destination file exists... 15:41:15 PassAll
15:41:15 [CopyHandler] Destination file exists... 15:41:15 PassAll
15:41:15 [CopyHandler] Destination file exists... 15:41:15 PassAll
15:41:15 [CopyHandler] Destination file exists... 15:41:15 PassAll
15:41:15 [CopyHandler] Destination file exists... 15:41:15 PassAll
15:41:15 [CopyHandler] Destination file exists... 15:41:15 PassAll
15:41:15 [CopyHandler] Destination file exists... 15:41:15 PassAll
15:41:15 [CopyHandler] Destination file exists... 15:41:15 PassAll
15:41:15 [CopyHandler] Destination file exists... 15:41:15 PassAll
15:41:15 [CopyHandler] Destination file exists... 15:41:15 PassAll
15:41:15 [CopyHandler] Destination file exists... 15:41:15 PassAll
15:41:15 [CopyHandler] Destination file exists... 15:41:15 PassAll
15:41:15 [CopyHandler] Destination file exists... 15:41:15 PassAll
15:41:15 [CopyHandler] Destination file exists... 15:41:15 PassAll
15:41:15 [CopyHandler] Destination file exists... 15:41:15 PassAll
15:41:15 [CopyHandler] Destination file exists... 15:41:15 PassAll
15:41:15 [CopyHandler] Destination file exists... 15:41:15 PassAll
15:41:15 [CopyHandler] Destination file exists... 15:41:15 PassAll
15:41:15 [CopyHandler] Destination file exists... 15:41:15 PassAll
15:41:15 [CopyHandler] Destination file exists... 15:41:15 PassAll
15:41:15 [CopyHandler] Destination file exists... 15:41:15 PassAll
15:41:15 [CopyHandler] Destination file exists... 15:41:15 PassAll
15:41:18 [CopyHandler] Destination file exists... 15:41:18 PassAll
15:41:18 [CopyHandler] Destination file exists... 15:41:18 PassAll
15:41:18 [CopyHandler] Destination file exists... 15:41:18 PassAll
15:41:18 [CopyHandler] Destination file exists... 15:41:18 PassAll
15:41:18 [CopyHandler] Destination file exists... 15:41:18 PassAll
15:41:18 [CopyHandler] Destination file exists... 15:41:18 PassAll
15:41:18 [CopyHandler] Destination file exists... 15:41:18 PassAll
15:41:18 [CopyHandler] Destination file exists... 15:41:18 PassAll
15:41:18 [CopyHandler] Destination file exists... 15:41:18 PassAll
15:41:18 [CopyHandler] Destination file exists... 15:41:18 PassAll
15:41:18 [CopyHandler] Destination file exists... 15:41:18 PassAll
