****** Initialisation Logger - niveau: 0 ******
15:53:30 Language fr-FR - 1.0.0.4, loading...
15:53:39 [Main] PackMe for 'Donkey Kong Country' | 'fc1ac9d2-d88a-4851-8939-cea8ddeb74bb'
15:53:39 Directory Exists 'G:\Temp\pmg - temp\Super Nintendo Entertainment System\Donkey Kong Country (E) (M3) (V1.0) [f1]'
15:53:45 [MakeStructure] Creation of the tree
15:53:45 [CreateHFolders] Creation of 'G:\Temp\pmg - temp\Super Nintendo Entertainment System\Donkey Kong Country (E) (M3) (V1.0) [f1]\Games'
15:53:45 [CreateHFolders] Creation of 'G:\Temp\pmg - temp\Super Nintendo Entertainment System\Donkey Kong Country (E) (M3) (V1.0) [f1]\CheatCodes'
15:53:45 [CreateHFolders] Creation of 'G:\Temp\pmg - temp\Super Nintendo Entertainment System\Donkey Kong Country (E) (M3) (V1.0) [f1]\Images'
15:53:45 [CreateHFolders] Creation of 'G:\Temp\pmg - temp\Super Nintendo Entertainment System\Donkey Kong Country (E) (M3) (V1.0) [f1]\Manuals'
15:53:45 [CreateHFolders] Creation of 'G:\Temp\pmg - temp\Super Nintendo Entertainment System\Donkey Kong Country (E) (M3) (V1.0) [f1]\Musics'
15:53:45 [CreateHFolders] Creation of 'G:\Temp\pmg - temp\Super Nintendo Entertainment System\Donkey Kong Country (E) (M3) (V1.0) [f1]\Videos'
15:53:45 Not managed: MissingBox3dImage
15:53:45 Not managed: MissingCartImage
15:53:45 Not managed: MissingCart3dImage
15:53:45 Not managed: MissingManual
15:53:45 Not managed: MissingBannerImage
15:53:45 Not managed: MissingMusic
15:53:45 Not managed: UsePauseScreen
15:53:45 Not managed: OverrideDefaultPauseScreenSettings
15:53:45 Not managed: SuspendProcessOnPause
15:53:45 Not managed: ForcefulPauseScreenActivation
