****** Initialisation Logger - niveau: 0 ******
09:53:26 Language fr-FR - 1.0.0.4, loading...
09:53:51 [Main] PackMe for 'Donkey Kong Country' | 'fc1ac9d2-d88a-4851-8939-cea8ddeb74bb'
09:53:51 Directory Exists 'G:\Temp\pmg - temp\Super Nintendo Entertainment System\Donkey Kong Country (E) (M3) (V1.0) [f1]'
09:53:54 [MakeStructure] Creation of the tree
09:53:54 [CreateHFolders] Creation of 'G:\Temp\pmg - temp\Super Nintendo Entertainment System\Donkey Kong Country (E) (M3) (V1.0) [f1]\Games'
09:53:54 [CreateHFolders] Creation of 'G:\Temp\pmg - temp\Super Nintendo Entertainment System\Donkey Kong Country (E) (M3) (V1.0) [f1]\CheatCodes'
09:53:54 [CreateHFolders] Creation of 'G:\Temp\pmg - temp\Super Nintendo Entertainment System\Donkey Kong Country (E) (M3) (V1.0) [f1]\Images'
09:53:54 [CreateHFolders] Creation of 'G:\Temp\pmg - temp\Super Nintendo Entertainment System\Donkey Kong Country (E) (M3) (V1.0) [f1]\Manuals'
09:53:54 [CreateHFolders] Creation of 'G:\Temp\pmg - temp\Super Nintendo Entertainment System\Donkey Kong Country (E) (M3) (V1.0) [f1]\Musics'
09:53:54 [CreateHFolders] Creation of 'G:\Temp\pmg - temp\Super Nintendo Entertainment System\Donkey Kong Country (E) (M3) (V1.0) [f1]\Videos'
09:53:56 Not managed: GogAppId
09:53:56 Not managed: OriginAppId
09:53:56 Not managed: OriginInstallPath
09:53:56 Not managed: MissingBox3dImage
09:53:56 Not managed: MissingCartImage
09:53:56 Not managed: MissingCart3dImage
09:53:56 Not managed: MissingManual
09:53:56 Not managed: MissingBannerImage
09:53:56 Not managed: MissingMusic
09:53:56 Not managed: UsePauseScreen
09:53:56 Not managed: PauseAutoHotkeyScript
09:53:56 Not managed: ResumeAutoHotkeyScript
09:53:56 Not managed: OverrideDefaultPauseScreenSettings
09:53:56 Not managed: SuspendProcessOnPause
09:53:56 Not managed: ForcefulPauseScreenActivation
09:53:56 Not managed: LoadStateAutoHotkeyScript
09:53:56 Not managed: SaveStateAutoHotkeyScript
09:53:56 Not managed: ResetAutoHotkeyScript
09:53:56 Not managed: SwapDiscsAutoHotkeyScript
09:53:56 [CopyHandler] Destination file exists... 09:54:00 PassAll
09:54:02 [CopyHandler] Destination file exists... 09:54:02 PassAll
09:54:04 [CopyHandler] Destination file exists... 09:54:04 PassAll
09:54:05 [CopyHandler] Destination file exists... 09:54:05 PassAll
09:54:05 [CopyHandler] Destination file exists... 09:54:05 PassAll
09:54:05 		[CopyImages] Found 'G:\Plateformes\Images\Nintendo - SNES\Box - Front\Donkey Kong Country-01.png' in 'G:\Plateformes\Images\Nintendo - SNES\Box - Front'
09:54:05 		[CopyImages] Found 'G:\Plateformes\Images\Nintendo - SNES\Box - Front\France\Donkey Kong Country-01.png' in 'G:\Plateformes\Images\Nintendo - SNES\Box - Front'
09:54:05 		[CopyImages] Found 'G:\Plateformes\Images\Nintendo - SNES\Box - Back\North America\Donkey Kong Country-01.jpg' in 'G:\Plateformes\Images\Nintendo - SNES\Box - Back'
09:54:05 		[CopyImages] Found 'G:\Plateformes\Images\Nintendo - SNES\Box - 3D\Donkey Kong Country-01.png' in 'G:\Plateformes\Images\Nintendo - SNES\Box - 3D'
09:54:05 		[CopyImages] Found 'G:\Plateformes\Images\Nintendo - SNES\Box - 3D\Donkey Kong Country-02.png' in 'G:\Plateformes\Images\Nintendo - SNES\Box - 3D'
09:54:05 		[CopyImages] Found 'G:\Plateformes\Images\Nintendo - SNES\Box - 3D\Europe\Donkey Kong Country-01.png' in 'G:\Plateformes\Images\Nintendo - SNES\Box - 3D'
09:54:05 		[CopyImages] Found 'G:\Plateformes\Images\Nintendo - SNES\Arcade - Marquee\Donkey Kong Country-01.png' in 'G:\Plateformes\Images\Nintendo - SNES\Arcade - Marquee'
09:54:05 		[CopyImages] Found 'G:\Plateformes\Images\Nintendo - SNES\Banner\Donkey Kong Country-01.jpg' in 'G:\Plateformes\Images\Nintendo - SNES\Banner'
09:54:05 		[CopyImages] Found 'G:\Plateformes\Images\Nintendo - SNES\Banner\Donkey Kong Country-01.png' in 'G:\Plateformes\Images\Nintendo - SNES\Banner'
09:54:05 		[CopyImages] Found 'G:\Plateformes\Images\Nintendo - SNES\Banner\Donkey Kong Country-02.jpg' in 'G:\Plateformes\Images\Nintendo - SNES\Banner'
09:54:05 		[CopyImages] Found 'G:\Plateformes\Images\Nintendo - SNES\Banner\Donkey Kong Country-02.png' in 'G:\Plateformes\Images\Nintendo - SNES\Banner'
09:54:05 		[CopyImages] Found 'G:\Plateformes\Images\Nintendo - SNES\Banner\Donkey Kong Country-03.png' in 'G:\Plateformes\Images\Nintendo - SNES\Banner'
09:54:05 		[CopyImages] Found 'G:\Plateformes\Images\Nintendo - SNES\Cart - Front\Donkey Kong Country-01.png' in 'G:\Plateformes\Images\Nintendo - SNES\Cart - Front'
09:54:05 		[CopyImages] Found 'G:\Plateformes\Images\Nintendo - SNES\Cart - Front\Japan\Donkey Kong Country-01.jpg' in 'G:\Plateformes\Images\Nintendo - SNES\Cart - Front'
09:54:05 		[CopyImages] Found 'G:\Plateformes\Images\Nintendo - SNES\Cart - 3D\Donkey Kong Country-01.png' in 'G:\Plateformes\Images\Nintendo - SNES\Cart - 3D'
09:54:05 		[CopyImages] Found 'G:\Plateformes\Images\Nintendo - SNES\Cart - 3D\North America\Donkey Kong Country-01.png' in 'G:\Plateformes\Images\Nintendo - SNES\Cart - 3D'
09:54:05 		[CopyImages] Found 'G:\Plateformes\Images\Nintendo - SNES\Clear Logo\Donkey Kong Country-01.png' in 'G:\Plateformes\Images\Nintendo - SNES\Clear Logo'
09:54:05 		[CopyImages] Found 'G:\Plateformes\Images\Nintendo - SNES\Clear Logo\North America\Donkey Kong Country-01.png' in 'G:\Plateformes\Images\Nintendo - SNES\Clear Logo'
09:54:06 		[CopyImages] Found 'G:\Plateformes\Images\Nintendo - SNES\Fanart - Box - Back\North America\Donkey Kong Country-01.jpg' in 'G:\Plateformes\Images\Nintendo - SNES\Fanart - Box - Back'
09:54:06 		[CopyImages] Found 'G:\Plateformes\Images\Nintendo - SNES\Fanart - Cart - Front\Europe\Donkey Kong Country-01.png' in 'G:\Plateformes\Images\Nintendo - SNES\Fanart - Cart - Front'
09:54:06 		[CopyImages] Found 'G:\Plateformes\Images\Nintendo - SNES\Fanart - Background\Donkey Kong Country-01.jpg' in 'G:\Plateformes\Images\Nintendo - SNES\Fanart - Background'
09:54:06 		[CopyImages] Found 'G:\Plateformes\Images\Nintendo - SNES\Fanart - Background\Donkey Kong Country-01.png' in 'G:\Plateformes\Images\Nintendo - SNES\Fanart - Background'
09:54:06 		[CopyImages] Found 'G:\Plateformes\Images\Nintendo - SNES\Fanart - Background\Donkey Kong Country-02.jpg' in 'G:\Plateformes\Images\Nintendo - SNES\Fanart - Background'
09:54:06 		[CopyImages] Found 'G:\Plateformes\Images\Nintendo - SNES\Fanart - Background\Donkey Kong Country-03.jpg' in 'G:\Plateformes\Images\Nintendo - SNES\Fanart - Background'
09:54:06 		[CopyImages] Found 'G:\Plateformes\Images\Nintendo - SNES\Fanart - Background\Donkey Kong Country-04.jpg' in 'G:\Plateformes\Images\Nintendo - SNES\Fanart - Background'
09:54:06 		[CopyImages] Found 'G:\Plateformes\Images\Nintendo - SNES\Fanart - Background\Donkey Kong Country-05.jpg' in 'G:\Plateformes\Images\Nintendo - SNES\Fanart - Background'
09:54:06 		[CopyImages] Found 'G:\Plateformes\Images\Nintendo - SNES\Fanart - Background\Donkey Kong Country-06.jpg' in 'G:\Plateformes\Images\Nintendo - SNES\Fanart - Background'
09:54:06 		[CopyImages] Found 'G:\Plateformes\Images\Nintendo - SNES\Fanart - Background\Donkey Kong Country-07.jpg' in 'G:\Plateformes\Images\Nintendo - SNES\Fanart - Background'
09:54:06 		[CopyImages] Found 'G:\Plateformes\Images\Nintendo - SNES\Fanart - Background\Donkey Kong Country-08.jpg' in 'G:\Plateformes\Images\Nintendo - SNES\Fanart - Background'
09:54:06 		[CopyImages] Found 'G:\Plateformes\Images\Nintendo - SNES\Fanart - Background\Donkey Kong Country-09.jpg' in 'G:\Plateformes\Images\Nintendo - SNES\Fanart - Background'
09:54:06 		[CopyImages] Found 'G:\Plateformes\Images\Nintendo - SNES\Fanart - Background\Donkey Kong Country-10.jpg' in 'G:\Plateformes\Images\Nintendo - SNES\Fanart - Background'
09:54:06 		[CopyImages] Found 'G:\Plateformes\Images\Nintendo - SNES\Fanart - Background\Donkey Kong Country-11.jpg' in 'G:\Plateformes\Images\Nintendo - SNES\Fanart - Background'
09:54:06 		[CopyImages] Found 'G:\Plateformes\Images\Nintendo - SNES\Fanart - Background\Donkey Kong Country-12.jpg' in 'G:\Plateformes\Images\Nintendo - SNES\Fanart - Background'
09:54:06 		[CopyImages] Found 'G:\Plateformes\Images\Nintendo - SNES\Fanart - Background\Donkey Kong Country-13.jpg' in 'G:\Plateformes\Images\Nintendo - SNES\Fanart - Background'
09:54:06 		[CopyImages] Found 'G:\Plateformes\Images\Nintendo - SNES\Fanart - Background\Donkey Kong Country-14.jpg' in 'G:\Plateformes\Images\Nintendo - SNES\Fanart - Background'
09:54:06 		[CopyImages] Found 'G:\Plateformes\Images\Nintendo - SNES\Fanart - Background\Donkey Kong Country-15.jpg' in 'G:\Plateformes\Images\Nintendo - SNES\Fanart - Background'
09:54:06 		[CopyImages] Found 'G:\Plateformes\Images\Nintendo - SNES\Fanart - Background\Donkey Kong Country-16.jpg' in 'G:\Plateformes\Images\Nintendo - SNES\Fanart - Background'
09:54:06 		[CopyImages] Found 'G:\Plateformes\Images\Nintendo - SNES\Screenshot - Gameplay\Europe\Donkey Kong Country-01.png' in 'G:\Plateformes\Images\Nintendo - SNES\Screenshot - Gameplay'
09:54:06 		[CopyImages] Found 'G:\Plateformes\Images\Nintendo - SNES\Screenshot - Game Title\Europe\Donkey Kong Country-01.png' in 'G:\Plateformes\Images\Nintendo - SNES\Screenshot - Game Title'
09:54:06 		[CopyImages] Found 'G:\Plateformes\Images\Nintendo - SNES\Screenshot - Game Over\Donkey Kong Country-01.png' in 'G:\Plateformes\Images\Nintendo - SNES\Screenshot - Game Over'
09:54:06 [CopyHandler] Destination file exists... 09:54:09 PassAll
09:54:09 [CopyHandler] Destination file exists... 09:54:09 PassAll
09:54:09 [CopyHandler] Destination file exists... 09:54:09 PassAll
09:54:09 [CopyHandler] Destination file exists... 09:54:09 PassAll
09:54:09 [CopyHandler] Destination file exists... 09:54:09 PassAll
09:54:09 [CopyHandler] Destination file exists... 09:54:09 PassAll
09:54:09 [CopyHandler] Destination file exists... 09:54:09 PassAll
09:54:09 [CopyHandler] Destination file exists... 09:54:09 PassAll
09:54:09 [CopyHandler] Destination file exists... 09:54:09 PassAll
09:54:09 [CopyHandler] Destination file exists... 09:54:09 PassAll
09:54:09 [CopyHandler] Destination file exists... 09:54:09 PassAll
09:54:09 [CopyHandler] Destination file exists... 09:54:09 PassAll
09:54:09 [CopyHandler] Destination file exists... 09:54:09 PassAll
09:54:09 [CopyHandler] Destination file exists... 09:54:09 PassAll
09:54:09 [CopyHandler] Destination file exists... 09:54:09 PassAll
09:54:09 [CopyHandler] Destination file exists... 09:54:09 PassAll
09:54:09 [CopyHandler] Destination file exists... 09:54:09 PassAll
09:54:09 [CopyHandler] Destination file exists... 09:54:09 PassAll
09:54:09 [CopyHandler] Destination file exists... 09:54:09 PassAll
09:54:09 [CopyHandler] Destination file exists... 09:54:09 PassAll
09:54:09 [CopyHandler] Destination file exists... 09:54:09 PassAll
09:54:09 [CopyHandler] Destination file exists... 09:54:09 PassAll
09:54:09 [CopyHandler] Destination file exists... 09:54:09 PassAll
09:54:09 [CopyHandler] Destination file exists... 09:54:09 PassAll
09:54:09 [CopyHandler] Destination file exists... 09:54:09 PassAll
09:54:09 [CopyHandler] Destination file exists... 09:54:09 PassAll
09:54:09 [CopyHandler] Destination file exists... 09:54:09 PassAll
09:54:09 [CopyHandler] Destination file exists... 09:54:09 PassAll
09:54:09 [CopyHandler] Destination file exists... 09:54:09 PassAll
09:54:09 [CopyHandler] Destination file exists... 09:54:09 PassAll
09:54:09 [CopyHandler] Destination file exists... 09:54:09 PassAll
09:54:09 [CopyHandler] Destination file exists... 09:54:09 PassAll
09:54:09 [CopyHandler] Destination file exists... 09:54:09 PassAll
09:54:09 [CopyHandler] Destination file exists... 09:54:09 PassAll
09:54:09 [CopyHandler] Destination file exists... 09:54:09 PassAll
09:54:09 [CopyHandler] Destination file exists... 09:54:09 PassAll
09:54:09 [CopyHandler] Destination file exists... 09:54:09 PassAll
09:54:09 [CopyHandler] Destination file exists... 09:54:09 PassAll
09:54:09 [CopyHandler] Destination file exists... 09:54:09 PassAll
09:54:09 [CopyHandler] Destination file exists... 09:54:09 PassAll
09:54:11 [CopyHandler] Destination file exists... 09:54:11 PassAll
09:54:11 [CopyHandler] Destination file exists... 09:54:11 PassAll
09:54:11 [CopyHandler] Destination file exists... 09:54:11 PassAll
09:54:11 [CopyHandler] Destination file exists... 09:54:11 PassAll
09:54:11 [CopyHandler] Destination file exists... 09:54:11 PassAll
09:54:11 [CopyHandler] Destination file exists... 09:54:11 PassAll
09:54:11 [CopyHandler] Destination file exists... 09:54:11 PassAll
09:54:11 [CopyHandler] Destination file exists... 09:54:11 PassAll
09:54:11 [CopyHandler] Destination file exists... 09:54:11 PassAll
09:54:11 [CopyHandler] Destination file exists... 09:54:11 PassAll
09:54:11 [CopyHandler] Destination file exists... 09:54:11 PassAll
09:56:22 Language fr-FR - 1.0.0.4, loading...
