****** Initialisation Logger - niveau: 0 ******
22:04:59 Language fr-FR - 1.0.0.4, loading...
22:37:44 [Main] PackMe for 'Donkey Kong Country' | 'fc1ac9d2-d88a-4851-8939-cea8ddeb74bb'
22:37:52 Directory Exists 'G:\Temp\pmg - temp\Super Nintendo Entertainment System\Donkey Kong Country (E) (M3) (V1.0) [f1]'
22:38:20 [MakeStructure] Creation of the tree
22:38:20 [CreateHFolders] Creation of 'G:\Temp\pmg - temp\Super Nintendo Entertainment System\Donkey Kong Country (E) (M3) (V1.0) [f1]\Games'
22:38:20 [CreateHFolders] Creation of 'G:\Temp\pmg - temp\Super Nintendo Entertainment System\Donkey Kong Country (E) (M3) (V1.0) [f1]\CheatCodes'
22:38:20 [CreateHFolders] Creation of 'G:\Temp\pmg - temp\Super Nintendo Entertainment System\Donkey Kong Country (E) (M3) (V1.0) [f1]\Images'
22:38:20 [CreateHFolders] Creation of 'G:\Temp\pmg - temp\Super Nintendo Entertainment System\Donkey Kong Country (E) (M3) (V1.0) [f1]\Manuals'
22:38:20 [CreateHFolders] Creation of 'G:\Temp\pmg - temp\Super Nintendo Entertainment System\Donkey Kong Country (E) (M3) (V1.0) [f1]\Musics'
22:38:20 [CreateHFolders] Creation of 'G:\Temp\pmg - temp\Super Nintendo Entertainment System\Donkey Kong Country (E) (M3) (V1.0) [f1]\Videos'
22:38:20 Not managed: GogAppId
22:38:20 Not managed: OriginAppId
22:38:20 Not managed: OriginInstallPath
22:38:20 Not managed: MissingBox3dImage
22:38:20 Not managed: MissingCartImage
22:38:20 Not managed: MissingCart3dImage
22:38:20 Not managed: MissingManual
22:38:20 Not managed: MissingBannerImage
22:38:20 Not managed: MissingMusic
22:38:20 Not managed: UsePauseScreen
22:38:20 Not managed: PauseAutoHotkeyScript
22:38:20 Not managed: ResumeAutoHotkeyScript
22:38:20 Not managed: OverrideDefaultPauseScreenSettings
22:38:20 Not managed: SuspendProcessOnPause
22:38:20 Not managed: ForcefulPauseScreenActivation
22:38:20 Not managed: LoadStateAutoHotkeyScript
22:38:20 Not managed: SaveStateAutoHotkeyScript
22:38:20 Not managed: ResetAutoHotkeyScript
22:38:20 Not managed: SwapDiscsAutoHotkeyScript
22:38:21 [CopyHandler] Destination file exists... 22:38:23 PassAll
22:38:35 [CopyHandler] Destination file exists... 22:38:35 PassAll
22:38:36 [CopyHandler] Destination file exists... 22:38:36 PassAll
22:38:36 [CopyHandler] Destination file exists... 22:38:36 PassAll
22:38:36 [CopyHandler] Destination file exists... 22:38:36 PassAll
22:38:36 		[CopyImages] Found 'G:\Plateformes\Images\Nintendo - SNES\Box - Front\Donkey Kong Country-01.png' in 'G:\Plateformes\Images\Nintendo - SNES\Box - Front'
22:38:36 		[CopyImages] Found 'G:\Plateformes\Images\Nintendo - SNES\Box - Front\France\Donkey Kong Country-01.png' in 'G:\Plateformes\Images\Nintendo - SNES\Box - Front'
22:38:37 		[CopyImages] Found 'G:\Plateformes\Images\Nintendo - SNES\Box - Back\North America\Donkey Kong Country-01.jpg' in 'G:\Plateformes\Images\Nintendo - SNES\Box - Back'
22:38:37 		[CopyImages] Found 'G:\Plateformes\Images\Nintendo - SNES\Box - 3D\Donkey Kong Country-01.png' in 'G:\Plateformes\Images\Nintendo - SNES\Box - 3D'
22:38:37 		[CopyImages] Found 'G:\Plateformes\Images\Nintendo - SNES\Box - 3D\Donkey Kong Country-02.png' in 'G:\Plateformes\Images\Nintendo - SNES\Box - 3D'
22:38:37 		[CopyImages] Found 'G:\Plateformes\Images\Nintendo - SNES\Box - 3D\Europe\Donkey Kong Country-01.png' in 'G:\Plateformes\Images\Nintendo - SNES\Box - 3D'
22:38:37 		[CopyImages] Found 'G:\Plateformes\Images\Nintendo - SNES\Arcade - Marquee\Donkey Kong Country-01.png' in 'G:\Plateformes\Images\Nintendo - SNES\Arcade - Marquee'
22:38:37 		[CopyImages] Found 'G:\Plateformes\Images\Nintendo - SNES\Banner\Donkey Kong Country-01.jpg' in 'G:\Plateformes\Images\Nintendo - SNES\Banner'
22:38:37 		[CopyImages] Found 'G:\Plateformes\Images\Nintendo - SNES\Banner\Donkey Kong Country-01.png' in 'G:\Plateformes\Images\Nintendo - SNES\Banner'
22:38:37 		[CopyImages] Found 'G:\Plateformes\Images\Nintendo - SNES\Banner\Donkey Kong Country-02.jpg' in 'G:\Plateformes\Images\Nintendo - SNES\Banner'
22:38:37 		[CopyImages] Found 'G:\Plateformes\Images\Nintendo - SNES\Banner\Donkey Kong Country-02.png' in 'G:\Plateformes\Images\Nintendo - SNES\Banner'
22:38:37 		[CopyImages] Found 'G:\Plateformes\Images\Nintendo - SNES\Banner\Donkey Kong Country-03.png' in 'G:\Plateformes\Images\Nintendo - SNES\Banner'
22:38:37 		[CopyImages] Found 'G:\Plateformes\Images\Nintendo - SNES\Cart - Front\Donkey Kong Country-01.png' in 'G:\Plateformes\Images\Nintendo - SNES\Cart - Front'
22:38:37 		[CopyImages] Found 'G:\Plateformes\Images\Nintendo - SNES\Cart - Front\Japan\Donkey Kong Country-01.jpg' in 'G:\Plateformes\Images\Nintendo - SNES\Cart - Front'
22:38:37 		[CopyImages] Found 'G:\Plateformes\Images\Nintendo - SNES\Cart - 3D\Donkey Kong Country-01.png' in 'G:\Plateformes\Images\Nintendo - SNES\Cart - 3D'
22:38:37 		[CopyImages] Found 'G:\Plateformes\Images\Nintendo - SNES\Cart - 3D\North America\Donkey Kong Country-01.png' in 'G:\Plateformes\Images\Nintendo - SNES\Cart - 3D'
22:38:37 		[CopyImages] Found 'G:\Plateformes\Images\Nintendo - SNES\Clear Logo\Donkey Kong Country-01.png' in 'G:\Plateformes\Images\Nintendo - SNES\Clear Logo'
22:38:37 		[CopyImages] Found 'G:\Plateformes\Images\Nintendo - SNES\Clear Logo\North America\Donkey Kong Country-01.png' in 'G:\Plateformes\Images\Nintendo - SNES\Clear Logo'
22:38:37 		[CopyImages] Found 'G:\Plateformes\Images\Nintendo - SNES\Fanart - Box - Back\North America\Donkey Kong Country-01.jpg' in 'G:\Plateformes\Images\Nintendo - SNES\Fanart - Box - Back'
22:38:37 		[CopyImages] Found 'G:\Plateformes\Images\Nintendo - SNES\Fanart - Cart - Front\Europe\Donkey Kong Country-01.png' in 'G:\Plateformes\Images\Nintendo - SNES\Fanart - Cart - Front'
22:38:37 		[CopyImages] Found 'G:\Plateformes\Images\Nintendo - SNES\Fanart - Background\Donkey Kong Country-01.jpg' in 'G:\Plateformes\Images\Nintendo - SNES\Fanart - Background'
22:38:37 		[CopyImages] Found 'G:\Plateformes\Images\Nintendo - SNES\Fanart - Background\Donkey Kong Country-01.png' in 'G:\Plateformes\Images\Nintendo - SNES\Fanart - Background'
22:38:37 		[CopyImages] Found 'G:\Plateformes\Images\Nintendo - SNES\Fanart - Background\Donkey Kong Country-02.jpg' in 'G:\Plateformes\Images\Nintendo - SNES\Fanart - Background'
22:38:37 		[CopyImages] Found 'G:\Plateformes\Images\Nintendo - SNES\Fanart - Background\Donkey Kong Country-03.jpg' in 'G:\Plateformes\Images\Nintendo - SNES\Fanart - Background'
22:38:37 		[CopyImages] Found 'G:\Plateformes\Images\Nintendo - SNES\Fanart - Background\Donkey Kong Country-04.jpg' in 'G:\Plateformes\Images\Nintendo - SNES\Fanart - Background'
22:38:37 		[CopyImages] Found 'G:\Plateformes\Images\Nintendo - SNES\Fanart - Background\Donkey Kong Country-05.jpg' in 'G:\Plateformes\Images\Nintendo - SNES\Fanart - Background'
22:38:37 		[CopyImages] Found 'G:\Plateformes\Images\Nintendo - SNES\Fanart - Background\Donkey Kong Country-06.jpg' in 'G:\Plateformes\Images\Nintendo - SNES\Fanart - Background'
22:38:37 		[CopyImages] Found 'G:\Plateformes\Images\Nintendo - SNES\Fanart - Background\Donkey Kong Country-07.jpg' in 'G:\Plateformes\Images\Nintendo - SNES\Fanart - Background'
22:38:37 		[CopyImages] Found 'G:\Plateformes\Images\Nintendo - SNES\Fanart - Background\Donkey Kong Country-08.jpg' in 'G:\Plateformes\Images\Nintendo - SNES\Fanart - Background'
22:38:37 		[CopyImages] Found 'G:\Plateformes\Images\Nintendo - SNES\Fanart - Background\Donkey Kong Country-09.jpg' in 'G:\Plateformes\Images\Nintendo - SNES\Fanart - Background'
22:38:37 		[CopyImages] Found 'G:\Plateformes\Images\Nintendo - SNES\Fanart - Background\Donkey Kong Country-10.jpg' in 'G:\Plateformes\Images\Nintendo - SNES\Fanart - Background'
22:38:37 		[CopyImages] Found 'G:\Plateformes\Images\Nintendo - SNES\Fanart - Background\Donkey Kong Country-11.jpg' in 'G:\Plateformes\Images\Nintendo - SNES\Fanart - Background'
22:38:37 		[CopyImages] Found 'G:\Plateformes\Images\Nintendo - SNES\Fanart - Background\Donkey Kong Country-12.jpg' in 'G:\Plateformes\Images\Nintendo - SNES\Fanart - Background'
22:38:37 		[CopyImages] Found 'G:\Plateformes\Images\Nintendo - SNES\Fanart - Background\Donkey Kong Country-13.jpg' in 'G:\Plateformes\Images\Nintendo - SNES\Fanart - Background'
22:38:37 		[CopyImages] Found 'G:\Plateformes\Images\Nintendo - SNES\Fanart - Background\Donkey Kong Country-14.jpg' in 'G:\Plateformes\Images\Nintendo - SNES\Fanart - Background'
22:38:37 		[CopyImages] Found 'G:\Plateformes\Images\Nintendo - SNES\Fanart - Background\Donkey Kong Country-15.jpg' in 'G:\Plateformes\Images\Nintendo - SNES\Fanart - Background'
22:38:37 		[CopyImages] Found 'G:\Plateformes\Images\Nintendo - SNES\Fanart - Background\Donkey Kong Country-16.jpg' in 'G:\Plateformes\Images\Nintendo - SNES\Fanart - Background'
22:38:37 		[CopyImages] Found 'G:\Plateformes\Images\Nintendo - SNES\Screenshot - Gameplay\Europe\Donkey Kong Country-01.png' in 'G:\Plateformes\Images\Nintendo - SNES\Screenshot - Gameplay'
22:38:37 		[CopyImages] Found 'G:\Plateformes\Images\Nintendo - SNES\Screenshot - Game Title\Europe\Donkey Kong Country-01.png' in 'G:\Plateformes\Images\Nintendo - SNES\Screenshot - Game Title'
22:38:37 		[CopyImages] Found 'G:\Plateformes\Images\Nintendo - SNES\Screenshot - Game Over\Donkey Kong Country-01.png' in 'G:\Plateformes\Images\Nintendo - SNES\Screenshot - Game Over'
22:38:37 [CopyHandler] Destination file exists... 22:38:40 PassAll
22:38:40 [CopyHandler] Destination file exists... 22:38:40 PassAll
22:38:40 [CopyHandler] Destination file exists... 22:38:40 PassAll
22:38:40 [CopyHandler] Destination file exists... 22:38:40 PassAll
22:38:40 [CopyHandler] Destination file exists... 22:38:40 PassAll
22:38:40 [CopyHandler] Destination file exists... 22:38:40 PassAll
22:38:40 [CopyHandler] Destination file exists... 22:38:40 PassAll
22:38:40 [CopyHandler] Destination file exists... 22:38:40 PassAll
22:38:40 [CopyHandler] Destination file exists... 22:38:40 PassAll
22:38:40 [CopyHandler] Destination file exists... 22:38:40 PassAll
22:38:40 [CopyHandler] Destination file exists... 22:38:40 PassAll
22:38:40 [CopyHandler] Destination file exists... 22:38:40 PassAll
22:38:40 [CopyHandler] Destination file exists... 22:38:40 PassAll
22:38:40 [CopyHandler] Destination file exists... 22:38:40 PassAll
22:38:40 [CopyHandler] Destination file exists... 22:38:40 PassAll
22:38:40 [CopyHandler] Destination file exists... 22:38:40 PassAll
22:38:40 [CopyHandler] Destination file exists... 22:38:40 PassAll
22:38:40 [CopyHandler] Destination file exists... 22:38:40 PassAll
22:38:40 [CopyHandler] Destination file exists... 22:38:40 PassAll
22:38:40 [CopyHandler] Destination file exists... 22:38:40 PassAll
22:38:40 [CopyHandler] Destination file exists... 22:38:40 PassAll
22:38:40 [CopyHandler] Destination file exists... 22:38:40 PassAll
22:38:40 [CopyHandler] Destination file exists... 22:38:40 PassAll
22:38:40 [CopyHandler] Destination file exists... 22:38:40 PassAll
22:38:40 [CopyHandler] Destination file exists... 22:38:40 PassAll
22:38:40 [CopyHandler] Destination file exists... 22:38:40 PassAll
22:38:40 [CopyHandler] Destination file exists... 22:38:40 PassAll
22:38:40 [CopyHandler] Destination file exists... 22:38:40 PassAll
22:38:40 [CopyHandler] Destination file exists... 22:38:40 PassAll
22:38:40 [CopyHandler] Destination file exists... 22:38:40 PassAll
22:38:40 [CopyHandler] Destination file exists... 22:38:40 PassAll
22:38:40 [CopyHandler] Destination file exists... 22:38:40 PassAll
22:38:40 [CopyHandler] Destination file exists... 22:38:40 PassAll
22:38:40 [CopyHandler] Destination file exists... 22:38:40 PassAll
22:38:40 [CopyHandler] Destination file exists... 22:38:40 PassAll
22:38:40 [CopyHandler] Destination file exists... 22:38:40 PassAll
22:38:40 [CopyHandler] Destination file exists... 22:38:40 PassAll
22:38:40 [CopyHandler] Destination file exists... 22:38:40 PassAll
22:38:40 [CopyHandler] Destination file exists... 22:38:40 PassAll
22:38:40 [CopyHandler] Destination file exists... 22:38:40 PassAll
22:38:42 [CopyHandler] Destination file exists... 22:38:42 PassAll
22:38:42 [CopyHandler] Destination file exists... 22:38:42 PassAll
22:38:42 [CopyHandler] Destination file exists... 22:38:42 PassAll
22:38:42 [CopyHandler] Destination file exists... 22:38:42 PassAll
22:38:42 [CopyHandler] Destination file exists... 22:38:42 PassAll
22:38:42 [CopyHandler] Destination file exists... 22:38:42 PassAll
22:38:42 [CopyHandler] Destination file exists... 22:38:42 PassAll
22:38:42 [CopyHandler] Destination file exists... 22:38:42 PassAll
22:38:42 [CopyHandler] Destination file exists... 22:38:42 PassAll
22:38:42 [CopyHandler] Destination file exists... 22:38:42 PassAll
22:38:42 [CopyHandler] Destination file exists... 22:38:42 PassAll
23:04:37 Une liaison TwoWay ou OneWayToSource ne peut pas fonctionner sur la propriété en lecture seule 'GameName' de type 'Pack_My_Game.Models.M_ChooseName'.
