****** Initialisation Logger - niveau: 0 ******
14:02:05 Language fr-FR - 1.0.0.4, loading...
14:03:36 [Main] PackMe for 'Donkey Kong Country' | 'fc1ac9d2-d88a-4851-8939-cea8ddeb74bb'
14:03:36 Directory Exists 'G:\Temp\pmg - temp\Super Nintendo Entertainment System\Donkey Kong Country (E) (M3) (V1.0) [f1]'
14:03:39 [MakeStructure] Creation of the tree
14:03:39 [CreateHFolders] Creation of 'G:\Temp\pmg - temp\Super Nintendo Entertainment System\Donkey Kong Country (E) (M3) (V1.0) [f1]\Games'
14:03:39 [CreateHFolders] Creation of 'G:\Temp\pmg - temp\Super Nintendo Entertainment System\Donkey Kong Country (E) (M3) (V1.0) [f1]\CheatCodes'
14:03:39 [CreateHFolders] Creation of 'G:\Temp\pmg - temp\Super Nintendo Entertainment System\Donkey Kong Country (E) (M3) (V1.0) [f1]\Images'
14:03:39 [CreateHFolders] Creation of 'G:\Temp\pmg - temp\Super Nintendo Entertainment System\Donkey Kong Country (E) (M3) (V1.0) [f1]\Manuals'
14:03:39 [CreateHFolders] Creation of 'G:\Temp\pmg - temp\Super Nintendo Entertainment System\Donkey Kong Country (E) (M3) (V1.0) [f1]\Musics'
14:03:39 [CreateHFolders] Creation of 'G:\Temp\pmg - temp\Super Nintendo Entertainment System\Donkey Kong Country (E) (M3) (V1.0) [f1]\Videos'
14:03:39 Not managed: GogAppId
14:03:39 Not managed: OriginAppId
14:03:39 Not managed: OriginInstallPath
14:03:39 Not managed: MissingBox3dImage
14:03:39 Not managed: MissingCartImage
14:03:39 Not managed: MissingCart3dImage
14:03:39 Not managed: MissingManual
14:03:39 Not managed: MissingBannerImage
14:03:39 Not managed: MissingMusic
14:03:39 Not managed: UsePauseScreen
14:03:39 Not managed: PauseAutoHotkeyScript
14:03:39 Not managed: ResumeAutoHotkeyScript
14:03:39 Not managed: OverrideDefaultPauseScreenSettings
14:03:39 Not managed: SuspendProcessOnPause
14:03:39 Not managed: ForcefulPauseScreenActivation
14:03:39 Not managed: LoadStateAutoHotkeyScript
14:03:39 Not managed: SaveStateAutoHotkeyScript
14:03:39 Not managed: ResetAutoHotkeyScript
14:03:39 Not managed: SwapDiscsAutoHotkeyScript
14:03:39 [CopyHandler] Destination file exists... 14:03:41 PassAll
14:03:41 [CopyHandler] Destination file exists... 14:03:41 PassAll
14:03:41 [CopyHandler] Destination file exists... 14:03:41 PassAll
14:03:41 [CopyHandler] Destination file exists... 14:03:41 PassAll
14:03:41 [CopyHandler] Destination file exists... 14:03:41 PassAll
14:03:41 		[CopyImages] Found 'G:\Plateformes\Images\Nintendo - SNES\Box - Front\Donkey Kong Country-01.png' in 'G:\Plateformes\Images\Nintendo - SNES\Box - Front'
14:03:41 		[CopyImages] Found 'G:\Plateformes\Images\Nintendo - SNES\Box - Front\France\Donkey Kong Country-01.png' in 'G:\Plateformes\Images\Nintendo - SNES\Box - Front'
14:03:41 		[CopyImages] Found 'G:\Plateformes\Images\Nintendo - SNES\Box - Back\North America\Donkey Kong Country-01.jpg' in 'G:\Plateformes\Images\Nintendo - SNES\Box - Back'
14:03:41 		[CopyImages] Found 'G:\Plateformes\Images\Nintendo - SNES\Box - 3D\Donkey Kong Country-01.png' in 'G:\Plateformes\Images\Nintendo - SNES\Box - 3D'
14:03:41 		[CopyImages] Found 'G:\Plateformes\Images\Nintendo - SNES\Box - 3D\Donkey Kong Country-02.png' in 'G:\Plateformes\Images\Nintendo - SNES\Box - 3D'
14:03:41 		[CopyImages] Found 'G:\Plateformes\Images\Nintendo - SNES\Box - 3D\Europe\Donkey Kong Country-01.png' in 'G:\Plateformes\Images\Nintendo - SNES\Box - 3D'
14:03:41 		[CopyImages] Found 'G:\Plateformes\Images\Nintendo - SNES\Arcade - Marquee\Donkey Kong Country-01.png' in 'G:\Plateformes\Images\Nintendo - SNES\Arcade - Marquee'
14:03:41 		[CopyImages] Found 'G:\Plateformes\Images\Nintendo - SNES\Banner\Donkey Kong Country-01.jpg' in 'G:\Plateformes\Images\Nintendo - SNES\Banner'
14:03:41 		[CopyImages] Found 'G:\Plateformes\Images\Nintendo - SNES\Banner\Donkey Kong Country-01.png' in 'G:\Plateformes\Images\Nintendo - SNES\Banner'
14:03:41 		[CopyImages] Found 'G:\Plateformes\Images\Nintendo - SNES\Banner\Donkey Kong Country-02.jpg' in 'G:\Plateformes\Images\Nintendo - SNES\Banner'
14:03:41 		[CopyImages] Found 'G:\Plateformes\Images\Nintendo - SNES\Banner\Donkey Kong Country-02.png' in 'G:\Plateformes\Images\Nintendo - SNES\Banner'
14:03:41 		[CopyImages] Found 'G:\Plateformes\Images\Nintendo - SNES\Banner\Donkey Kong Country-03.png' in 'G:\Plateformes\Images\Nintendo - SNES\Banner'
14:03:41 		[CopyImages] Found 'G:\Plateformes\Images\Nintendo - SNES\Cart - Front\Donkey Kong Country-01.png' in 'G:\Plateformes\Images\Nintendo - SNES\Cart - Front'
14:03:41 		[CopyImages] Found 'G:\Plateformes\Images\Nintendo - SNES\Cart - Front\Japan\Donkey Kong Country-01.jpg' in 'G:\Plateformes\Images\Nintendo - SNES\Cart - Front'
14:03:41 		[CopyImages] Found 'G:\Plateformes\Images\Nintendo - SNES\Cart - 3D\Donkey Kong Country-01.png' in 'G:\Plateformes\Images\Nintendo - SNES\Cart - 3D'
14:03:41 		[CopyImages] Found 'G:\Plateformes\Images\Nintendo - SNES\Cart - 3D\North America\Donkey Kong Country-01.png' in 'G:\Plateformes\Images\Nintendo - SNES\Cart - 3D'
14:03:41 		[CopyImages] Found 'G:\Plateformes\Images\Nintendo - SNES\Clear Logo\Donkey Kong Country-01.png' in 'G:\Plateformes\Images\Nintendo - SNES\Clear Logo'
14:03:41 		[CopyImages] Found 'G:\Plateformes\Images\Nintendo - SNES\Clear Logo\North America\Donkey Kong Country-01.png' in 'G:\Plateformes\Images\Nintendo - SNES\Clear Logo'
14:03:41 		[CopyImages] Found 'G:\Plateformes\Images\Nintendo - SNES\Fanart - Box - Back\North America\Donkey Kong Country-01.jpg' in 'G:\Plateformes\Images\Nintendo - SNES\Fanart - Box - Back'
14:03:41 		[CopyImages] Found 'G:\Plateformes\Images\Nintendo - SNES\Fanart - Cart - Front\Europe\Donkey Kong Country-01.png' in 'G:\Plateformes\Images\Nintendo - SNES\Fanart - Cart - Front'
14:03:41 		[CopyImages] Found 'G:\Plateformes\Images\Nintendo - SNES\Fanart - Background\Donkey Kong Country-01.jpg' in 'G:\Plateformes\Images\Nintendo - SNES\Fanart - Background'
14:03:41 		[CopyImages] Found 'G:\Plateformes\Images\Nintendo - SNES\Fanart - Background\Donkey Kong Country-01.png' in 'G:\Plateformes\Images\Nintendo - SNES\Fanart - Background'
14:03:41 		[CopyImages] Found 'G:\Plateformes\Images\Nintendo - SNES\Fanart - Background\Donkey Kong Country-02.jpg' in 'G:\Plateformes\Images\Nintendo - SNES\Fanart - Background'
14:03:41 		[CopyImages] Found 'G:\Plateformes\Images\Nintendo - SNES\Fanart - Background\Donkey Kong Country-03.jpg' in 'G:\Plateformes\Images\Nintendo - SNES\Fanart - Background'
14:03:41 		[CopyImages] Found 'G:\Plateformes\Images\Nintendo - SNES\Fanart - Background\Donkey Kong Country-04.jpg' in 'G:\Plateformes\Images\Nintendo - SNES\Fanart - Background'
14:03:41 		[CopyImages] Found 'G:\Plateformes\Images\Nintendo - SNES\Fanart - Background\Donkey Kong Country-05.jpg' in 'G:\Plateformes\Images\Nintendo - SNES\Fanart - Background'
14:03:41 		[CopyImages] Found 'G:\Plateformes\Images\Nintendo - SNES\Fanart - Background\Donkey Kong Country-06.jpg' in 'G:\Plateformes\Images\Nintendo - SNES\Fanart - Background'
14:03:41 		[CopyImages] Found 'G:\Plateformes\Images\Nintendo - SNES\Fanart - Background\Donkey Kong Country-07.jpg' in 'G:\Plateformes\Images\Nintendo - SNES\Fanart - Background'
14:03:41 		[CopyImages] Found 'G:\Plateformes\Images\Nintendo - SNES\Fanart - Background\Donkey Kong Country-08.jpg' in 'G:\Plateformes\Images\Nintendo - SNES\Fanart - Background'
14:03:41 		[CopyImages] Found 'G:\Plateformes\Images\Nintendo - SNES\Fanart - Background\Donkey Kong Country-09.jpg' in 'G:\Plateformes\Images\Nintendo - SNES\Fanart - Background'
14:03:41 		[CopyImages] Found 'G:\Plateformes\Images\Nintendo - SNES\Fanart - Background\Donkey Kong Country-10.jpg' in 'G:\Plateformes\Images\Nintendo - SNES\Fanart - Background'
14:03:41 		[CopyImages] Found 'G:\Plateformes\Images\Nintendo - SNES\Fanart - Background\Donkey Kong Country-11.jpg' in 'G:\Plateformes\Images\Nintendo - SNES\Fanart - Background'
14:03:41 		[CopyImages] Found 'G:\Plateformes\Images\Nintendo - SNES\Fanart - Background\Donkey Kong Country-12.jpg' in 'G:\Plateformes\Images\Nintendo - SNES\Fanart - Background'
14:03:41 		[CopyImages] Found 'G:\Plateformes\Images\Nintendo - SNES\Fanart - Background\Donkey Kong Country-13.jpg' in 'G:\Plateformes\Images\Nintendo - SNES\Fanart - Background'
14:03:41 		[CopyImages] Found 'G:\Plateformes\Images\Nintendo - SNES\Fanart - Background\Donkey Kong Country-14.jpg' in 'G:\Plateformes\Images\Nintendo - SNES\Fanart - Background'
14:03:41 		[CopyImages] Found 'G:\Plateformes\Images\Nintendo - SNES\Fanart - Background\Donkey Kong Country-15.jpg' in 'G:\Plateformes\Images\Nintendo - SNES\Fanart - Background'
14:03:41 		[CopyImages] Found 'G:\Plateformes\Images\Nintendo - SNES\Fanart - Background\Donkey Kong Country-16.jpg' in 'G:\Plateformes\Images\Nintendo - SNES\Fanart - Background'
14:03:41 		[CopyImages] Found 'G:\Plateformes\Images\Nintendo - SNES\Screenshot - Gameplay\Europe\Donkey Kong Country-01.png' in 'G:\Plateformes\Images\Nintendo - SNES\Screenshot - Gameplay'
14:03:41 		[CopyImages] Found 'G:\Plateformes\Images\Nintendo - SNES\Screenshot - Game Title\Europe\Donkey Kong Country-01.png' in 'G:\Plateformes\Images\Nintendo - SNES\Screenshot - Game Title'
14:03:41 		[CopyImages] Found 'G:\Plateformes\Images\Nintendo - SNES\Screenshot - Game Over\Donkey Kong Country-01.png' in 'G:\Plateformes\Images\Nintendo - SNES\Screenshot - Game Over'
14:03:41 [CopyHandler] Destination file exists... 14:03:43 PassAll
14:03:43 [CopyHandler] Destination file exists... 14:03:43 PassAll
14:03:43 [CopyHandler] Destination file exists... 14:03:43 PassAll
14:03:43 [CopyHandler] Destination file exists... 14:03:43 PassAll
14:03:43 [CopyHandler] Destination file exists... 14:03:43 PassAll
14:03:43 [CopyHandler] Destination file exists... 14:03:43 PassAll
14:03:43 [CopyHandler] Destination file exists... 14:03:43 PassAll
14:03:43 [CopyHandler] Destination file exists... 14:03:43 PassAll
14:03:43 [CopyHandler] Destination file exists... 14:03:43 PassAll
14:03:43 [CopyHandler] Destination file exists... 14:03:43 PassAll
14:03:43 [CopyHandler] Destination file exists... 14:03:43 PassAll
14:03:43 [CopyHandler] Destination file exists... 14:03:43 PassAll
14:03:43 [CopyHandler] Destination file exists... 14:03:43 PassAll
14:03:43 [CopyHandler] Destination file exists... 14:03:43 PassAll
14:03:43 [CopyHandler] Destination file exists... 14:03:43 PassAll
14:03:43 [CopyHandler] Destination file exists... 14:03:43 PassAll
14:03:43 [CopyHandler] Destination file exists... 14:03:43 PassAll
14:03:43 [CopyHandler] Destination file exists... 14:03:43 PassAll
14:03:43 [CopyHandler] Destination file exists... 14:03:43 PassAll
14:03:43 [CopyHandler] Destination file exists... 14:03:43 PassAll
14:03:43 [CopyHandler] Destination file exists... 14:03:43 PassAll
14:03:43 [CopyHandler] Destination file exists... 14:03:43 PassAll
14:03:43 [CopyHandler] Destination file exists... 14:03:43 PassAll
14:03:43 [CopyHandler] Destination file exists... 14:03:43 PassAll
14:03:43 [CopyHandler] Destination file exists... 14:03:43 PassAll
14:03:43 [CopyHandler] Destination file exists... 14:03:43 PassAll
14:03:43 [CopyHandler] Destination file exists... 14:03:43 PassAll
14:03:43 [CopyHandler] Destination file exists... 14:03:43 PassAll
14:03:43 [CopyHandler] Destination file exists... 14:03:44 PassAll
14:03:44 [CopyHandler] Destination file exists... 14:03:44 PassAll
14:03:44 [CopyHandler] Destination file exists... 14:03:44 PassAll
14:03:44 [CopyHandler] Destination file exists... 14:03:44 PassAll
14:03:44 [CopyHandler] Destination file exists... 14:03:44 PassAll
14:03:44 [CopyHandler] Destination file exists... 14:03:44 PassAll
14:03:44 [CopyHandler] Destination file exists... 14:03:44 PassAll
14:03:44 [CopyHandler] Destination file exists... 14:03:44 PassAll
14:03:44 [CopyHandler] Destination file exists... 14:03:44 PassAll
14:03:44 [CopyHandler] Destination file exists... 14:03:44 PassAll
14:03:44 [CopyHandler] Destination file exists... 14:03:44 PassAll
14:03:44 [CopyHandler] Destination file exists... 14:03:44 PassAll
14:03:44 [CopyHandler] Destination file exists... 14:03:44 PassAll
14:03:44 [CopyHandler] Destination file exists... 14:03:44 PassAll
14:03:44 [CopyHandler] Destination file exists... 14:03:44 PassAll
14:03:44 [CopyHandler] Destination file exists... 14:03:44 PassAll
14:03:44 [CopyHandler] Destination file exists... 14:03:44 PassAll
14:03:44 [CopyHandler] Destination file exists... 14:03:44 PassAll
14:03:44 [CopyHandler] Destination file exists... 14:03:44 PassAll
14:03:44 [CopyHandler] Destination file exists... 14:03:44 PassAll
14:03:44 [CopyHandler] Destination file exists... 14:03:44 PassAll
14:03:44 [CopyHandler] Destination file exists... 14:03:44 PassAll
14:03:44 [CopyHandler] Destination file exists... 14:03:44 PassAll
14:03:48 [Run] Zip Compression disabled
