****** Initialisation Logger - niveau: 0 ******
12:19:33 Language fr-FR - 1.0.0.4, loading...
12:20:01 [Main] PackMe for 'Ecco the Dolphin' | '2c00a91f-9f5d-4331-869c-cb23bbdeec53'
12:20:01 Directory Exists 'G:\Temp\pmg - temp\Sega CD\Ecco the Dolphin (1993)(Sega)(PAL)[!][MK-4408P-00135 1]'
12:20:05 [MakeStructure] Creation of the tree
12:20:05 [CreateHFolders] Creation of 'G:\Temp\pmg - temp\Sega CD\Ecco the Dolphin (1993)(Sega)(PAL)[!][MK-4408P-00135 1]\Games'
12:20:05 [CreateHFolders] Creation of 'G:\Temp\pmg - temp\Sega CD\Ecco the Dolphin (1993)(Sega)(PAL)[!][MK-4408P-00135 1]\CheatCodes'
12:20:05 [CreateHFolders] Creation of 'G:\Temp\pmg - temp\Sega CD\Ecco the Dolphin (1993)(Sega)(PAL)[!][MK-4408P-00135 1]\Images'
12:20:05 [CreateHFolders] Creation of 'G:\Temp\pmg - temp\Sega CD\Ecco the Dolphin (1993)(Sega)(PAL)[!][MK-4408P-00135 1]\Manuals'
12:20:05 [CreateHFolders] Creation of 'G:\Temp\pmg - temp\Sega CD\Ecco the Dolphin (1993)(Sega)(PAL)[!][MK-4408P-00135 1]\Musics'
12:20:05 [CreateHFolders] Creation of 'G:\Temp\pmg - temp\Sega CD\Ecco the Dolphin (1993)(Sega)(PAL)[!][MK-4408P-00135 1]\Videos'
12:20:05 Not managed: GogAppId
12:20:05 Not managed: GogAppId
12:20:05 Not managed: OriginAppId
12:20:05 Not managed: OriginAppId
12:20:05 Not managed: OriginInstallPath
12:20:05 Not managed: OriginInstallPath
12:20:05 Not managed: MissingBox3dImage
12:20:05 Not managed: MissingBox3dImage
12:20:05 Not managed: MissingCartImage
12:20:05 Not managed: MissingCartImage
12:20:05 Not managed: MissingCart3dImage
12:20:05 Not managed: MissingCart3dImage
12:20:05 Not managed: MissingManual
12:20:05 Not managed: MissingManual
12:20:05 Not managed: MissingBannerImage
12:20:05 Not managed: MissingBannerImage
12:20:05 Not managed: MissingMusic
12:20:05 Not managed: MissingMusic
12:20:05 Not managed: UsePauseScreen
12:20:05 Not managed: UsePauseScreen
12:20:05 Not managed: PauseAutoHotkeyScript
12:20:05 Not managed: PauseAutoHotkeyScript
12:20:05 Not managed: ResumeAutoHotkeyScript
12:20:05 Not managed: ResumeAutoHotkeyScript
12:20:05 Not managed: OverrideDefaultPauseScreenSettings
12:20:05 Not managed: OverrideDefaultPauseScreenSettings
12:20:05 Not managed: SuspendProcessOnPause
12:20:05 Not managed: SuspendProcessOnPause
12:20:05 Not managed: ForcefulPauseScreenActivation
12:20:05 Not managed: ForcefulPauseScreenActivation
12:20:05 Not managed: LoadStateAutoHotkeyScript
12:20:05 Not managed: LoadStateAutoHotkeyScript
12:20:05 Not managed: SaveStateAutoHotkeyScript
12:20:05 Not managed: SaveStateAutoHotkeyScript
12:20:05 Not managed: ResetAutoHotkeyScript
12:20:05 Not managed: ResetAutoHotkeyScript
12:20:05 Not managed: SwapDiscsAutoHotkeyScript
12:20:05 Not managed: SwapDiscsAutoHotkeyScript
12:20:05 Not managed: AndroidBoxFrontThumbPath
12:20:05 Not managed: AndroidBoxFrontThumbPath
12:20:05 Not managed: AndroidBoxFrontFullPath
12:20:05 Not managed: AndroidBoxFrontFullPath
12:20:05 Not managed: AndroidBackgroundPath
12:20:05 Not managed: AndroidBackgroundPath
12:20:05 [CopyHandler] Destination file exists... 