****** Initialisation Logger - niveau: 0 ******
12:20:08 Language fr-FR - 1.0.0.4, loading...
12:25:16 [Main] PackMe for 'Aladdin' | 'abb077c5-21ca-4eb5-8589-185f9477018b'
12:25:23 Not managed: Developer
12:25:23 Not managed: Publisher
12:25:29 Not managed: Notes
12:25:29 Not managed: Rating
12:25:29 Not managed: WikipediaURL
12:25:29 Not managed: ApplicationPath
12:25:29 Not managed: ManualPath
12:25:29 Not managed: MusicPath
12:25:29 Not managed: VideoPath
12:25:29 Not managed: DosBoxConfigurationPath
12:25:29 Not managed: DatabaseID
12:25:29 Not managed: Hide
12:25:29 Not managed: Broken
12:25:29 Not managed: Portable
12:25:29 Not managed: ScummVMAspectCorrection
12:25:29 Not managed: ScummVMFullscreen
12:25:29 Not managed: ScummVMGameDataFolderPath
12:25:29 Not managed: ScummVMGameType
12:25:29 Not managed: UseScummVM
12:25:29 Not managed: UseDosBox
12:25:29 Not managed: CommandLine
12:25:29 Not managed: ConfigurationCommandLine
12:25:29 Not managed: ConfigurationPath
12:25:29 Not managed: Emulator
12:25:29 Not managed: PlayCount
12:25:29 Not managed: LastPlayedDate
12:25:29 Not managed: CommunityStarRating
12:25:29 Not managed: CommunityStarRatingTotalVotes
12:25:29 Not managed: StarRatingFloat
12:25:29 Not managed: StarRating
12:25:29 Not managed: RootFolder
12:25:29 Not managed: Source
12:25:29 Not managed: MissingVideo
12:25:29 Not managed: MissingBoxFrontImage
12:25:29 Not managed: MissingScreenshotImage
12:25:29 Not managed: MissingClearLogoImage
12:25:29 Not managed: MissingBackgroundImage
