****** Initialisation Logger - niveau: 0 ******
08:41:09 Language fr-FR - 1.0.0.4, loading...
08:41:32 [Main] PackMe for 'Donkey Kong Country' | 'fc1ac9d2-d88a-4851-8939-cea8ddeb74bb'
08:41:32 Directory Exists 'G:\Temp\pmg - temp\Super Nintendo Entertainment System\Donkey Kong Country (E) (M3) (V1.0) [f1]'
08:42:47 [MakeStructure] Creation of the tree
08:42:47 [CreateHFolders] Creation of 'G:\Temp\pmg - temp\Super Nintendo Entertainment System\Donkey Kong Country (E) (M3) (V1.0) [f1]\Games'
08:42:47 [CreateHFolders] Creation of 'G:\Temp\pmg - temp\Super Nintendo Entertainment System\Donkey Kong Country (E) (M3) (V1.0) [f1]\CheatCodes'
08:42:47 [CreateHFolders] Creation of 'G:\Temp\pmg - temp\Super Nintendo Entertainment System\Donkey Kong Country (E) (M3) (V1.0) [f1]\Images'
08:42:47 [CreateHFolders] Creation of 'G:\Temp\pmg - temp\Super Nintendo Entertainment System\Donkey Kong Country (E) (M3) (V1.0) [f1]\Manuals'
08:42:47 [CreateHFolders] Creation of 'G:\Temp\pmg - temp\Super Nintendo Entertainment System\Donkey Kong Country (E) (M3) (V1.0) [f1]\Musics'
08:42:47 [CreateHFolders] Creation of 'G:\Temp\pmg - temp\Super Nintendo Entertainment System\Donkey Kong Country (E) (M3) (V1.0) [f1]\Videos'
08:42:47 Not managed: GogAppId
08:42:47 Not managed: OriginAppId
08:42:47 Not managed: OriginInstallPath
08:42:47 Not managed: MissingBox3dImage
08:42:47 Not managed: MissingCartImage
08:42:47 Not managed: MissingCart3dImage
08:42:47 Not managed: MissingManual
08:42:47 Not managed: MissingBannerImage
08:42:47 Not managed: MissingMusic
08:42:47 Not managed: UsePauseScreen
08:42:47 Not managed: PauseAutoHotkeyScript
08:42:47 Not managed: ResumeAutoHotkeyScript
08:42:47 Not managed: OverrideDefaultPauseScreenSettings
08:42:47 Not managed: SuspendProcessOnPause
08:42:47 Not managed: ForcefulPauseScreenActivation
08:42:47 Not managed: LoadStateAutoHotkeyScript
08:42:47 Not managed: SaveStateAutoHotkeyScript
08:42:47 Not managed: ResetAutoHotkeyScript
08:42:47 Not managed: SwapDiscsAutoHotkeyScript
08:42:47 [CopyHandler] Destination file exists... 08:43:06 PassAll
08:43:09 [CopyHandler] Destination file exists... 08:43:09 PassAll
08:43:15 [CopyHandler] Destination file exists... 08:43:15 PassAll
08:43:19 [CopyHandler] Destination file exists... 08:43:19 PassAll
08:43:19 [CopyHandler] Destination file exists... 08:43:19 PassAll
08:43:19 		[CopyImages] Found 'G:\Plateformes\Images\Nintendo - SNES\Box - Front\Donkey Kong Country-01.png' in 'G:\Plateformes\Images\Nintendo - SNES\Box - Front'
08:43:19 		[CopyImages] Found 'G:\Plateformes\Images\Nintendo - SNES\Box - Front\France\Donkey Kong Country-01.png' in 'G:\Plateformes\Images\Nintendo - SNES\Box - Front'
08:43:19 		[CopyImages] Found 'G:\Plateformes\Images\Nintendo - SNES\Box - Back\North America\Donkey Kong Country-01.jpg' in 'G:\Plateformes\Images\Nintendo - SNES\Box - Back'
08:43:19 		[CopyImages] Found 'G:\Plateformes\Images\Nintendo - SNES\Box - 3D\Donkey Kong Country-01.png' in 'G:\Plateformes\Images\Nintendo - SNES\Box - 3D'
08:43:19 		[CopyImages] Found 'G:\Plateformes\Images\Nintendo - SNES\Box - 3D\Donkey Kong Country-02.png' in 'G:\Plateformes\Images\Nintendo - SNES\Box - 3D'
08:43:19 		[CopyImages] Found 'G:\Plateformes\Images\Nintendo - SNES\Box - 3D\Europe\Donkey Kong Country-01.png' in 'G:\Plateformes\Images\Nintendo - SNES\Box - 3D'
08:43:19 		[CopyImages] Found 'G:\Plateformes\Images\Nintendo - SNES\Arcade - Marquee\Donkey Kong Country-01.png' in 'G:\Plateformes\Images\Nintendo - SNES\Arcade - Marquee'
08:43:19 		[CopyImages] Found 'G:\Plateformes\Images\Nintendo - SNES\Banner\Donkey Kong Country-01.jpg' in 'G:\Plateformes\Images\Nintendo - SNES\Banner'
08:43:19 		[CopyImages] Found 'G:\Plateformes\Images\Nintendo - SNES\Banner\Donkey Kong Country-01.png' in 'G:\Plateformes\Images\Nintendo - SNES\Banner'
08:43:19 		[CopyImages] Found 'G:\Plateformes\Images\Nintendo - SNES\Banner\Donkey Kong Country-02.jpg' in 'G:\Plateformes\Images\Nintendo - SNES\Banner'
08:43:19 		[CopyImages] Found 'G:\Plateformes\Images\Nintendo - SNES\Banner\Donkey Kong Country-02.png' in 'G:\Plateformes\Images\Nintendo - SNES\Banner'
08:43:19 		[CopyImages] Found 'G:\Plateformes\Images\Nintendo - SNES\Banner\Donkey Kong Country-03.png' in 'G:\Plateformes\Images\Nintendo - SNES\Banner'
08:43:19 		[CopyImages] Found 'G:\Plateformes\Images\Nintendo - SNES\Cart - Front\Donkey Kong Country-01.png' in 'G:\Plateformes\Images\Nintendo - SNES\Cart - Front'
08:43:19 		[CopyImages] Found 'G:\Plateformes\Images\Nintendo - SNES\Cart - Front\Japan\Donkey Kong Country-01.jpg' in 'G:\Plateformes\Images\Nintendo - SNES\Cart - Front'
08:43:19 		[CopyImages] Found 'G:\Plateformes\Images\Nintendo - SNES\Cart - 3D\Donkey Kong Country-01.png' in 'G:\Plateformes\Images\Nintendo - SNES\Cart - 3D'
08:43:19 		[CopyImages] Found 'G:\Plateformes\Images\Nintendo - SNES\Cart - 3D\North America\Donkey Kong Country-01.png' in 'G:\Plateformes\Images\Nintendo - SNES\Cart - 3D'
08:43:19 		[CopyImages] Found 'G:\Plateformes\Images\Nintendo - SNES\Clear Logo\Donkey Kong Country-01.png' in 'G:\Plateformes\Images\Nintendo - SNES\Clear Logo'
08:43:19 		[CopyImages] Found 'G:\Plateformes\Images\Nintendo - SNES\Clear Logo\North America\Donkey Kong Country-01.png' in 'G:\Plateformes\Images\Nintendo - SNES\Clear Logo'
08:43:19 		[CopyImages] Found 'G:\Plateformes\Images\Nintendo - SNES\Fanart - Box - Back\North America\Donkey Kong Country-01.jpg' in 'G:\Plateformes\Images\Nintendo - SNES\Fanart - Box - Back'
08:43:19 		[CopyImages] Found 'G:\Plateformes\Images\Nintendo - SNES\Fanart - Cart - Front\Europe\Donkey Kong Country-01.png' in 'G:\Plateformes\Images\Nintendo - SNES\Fanart - Cart - Front'
08:43:19 		[CopyImages] Found 'G:\Plateformes\Images\Nintendo - SNES\Fanart - Background\Donkey Kong Country-01.jpg' in 'G:\Plateformes\Images\Nintendo - SNES\Fanart - Background'
08:43:19 		[CopyImages] Found 'G:\Plateformes\Images\Nintendo - SNES\Fanart - Background\Donkey Kong Country-01.png' in 'G:\Plateformes\Images\Nintendo - SNES\Fanart - Background'
08:43:19 		[CopyImages] Found 'G:\Plateformes\Images\Nintendo - SNES\Fanart - Background\Donkey Kong Country-02.jpg' in 'G:\Plateformes\Images\Nintendo - SNES\Fanart - Background'
08:43:19 		[CopyImages] Found 'G:\Plateformes\Images\Nintendo - SNES\Fanart - Background\Donkey Kong Country-03.jpg' in 'G:\Plateformes\Images\Nintendo - SNES\Fanart - Background'
08:43:19 		[CopyImages] Found 'G:\Plateformes\Images\Nintendo - SNES\Fanart - Background\Donkey Kong Country-04.jpg' in 'G:\Plateformes\Images\Nintendo - SNES\Fanart - Background'
08:43:19 		[CopyImages] Found 'G:\Plateformes\Images\Nintendo - SNES\Fanart - Background\Donkey Kong Country-05.jpg' in 'G:\Plateformes\Images\Nintendo - SNES\Fanart - Background'
08:43:19 		[CopyImages] Found 'G:\Plateformes\Images\Nintendo - SNES\Fanart - Background\Donkey Kong Country-06.jpg' in 'G:\Plateformes\Images\Nintendo - SNES\Fanart - Background'
08:43:19 		[CopyImages] Found 'G:\Plateformes\Images\Nintendo - SNES\Fanart - Background\Donkey Kong Country-07.jpg' in 'G:\Plateformes\Images\Nintendo - SNES\Fanart - Background'
08:43:19 		[CopyImages] Found 'G:\Plateformes\Images\Nintendo - SNES\Fanart - Background\Donkey Kong Country-08.jpg' in 'G:\Plateformes\Images\Nintendo - SNES\Fanart - Background'
08:43:19 		[CopyImages] Found 'G:\Plateformes\Images\Nintendo - SNES\Fanart - Background\Donkey Kong Country-09.jpg' in 'G:\Plateformes\Images\Nintendo - SNES\Fanart - Background'
08:43:19 		[CopyImages] Found 'G:\Plateformes\Images\Nintendo - SNES\Fanart - Background\Donkey Kong Country-10.jpg' in 'G:\Plateformes\Images\Nintendo - SNES\Fanart - Background'
08:43:19 		[CopyImages] Found 'G:\Plateformes\Images\Nintendo - SNES\Fanart - Background\Donkey Kong Country-11.jpg' in 'G:\Plateformes\Images\Nintendo - SNES\Fanart - Background'
08:43:19 		[CopyImages] Found 'G:\Plateformes\Images\Nintendo - SNES\Fanart - Background\Donkey Kong Country-12.jpg' in 'G:\Plateformes\Images\Nintendo - SNES\Fanart - Background'
08:43:19 		[CopyImages] Found 'G:\Plateformes\Images\Nintendo - SNES\Fanart - Background\Donkey Kong Country-13.jpg' in 'G:\Plateformes\Images\Nintendo - SNES\Fanart - Background'
08:43:19 		[CopyImages] Found 'G:\Plateformes\Images\Nintendo - SNES\Fanart - Background\Donkey Kong Country-14.jpg' in 'G:\Plateformes\Images\Nintendo - SNES\Fanart - Background'
08:43:19 		[CopyImages] Found 'G:\Plateformes\Images\Nintendo - SNES\Fanart - Background\Donkey Kong Country-15.jpg' in 'G:\Plateformes\Images\Nintendo - SNES\Fanart - Background'
08:43:19 		[CopyImages] Found 'G:\Plateformes\Images\Nintendo - SNES\Fanart - Background\Donkey Kong Country-16.jpg' in 'G:\Plateformes\Images\Nintendo - SNES\Fanart - Background'
08:43:19 		[CopyImages] Found 'G:\Plateformes\Images\Nintendo - SNES\Screenshot - Gameplay\Europe\Donkey Kong Country-01.png' in 'G:\Plateformes\Images\Nintendo - SNES\Screenshot - Gameplay'
08:43:19 		[CopyImages] Found 'G:\Plateformes\Images\Nintendo - SNES\Screenshot - Game Title\Europe\Donkey Kong Country-01.png' in 'G:\Plateformes\Images\Nintendo - SNES\Screenshot - Game Title'
08:43:19 		[CopyImages] Found 'G:\Plateformes\Images\Nintendo - SNES\Screenshot - Game Over\Donkey Kong Country-01.png' in 'G:\Plateformes\Images\Nintendo - SNES\Screenshot - Game Over'
08:43:19 [CopyHandler] Destination file exists... 08:43:24 PassAll
08:43:24 [CopyHandler] Destination file exists... 08:43:24 PassAll
08:43:24 [CopyHandler] Destination file exists... 08:43:24 PassAll
08:43:24 [CopyHandler] Destination file exists... 08:43:24 PassAll
08:43:24 [CopyHandler] Destination file exists... 08:43:24 PassAll
08:43:24 [CopyHandler] Destination file exists... 08:43:24 PassAll
08:43:24 [CopyHandler] Destination file exists... 08:43:24 PassAll
08:43:24 [CopyHandler] Destination file exists... 08:43:24 PassAll
08:43:24 [CopyHandler] Destination file exists... 08:43:24 PassAll
08:43:24 [CopyHandler] Destination file exists... 08:43:24 PassAll
08:43:24 [CopyHandler] Destination file exists... 08:43:24 PassAll
08:43:24 [CopyHandler] Destination file exists... 08:43:24 PassAll
08:43:24 [CopyHandler] Destination file exists... 08:43:24 PassAll
08:43:24 [CopyHandler] Destination file exists... 08:43:24 PassAll
08:43:24 [CopyHandler] Destination file exists... 08:43:24 PassAll
08:43:24 [CopyHandler] Destination file exists... 08:43:24 PassAll
08:43:24 [CopyHandler] Destination file exists... 08:43:24 PassAll
08:43:24 [CopyHandler] Destination file exists... 08:43:24 PassAll
08:43:24 [CopyHandler] Destination file exists... 08:43:24 PassAll
08:43:24 [CopyHandler] Destination file exists... 08:43:24 PassAll
08:43:24 [CopyHandler] Destination file exists... 08:43:24 PassAll
08:43:24 [CopyHandler] Destination file exists... 08:43:24 PassAll
08:43:24 [CopyHandler] Destination file exists... 08:43:24 PassAll
08:43:24 [CopyHandler] Destination file exists... 08:43:24 PassAll
08:43:24 [CopyHandler] Destination file exists... 08:43:24 PassAll
08:43:24 [CopyHandler] Destination file exists... 08:43:24 PassAll
08:43:24 [CopyHandler] Destination file exists... 08:43:24 PassAll
08:43:24 [CopyHandler] Destination file exists... 08:43:24 PassAll
08:43:24 [CopyHandler] Destination file exists... 08:43:24 PassAll
08:43:24 [CopyHandler] Destination file exists... 08:43:24 PassAll
08:43:24 [CopyHandler] Destination file exists... 08:43:24 PassAll
08:43:24 [CopyHandler] Destination file exists... 08:43:24 PassAll
08:43:24 [CopyHandler] Destination file exists... 08:43:24 PassAll
08:43:24 [CopyHandler] Destination file exists... 08:43:24 PassAll
08:43:24 [CopyHandler] Destination file exists... 08:43:24 PassAll
08:43:24 [CopyHandler] Destination file exists... 08:43:24 PassAll
08:43:24 [CopyHandler] Destination file exists... 08:43:24 PassAll
08:43:24 [CopyHandler] Destination file exists... 08:43:24 PassAll
08:43:24 [CopyHandler] Destination file exists... 08:43:24 PassAll
08:43:24 [CopyHandler] Destination file exists... 08:43:24 PassAll
08:43:34 [CopyFiles] Copy of the file 'Donkey Kong Country-01.txt': Successful
