****** Initialisation Logger - niveau: 0 ******
15:55:07 Language fr-FR - 1.0.0.4, loading...
15:55:22 [Main] PackMe for 'Donkey Kong Country' | 'fc1ac9d2-d88a-4851-8939-cea8ddeb74bb'
15:55:23 Directory Exists 'G:\Temp\pmg - temp\Super Nintendo Entertainment System\Donkey Kong Country (E) (M3) (V1.0) [f1]'
15:55:26 [MakeStructure] Creation of the tree
15:55:26 [CreateHFolders] Creation of 'G:\Temp\pmg - temp\Super Nintendo Entertainment System\Donkey Kong Country (E) (M3) (V1.0) [f1]\Games'
15:55:26 [CreateHFolders] Creation of 'G:\Temp\pmg - temp\Super Nintendo Entertainment System\Donkey Kong Country (E) (M3) (V1.0) [f1]\CheatCodes'
15:55:26 [CreateHFolders] Creation of 'G:\Temp\pmg - temp\Super Nintendo Entertainment System\Donkey Kong Country (E) (M3) (V1.0) [f1]\Images'
15:55:26 [CreateHFolders] Creation of 'G:\Temp\pmg - temp\Super Nintendo Entertainment System\Donkey Kong Country (E) (M3) (V1.0) [f1]\Manuals'
15:55:26 [CreateHFolders] Creation of 'G:\Temp\pmg - temp\Super Nintendo Entertainment System\Donkey Kong Country (E) (M3) (V1.0) [f1]\Musics'
15:55:26 [CreateHFolders] Creation of 'G:\Temp\pmg - temp\Super Nintendo Entertainment System\Donkey Kong Country (E) (M3) (V1.0) [f1]\Videos'
15:55:26 Not managed: MissingBox3dImage
15:55:26 Not managed: MissingCartImage
15:55:26 Not managed: MissingCart3dImage
15:55:26 Not managed: MissingManual
15:55:26 Not managed: MissingBannerImage
15:55:26 Not managed: MissingMusic
15:55:26 Not managed: UsePauseScreen
15:55:26 Not managed: OverrideDefaultPauseScreenSettings
15:55:26 Not managed: SuspendProcessOnPause
15:55:26 Not managed: ForcefulPauseScreenActivation
15:57:13 [CopyFiles] Copy of the file 'Donkey Kong Country-01.mp4': Successful
15:57:52 [Main] PackMe for 'Donkey Kong Country' | 'fc1ac9d2-d88a-4851-8939-cea8ddeb74bb'
15:57:52 Directory Exists 'G:\Temp\pmg - temp\Super Nintendo Entertainment System\Donkey Kong Country (E) (M3) (V1.0) [f1]'
15:57:55 [MakeStructure] Creation of the tree
15:57:55 [CreateHFolders] Creation of 'G:\Temp\pmg - temp\Super Nintendo Entertainment System\Donkey Kong Country (E) (M3) (V1.0) [f1]\Games'
15:57:55 [CreateHFolders] Creation of 'G:\Temp\pmg - temp\Super Nintendo Entertainment System\Donkey Kong Country (E) (M3) (V1.0) [f1]\CheatCodes'
15:57:55 [CreateHFolders] Creation of 'G:\Temp\pmg - temp\Super Nintendo Entertainment System\Donkey Kong Country (E) (M3) (V1.0) [f1]\Images'
15:57:55 [CreateHFolders] Creation of 'G:\Temp\pmg - temp\Super Nintendo Entertainment System\Donkey Kong Country (E) (M3) (V1.0) [f1]\Manuals'
15:57:55 [CreateHFolders] Creation of 'G:\Temp\pmg - temp\Super Nintendo Entertainment System\Donkey Kong Country (E) (M3) (V1.0) [f1]\Musics'
15:57:55 [CreateHFolders] Creation of 'G:\Temp\pmg - temp\Super Nintendo Entertainment System\Donkey Kong Country (E) (M3) (V1.0) [f1]\Videos'
15:57:55 Not managed: MissingBox3dImage
15:57:55 Not managed: MissingBox3dImage
15:57:55 Not managed: MissingCartImage
15:57:55 Not managed: MissingCartImage
15:57:55 Not managed: MissingCart3dImage
15:57:55 Not managed: MissingCart3dImage
15:57:55 Not managed: MissingManual
15:57:55 Not managed: MissingManual
15:57:55 Not managed: MissingBannerImage
15:57:55 Not managed: MissingBannerImage
15:57:55 Not managed: MissingMusic
15:57:55 Not managed: MissingMusic
15:57:55 Not managed: UsePauseScreen
15:57:55 Not managed: UsePauseScreen
15:57:55 Not managed: OverrideDefaultPauseScreenSettings
15:57:55 Not managed: OverrideDefaultPauseScreenSettings
15:57:55 Not managed: SuspendProcessOnPause
15:57:55 Not managed: SuspendProcessOnPause
15:57:55 Not managed: ForcefulPauseScreenActivation
15:57:55 Not managed: ForcefulPauseScreenActivation
15:58:47 [Main] PackMe for 'Donkey Kong Country' | 'fc1ac9d2-d88a-4851-8939-cea8ddeb74bb'
15:58:47 Directory Exists 'G:\Temp\pmg - temp\Super Nintendo Entertainment System\Donkey Kong Country (E) (M3) (V1.0) [f1]'
15:58:49 [MakeStructure] Creation of the tree
15:58:49 [CreateHFolders] Creation of 'G:\Temp\pmg - temp\Super Nintendo Entertainment System\Donkey Kong Country (E) (M3) (V1.0) [f1]\Games'
15:58:49 [CreateHFolders] Creation of 'G:\Temp\pmg - temp\Super Nintendo Entertainment System\Donkey Kong Country (E) (M3) (V1.0) [f1]\CheatCodes'
15:58:49 [CreateHFolders] Creation of 'G:\Temp\pmg - temp\Super Nintendo Entertainment System\Donkey Kong Country (E) (M3) (V1.0) [f1]\Images'
15:58:49 [CreateHFolders] Creation of 'G:\Temp\pmg - temp\Super Nintendo Entertainment System\Donkey Kong Country (E) (M3) (V1.0) [f1]\Manuals'
15:58:49 [CreateHFolders] Creation of 'G:\Temp\pmg - temp\Super Nintendo Entertainment System\Donkey Kong Country (E) (M3) (V1.0) [f1]\Musics'
15:58:49 [CreateHFolders] Creation of 'G:\Temp\pmg - temp\Super Nintendo Entertainment System\Donkey Kong Country (E) (M3) (V1.0) [f1]\Videos'
15:58:49 Not managed: MissingBox3dImage
15:58:49 Not managed: MissingBox3dImage
15:58:49 Not managed: MissingBox3dImage
15:58:49 Not managed: MissingCartImage
15:58:49 Not managed: MissingCartImage
15:58:49 Not managed: MissingCartImage
15:58:49 Not managed: MissingCart3dImage
15:58:49 Not managed: MissingCart3dImage
15:58:49 Not managed: MissingCart3dImage
15:58:49 Not managed: MissingManual
15:58:49 Not managed: MissingManual
15:58:49 Not managed: MissingManual
15:58:49 Not managed: MissingBannerImage
15:58:49 Not managed: MissingBannerImage
15:58:49 Not managed: MissingBannerImage
15:58:49 Not managed: MissingMusic
15:58:49 Not managed: MissingMusic
15:58:49 Not managed: MissingMusic
15:58:49 Not managed: UsePauseScreen
15:58:49 Not managed: UsePauseScreen
15:58:49 Not managed: UsePauseScreen
15:58:49 Not managed: OverrideDefaultPauseScreenSettings
15:58:49 Not managed: OverrideDefaultPauseScreenSettings
15:58:49 Not managed: OverrideDefaultPauseScreenSettings
15:58:49 Not managed: SuspendProcessOnPause
15:58:49 Not managed: SuspendProcessOnPause
15:58:49 Not managed: SuspendProcessOnPause
15:58:49 Not managed: ForcefulPauseScreenActivation
15:58:49 Not managed: ForcefulPauseScreenActivation
15:58:49 Not managed: ForcefulPauseScreenActivation
