****** Initialisation Logger - niveau: 0 ******
11:17:45 Language fr-FR - 1.0.0.4, loading...
11:18:08 [Main] PackMe for 'Donkey Kong Country' | 'fc1ac9d2-d88a-4851-8939-cea8ddeb74bb'
11:18:08 Directory Exists 'G:\Temp\pmg - temp\Super Nintendo Entertainment System\Donkey Kong Country (E) (M3) (V1.0) [f1]'
11:18:09 Trash existing folder: 'G:\Temp\pmg - temp\Super Nintendo Entertainment System\Donkey Kong Country (E) (M3) (V1.0) [f1]'
11:18:17 [MakeStructure] Creation of the tree
11:18:17 [CreateHFolders] Creation of 'G:\Temp\pmg - temp\Super Nintendo Entertainment System\Donkey Kong Country (E) (M3) (V1.0) [f1]\Games'
11:18:17 [CreateHFolders] Creation of 'G:\Temp\pmg - temp\Super Nintendo Entertainment System\Donkey Kong Country (E) (M3) (V1.0) [f1]\CheatCodes'
11:18:18 [CreateHFolders] Creation of 'G:\Temp\pmg - temp\Super Nintendo Entertainment System\Donkey Kong Country (E) (M3) (V1.0) [f1]\Images'
11:18:18 [CreateHFolders] Creation of 'G:\Temp\pmg - temp\Super Nintendo Entertainment System\Donkey Kong Country (E) (M3) (V1.0) [f1]\Manuals'
11:18:18 [CreateHFolders] Creation of 'G:\Temp\pmg - temp\Super Nintendo Entertainment System\Donkey Kong Country (E) (M3) (V1.0) [f1]\Musics'
11:18:18 [CreateHFolders] Creation of 'G:\Temp\pmg - temp\Super Nintendo Entertainment System\Donkey Kong Country (E) (M3) (V1.0) [f1]\Videos'
11:18:18 Not managed: MissingBox3dImage
11:18:18 Not managed: MissingCartImage
11:18:18 Not managed: MissingCart3dImage
11:18:18 Not managed: MissingManual
11:18:18 Not managed: MissingBannerImage
11:18:18 Not managed: MissingMusic
11:18:18 Not managed: UsePauseScreen
11:18:18 Not managed: OverrideDefaultPauseScreenSettings
11:18:18 Not managed: SuspendProcessOnPause
11:18:18 Not managed: ForcefulPauseScreenActivation
11:18:20 [CopyFiles] Copy of the file 'Donkey Kong Country (E) (M3) (V1.0) [f1].sfc': Successful
