****** Initialisation Logger - niveau: 0 ******
17:39:58 Language fr-FR - 1.0.0.4, loading...
17:40:28 [Main] PackMe for 'Donkey Kong Country' | 'fc1ac9d2-d88a-4851-8939-cea8ddeb74bb'
17:40:28 Directory Exists 'G:\Temp\pmg - temp\Super Nintendo Entertainment System\Donkey Kong Country (E) (M3) (V1.0) [f1]'
17:40:31 [MakeStructure] Creation of the tree
17:40:31 [CreateHFolders] Creation of 'G:\Temp\pmg - temp\Super Nintendo Entertainment System\Donkey Kong Country (E) (M3) (V1.0) [f1]\Games'
17:40:31 [CreateHFolders] Creation of 'G:\Temp\pmg - temp\Super Nintendo Entertainment System\Donkey Kong Country (E) (M3) (V1.0) [f1]\CheatCodes'
17:40:31 [CreateHFolders] Creation of 'G:\Temp\pmg - temp\Super Nintendo Entertainment System\Donkey Kong Country (E) (M3) (V1.0) [f1]\Images'
17:40:31 [CreateHFolders] Creation of 'G:\Temp\pmg - temp\Super Nintendo Entertainment System\Donkey Kong Country (E) (M3) (V1.0) [f1]\Manuals'
17:40:31 [CreateHFolders] Creation of 'G:\Temp\pmg - temp\Super Nintendo Entertainment System\Donkey Kong Country (E) (M3) (V1.0) [f1]\Musics'
17:40:31 [CreateHFolders] Creation of 'G:\Temp\pmg - temp\Super Nintendo Entertainment System\Donkey Kong Country (E) (M3) (V1.0) [f1]\Videos'
17:40:31 Not managed: MissingBox3dImage
17:40:31 Not managed: MissingCartImage
17:40:31 Not managed: MissingCart3dImage
17:40:31 Not managed: MissingManual
17:40:31 Not managed: MissingBannerImage
17:40:31 Not managed: MissingMusic
17:40:31 Not managed: UsePauseScreen
17:40:31 Not managed: OverrideDefaultPauseScreenSettings
17:40:31 Not managed: SuspendProcessOnPause
17:40:31 Not managed: ForcefulPauseScreenActivation
17:40:32 [CopyHandler] Destination file exists... 17:40:35 Pass
17:40:38 [CopyHandler] Destination file exists... 17:40:42 Pass
17:40:43 [CopyHandler] Destination file exists... 17:40:46 PassAll
17:40:47 [CopyHandler] Destination file exists... 17:40:47 PassAll
17:40:47 [CopyHandler] Destination file exists... 17:40:47 PassAll
