****** Initialisation Logger - niveau: 0 ******
15:49:32 Language fr-FR - 1.0.0.4, loading...
15:51:12 [Main] PackMe for 'Donkey Kong Country' | 'fc1ac9d2-d88a-4851-8939-cea8ddeb74bb'
15:51:12 Directory Exists 'G:\Temp\pmg - temp\Super Nintendo Entertainment System\Donkey Kong Country (E) (M3) (V1.0) [f1]'
15:51:14 [MakeStructure] Creation of the tree
15:51:14 [CreateHFolders] Creation of 'G:\Temp\pmg - temp\Super Nintendo Entertainment System\Donkey Kong Country (E) (M3) (V1.0) [f1]\Games'
15:51:14 [CreateHFolders] Creation of 'G:\Temp\pmg - temp\Super Nintendo Entertainment System\Donkey Kong Country (E) (M3) (V1.0) [f1]\CheatCodes'
15:51:14 [CreateHFolders] Creation of 'G:\Temp\pmg - temp\Super Nintendo Entertainment System\Donkey Kong Country (E) (M3) (V1.0) [f1]\Images'
15:51:14 [CreateHFolders] Creation of 'G:\Temp\pmg - temp\Super Nintendo Entertainment System\Donkey Kong Country (E) (M3) (V1.0) [f1]\Manuals'
15:51:14 [CreateHFolders] Creation of 'G:\Temp\pmg - temp\Super Nintendo Entertainment System\Donkey Kong Country (E) (M3) (V1.0) [f1]\Musics'
15:51:14 [CreateHFolders] Creation of 'G:\Temp\pmg - temp\Super Nintendo Entertainment System\Donkey Kong Country (E) (M3) (V1.0) [f1]\Videos'
15:51:14 Not managed: MissingBox3dImage
15:51:14 Not managed: MissingCartImage
15:51:14 Not managed: MissingCart3dImage
15:51:14 Not managed: MissingManual
15:51:14 Not managed: MissingBannerImage
15:51:14 Not managed: MissingMusic
15:51:14 Not managed: UsePauseScreen
15:51:14 Not managed: OverrideDefaultPauseScreenSettings
15:51:14 Not managed: SuspendProcessOnPause
15:51:14 Not managed: ForcefulPauseScreenActivation
15:51:18 [CopyHandler] Destination file exists... 15:51:26 Pass
15:51:44 [CopyFiles] Copy of the file 'Donkey Kong Country.mp3': Successful
15:52:20 [CopyFiles] Copy of the file 'Donkey Kong Country-01.mp4': Successful
15:52:58 [Main] PackMe for 'Donkey Kong Country' | 'fc1ac9d2-d88a-4851-8939-cea8ddeb74bb'
15:52:58 Directory Exists 'G:\Temp\pmg - temp\Super Nintendo Entertainment System\Donkey Kong Country (E) (M3) (V1.0) [f1]'
15:52:59 Trash existing folder: 'G:\Temp\pmg - temp\Super Nintendo Entertainment System\Donkey Kong Country (E) (M3) (V1.0) [f1]'
15:53:00 [MakeStructure] Creation of the tree
15:53:00 [CreateHFolders] Creation of 'G:\Temp\pmg - temp\Super Nintendo Entertainment System\Donkey Kong Country (E) (M3) (V1.0) [f1]\Games'
15:53:00 [CreateHFolders] Creation of 'G:\Temp\pmg - temp\Super Nintendo Entertainment System\Donkey Kong Country (E) (M3) (V1.0) [f1]\CheatCodes'
15:53:00 [CreateHFolders] Creation of 'G:\Temp\pmg - temp\Super Nintendo Entertainment System\Donkey Kong Country (E) (M3) (V1.0) [f1]\Images'
15:53:00 [CreateHFolders] Creation of 'G:\Temp\pmg - temp\Super Nintendo Entertainment System\Donkey Kong Country (E) (M3) (V1.0) [f1]\Manuals'
15:53:00 [CreateHFolders] Creation of 'G:\Temp\pmg - temp\Super Nintendo Entertainment System\Donkey Kong Country (E) (M3) (V1.0) [f1]\Musics'
15:53:00 [CreateHFolders] Creation of 'G:\Temp\pmg - temp\Super Nintendo Entertainment System\Donkey Kong Country (E) (M3) (V1.0) [f1]\Videos'
15:53:00 Not managed: MissingBox3dImage
15:53:00 Not managed: MissingBox3dImage
15:53:00 Not managed: MissingCartImage
15:53:00 Not managed: MissingCartImage
15:53:00 Not managed: MissingCart3dImage
15:53:00 Not managed: MissingCart3dImage
15:53:00 Not managed: MissingManual
15:53:00 Not managed: MissingManual
15:53:00 Not managed: MissingBannerImage
15:53:00 Not managed: MissingBannerImage
15:53:00 Not managed: MissingMusic
15:53:00 Not managed: MissingMusic
15:53:00 Not managed: UsePauseScreen
15:53:00 Not managed: UsePauseScreen
15:53:00 Not managed: OverrideDefaultPauseScreenSettings
15:53:00 Not managed: OverrideDefaultPauseScreenSettings
15:53:00 Not managed: SuspendProcessOnPause
15:53:00 Not managed: SuspendProcessOnPause
15:53:00 Not managed: ForcefulPauseScreenActivation
15:53:00 Not managed: ForcefulPauseScreenActivation
15:53:19 [CopyFiles] Copy of the file 'Donkey Kong Country.pdf': Successful
15:53:24 [CopyFiles] Copy of the file 'Donkey Kong Country.mp3': Successful
