****** Initialisation Logger - niveau: 0 ******
19:54:48 Language fr-FR - 1.0.0.4, loading...
19:55:23 [Main] PackMe for 'Donkey Kong Country' | 'fc1ac9d2-d88a-4851-8939-cea8ddeb74bb'
19:55:23 Directory Exists 'G:\Temp\pmg - temp\Super Nintendo Entertainment System\Donkey Kong Country (E) (M3) (V1.0) [f1]'
19:55:24 [MakeStructure] Creation of the tree
19:55:24 [CreateHFolders] Creation of 'G:\Temp\pmg - temp\Super Nintendo Entertainment System\Donkey Kong Country (E) (M3) (V1.0) [f1]\Games'
19:55:24 [CreateHFolders] Creation of 'G:\Temp\pmg - temp\Super Nintendo Entertainment System\Donkey Kong Country (E) (M3) (V1.0) [f1]\CheatCodes'
19:55:24 [CreateHFolders] Creation of 'G:\Temp\pmg - temp\Super Nintendo Entertainment System\Donkey Kong Country (E) (M3) (V1.0) [f1]\Images'
19:55:24 [CreateHFolders] Creation of 'G:\Temp\pmg - temp\Super Nintendo Entertainment System\Donkey Kong Country (E) (M3) (V1.0) [f1]\Manuals'
19:55:25 [CreateHFolders] Creation of 'G:\Temp\pmg - temp\Super Nintendo Entertainment System\Donkey Kong Country (E) (M3) (V1.0) [f1]\Musics'
19:55:25 [CreateHFolders] Creation of 'G:\Temp\pmg - temp\Super Nintendo Entertainment System\Donkey Kong Country (E) (M3) (V1.0) [f1]\Videos'
19:55:25 Not managed: GogAppId
19:55:25 Not managed: OriginAppId
19:55:25 Not managed: OriginInstallPath
19:55:25 Not managed: MissingBox3dImage
19:55:25 Not managed: MissingCartImage
19:55:25 Not managed: MissingCart3dImage
19:55:25 Not managed: MissingManual
19:55:25 Not managed: MissingBannerImage
19:55:25 Not managed: MissingMusic
19:55:25 Not managed: UsePauseScreen
19:55:25 Not managed: PauseAutoHotkeyScript
19:55:25 Not managed: ResumeAutoHotkeyScript
19:55:25 Not managed: OverrideDefaultPauseScreenSettings
19:55:25 Not managed: SuspendProcessOnPause
19:55:25 Not managed: ForcefulPauseScreenActivation
19:55:25 Not managed: LoadStateAutoHotkeyScript
19:55:25 Not managed: SaveStateAutoHotkeyScript
19:55:25 Not managed: ResetAutoHotkeyScript
19:55:25 Not managed: SwapDiscsAutoHotkeyScript
19:55:25 [CopyHandler] Destination file exists... 19:55:29 PassAll
19:55:31 [CopyHandler] Destination file exists... 19:55:31 PassAll
19:55:32 [CopyHandler] Destination file exists... 19:55:32 PassAll
19:55:33 [CopyHandler] Destination file exists... 19:55:33 PassAll
19:55:33 [CopyHandler] Destination file exists... 19:55:33 PassAll
19:55:33 		[CopyImages] Found 'G:\Plateformes\Images\Nintendo - SNES\Box - Front\Donkey Kong Country-01.png' in 'G:\Plateformes\Images\Nintendo - SNES\Box - Front'
19:55:33 		[CopyImages] Found 'G:\Plateformes\Images\Nintendo - SNES\Box - Front\France\Donkey Kong Country-01.png' in 'G:\Plateformes\Images\Nintendo - SNES\Box - Front'
19:55:33 		[CopyImages] Found 'G:\Plateformes\Images\Nintendo - SNES\Box - Back\North America\Donkey Kong Country-01.jpg' in 'G:\Plateformes\Images\Nintendo - SNES\Box - Back'
19:55:33 		[CopyImages] Found 'G:\Plateformes\Images\Nintendo - SNES\Box - 3D\Donkey Kong Country-01.png' in 'G:\Plateformes\Images\Nintendo - SNES\Box - 3D'
19:55:33 		[CopyImages] Found 'G:\Plateformes\Images\Nintendo - SNES\Box - 3D\Donkey Kong Country-02.png' in 'G:\Plateformes\Images\Nintendo - SNES\Box - 3D'
19:55:33 		[CopyImages] Found 'G:\Plateformes\Images\Nintendo - SNES\Box - 3D\Europe\Donkey Kong Country-01.png' in 'G:\Plateformes\Images\Nintendo - SNES\Box - 3D'
19:55:33 		[CopyImages] Found 'G:\Plateformes\Images\Nintendo - SNES\Arcade - Marquee\Donkey Kong Country-01.png' in 'G:\Plateformes\Images\Nintendo - SNES\Arcade - Marquee'
19:55:33 		[CopyImages] Found 'G:\Plateformes\Images\Nintendo - SNES\Banner\Donkey Kong Country-01.jpg' in 'G:\Plateformes\Images\Nintendo - SNES\Banner'
19:55:33 		[CopyImages] Found 'G:\Plateformes\Images\Nintendo - SNES\Banner\Donkey Kong Country-01.png' in 'G:\Plateformes\Images\Nintendo - SNES\Banner'
19:55:33 		[CopyImages] Found 'G:\Plateformes\Images\Nintendo - SNES\Banner\Donkey Kong Country-02.jpg' in 'G:\Plateformes\Images\Nintendo - SNES\Banner'
19:55:33 		[CopyImages] Found 'G:\Plateformes\Images\Nintendo - SNES\Banner\Donkey Kong Country-02.png' in 'G:\Plateformes\Images\Nintendo - SNES\Banner'
19:55:33 		[CopyImages] Found 'G:\Plateformes\Images\Nintendo - SNES\Banner\Donkey Kong Country-03.png' in 'G:\Plateformes\Images\Nintendo - SNES\Banner'
19:55:33 		[CopyImages] Found 'G:\Plateformes\Images\Nintendo - SNES\Cart - Front\Donkey Kong Country-01.png' in 'G:\Plateformes\Images\Nintendo - SNES\Cart - Front'
19:55:33 		[CopyImages] Found 'G:\Plateformes\Images\Nintendo - SNES\Cart - Front\Japan\Donkey Kong Country-01.jpg' in 'G:\Plateformes\Images\Nintendo - SNES\Cart - Front'
19:55:33 		[CopyImages] Found 'G:\Plateformes\Images\Nintendo - SNES\Cart - 3D\Donkey Kong Country-01.png' in 'G:\Plateformes\Images\Nintendo - SNES\Cart - 3D'
19:55:33 		[CopyImages] Found 'G:\Plateformes\Images\Nintendo - SNES\Cart - 3D\North America\Donkey Kong Country-01.png' in 'G:\Plateformes\Images\Nintendo - SNES\Cart - 3D'
19:55:33 		[CopyImages] Found 'G:\Plateformes\Images\Nintendo - SNES\Clear Logo\Donkey Kong Country-01.png' in 'G:\Plateformes\Images\Nintendo - SNES\Clear Logo'
19:55:33 		[CopyImages] Found 'G:\Plateformes\Images\Nintendo - SNES\Clear Logo\North America\Donkey Kong Country-01.png' in 'G:\Plateformes\Images\Nintendo - SNES\Clear Logo'
19:55:33 		[CopyImages] Found 'G:\Plateformes\Images\Nintendo - SNES\Fanart - Box - Back\North America\Donkey Kong Country-01.jpg' in 'G:\Plateformes\Images\Nintendo - SNES\Fanart - Box - Back'
19:55:33 		[CopyImages] Found 'G:\Plateformes\Images\Nintendo - SNES\Fanart - Cart - Front\Europe\Donkey Kong Country-01.png' in 'G:\Plateformes\Images\Nintendo - SNES\Fanart - Cart - Front'
19:55:33 		[CopyImages] Found 'G:\Plateformes\Images\Nintendo - SNES\Fanart - Background\Donkey Kong Country-01.jpg' in 'G:\Plateformes\Images\Nintendo - SNES\Fanart - Background'
19:55:33 		[CopyImages] Found 'G:\Plateformes\Images\Nintendo - SNES\Fanart - Background\Donkey Kong Country-01.png' in 'G:\Plateformes\Images\Nintendo - SNES\Fanart - Background'
19:55:33 		[CopyImages] Found 'G:\Plateformes\Images\Nintendo - SNES\Fanart - Background\Donkey Kong Country-02.jpg' in 'G:\Plateformes\Images\Nintendo - SNES\Fanart - Background'
19:55:33 		[CopyImages] Found 'G:\Plateformes\Images\Nintendo - SNES\Fanart - Background\Donkey Kong Country-03.jpg' in 'G:\Plateformes\Images\Nintendo - SNES\Fanart - Background'
19:55:33 		[CopyImages] Found 'G:\Plateformes\Images\Nintendo - SNES\Fanart - Background\Donkey Kong Country-04.jpg' in 'G:\Plateformes\Images\Nintendo - SNES\Fanart - Background'
19:55:33 		[CopyImages] Found 'G:\Plateformes\Images\Nintendo - SNES\Fanart - Background\Donkey Kong Country-05.jpg' in 'G:\Plateformes\Images\Nintendo - SNES\Fanart - Background'
19:55:33 		[CopyImages] Found 'G:\Plateformes\Images\Nintendo - SNES\Fanart - Background\Donkey Kong Country-06.jpg' in 'G:\Plateformes\Images\Nintendo - SNES\Fanart - Background'
19:55:33 		[CopyImages] Found 'G:\Plateformes\Images\Nintendo - SNES\Fanart - Background\Donkey Kong Country-07.jpg' in 'G:\Plateformes\Images\Nintendo - SNES\Fanart - Background'
19:55:33 		[CopyImages] Found 'G:\Plateformes\Images\Nintendo - SNES\Fanart - Background\Donkey Kong Country-08.jpg' in 'G:\Plateformes\Images\Nintendo - SNES\Fanart - Background'
19:55:33 		[CopyImages] Found 'G:\Plateformes\Images\Nintendo - SNES\Fanart - Background\Donkey Kong Country-09.jpg' in 'G:\Plateformes\Images\Nintendo - SNES\Fanart - Background'
19:55:33 		[CopyImages] Found 'G:\Plateformes\Images\Nintendo - SNES\Fanart - Background\Donkey Kong Country-10.jpg' in 'G:\Plateformes\Images\Nintendo - SNES\Fanart - Background'
19:55:33 		[CopyImages] Found 'G:\Plateformes\Images\Nintendo - SNES\Fanart - Background\Donkey Kong Country-11.jpg' in 'G:\Plateformes\Images\Nintendo - SNES\Fanart - Background'
19:55:33 		[CopyImages] Found 'G:\Plateformes\Images\Nintendo - SNES\Fanart - Background\Donkey Kong Country-12.jpg' in 'G:\Plateformes\Images\Nintendo - SNES\Fanart - Background'
19:55:33 		[CopyImages] Found 'G:\Plateformes\Images\Nintendo - SNES\Fanart - Background\Donkey Kong Country-13.jpg' in 'G:\Plateformes\Images\Nintendo - SNES\Fanart - Background'
19:55:33 		[CopyImages] Found 'G:\Plateformes\Images\Nintendo - SNES\Fanart - Background\Donkey Kong Country-14.jpg' in 'G:\Plateformes\Images\Nintendo - SNES\Fanart - Background'
19:55:33 		[CopyImages] Found 'G:\Plateformes\Images\Nintendo - SNES\Fanart - Background\Donkey Kong Country-15.jpg' in 'G:\Plateformes\Images\Nintendo - SNES\Fanart - Background'
19:55:33 		[CopyImages] Found 'G:\Plateformes\Images\Nintendo - SNES\Fanart - Background\Donkey Kong Country-16.jpg' in 'G:\Plateformes\Images\Nintendo - SNES\Fanart - Background'
19:55:33 		[CopyImages] Found 'G:\Plateformes\Images\Nintendo - SNES\Screenshot - Gameplay\Europe\Donkey Kong Country-01.png' in 'G:\Plateformes\Images\Nintendo - SNES\Screenshot - Gameplay'
19:55:33 		[CopyImages] Found 'G:\Plateformes\Images\Nintendo - SNES\Screenshot - Game Title\Europe\Donkey Kong Country-01.png' in 'G:\Plateformes\Images\Nintendo - SNES\Screenshot - Game Title'
19:55:33 		[CopyImages] Found 'G:\Plateformes\Images\Nintendo - SNES\Screenshot - Game Over\Donkey Kong Country-01.png' in 'G:\Plateformes\Images\Nintendo - SNES\Screenshot - Game Over'
19:55:33 [CopyHandler] Destination file exists... 19:55:35 PassAll
19:55:35 [CopyHandler] Destination file exists... 19:55:35 PassAll
19:55:35 [CopyHandler] Destination file exists... 19:55:35 PassAll
19:55:35 [CopyHandler] Destination file exists... 19:55:35 PassAll
19:55:35 [CopyHandler] Destination file exists... 19:55:35 PassAll
19:55:35 [CopyHandler] Destination file exists... 19:55:35 PassAll
19:55:35 [CopyHandler] Destination file exists... 19:55:35 PassAll
19:55:35 [CopyHandler] Destination file exists... 19:55:35 PassAll
19:55:35 [CopyHandler] Destination file exists... 19:55:35 PassAll
19:55:35 [CopyHandler] Destination file exists... 19:55:35 PassAll
19:55:35 [CopyHandler] Destination file exists... 19:55:35 PassAll
19:55:35 [CopyHandler] Destination file exists... 19:55:35 PassAll
19:55:35 [CopyHandler] Destination file exists... 19:55:35 PassAll
19:55:35 [CopyHandler] Destination file exists... 19:55:35 PassAll
19:55:35 [CopyHandler] Destination file exists... 19:55:35 PassAll
19:55:35 [CopyHandler] Destination file exists... 19:55:35 PassAll
19:55:35 [CopyHandler] Destination file exists... 19:55:35 PassAll
19:55:35 [CopyHandler] Destination file exists... 19:55:35 PassAll
19:55:35 [CopyHandler] Destination file exists... 19:55:35 PassAll
19:55:35 [CopyHandler] Destination file exists... 19:55:35 PassAll
19:55:35 [CopyHandler] Destination file exists... 19:55:35 PassAll
19:55:35 [CopyHandler] Destination file exists... 19:55:35 PassAll
19:55:35 [CopyHandler] Destination file exists... 19:55:35 PassAll
19:55:35 [CopyHandler] Destination file exists... 19:55:35 PassAll
19:55:35 [CopyHandler] Destination file exists... 19:55:35 PassAll
19:55:35 [CopyHandler] Destination file exists... 19:55:35 PassAll
19:55:35 [CopyHandler] Destination file exists... 19:55:35 PassAll
19:55:35 [CopyHandler] Destination file exists... 19:55:35 PassAll
19:55:35 [CopyHandler] Destination file exists... 19:55:35 PassAll
19:55:35 [CopyHandler] Destination file exists... 19:55:35 PassAll
19:55:35 [CopyHandler] Destination file exists... 19:55:35 PassAll
19:55:35 [CopyHandler] Destination file exists... 19:55:35 PassAll
19:55:35 [CopyHandler] Destination file exists... 19:55:35 PassAll
19:55:35 [CopyHandler] Destination file exists... 19:55:35 PassAll
19:55:35 [CopyHandler] Destination file exists... 19:55:35 PassAll
19:55:35 [CopyHandler] Destination file exists... 19:55:35 PassAll
19:55:35 [CopyHandler] Destination file exists... 19:55:35 PassAll
19:55:35 [CopyHandler] Destination file exists... 19:55:35 PassAll
19:55:35 [CopyHandler] Destination file exists... 19:55:35 PassAll
19:55:35 [CopyHandler] Destination file exists... 19:55:35 PassAll
19:55:37 [CopyHandler] Destination file exists... 19:55:37 PassAll
19:55:37 [CopyHandler] Destination file exists... 19:55:37 PassAll
19:55:37 [CopyHandler] Destination file exists... 19:55:37 PassAll
19:55:37 [CopyHandler] Destination file exists... 19:55:37 PassAll
19:55:37 [CopyHandler] Destination file exists... 19:55:37 PassAll
19:55:37 [CopyHandler] Destination file exists... 19:55:37 PassAll
19:55:37 [CopyHandler] Destination file exists... 19:55:37 PassAll
19:55:37 [CopyHandler] Destination file exists... 19:55:37 PassAll
19:55:37 [CopyHandler] Destination file exists... 19:55:37 PassAll
19:55:37 [CopyHandler] Destination file exists... 19:55:37 PassAll
19:55:37 [CopyHandler] Destination file exists... 19:55:37 PassAll
