****** Initialisation Logger - niveau: 0 ******
11:31:29 Language fr-FR - 1.0.0.4, loading...
11:32:20 [Main] PackMe for 'Donkey Kong Country' | 'fc1ac9d2-d88a-4851-8939-cea8ddeb74bb'
11:32:20 Directory Exists 'G:\Temp\pmg - temp\Super Nintendo Entertainment System\Donkey Kong Country (E) (M3) (V1.0) [f1]'
11:32:24 [MakeStructure] Creation of the tree
11:32:24 [CreateHFolders] Creation of 'G:\Temp\pmg - temp\Super Nintendo Entertainment System\Donkey Kong Country (E) (M3) (V1.0) [f1]\Games'
11:32:24 [CreateHFolders] Creation of 'G:\Temp\pmg - temp\Super Nintendo Entertainment System\Donkey Kong Country (E) (M3) (V1.0) [f1]\CheatCodes'
11:32:24 [CreateHFolders] Creation of 'G:\Temp\pmg - temp\Super Nintendo Entertainment System\Donkey Kong Country (E) (M3) (V1.0) [f1]\Images'
11:32:24 [CreateHFolders] Creation of 'G:\Temp\pmg - temp\Super Nintendo Entertainment System\Donkey Kong Country (E) (M3) (V1.0) [f1]\Manuals'
11:32:24 [CreateHFolders] Creation of 'G:\Temp\pmg - temp\Super Nintendo Entertainment System\Donkey Kong Country (E) (M3) (V1.0) [f1]\Musics'
11:32:24 [CreateHFolders] Creation of 'G:\Temp\pmg - temp\Super Nintendo Entertainment System\Donkey Kong Country (E) (M3) (V1.0) [f1]\Videos'
11:32:24 Not managed: GogAppId
11:32:24 Not managed: OriginAppId
11:32:24 Not managed: OriginInstallPath
11:32:24 Not managed: MissingBox3dImage
11:32:24 Not managed: MissingCartImage
11:32:24 Not managed: MissingCart3dImage
11:32:24 Not managed: MissingManual
11:32:24 Not managed: MissingBannerImage
11:32:24 Not managed: MissingMusic
11:32:24 Not managed: UsePauseScreen
11:32:24 Not managed: PauseAutoHotkeyScript
11:32:24 Not managed: ResumeAutoHotkeyScript
11:32:24 Not managed: OverrideDefaultPauseScreenSettings
11:32:24 Not managed: SuspendProcessOnPause
11:32:24 Not managed: ForcefulPauseScreenActivation
11:32:24 Not managed: LoadStateAutoHotkeyScript
11:32:24 Not managed: SaveStateAutoHotkeyScript
11:32:24 Not managed: ResetAutoHotkeyScript
11:32:24 Not managed: SwapDiscsAutoHotkeyScript
11:32:24 [CopyHandler] Destination file exists... 11:32:26 PassAll
11:32:26 [CopyHandler] Destination file exists... 11:32:26 PassAll
11:32:27 [CopyHandler] Destination file exists... 11:32:27 PassAll
11:32:27 [CopyHandler] Destination file exists... 11:32:27 PassAll
11:32:27 [CopyHandler] Destination file exists... 11:32:27 PassAll
11:32:27 		[CopyImages] Found 'G:\Plateformes\Images\Nintendo - SNES\Box - Front\Donkey Kong Country-01.png' in 'G:\Plateformes\Images\Nintendo - SNES\Box - Front'
11:32:27 		[CopyImages] Found 'G:\Plateformes\Images\Nintendo - SNES\Box - Front\France\Donkey Kong Country-01.png' in 'G:\Plateformes\Images\Nintendo - SNES\Box - Front'
11:32:27 		[CopyImages] Found 'G:\Plateformes\Images\Nintendo - SNES\Box - Back\North America\Donkey Kong Country-01.jpg' in 'G:\Plateformes\Images\Nintendo - SNES\Box - Back'
11:32:27 		[CopyImages] Found 'G:\Plateformes\Images\Nintendo - SNES\Box - 3D\Donkey Kong Country-01.png' in 'G:\Plateformes\Images\Nintendo - SNES\Box - 3D'
11:32:27 		[CopyImages] Found 'G:\Plateformes\Images\Nintendo - SNES\Box - 3D\Donkey Kong Country-02.png' in 'G:\Plateformes\Images\Nintendo - SNES\Box - 3D'
11:32:27 		[CopyImages] Found 'G:\Plateformes\Images\Nintendo - SNES\Box - 3D\Europe\Donkey Kong Country-01.png' in 'G:\Plateformes\Images\Nintendo - SNES\Box - 3D'
11:32:27 		[CopyImages] Found 'G:\Plateformes\Images\Nintendo - SNES\Arcade - Marquee\Donkey Kong Country-01.png' in 'G:\Plateformes\Images\Nintendo - SNES\Arcade - Marquee'
11:32:27 		[CopyImages] Found 'G:\Plateformes\Images\Nintendo - SNES\Banner\Donkey Kong Country-01.jpg' in 'G:\Plateformes\Images\Nintendo - SNES\Banner'
11:32:27 		[CopyImages] Found 'G:\Plateformes\Images\Nintendo - SNES\Banner\Donkey Kong Country-01.png' in 'G:\Plateformes\Images\Nintendo - SNES\Banner'
11:32:27 		[CopyImages] Found 'G:\Plateformes\Images\Nintendo - SNES\Banner\Donkey Kong Country-02.jpg' in 'G:\Plateformes\Images\Nintendo - SNES\Banner'
11:32:27 		[CopyImages] Found 'G:\Plateformes\Images\Nintendo - SNES\Banner\Donkey Kong Country-02.png' in 'G:\Plateformes\Images\Nintendo - SNES\Banner'
11:32:27 		[CopyImages] Found 'G:\Plateformes\Images\Nintendo - SNES\Banner\Donkey Kong Country-03.png' in 'G:\Plateformes\Images\Nintendo - SNES\Banner'
11:32:27 		[CopyImages] Found 'G:\Plateformes\Images\Nintendo - SNES\Cart - Front\Donkey Kong Country-01.png' in 'G:\Plateformes\Images\Nintendo - SNES\Cart - Front'
11:32:27 		[CopyImages] Found 'G:\Plateformes\Images\Nintendo - SNES\Cart - Front\Japan\Donkey Kong Country-01.jpg' in 'G:\Plateformes\Images\Nintendo - SNES\Cart - Front'
11:32:27 		[CopyImages] Found 'G:\Plateformes\Images\Nintendo - SNES\Cart - 3D\Donkey Kong Country-01.png' in 'G:\Plateformes\Images\Nintendo - SNES\Cart - 3D'
11:32:27 		[CopyImages] Found 'G:\Plateformes\Images\Nintendo - SNES\Cart - 3D\North America\Donkey Kong Country-01.png' in 'G:\Plateformes\Images\Nintendo - SNES\Cart - 3D'
11:32:27 		[CopyImages] Found 'G:\Plateformes\Images\Nintendo - SNES\Clear Logo\Donkey Kong Country-01.png' in 'G:\Plateformes\Images\Nintendo - SNES\Clear Logo'
11:32:27 		[CopyImages] Found 'G:\Plateformes\Images\Nintendo - SNES\Clear Logo\North America\Donkey Kong Country-01.png' in 'G:\Plateformes\Images\Nintendo - SNES\Clear Logo'
11:32:27 		[CopyImages] Found 'G:\Plateformes\Images\Nintendo - SNES\Fanart - Box - Back\North America\Donkey Kong Country-01.jpg' in 'G:\Plateformes\Images\Nintendo - SNES\Fanart - Box - Back'
11:32:27 		[CopyImages] Found 'G:\Plateformes\Images\Nintendo - SNES\Fanart - Cart - Front\Europe\Donkey Kong Country-01.png' in 'G:\Plateformes\Images\Nintendo - SNES\Fanart - Cart - Front'
11:32:27 		[CopyImages] Found 'G:\Plateformes\Images\Nintendo - SNES\Fanart - Background\Donkey Kong Country-01.jpg' in 'G:\Plateformes\Images\Nintendo - SNES\Fanart - Background'
11:32:27 		[CopyImages] Found 'G:\Plateformes\Images\Nintendo - SNES\Fanart - Background\Donkey Kong Country-01.png' in 'G:\Plateformes\Images\Nintendo - SNES\Fanart - Background'
11:32:27 		[CopyImages] Found 'G:\Plateformes\Images\Nintendo - SNES\Fanart - Background\Donkey Kong Country-02.jpg' in 'G:\Plateformes\Images\Nintendo - SNES\Fanart - Background'
11:32:27 		[CopyImages] Found 'G:\Plateformes\Images\Nintendo - SNES\Fanart - Background\Donkey Kong Country-03.jpg' in 'G:\Plateformes\Images\Nintendo - SNES\Fanart - Background'
11:32:27 		[CopyImages] Found 'G:\Plateformes\Images\Nintendo - SNES\Fanart - Background\Donkey Kong Country-04.jpg' in 'G:\Plateformes\Images\Nintendo - SNES\Fanart - Background'
11:32:27 		[CopyImages] Found 'G:\Plateformes\Images\Nintendo - SNES\Fanart - Background\Donkey Kong Country-05.jpg' in 'G:\Plateformes\Images\Nintendo - SNES\Fanart - Background'
11:32:27 		[CopyImages] Found 'G:\Plateformes\Images\Nintendo - SNES\Fanart - Background\Donkey Kong Country-06.jpg' in 'G:\Plateformes\Images\Nintendo - SNES\Fanart - Background'
11:32:27 		[CopyImages] Found 'G:\Plateformes\Images\Nintendo - SNES\Fanart - Background\Donkey Kong Country-07.jpg' in 'G:\Plateformes\Images\Nintendo - SNES\Fanart - Background'
11:32:27 		[CopyImages] Found 'G:\Plateformes\Images\Nintendo - SNES\Fanart - Background\Donkey Kong Country-08.jpg' in 'G:\Plateformes\Images\Nintendo - SNES\Fanart - Background'
11:32:27 		[CopyImages] Found 'G:\Plateformes\Images\Nintendo - SNES\Fanart - Background\Donkey Kong Country-09.jpg' in 'G:\Plateformes\Images\Nintendo - SNES\Fanart - Background'
11:32:27 		[CopyImages] Found 'G:\Plateformes\Images\Nintendo - SNES\Fanart - Background\Donkey Kong Country-10.jpg' in 'G:\Plateformes\Images\Nintendo - SNES\Fanart - Background'
11:32:27 		[CopyImages] Found 'G:\Plateformes\Images\Nintendo - SNES\Fanart - Background\Donkey Kong Country-11.jpg' in 'G:\Plateformes\Images\Nintendo - SNES\Fanart - Background'
11:32:27 		[CopyImages] Found 'G:\Plateformes\Images\Nintendo - SNES\Fanart - Background\Donkey Kong Country-12.jpg' in 'G:\Plateformes\Images\Nintendo - SNES\Fanart - Background'
11:32:27 		[CopyImages] Found 'G:\Plateformes\Images\Nintendo - SNES\Fanart - Background\Donkey Kong Country-13.jpg' in 'G:\Plateformes\Images\Nintendo - SNES\Fanart - Background'
11:32:27 		[CopyImages] Found 'G:\Plateformes\Images\Nintendo - SNES\Fanart - Background\Donkey Kong Country-14.jpg' in 'G:\Plateformes\Images\Nintendo - SNES\Fanart - Background'
11:32:27 		[CopyImages] Found 'G:\Plateformes\Images\Nintendo - SNES\Fanart - Background\Donkey Kong Country-15.jpg' in 'G:\Plateformes\Images\Nintendo - SNES\Fanart - Background'
11:32:27 		[CopyImages] Found 'G:\Plateformes\Images\Nintendo - SNES\Fanart - Background\Donkey Kong Country-16.jpg' in 'G:\Plateformes\Images\Nintendo - SNES\Fanart - Background'
11:32:27 		[CopyImages] Found 'G:\Plateformes\Images\Nintendo - SNES\Screenshot - Gameplay\Europe\Donkey Kong Country-01.png' in 'G:\Plateformes\Images\Nintendo - SNES\Screenshot - Gameplay'
11:32:27 		[CopyImages] Found 'G:\Plateformes\Images\Nintendo - SNES\Screenshot - Game Title\Europe\Donkey Kong Country-01.png' in 'G:\Plateformes\Images\Nintendo - SNES\Screenshot - Game Title'
11:32:27 		[CopyImages] Found 'G:\Plateformes\Images\Nintendo - SNES\Screenshot - Game Over\Donkey Kong Country-01.png' in 'G:\Plateformes\Images\Nintendo - SNES\Screenshot - Game Over'
11:32:27 [CopyHandler] Destination file exists... 11:32:27 Pass
11:32:27 [CopyHandler] Destination file exists... 11:32:30 PassAll
11:32:30 [CopyHandler] Destination file exists... 11:32:30 PassAll
11:32:30 [CopyHandler] Destination file exists... 11:32:30 PassAll
11:32:30 [CopyHandler] Destination file exists... 11:32:30 PassAll
11:32:30 [CopyHandler] Destination file exists... 11:32:30 PassAll
11:32:30 [CopyHandler] Destination file exists... 11:32:30 PassAll
11:32:30 [CopyHandler] Destination file exists... 11:32:30 PassAll
11:32:30 [CopyHandler] Destination file exists... 11:32:30 PassAll
11:32:30 [CopyHandler] Destination file exists... 11:32:30 PassAll
11:32:30 [CopyHandler] Destination file exists... 11:32:30 PassAll
11:32:30 [CopyHandler] Destination file exists... 11:32:30 PassAll
11:32:30 [CopyHandler] Destination file exists... 11:32:30 PassAll
11:32:30 [CopyHandler] Destination file exists... 11:32:30 PassAll
11:32:30 [CopyHandler] Destination file exists... 11:32:30 PassAll
11:32:30 [CopyHandler] Destination file exists... 11:32:30 PassAll
11:32:30 [CopyHandler] Destination file exists... 11:32:30 PassAll
11:32:30 [CopyHandler] Destination file exists... 11:32:30 PassAll
11:32:30 [CopyHandler] Destination file exists... 11:32:30 PassAll
11:32:30 [CopyHandler] Destination file exists... 11:32:30 PassAll
11:32:30 [CopyHandler] Destination file exists... 11:32:30 PassAll
11:32:30 [CopyHandler] Destination file exists... 11:32:30 PassAll
11:32:30 [CopyHandler] Destination file exists... 11:32:30 PassAll
11:32:30 [CopyHandler] Destination file exists... 11:32:30 PassAll
11:32:30 [CopyHandler] Destination file exists... 11:32:30 PassAll
11:32:30 [CopyHandler] Destination file exists... 11:32:30 PassAll
11:32:30 [CopyHandler] Destination file exists... 11:32:30 PassAll
11:32:30 [CopyHandler] Destination file exists... 11:32:30 PassAll
11:32:30 [CopyHandler] Destination file exists... 11:32:30 PassAll
11:32:30 [CopyHandler] Destination file exists... 11:32:30 PassAll
11:32:30 [CopyHandler] Destination file exists... 11:32:30 PassAll
11:32:30 [CopyHandler] Destination file exists... 11:32:30 PassAll
11:32:30 [CopyHandler] Destination file exists... 11:32:30 PassAll
11:32:30 [CopyHandler] Destination file exists... 11:32:30 PassAll
11:32:30 [CopyHandler] Destination file exists... 11:32:30 PassAll
11:32:30 [CopyHandler] Destination file exists... 11:32:30 PassAll
11:32:30 [CopyHandler] Destination file exists... 11:32:30 PassAll
11:32:30 [CopyHandler] Destination file exists... 11:32:30 PassAll
11:32:30 [CopyHandler] Destination file exists... 11:32:30 PassAll
11:32:30 [CopyHandler] Destination file exists... 11:32:30 PassAll
11:32:30 [CopyHandler] Destination file exists... 11:32:30 PassAll
11:32:30 [CopyHandler] Destination file exists... 11:32:30 PassAll
11:32:30 [CopyHandler] Destination file exists... 11:32:30 PassAll
11:32:30 [CopyHandler] Destination file exists... 11:32:30 PassAll
11:32:30 [CopyHandler] Destination file exists... 11:32:30 PassAll
11:32:30 [CopyHandler] Destination file exists... 11:32:30 PassAll
11:32:30 [CopyHandler] Destination file exists... 11:32:30 PassAll
11:32:30 [CopyHandler] Destination file exists... 11:32:30 PassAll
11:32:30 [CopyHandler] Destination file exists... 11:32:30 PassAll
11:32:30 [CopyHandler] Destination file exists... 11:32:30 PassAll
11:32:30 [CopyHandler] Destination file exists... 11:32:30 PassAll
