****** Initialisation Logger - niveau: 0 ******
22:04:55 Language fr-FR - 1.0.0.4, loading...
22:05:10 [Main] PackMe for 'Donkey Kong Country' | 'fc1ac9d2-d88a-4851-8939-cea8ddeb74bb'
22:05:10 Directory Exists 'G:\Temp\pmg - temp\Super Nintendo Entertainment System\Donkey Kong Country (E) (M3) (V1.0) [f1]'
22:05:13 [MakeStructure] Creation of the tree
22:05:13 [CreateHFolders] Creation of 'G:\Temp\pmg - temp\Super Nintendo Entertainment System\Donkey Kong Country (E) (M3) (V1.0) [f1]\Games'
22:05:13 [CreateHFolders] Creation of 'G:\Temp\pmg - temp\Super Nintendo Entertainment System\Donkey Kong Country (E) (M3) (V1.0) [f1]\CheatCodes'
22:05:13 [CreateHFolders] Creation of 'G:\Temp\pmg - temp\Super Nintendo Entertainment System\Donkey Kong Country (E) (M3) (V1.0) [f1]\Images'
22:05:13 [CreateHFolders] Creation of 'G:\Temp\pmg - temp\Super Nintendo Entertainment System\Donkey Kong Country (E) (M3) (V1.0) [f1]\Manuals'
22:05:13 [CreateHFolders] Creation of 'G:\Temp\pmg - temp\Super Nintendo Entertainment System\Donkey Kong Country (E) (M3) (V1.0) [f1]\Musics'
22:05:13 [CreateHFolders] Creation of 'G:\Temp\pmg - temp\Super Nintendo Entertainment System\Donkey Kong Country (E) (M3) (V1.0) [f1]\Videos'
22:05:13 Not managed: GogAppId
22:05:13 Not managed: OriginAppId
22:05:13 Not managed: OriginInstallPath
22:05:13 Not managed: MissingBox3dImage
22:05:13 Not managed: MissingCartImage
22:05:13 Not managed: MissingCart3dImage
22:05:13 Not managed: MissingManual
22:05:13 Not managed: MissingBannerImage
22:05:13 Not managed: MissingMusic
22:05:13 Not managed: UsePauseScreen
22:05:13 Not managed: PauseAutoHotkeyScript
22:05:13 Not managed: ResumeAutoHotkeyScript
22:05:13 Not managed: OverrideDefaultPauseScreenSettings
22:05:13 Not managed: SuspendProcessOnPause
22:05:13 Not managed: ForcefulPauseScreenActivation
22:05:13 Not managed: LoadStateAutoHotkeyScript
22:05:13 Not managed: SaveStateAutoHotkeyScript
22:05:13 Not managed: ResetAutoHotkeyScript
22:05:13 Not managed: SwapDiscsAutoHotkeyScript
22:05:13 [CopyHandler] Destination file exists... 22:05:15 PassAll
22:05:17 [CopyHandler] Destination file exists... 22:05:17 PassAll
22:05:19 [CopyHandler] Destination file exists... 22:05:19 PassAll
22:05:20 [CopyHandler] Destination file exists... 22:05:20 PassAll
22:05:20 [CopyHandler] Destination file exists... 22:05:20 PassAll
22:05:20 		[CopyImages] Found 'G:\Plateformes\Images\Nintendo - SNES\Box - Front\Donkey Kong Country-01.png' in 'G:\Plateformes\Images\Nintendo - SNES\Box - Front'
22:05:20 		[CopyImages] Found 'G:\Plateformes\Images\Nintendo - SNES\Box - Front\France\Donkey Kong Country-01.png' in 'G:\Plateformes\Images\Nintendo - SNES\Box - Front'
22:05:20 		[CopyImages] Found 'G:\Plateformes\Images\Nintendo - SNES\Box - Back\North America\Donkey Kong Country-01.jpg' in 'G:\Plateformes\Images\Nintendo - SNES\Box - Back'
22:05:20 		[CopyImages] Found 'G:\Plateformes\Images\Nintendo - SNES\Box - 3D\Donkey Kong Country-01.png' in 'G:\Plateformes\Images\Nintendo - SNES\Box - 3D'
22:05:20 		[CopyImages] Found 'G:\Plateformes\Images\Nintendo - SNES\Box - 3D\Donkey Kong Country-02.png' in 'G:\Plateformes\Images\Nintendo - SNES\Box - 3D'
22:05:20 		[CopyImages] Found 'G:\Plateformes\Images\Nintendo - SNES\Box - 3D\Europe\Donkey Kong Country-01.png' in 'G:\Plateformes\Images\Nintendo - SNES\Box - 3D'
22:05:20 		[CopyImages] Found 'G:\Plateformes\Images\Nintendo - SNES\Arcade - Marquee\Donkey Kong Country-01.png' in 'G:\Plateformes\Images\Nintendo - SNES\Arcade - Marquee'
22:05:20 		[CopyImages] Found 'G:\Plateformes\Images\Nintendo - SNES\Banner\Donkey Kong Country-01.jpg' in 'G:\Plateformes\Images\Nintendo - SNES\Banner'
22:05:20 		[CopyImages] Found 'G:\Plateformes\Images\Nintendo - SNES\Banner\Donkey Kong Country-01.png' in 'G:\Plateformes\Images\Nintendo - SNES\Banner'
22:05:20 		[CopyImages] Found 'G:\Plateformes\Images\Nintendo - SNES\Banner\Donkey Kong Country-02.jpg' in 'G:\Plateformes\Images\Nintendo - SNES\Banner'
22:05:20 		[CopyImages] Found 'G:\Plateformes\Images\Nintendo - SNES\Banner\Donkey Kong Country-02.png' in 'G:\Plateformes\Images\Nintendo - SNES\Banner'
22:05:20 		[CopyImages] Found 'G:\Plateformes\Images\Nintendo - SNES\Banner\Donkey Kong Country-03.png' in 'G:\Plateformes\Images\Nintendo - SNES\Banner'
22:05:20 		[CopyImages] Found 'G:\Plateformes\Images\Nintendo - SNES\Cart - Front\Donkey Kong Country-01.png' in 'G:\Plateformes\Images\Nintendo - SNES\Cart - Front'
22:05:20 		[CopyImages] Found 'G:\Plateformes\Images\Nintendo - SNES\Cart - Front\Japan\Donkey Kong Country-01.jpg' in 'G:\Plateformes\Images\Nintendo - SNES\Cart - Front'
22:05:20 		[CopyImages] Found 'G:\Plateformes\Images\Nintendo - SNES\Cart - 3D\Donkey Kong Country-01.png' in 'G:\Plateformes\Images\Nintendo - SNES\Cart - 3D'
22:05:20 		[CopyImages] Found 'G:\Plateformes\Images\Nintendo - SNES\Cart - 3D\North America\Donkey Kong Country-01.png' in 'G:\Plateformes\Images\Nintendo - SNES\Cart - 3D'
22:05:20 		[CopyImages] Found 'G:\Plateformes\Images\Nintendo - SNES\Clear Logo\Donkey Kong Country-01.png' in 'G:\Plateformes\Images\Nintendo - SNES\Clear Logo'
22:05:20 		[CopyImages] Found 'G:\Plateformes\Images\Nintendo - SNES\Clear Logo\North America\Donkey Kong Country-01.png' in 'G:\Plateformes\Images\Nintendo - SNES\Clear Logo'
22:05:20 		[CopyImages] Found 'G:\Plateformes\Images\Nintendo - SNES\Fanart - Box - Back\North America\Donkey Kong Country-01.jpg' in 'G:\Plateformes\Images\Nintendo - SNES\Fanart - Box - Back'
22:05:20 		[CopyImages] Found 'G:\Plateformes\Images\Nintendo - SNES\Fanart - Cart - Front\Europe\Donkey Kong Country-01.png' in 'G:\Plateformes\Images\Nintendo - SNES\Fanart - Cart - Front'
22:05:20 		[CopyImages] Found 'G:\Plateformes\Images\Nintendo - SNES\Fanart - Background\Donkey Kong Country-01.jpg' in 'G:\Plateformes\Images\Nintendo - SNES\Fanart - Background'
22:05:20 		[CopyImages] Found 'G:\Plateformes\Images\Nintendo - SNES\Fanart - Background\Donkey Kong Country-01.png' in 'G:\Plateformes\Images\Nintendo - SNES\Fanart - Background'
22:05:20 		[CopyImages] Found 'G:\Plateformes\Images\Nintendo - SNES\Fanart - Background\Donkey Kong Country-02.jpg' in 'G:\Plateformes\Images\Nintendo - SNES\Fanart - Background'
22:05:20 		[CopyImages] Found 'G:\Plateformes\Images\Nintendo - SNES\Fanart - Background\Donkey Kong Country-03.jpg' in 'G:\Plateformes\Images\Nintendo - SNES\Fanart - Background'
22:05:20 		[CopyImages] Found 'G:\Plateformes\Images\Nintendo - SNES\Fanart - Background\Donkey Kong Country-04.jpg' in 'G:\Plateformes\Images\Nintendo - SNES\Fanart - Background'
22:05:20 		[CopyImages] Found 'G:\Plateformes\Images\Nintendo - SNES\Fanart - Background\Donkey Kong Country-05.jpg' in 'G:\Plateformes\Images\Nintendo - SNES\Fanart - Background'
22:05:20 		[CopyImages] Found 'G:\Plateformes\Images\Nintendo - SNES\Fanart - Background\Donkey Kong Country-06.jpg' in 'G:\Plateformes\Images\Nintendo - SNES\Fanart - Background'
22:05:20 		[CopyImages] Found 'G:\Plateformes\Images\Nintendo - SNES\Fanart - Background\Donkey Kong Country-07.jpg' in 'G:\Plateformes\Images\Nintendo - SNES\Fanart - Background'
22:05:20 		[CopyImages] Found 'G:\Plateformes\Images\Nintendo - SNES\Fanart - Background\Donkey Kong Country-08.jpg' in 'G:\Plateformes\Images\Nintendo - SNES\Fanart - Background'
22:05:20 		[CopyImages] Found 'G:\Plateformes\Images\Nintendo - SNES\Fanart - Background\Donkey Kong Country-09.jpg' in 'G:\Plateformes\Images\Nintendo - SNES\Fanart - Background'
22:05:20 		[CopyImages] Found 'G:\Plateformes\Images\Nintendo - SNES\Fanart - Background\Donkey Kong Country-10.jpg' in 'G:\Plateformes\Images\Nintendo - SNES\Fanart - Background'
22:05:20 		[CopyImages] Found 'G:\Plateformes\Images\Nintendo - SNES\Fanart - Background\Donkey Kong Country-11.jpg' in 'G:\Plateformes\Images\Nintendo - SNES\Fanart - Background'
22:05:20 		[CopyImages] Found 'G:\Plateformes\Images\Nintendo - SNES\Fanart - Background\Donkey Kong Country-12.jpg' in 'G:\Plateformes\Images\Nintendo - SNES\Fanart - Background'
22:05:20 		[CopyImages] Found 'G:\Plateformes\Images\Nintendo - SNES\Fanart - Background\Donkey Kong Country-13.jpg' in 'G:\Plateformes\Images\Nintendo - SNES\Fanart - Background'
22:05:20 		[CopyImages] Found 'G:\Plateformes\Images\Nintendo - SNES\Fanart - Background\Donkey Kong Country-14.jpg' in 'G:\Plateformes\Images\Nintendo - SNES\Fanart - Background'
22:05:20 		[CopyImages] Found 'G:\Plateformes\Images\Nintendo - SNES\Fanart - Background\Donkey Kong Country-15.jpg' in 'G:\Plateformes\Images\Nintendo - SNES\Fanart - Background'
22:05:20 		[CopyImages] Found 'G:\Plateformes\Images\Nintendo - SNES\Fanart - Background\Donkey Kong Country-16.jpg' in 'G:\Plateformes\Images\Nintendo - SNES\Fanart - Background'
22:05:20 		[CopyImages] Found 'G:\Plateformes\Images\Nintendo - SNES\Screenshot - Gameplay\Europe\Donkey Kong Country-01.png' in 'G:\Plateformes\Images\Nintendo - SNES\Screenshot - Gameplay'
22:05:20 		[CopyImages] Found 'G:\Plateformes\Images\Nintendo - SNES\Screenshot - Game Title\Europe\Donkey Kong Country-01.png' in 'G:\Plateformes\Images\Nintendo - SNES\Screenshot - Game Title'
22:05:20 		[CopyImages] Found 'G:\Plateformes\Images\Nintendo - SNES\Screenshot - Game Over\Donkey Kong Country-01.png' in 'G:\Plateformes\Images\Nintendo - SNES\Screenshot - Game Over'
22:05:20 [CopyHandler] Destination file exists... 22:05:23 PassAll
22:05:23 [CopyHandler] Destination file exists... 22:05:23 PassAll
22:05:23 [CopyHandler] Destination file exists... 22:05:23 PassAll
22:05:23 [CopyHandler] Destination file exists... 22:05:23 PassAll
22:05:23 [CopyHandler] Destination file exists... 22:05:23 PassAll
22:05:23 [CopyHandler] Destination file exists... 22:05:23 PassAll
22:05:23 [CopyHandler] Destination file exists... 22:05:23 PassAll
22:05:23 [CopyHandler] Destination file exists... 22:05:23 PassAll
22:05:23 [CopyHandler] Destination file exists... 22:05:23 PassAll
22:05:23 [CopyHandler] Destination file exists... 22:05:23 PassAll
22:05:23 [CopyHandler] Destination file exists... 22:05:23 PassAll
22:05:23 [CopyHandler] Destination file exists... 22:05:23 PassAll
22:05:23 [CopyHandler] Destination file exists... 22:05:23 PassAll
22:05:23 [CopyHandler] Destination file exists... 22:05:23 PassAll
22:05:23 [CopyHandler] Destination file exists... 22:05:23 PassAll
22:05:23 [CopyHandler] Destination file exists... 22:05:23 PassAll
22:05:23 [CopyHandler] Destination file exists... 22:05:23 PassAll
22:05:23 [CopyHandler] Destination file exists... 22:05:23 PassAll
22:05:23 [CopyHandler] Destination file exists... 22:05:23 PassAll
22:05:23 [CopyHandler] Destination file exists... 22:05:23 PassAll
22:05:23 [CopyHandler] Destination file exists... 22:05:23 PassAll
22:05:23 [CopyHandler] Destination file exists... 22:05:23 PassAll
22:05:23 [CopyHandler] Destination file exists... 22:05:23 PassAll
22:05:23 [CopyHandler] Destination file exists... 22:05:23 PassAll
22:05:23 [CopyHandler] Destination file exists... 22:05:23 PassAll
22:05:23 [CopyHandler] Destination file exists... 22:05:23 PassAll
22:05:23 [CopyHandler] Destination file exists... 22:05:23 PassAll
22:05:23 [CopyHandler] Destination file exists... 22:05:23 PassAll
22:05:23 [CopyHandler] Destination file exists... 22:05:23 PassAll
22:05:23 [CopyHandler] Destination file exists... 22:05:23 PassAll
22:05:23 [CopyHandler] Destination file exists... 22:05:23 PassAll
22:05:23 [CopyHandler] Destination file exists... 22:05:23 PassAll
22:05:23 [CopyHandler] Destination file exists... 22:05:23 PassAll
22:05:23 [CopyHandler] Destination file exists... 22:05:23 PassAll
22:05:23 [CopyHandler] Destination file exists... 22:05:23 PassAll
22:05:23 [CopyHandler] Destination file exists... 22:05:23 PassAll
22:05:23 [CopyHandler] Destination file exists... 22:05:23 PassAll
22:05:23 [CopyHandler] Destination file exists... 22:05:23 PassAll
22:05:23 [CopyHandler] Destination file exists... 22:05:23 PassAll
22:05:23 [CopyHandler] Destination file exists... 22:05:23 PassAll
22:05:24 [CopyHandler] Destination file exists... 22:05:24 PassAll
22:05:24 [CopyHandler] Destination file exists... 22:05:24 PassAll
22:05:24 [CopyHandler] Destination file exists... 22:05:24 PassAll
22:05:24 [CopyHandler] Destination file exists... 22:05:24 PassAll
22:05:24 [CopyHandler] Destination file exists... 22:05:24 PassAll
22:05:24 [CopyHandler] Destination file exists... 22:05:24 PassAll
22:05:24 [CopyHandler] Destination file exists... 22:05:24 PassAll
22:05:24 [CopyHandler] Destination file exists... 22:05:24 PassAll
22:05:24 [CopyHandler] Destination file exists... 22:05:24 PassAll
22:05:24 [CopyHandler] Destination file exists... 22:05:24 PassAll
22:05:24 [CopyHandler] Destination file exists... 22:05:24 PassAll
