****** Initialisation Logger - niveau: 0 ******
20:58:29 Language fr-FR - 1.0.0.4, loading...
20:59:36 [Main] PackMe for 'Ecco the Dolphin' | '2c00a91f-9f5d-4331-869c-cb23bbdeec53'
20:59:36 Directory Exists 'G:\Temp\pmg - temp\Sega CD\Ecco the Dolphin (1993)(Sega)(PAL)[!][MK-4408P-00135 1]'
20:59:38 Trash existing folder: 'G:\Temp\pmg - temp\Sega CD\Ecco the Dolphin (1993)(Sega)(PAL)[!][MK-4408P-00135 1]'
20:59:39 [MakeStructure] Creation of the tree
20:59:39 [CreateHFolders] Creation of 'G:\Temp\pmg - temp\Sega CD\Ecco the Dolphin (1993)(Sega)(PAL)[!][MK-4408P-00135 1]\Games'
20:59:39 [CreateHFolders] Creation of 'G:\Temp\pmg - temp\Sega CD\Ecco the Dolphin (1993)(Sega)(PAL)[!][MK-4408P-00135 1]\CheatCodes'
20:59:39 [CreateHFolders] Creation of 'G:\Temp\pmg - temp\Sega CD\Ecco the Dolphin (1993)(Sega)(PAL)[!][MK-4408P-00135 1]\Images'
20:59:39 [CreateHFolders] Creation of 'G:\Temp\pmg - temp\Sega CD\Ecco the Dolphin (1993)(Sega)(PAL)[!][MK-4408P-00135 1]\Manuals'
20:59:39 [CreateHFolders] Creation of 'G:\Temp\pmg - temp\Sega CD\Ecco the Dolphin (1993)(Sega)(PAL)[!][MK-4408P-00135 1]\Musics'
20:59:39 [CreateHFolders] Creation of 'G:\Temp\pmg - temp\Sega CD\Ecco the Dolphin (1993)(Sega)(PAL)[!][MK-4408P-00135 1]\Videos'
20:59:39 Not managed: GogAppId
20:59:39 Not managed: OriginAppId
20:59:39 Not managed: OriginInstallPath
20:59:39 Not managed: MissingBox3dImage
20:59:39 Not managed: MissingCartImage
20:59:39 Not managed: MissingCart3dImage
20:59:39 Not managed: MissingManual
20:59:39 Not managed: MissingBannerImage
20:59:39 Not managed: MissingMusic
20:59:39 Not managed: UsePauseScreen
20:59:39 Not managed: PauseAutoHotkeyScript
20:59:39 Not managed: ResumeAutoHotkeyScript
20:59:39 Not managed: OverrideDefaultPauseScreenSettings
20:59:39 Not managed: SuspendProcessOnPause
20:59:39 Not managed: ForcefulPauseScreenActivation
20:59:39 Not managed: LoadStateAutoHotkeyScript
20:59:39 Not managed: SaveStateAutoHotkeyScript
20:59:39 Not managed: ResetAutoHotkeyScript
20:59:39 Not managed: SwapDiscsAutoHotkeyScript
20:59:39 Not managed: AndroidBoxFrontThumbPath
20:59:39 Not managed: AndroidBoxFrontFullPath
20:59:39 Not managed: AndroidBackgroundPath
20:59:45 [CopyFiles] Copy of the file 'Ecco the Dolphin (1993)(Sega)(PAL)(Track 01 of 16)[!][MK-4408P-00135 1].iso': Successful
20:59:46 [CopyFiles] Copy of the file 'Ecco the Dolphin (1993)(Sega)(PAL)(Track 02 of 16)[!][MK-4408P-00135 1].wav': Successful
20:59:48 [CopyFiles] Copy of the file 'Ecco the Dolphin (1993)(Sega)(PAL)(Track 03 of 16)[!][MK-4408P-00135 1].wav': Successful
21:00:50 [CopyFiles] Copy of the file 'Ecco the Dolphin (1993)(Sega)(PAL)(Track 04 of 16)[!][MK-4408P-00135 1].wav': Successful
21:00:51 [CopyFiles] Copy of the file 'Ecco the Dolphin (1993)(Sega)(PAL)(Track 05 of 16)[!][MK-4408P-00135 1].wav': Successful
