****** Initialisation Logger - niveau: 0 ******
13:07:15 Language fr-FR - 1.0.0.4, loading...
13:08:47 [Main] PackMe for 'Donkey Kong Country' | 'fc1ac9d2-d88a-4851-8939-cea8ddeb74bb'
13:08:47 Directory Exists 'G:\Temp\pmg - temp\Super Nintendo Entertainment System\Donkey Kong Country (E) (M3) (V1.0) [f1]'
13:08:50 [MakeStructure] Creation of the tree
13:08:50 [CreateHFolders] Creation of 'G:\Temp\pmg - temp\Super Nintendo Entertainment System\Donkey Kong Country (E) (M3) (V1.0) [f1]\Games'
13:08:50 [CreateHFolders] Creation of 'G:\Temp\pmg - temp\Super Nintendo Entertainment System\Donkey Kong Country (E) (M3) (V1.0) [f1]\CheatCodes'
13:08:50 [CreateHFolders] Creation of 'G:\Temp\pmg - temp\Super Nintendo Entertainment System\Donkey Kong Country (E) (M3) (V1.0) [f1]\Images'
13:08:50 [CreateHFolders] Creation of 'G:\Temp\pmg - temp\Super Nintendo Entertainment System\Donkey Kong Country (E) (M3) (V1.0) [f1]\Manuals'
13:08:50 [CreateHFolders] Creation of 'G:\Temp\pmg - temp\Super Nintendo Entertainment System\Donkey Kong Country (E) (M3) (V1.0) [f1]\Musics'
13:08:50 [CreateHFolders] Creation of 'G:\Temp\pmg - temp\Super Nintendo Entertainment System\Donkey Kong Country (E) (M3) (V1.0) [f1]\Videos'
13:08:50 Not managed: GogAppId
13:08:50 Not managed: OriginAppId
13:08:50 Not managed: OriginInstallPath
13:08:50 Not managed: MissingBox3dImage
13:08:50 Not managed: MissingCartImage
13:08:50 Not managed: MissingCart3dImage
13:08:50 Not managed: MissingManual
13:08:50 Not managed: MissingBannerImage
13:08:50 Not managed: MissingMusic
13:08:50 Not managed: UsePauseScreen
13:08:50 Not managed: PauseAutoHotkeyScript
13:08:50 Not managed: ResumeAutoHotkeyScript
13:08:50 Not managed: OverrideDefaultPauseScreenSettings
13:08:50 Not managed: SuspendProcessOnPause
13:08:50 Not managed: ForcefulPauseScreenActivation
13:08:50 Not managed: LoadStateAutoHotkeyScript
13:08:50 Not managed: SaveStateAutoHotkeyScript
13:08:50 Not managed: ResetAutoHotkeyScript
13:08:50 Not managed: SwapDiscsAutoHotkeyScript
13:08:51 [CopyHandler] Destination file exists... 13:08:52 PassAll
13:08:52 [CopyHandler] Destination file exists... 13:08:52 PassAll
13:08:52 [CopyHandler] Destination file exists... 13:08:52 PassAll
13:08:52 [CopyHandler] Destination file exists... 13:08:52 PassAll
13:08:52 [CopyHandler] Destination file exists... 13:08:52 PassAll
13:08:52 		[CopyImages] Found 'G:\Plateformes\Images\Nintendo - SNES\Box - Front\Donkey Kong Country-01.png' in 'G:\Plateformes\Images\Nintendo - SNES\Box - Front'
13:08:52 		[CopyImages] Found 'G:\Plateformes\Images\Nintendo - SNES\Box - Front\France\Donkey Kong Country-01.png' in 'G:\Plateformes\Images\Nintendo - SNES\Box - Front'
13:08:52 		[CopyImages] Found 'G:\Plateformes\Images\Nintendo - SNES\Box - Back\North America\Donkey Kong Country-01.jpg' in 'G:\Plateformes\Images\Nintendo - SNES\Box - Back'
13:08:52 		[CopyImages] Found 'G:\Plateformes\Images\Nintendo - SNES\Box - 3D\Donkey Kong Country-01.png' in 'G:\Plateformes\Images\Nintendo - SNES\Box - 3D'
13:08:52 		[CopyImages] Found 'G:\Plateformes\Images\Nintendo - SNES\Box - 3D\Donkey Kong Country-02.png' in 'G:\Plateformes\Images\Nintendo - SNES\Box - 3D'
13:08:52 		[CopyImages] Found 'G:\Plateformes\Images\Nintendo - SNES\Box - 3D\Europe\Donkey Kong Country-01.png' in 'G:\Plateformes\Images\Nintendo - SNES\Box - 3D'
13:08:52 		[CopyImages] Found 'G:\Plateformes\Images\Nintendo - SNES\Arcade - Marquee\Donkey Kong Country-01.png' in 'G:\Plateformes\Images\Nintendo - SNES\Arcade - Marquee'
13:08:52 		[CopyImages] Found 'G:\Plateformes\Images\Nintendo - SNES\Banner\Donkey Kong Country-01.jpg' in 'G:\Plateformes\Images\Nintendo - SNES\Banner'
13:08:52 		[CopyImages] Found 'G:\Plateformes\Images\Nintendo - SNES\Banner\Donkey Kong Country-01.png' in 'G:\Plateformes\Images\Nintendo - SNES\Banner'
13:08:52 		[CopyImages] Found 'G:\Plateformes\Images\Nintendo - SNES\Banner\Donkey Kong Country-02.jpg' in 'G:\Plateformes\Images\Nintendo - SNES\Banner'
13:08:52 		[CopyImages] Found 'G:\Plateformes\Images\Nintendo - SNES\Banner\Donkey Kong Country-02.png' in 'G:\Plateformes\Images\Nintendo - SNES\Banner'
13:08:52 		[CopyImages] Found 'G:\Plateformes\Images\Nintendo - SNES\Banner\Donkey Kong Country-03.png' in 'G:\Plateformes\Images\Nintendo - SNES\Banner'
13:08:52 		[CopyImages] Found 'G:\Plateformes\Images\Nintendo - SNES\Cart - Front\Donkey Kong Country-01.png' in 'G:\Plateformes\Images\Nintendo - SNES\Cart - Front'
13:08:52 		[CopyImages] Found 'G:\Plateformes\Images\Nintendo - SNES\Cart - Front\Japan\Donkey Kong Country-01.jpg' in 'G:\Plateformes\Images\Nintendo - SNES\Cart - Front'
13:08:52 		[CopyImages] Found 'G:\Plateformes\Images\Nintendo - SNES\Cart - 3D\Donkey Kong Country-01.png' in 'G:\Plateformes\Images\Nintendo - SNES\Cart - 3D'
13:08:52 		[CopyImages] Found 'G:\Plateformes\Images\Nintendo - SNES\Cart - 3D\North America\Donkey Kong Country-01.png' in 'G:\Plateformes\Images\Nintendo - SNES\Cart - 3D'
13:08:52 		[CopyImages] Found 'G:\Plateformes\Images\Nintendo - SNES\Clear Logo\Donkey Kong Country-01.png' in 'G:\Plateformes\Images\Nintendo - SNES\Clear Logo'
13:08:52 		[CopyImages] Found 'G:\Plateformes\Images\Nintendo - SNES\Clear Logo\North America\Donkey Kong Country-01.png' in 'G:\Plateformes\Images\Nintendo - SNES\Clear Logo'
13:08:52 		[CopyImages] Found 'G:\Plateformes\Images\Nintendo - SNES\Fanart - Box - Back\North America\Donkey Kong Country-01.jpg' in 'G:\Plateformes\Images\Nintendo - SNES\Fanart - Box - Back'
13:08:52 		[CopyImages] Found 'G:\Plateformes\Images\Nintendo - SNES\Fanart - Cart - Front\Europe\Donkey Kong Country-01.png' in 'G:\Plateformes\Images\Nintendo - SNES\Fanart - Cart - Front'
13:08:52 		[CopyImages] Found 'G:\Plateformes\Images\Nintendo - SNES\Fanart - Background\Donkey Kong Country-01.jpg' in 'G:\Plateformes\Images\Nintendo - SNES\Fanart - Background'
13:08:52 		[CopyImages] Found 'G:\Plateformes\Images\Nintendo - SNES\Fanart - Background\Donkey Kong Country-01.png' in 'G:\Plateformes\Images\Nintendo - SNES\Fanart - Background'
13:08:52 		[CopyImages] Found 'G:\Plateformes\Images\Nintendo - SNES\Fanart - Background\Donkey Kong Country-02.jpg' in 'G:\Plateformes\Images\Nintendo - SNES\Fanart - Background'
13:08:52 		[CopyImages] Found 'G:\Plateformes\Images\Nintendo - SNES\Fanart - Background\Donkey Kong Country-03.jpg' in 'G:\Plateformes\Images\Nintendo - SNES\Fanart - Background'
13:08:52 		[CopyImages] Found 'G:\Plateformes\Images\Nintendo - SNES\Fanart - Background\Donkey Kong Country-04.jpg' in 'G:\Plateformes\Images\Nintendo - SNES\Fanart - Background'
13:08:52 		[CopyImages] Found 'G:\Plateformes\Images\Nintendo - SNES\Fanart - Background\Donkey Kong Country-05.jpg' in 'G:\Plateformes\Images\Nintendo - SNES\Fanart - Background'
13:08:52 		[CopyImages] Found 'G:\Plateformes\Images\Nintendo - SNES\Fanart - Background\Donkey Kong Country-06.jpg' in 'G:\Plateformes\Images\Nintendo - SNES\Fanart - Background'
13:08:52 		[CopyImages] Found 'G:\Plateformes\Images\Nintendo - SNES\Fanart - Background\Donkey Kong Country-07.jpg' in 'G:\Plateformes\Images\Nintendo - SNES\Fanart - Background'
13:08:52 		[CopyImages] Found 'G:\Plateformes\Images\Nintendo - SNES\Fanart - Background\Donkey Kong Country-08.jpg' in 'G:\Plateformes\Images\Nintendo - SNES\Fanart - Background'
13:08:52 		[CopyImages] Found 'G:\Plateformes\Images\Nintendo - SNES\Fanart - Background\Donkey Kong Country-09.jpg' in 'G:\Plateformes\Images\Nintendo - SNES\Fanart - Background'
13:08:52 		[CopyImages] Found 'G:\Plateformes\Images\Nintendo - SNES\Fanart - Background\Donkey Kong Country-10.jpg' in 'G:\Plateformes\Images\Nintendo - SNES\Fanart - Background'
13:08:52 		[CopyImages] Found 'G:\Plateformes\Images\Nintendo - SNES\Fanart - Background\Donkey Kong Country-11.jpg' in 'G:\Plateformes\Images\Nintendo - SNES\Fanart - Background'
13:08:52 		[CopyImages] Found 'G:\Plateformes\Images\Nintendo - SNES\Fanart - Background\Donkey Kong Country-12.jpg' in 'G:\Plateformes\Images\Nintendo - SNES\Fanart - Background'
13:08:52 		[CopyImages] Found 'G:\Plateformes\Images\Nintendo - SNES\Fanart - Background\Donkey Kong Country-13.jpg' in 'G:\Plateformes\Images\Nintendo - SNES\Fanart - Background'
13:08:52 		[CopyImages] Found 'G:\Plateformes\Images\Nintendo - SNES\Fanart - Background\Donkey Kong Country-14.jpg' in 'G:\Plateformes\Images\Nintendo - SNES\Fanart - Background'
13:08:52 		[CopyImages] Found 'G:\Plateformes\Images\Nintendo - SNES\Fanart - Background\Donkey Kong Country-15.jpg' in 'G:\Plateformes\Images\Nintendo - SNES\Fanart - Background'
13:08:52 		[CopyImages] Found 'G:\Plateformes\Images\Nintendo - SNES\Fanart - Background\Donkey Kong Country-16.jpg' in 'G:\Plateformes\Images\Nintendo - SNES\Fanart - Background'
13:08:52 		[CopyImages] Found 'G:\Plateformes\Images\Nintendo - SNES\Screenshot - Gameplay\Europe\Donkey Kong Country-01.png' in 'G:\Plateformes\Images\Nintendo - SNES\Screenshot - Gameplay'
13:08:52 		[CopyImages] Found 'G:\Plateformes\Images\Nintendo - SNES\Screenshot - Game Title\Europe\Donkey Kong Country-01.png' in 'G:\Plateformes\Images\Nintendo - SNES\Screenshot - Game Title'
13:08:52 		[CopyImages] Found 'G:\Plateformes\Images\Nintendo - SNES\Screenshot - Game Over\Donkey Kong Country-01.png' in 'G:\Plateformes\Images\Nintendo - SNES\Screenshot - Game Over'
13:08:52 [CopyHandler] Destination file exists... 13:08:55 PassAll
13:08:55 [CopyHandler] Destination file exists... 13:08:55 PassAll
13:08:55 [CopyHandler] Destination file exists... 13:08:55 PassAll
13:08:55 [CopyHandler] Destination file exists... 13:08:55 PassAll
13:08:55 [CopyHandler] Destination file exists... 13:08:55 PassAll
13:08:55 [CopyHandler] Destination file exists... 13:08:55 PassAll
13:08:55 [CopyHandler] Destination file exists... 13:08:55 PassAll
13:08:55 [CopyHandler] Destination file exists... 13:08:55 PassAll
13:08:55 [CopyHandler] Destination file exists... 13:08:55 PassAll
13:08:55 [CopyHandler] Destination file exists... 13:08:55 PassAll
13:08:55 [CopyHandler] Destination file exists... 13:08:55 PassAll
13:08:55 [CopyHandler] Destination file exists... 13:08:55 PassAll
13:08:55 [CopyHandler] Destination file exists... 13:08:55 PassAll
13:08:55 [CopyHandler] Destination file exists... 13:08:55 PassAll
13:08:55 [CopyHandler] Destination file exists... 13:08:55 PassAll
13:08:55 [CopyHandler] Destination file exists... 13:08:55 PassAll
13:08:55 [CopyHandler] Destination file exists... 13:08:55 PassAll
13:08:55 [CopyHandler] Destination file exists... 13:08:55 PassAll
13:08:55 [CopyHandler] Destination file exists... 13:08:55 PassAll
13:08:55 [CopyHandler] Destination file exists... 13:08:55 PassAll
13:08:55 [CopyHandler] Destination file exists... 13:08:55 PassAll
13:08:55 [CopyHandler] Destination file exists... 13:08:55 PassAll
13:08:55 [CopyHandler] Destination file exists... 13:08:55 PassAll
13:08:55 [CopyHandler] Destination file exists... 13:08:55 PassAll
13:08:55 [CopyHandler] Destination file exists... 13:08:55 PassAll
13:08:55 [CopyHandler] Destination file exists... 13:08:55 PassAll
13:08:55 [CopyHandler] Destination file exists... 13:08:55 PassAll
13:08:55 [CopyHandler] Destination file exists... 13:08:55 PassAll
13:08:55 [CopyHandler] Destination file exists... 13:08:55 PassAll
13:08:55 [CopyHandler] Destination file exists... 13:08:55 PassAll
13:08:55 [CopyHandler] Destination file exists... 13:08:55 PassAll
13:08:55 [CopyHandler] Destination file exists... 13:08:55 PassAll
13:08:55 [CopyHandler] Destination file exists... 13:08:55 PassAll
13:08:55 [CopyHandler] Destination file exists... 13:08:55 PassAll
13:08:55 [CopyHandler] Destination file exists... 13:08:55 PassAll
13:08:55 [CopyHandler] Destination file exists... 13:08:55 PassAll
13:08:55 [CopyHandler] Destination file exists... 13:08:55 PassAll
13:08:55 [CopyHandler] Destination file exists... 13:08:55 PassAll
13:08:55 [CopyHandler] Destination file exists... 13:08:55 PassAll
13:08:55 [CopyHandler] Destination file exists... 13:08:55 PassAll
13:08:55 [CopyHandler] Destination file exists... 13:08:55 PassAll
13:08:55 [CopyHandler] Destination file exists... 13:08:55 PassAll
13:08:55 [CopyHandler] Destination file exists... 13:08:55 PassAll
13:08:55 [CopyHandler] Destination file exists... 13:08:55 PassAll
13:08:55 [CopyHandler] Destination file exists... 13:08:55 PassAll
13:08:55 [CopyHandler] Destination file exists... 13:08:55 PassAll
13:08:55 [CopyHandler] Destination file exists... 13:08:55 PassAll
13:08:55 [CopyHandler] Destination file exists... 13:08:55 PassAll
13:08:55 [CopyHandler] Destination file exists... 13:08:55 PassAll
13:08:55 [CopyHandler] Destination file exists... 13:08:55 PassAll
13:08:55 [CopyHandler] Destination file exists... 13:08:55 PassAll
