****** Initialisation Logger - niveau: 0 ******
23:23:57 Language fr-FR - 1.0.0.4, loading...
23:24:37 [Main] PackMe for 'Donkey Kong Country' | 'fc1ac9d2-d88a-4851-8939-cea8ddeb74bb'
23:24:37 Directory Exists 'G:\Temp\pmg - temp\Super Nintendo Entertainment System\Donkey Kong Country (E) (M3) (V1.0) [f1]'
23:24:45 [MakeStructure] Creation of the tree
23:24:45 [CreateHFolders] Creation of 'G:\Temp\pmg - temp\Super Nintendo Entertainment System\Donkey Kong Country (E) (M3) (V1.0) [f1]\Games'
23:24:45 [CreateHFolders] Creation of 'G:\Temp\pmg - temp\Super Nintendo Entertainment System\Donkey Kong Country (E) (M3) (V1.0) [f1]\CheatCodes'
23:24:45 [CreateHFolders] Creation of 'G:\Temp\pmg - temp\Super Nintendo Entertainment System\Donkey Kong Country (E) (M3) (V1.0) [f1]\Images'
23:24:45 [CreateHFolders] Creation of 'G:\Temp\pmg - temp\Super Nintendo Entertainment System\Donkey Kong Country (E) (M3) (V1.0) [f1]\Manuals'
23:24:45 [CreateHFolders] Creation of 'G:\Temp\pmg - temp\Super Nintendo Entertainment System\Donkey Kong Country (E) (M3) (V1.0) [f1]\Musics'
23:24:45 [CreateHFolders] Creation of 'G:\Temp\pmg - temp\Super Nintendo Entertainment System\Donkey Kong Country (E) (M3) (V1.0) [f1]\Videos'
23:24:45 Not managed: GogAppId
23:24:45 Not managed: OriginAppId
23:24:45 Not managed: OriginInstallPath
23:24:45 Not managed: MissingBox3dImage
23:24:45 Not managed: MissingCartImage
23:24:45 Not managed: MissingCart3dImage
23:24:45 Not managed: MissingManual
23:24:45 Not managed: MissingBannerImage
23:24:45 Not managed: MissingMusic
23:24:45 Not managed: UsePauseScreen
23:24:45 Not managed: PauseAutoHotkeyScript
23:24:45 Not managed: ResumeAutoHotkeyScript
23:24:45 Not managed: OverrideDefaultPauseScreenSettings
23:24:45 Not managed: SuspendProcessOnPause
23:24:45 Not managed: ForcefulPauseScreenActivation
23:24:45 Not managed: LoadStateAutoHotkeyScript
23:24:45 Not managed: SaveStateAutoHotkeyScript
23:24:45 Not managed: ResetAutoHotkeyScript
23:24:45 Not managed: SwapDiscsAutoHotkeyScript
23:24:45 [CopyHandler] Destination file exists... 23:24:49 PassAll
23:24:51 [CopyHandler] Destination file exists... 23:24:51 PassAll
23:24:52 [CopyHandler] Destination file exists... 23:24:52 PassAll
23:24:52 [CopyHandler] Destination file exists... 23:24:52 PassAll
23:24:52 [CopyHandler] Destination file exists... 23:24:52 PassAll
23:24:52 		[CopyImages] Found 'G:\Plateformes\Images\Nintendo - SNES\Box - Front\Donkey Kong Country-01.png' in 'G:\Plateformes\Images\Nintendo - SNES\Box - Front'
23:24:52 		[CopyImages] Found 'G:\Plateformes\Images\Nintendo - SNES\Box - Front\France\Donkey Kong Country-01.png' in 'G:\Plateformes\Images\Nintendo - SNES\Box - Front'
23:24:52 		[CopyImages] Found 'G:\Plateformes\Images\Nintendo - SNES\Box - Back\North America\Donkey Kong Country-01.jpg' in 'G:\Plateformes\Images\Nintendo - SNES\Box - Back'
23:24:52 		[CopyImages] Found 'G:\Plateformes\Images\Nintendo - SNES\Box - 3D\Donkey Kong Country-01.png' in 'G:\Plateformes\Images\Nintendo - SNES\Box - 3D'
23:24:52 		[CopyImages] Found 'G:\Plateformes\Images\Nintendo - SNES\Box - 3D\Donkey Kong Country-02.png' in 'G:\Plateformes\Images\Nintendo - SNES\Box - 3D'
23:24:52 		[CopyImages] Found 'G:\Plateformes\Images\Nintendo - SNES\Box - 3D\Europe\Donkey Kong Country-01.png' in 'G:\Plateformes\Images\Nintendo - SNES\Box - 3D'
23:24:52 		[CopyImages] Found 'G:\Plateformes\Images\Nintendo - SNES\Arcade - Marquee\Donkey Kong Country-01.png' in 'G:\Plateformes\Images\Nintendo - SNES\Arcade - Marquee'
23:24:52 		[CopyImages] Found 'G:\Plateformes\Images\Nintendo - SNES\Banner\Donkey Kong Country-01.jpg' in 'G:\Plateformes\Images\Nintendo - SNES\Banner'
23:24:52 		[CopyImages] Found 'G:\Plateformes\Images\Nintendo - SNES\Banner\Donkey Kong Country-01.png' in 'G:\Plateformes\Images\Nintendo - SNES\Banner'
23:24:52 		[CopyImages] Found 'G:\Plateformes\Images\Nintendo - SNES\Banner\Donkey Kong Country-02.jpg' in 'G:\Plateformes\Images\Nintendo - SNES\Banner'
23:24:52 		[CopyImages] Found 'G:\Plateformes\Images\Nintendo - SNES\Banner\Donkey Kong Country-02.png' in 'G:\Plateformes\Images\Nintendo - SNES\Banner'
23:24:52 		[CopyImages] Found 'G:\Plateformes\Images\Nintendo - SNES\Banner\Donkey Kong Country-03.png' in 'G:\Plateformes\Images\Nintendo - SNES\Banner'
23:24:52 		[CopyImages] Found 'G:\Plateformes\Images\Nintendo - SNES\Cart - Front\Donkey Kong Country-01.png' in 'G:\Plateformes\Images\Nintendo - SNES\Cart - Front'
23:24:52 		[CopyImages] Found 'G:\Plateformes\Images\Nintendo - SNES\Cart - Front\Japan\Donkey Kong Country-01.jpg' in 'G:\Plateformes\Images\Nintendo - SNES\Cart - Front'
23:24:52 		[CopyImages] Found 'G:\Plateformes\Images\Nintendo - SNES\Cart - 3D\Donkey Kong Country-01.png' in 'G:\Plateformes\Images\Nintendo - SNES\Cart - 3D'
23:24:52 		[CopyImages] Found 'G:\Plateformes\Images\Nintendo - SNES\Cart - 3D\North America\Donkey Kong Country-01.png' in 'G:\Plateformes\Images\Nintendo - SNES\Cart - 3D'
23:24:52 		[CopyImages] Found 'G:\Plateformes\Images\Nintendo - SNES\Clear Logo\Donkey Kong Country-01.png' in 'G:\Plateformes\Images\Nintendo - SNES\Clear Logo'
23:24:52 		[CopyImages] Found 'G:\Plateformes\Images\Nintendo - SNES\Clear Logo\North America\Donkey Kong Country-01.png' in 'G:\Plateformes\Images\Nintendo - SNES\Clear Logo'
23:24:52 		[CopyImages] Found 'G:\Plateformes\Images\Nintendo - SNES\Fanart - Box - Back\North America\Donkey Kong Country-01.jpg' in 'G:\Plateformes\Images\Nintendo - SNES\Fanart - Box - Back'
23:24:52 		[CopyImages] Found 'G:\Plateformes\Images\Nintendo - SNES\Fanart - Cart - Front\Europe\Donkey Kong Country-01.png' in 'G:\Plateformes\Images\Nintendo - SNES\Fanart - Cart - Front'
23:24:52 		[CopyImages] Found 'G:\Plateformes\Images\Nintendo - SNES\Fanart - Background\Donkey Kong Country-01.jpg' in 'G:\Plateformes\Images\Nintendo - SNES\Fanart - Background'
23:24:52 		[CopyImages] Found 'G:\Plateformes\Images\Nintendo - SNES\Fanart - Background\Donkey Kong Country-01.png' in 'G:\Plateformes\Images\Nintendo - SNES\Fanart - Background'
23:24:52 		[CopyImages] Found 'G:\Plateformes\Images\Nintendo - SNES\Fanart - Background\Donkey Kong Country-02.jpg' in 'G:\Plateformes\Images\Nintendo - SNES\Fanart - Background'
23:24:52 		[CopyImages] Found 'G:\Plateformes\Images\Nintendo - SNES\Fanart - Background\Donkey Kong Country-03.jpg' in 'G:\Plateformes\Images\Nintendo - SNES\Fanart - Background'
23:24:52 		[CopyImages] Found 'G:\Plateformes\Images\Nintendo - SNES\Fanart - Background\Donkey Kong Country-04.jpg' in 'G:\Plateformes\Images\Nintendo - SNES\Fanart - Background'
23:24:52 		[CopyImages] Found 'G:\Plateformes\Images\Nintendo - SNES\Fanart - Background\Donkey Kong Country-05.jpg' in 'G:\Plateformes\Images\Nintendo - SNES\Fanart - Background'
23:24:52 		[CopyImages] Found 'G:\Plateformes\Images\Nintendo - SNES\Fanart - Background\Donkey Kong Country-06.jpg' in 'G:\Plateformes\Images\Nintendo - SNES\Fanart - Background'
23:24:52 		[CopyImages] Found 'G:\Plateformes\Images\Nintendo - SNES\Fanart - Background\Donkey Kong Country-07.jpg' in 'G:\Plateformes\Images\Nintendo - SNES\Fanart - Background'
23:24:52 		[CopyImages] Found 'G:\Plateformes\Images\Nintendo - SNES\Fanart - Background\Donkey Kong Country-08.jpg' in 'G:\Plateformes\Images\Nintendo - SNES\Fanart - Background'
23:24:52 		[CopyImages] Found 'G:\Plateformes\Images\Nintendo - SNES\Fanart - Background\Donkey Kong Country-09.jpg' in 'G:\Plateformes\Images\Nintendo - SNES\Fanart - Background'
23:24:52 		[CopyImages] Found 'G:\Plateformes\Images\Nintendo - SNES\Fanart - Background\Donkey Kong Country-10.jpg' in 'G:\Plateformes\Images\Nintendo - SNES\Fanart - Background'
23:24:52 		[CopyImages] Found 'G:\Plateformes\Images\Nintendo - SNES\Fanart - Background\Donkey Kong Country-11.jpg' in 'G:\Plateformes\Images\Nintendo - SNES\Fanart - Background'
23:24:52 		[CopyImages] Found 'G:\Plateformes\Images\Nintendo - SNES\Fanart - Background\Donkey Kong Country-12.jpg' in 'G:\Plateformes\Images\Nintendo - SNES\Fanart - Background'
23:24:52 		[CopyImages] Found 'G:\Plateformes\Images\Nintendo - SNES\Fanart - Background\Donkey Kong Country-13.jpg' in 'G:\Plateformes\Images\Nintendo - SNES\Fanart - Background'
23:24:52 		[CopyImages] Found 'G:\Plateformes\Images\Nintendo - SNES\Fanart - Background\Donkey Kong Country-14.jpg' in 'G:\Plateformes\Images\Nintendo - SNES\Fanart - Background'
23:24:52 		[CopyImages] Found 'G:\Plateformes\Images\Nintendo - SNES\Fanart - Background\Donkey Kong Country-15.jpg' in 'G:\Plateformes\Images\Nintendo - SNES\Fanart - Background'
23:24:52 		[CopyImages] Found 'G:\Plateformes\Images\Nintendo - SNES\Fanart - Background\Donkey Kong Country-16.jpg' in 'G:\Plateformes\Images\Nintendo - SNES\Fanart - Background'
23:24:52 		[CopyImages] Found 'G:\Plateformes\Images\Nintendo - SNES\Screenshot - Gameplay\Europe\Donkey Kong Country-01.png' in 'G:\Plateformes\Images\Nintendo - SNES\Screenshot - Gameplay'
23:24:52 		[CopyImages] Found 'G:\Plateformes\Images\Nintendo - SNES\Screenshot - Game Title\Europe\Donkey Kong Country-01.png' in 'G:\Plateformes\Images\Nintendo - SNES\Screenshot - Game Title'
23:24:52 		[CopyImages] Found 'G:\Plateformes\Images\Nintendo - SNES\Screenshot - Game Over\Donkey Kong Country-01.png' in 'G:\Plateformes\Images\Nintendo - SNES\Screenshot - Game Over'
23:24:52 [CopyHandler] Destination file exists... 23:24:56 PassAll
23:24:56 [CopyHandler] Destination file exists... 23:24:56 PassAll
23:24:56 [CopyHandler] Destination file exists... 23:24:56 PassAll
23:24:56 [CopyHandler] Destination file exists... 23:24:56 PassAll
23:24:56 [CopyHandler] Destination file exists... 23:24:56 PassAll
23:24:56 [CopyHandler] Destination file exists... 23:24:56 PassAll
23:24:56 [CopyHandler] Destination file exists... 23:24:56 PassAll
23:24:56 [CopyHandler] Destination file exists... 23:24:56 PassAll
23:24:56 [CopyHandler] Destination file exists... 23:24:56 PassAll
23:24:56 [CopyHandler] Destination file exists... 23:24:56 PassAll
23:24:56 [CopyHandler] Destination file exists... 23:24:56 PassAll
23:24:56 [CopyHandler] Destination file exists... 23:24:56 PassAll
23:24:56 [CopyHandler] Destination file exists... 23:24:56 PassAll
23:24:56 [CopyHandler] Destination file exists... 23:24:56 PassAll
23:24:56 [CopyHandler] Destination file exists... 23:24:56 PassAll
23:24:56 [CopyHandler] Destination file exists... 23:24:56 PassAll
23:24:56 [CopyHandler] Destination file exists... 23:24:56 PassAll
23:24:56 [CopyHandler] Destination file exists... 23:24:56 PassAll
23:24:56 [CopyHandler] Destination file exists... 23:24:56 PassAll
23:24:57 [CopyHandler] Destination file exists... 23:24:57 PassAll
23:24:57 [CopyHandler] Destination file exists... 23:24:57 PassAll
23:24:57 [CopyHandler] Destination file exists... 23:24:57 PassAll
23:24:57 [CopyHandler] Destination file exists... 23:24:57 PassAll
23:24:57 [CopyHandler] Destination file exists... 23:24:57 PassAll
23:24:57 [CopyHandler] Destination file exists... 23:24:57 PassAll
23:24:57 [CopyHandler] Destination file exists... 23:24:57 PassAll
23:24:57 [CopyHandler] Destination file exists... 23:24:57 PassAll
23:24:57 [CopyHandler] Destination file exists... 23:24:57 PassAll
23:24:57 [CopyHandler] Destination file exists... 23:24:57 PassAll
23:24:57 [CopyHandler] Destination file exists... 23:24:57 PassAll
23:24:57 [CopyHandler] Destination file exists... 23:24:57 PassAll
23:24:57 [CopyHandler] Destination file exists... 23:24:57 PassAll
23:24:57 [CopyHandler] Destination file exists... 23:24:57 PassAll
23:24:57 [CopyHandler] Destination file exists... 23:24:57 PassAll
23:24:57 [CopyHandler] Destination file exists... 23:24:57 PassAll
23:24:57 [CopyHandler] Destination file exists... 23:24:57 PassAll
23:24:57 [CopyHandler] Destination file exists... 23:24:57 PassAll
23:24:57 [CopyHandler] Destination file exists... 23:24:57 PassAll
23:24:57 [CopyHandler] Destination file exists... 23:24:57 PassAll
23:24:57 [CopyHandler] Destination file exists... 23:24:57 PassAll
23:24:58 [CopyHandler] Destination file exists... 23:24:58 PassAll
23:24:58 [CopyHandler] Destination file exists... 23:24:58 PassAll
23:24:58 [CopyHandler] Destination file exists... 23:24:58 PassAll
23:24:58 [CopyHandler] Destination file exists... 23:24:58 PassAll
23:24:58 [CopyHandler] Destination file exists... 23:24:58 PassAll
23:24:58 [CopyHandler] Destination file exists... 23:24:58 PassAll
23:24:58 [CopyHandler] Destination file exists... 23:24:58 PassAll
23:24:58 [CopyHandler] Destination file exists... 23:24:58 PassAll
23:24:58 [CopyHandler] Destination file exists... 23:24:58 PassAll
23:24:58 [CopyHandler] Destination file exists... 23:24:58 PassAll
23:24:58 [CopyHandler] Destination file exists... 23:24:58 PassAll
