****** Initialisation Logger - niveau: 0 ******
21:43:38 Language fr-FR - 1.0.0.4, loading...
21:44:53 [Main] PackMe for 'Donkey Kong Country' | 'fc1ac9d2-d88a-4851-8939-cea8ddeb74bb'
21:44:53 Directory Exists 'G:\Temp\pmg - temp\Super Nintendo Entertainment System\Donkey Kong Country (E) (M3) (V1.0) [f1]'
21:47:05 [MakeStructure] Creation of the tree
21:47:05 [CreateHFolders] Creation of 'G:\Temp\pmg - temp\Super Nintendo Entertainment System\Donkey Kong Country (E) (M3) (V1.0) [f1]\Games'
21:47:05 [CreateHFolders] Creation of 'G:\Temp\pmg - temp\Super Nintendo Entertainment System\Donkey Kong Country (E) (M3) (V1.0) [f1]\CheatCodes'
21:47:05 [CreateHFolders] Creation of 'G:\Temp\pmg - temp\Super Nintendo Entertainment System\Donkey Kong Country (E) (M3) (V1.0) [f1]\Images'
21:47:05 [CreateHFolders] Creation of 'G:\Temp\pmg - temp\Super Nintendo Entertainment System\Donkey Kong Country (E) (M3) (V1.0) [f1]\Manuals'
21:47:05 [CreateHFolders] Creation of 'G:\Temp\pmg - temp\Super Nintendo Entertainment System\Donkey Kong Country (E) (M3) (V1.0) [f1]\Musics'
21:47:05 [CreateHFolders] Creation of 'G:\Temp\pmg - temp\Super Nintendo Entertainment System\Donkey Kong Country (E) (M3) (V1.0) [f1]\Videos'
21:47:05 Not managed: MissingBox3dImage
21:47:05 Not managed: MissingCartImage
21:47:05 Not managed: MissingCart3dImage
21:47:05 Not managed: MissingManual
21:47:05 Not managed: MissingBannerImage
21:47:05 Not managed: MissingMusic
21:47:05 Not managed: UsePauseScreen
21:47:05 Not managed: OverrideDefaultPauseScreenSettings
21:47:05 Not managed: SuspendProcessOnPause
21:47:05 Not managed: ForcefulPauseScreenActivation
21:47:06 [CopyHandler] Destination file exists... 21:47:17 PassAll
22:05:23 [CopyHandler] Destination file exists... 22:05:23 PassAll
22:05:24 [CopyHandler] Destination file exists... 22:05:24 PassAll
22:05:25 [CopyHandler] Destination file exists... 22:05:32 PassAll
22:05:32 [CopyHandler] Destination file exists... 22:05:32 PassAll
22:05:53 		[CopyImages] Found 'G:\Plateformes\Images\Nintendo - SNES\Box - Front\Donkey Kong Country-01.png' in 'G:\Plateformes\Images\Nintendo - SNES\Box - Front'
22:05:53 		[CopyImages] Found 'G:\Plateformes\Images\Nintendo - SNES\Box - Front\France\Donkey Kong Country-01.png' in 'G:\Plateformes\Images\Nintendo - SNES\Box - Front'
22:05:53 		[CopyImages] Found 'G:\Plateformes\Images\Nintendo - SNES\Box - Back\North America\Donkey Kong Country-01.jpg' in 'G:\Plateformes\Images\Nintendo - SNES\Box - Back'
22:05:53 		[CopyImages] Found 'G:\Plateformes\Images\Nintendo - SNES\Box - 3D\Donkey Kong Country-01.png' in 'G:\Plateformes\Images\Nintendo - SNES\Box - 3D'
22:05:53 		[CopyImages] Found 'G:\Plateformes\Images\Nintendo - SNES\Box - 3D\Donkey Kong Country-02.png' in 'G:\Plateformes\Images\Nintendo - SNES\Box - 3D'
22:05:53 		[CopyImages] Found 'G:\Plateformes\Images\Nintendo - SNES\Box - 3D\Europe\Donkey Kong Country-01.png' in 'G:\Plateformes\Images\Nintendo - SNES\Box - 3D'
22:05:53 		[CopyImages] Found 'G:\Plateformes\Images\Nintendo - SNES\Arcade - Marquee\Donkey Kong Country-01.png' in 'G:\Plateformes\Images\Nintendo - SNES\Arcade - Marquee'
22:05:53 		[CopyImages] Found 'G:\Plateformes\Images\Nintendo - SNES\Banner\Donkey Kong Country-01.jpg' in 'G:\Plateformes\Images\Nintendo - SNES\Banner'
22:05:53 		[CopyImages] Found 'G:\Plateformes\Images\Nintendo - SNES\Banner\Donkey Kong Country-01.png' in 'G:\Plateformes\Images\Nintendo - SNES\Banner'
22:05:53 		[CopyImages] Found 'G:\Plateformes\Images\Nintendo - SNES\Banner\Donkey Kong Country-02.jpg' in 'G:\Plateformes\Images\Nintendo - SNES\Banner'
22:05:53 		[CopyImages] Found 'G:\Plateformes\Images\Nintendo - SNES\Banner\Donkey Kong Country-02.png' in 'G:\Plateformes\Images\Nintendo - SNES\Banner'
22:05:53 		[CopyImages] Found 'G:\Plateformes\Images\Nintendo - SNES\Banner\Donkey Kong Country-03.png' in 'G:\Plateformes\Images\Nintendo - SNES\Banner'
22:05:53 		[CopyImages] Found 'G:\Plateformes\Images\Nintendo - SNES\Cart - Front\Donkey Kong Country-01.png' in 'G:\Plateformes\Images\Nintendo - SNES\Cart - Front'
22:05:53 		[CopyImages] Found 'G:\Plateformes\Images\Nintendo - SNES\Cart - Front\Japan\Donkey Kong Country-01.jpg' in 'G:\Plateformes\Images\Nintendo - SNES\Cart - Front'
22:05:53 		[CopyImages] Found 'G:\Plateformes\Images\Nintendo - SNES\Cart - 3D\Donkey Kong Country-01.png' in 'G:\Plateformes\Images\Nintendo - SNES\Cart - 3D'
22:05:53 		[CopyImages] Found 'G:\Plateformes\Images\Nintendo - SNES\Cart - 3D\North America\Donkey Kong Country-01.png' in 'G:\Plateformes\Images\Nintendo - SNES\Cart - 3D'
22:05:53 		[CopyImages] Found 'G:\Plateformes\Images\Nintendo - SNES\Clear Logo\Donkey Kong Country-01.png' in 'G:\Plateformes\Images\Nintendo - SNES\Clear Logo'
22:05:53 		[CopyImages] Found 'G:\Plateformes\Images\Nintendo - SNES\Clear Logo\North America\Donkey Kong Country-01.png' in 'G:\Plateformes\Images\Nintendo - SNES\Clear Logo'
22:05:53 		[CopyImages] Found 'G:\Plateformes\Images\Nintendo - SNES\Fanart - Box - Back\North America\Donkey Kong Country-01.jpg' in 'G:\Plateformes\Images\Nintendo - SNES\Fanart - Box - Back'
22:05:53 		[CopyImages] Found 'G:\Plateformes\Images\Nintendo - SNES\Fanart - Cart - Front\Europe\Donkey Kong Country-01.png' in 'G:\Plateformes\Images\Nintendo - SNES\Fanart - Cart - Front'
22:05:53 		[CopyImages] Found 'G:\Plateformes\Images\Nintendo - SNES\Fanart - Background\Donkey Kong Country-01.jpg' in 'G:\Plateformes\Images\Nintendo - SNES\Fanart - Background'
22:05:53 		[CopyImages] Found 'G:\Plateformes\Images\Nintendo - SNES\Fanart - Background\Donkey Kong Country-01.png' in 'G:\Plateformes\Images\Nintendo - SNES\Fanart - Background'
22:05:53 		[CopyImages] Found 'G:\Plateformes\Images\Nintendo - SNES\Fanart - Background\Donkey Kong Country-02.jpg' in 'G:\Plateformes\Images\Nintendo - SNES\Fanart - Background'
22:05:53 		[CopyImages] Found 'G:\Plateformes\Images\Nintendo - SNES\Fanart - Background\Donkey Kong Country-03.jpg' in 'G:\Plateformes\Images\Nintendo - SNES\Fanart - Background'
22:05:53 		[CopyImages] Found 'G:\Plateformes\Images\Nintendo - SNES\Fanart - Background\Donkey Kong Country-04.jpg' in 'G:\Plateformes\Images\Nintendo - SNES\Fanart - Background'
22:05:53 		[CopyImages] Found 'G:\Plateformes\Images\Nintendo - SNES\Fanart - Background\Donkey Kong Country-05.jpg' in 'G:\Plateformes\Images\Nintendo - SNES\Fanart - Background'
22:05:53 		[CopyImages] Found 'G:\Plateformes\Images\Nintendo - SNES\Fanart - Background\Donkey Kong Country-06.jpg' in 'G:\Plateformes\Images\Nintendo - SNES\Fanart - Background'
22:05:53 		[CopyImages] Found 'G:\Plateformes\Images\Nintendo - SNES\Fanart - Background\Donkey Kong Country-07.jpg' in 'G:\Plateformes\Images\Nintendo - SNES\Fanart - Background'
22:05:53 		[CopyImages] Found 'G:\Plateformes\Images\Nintendo - SNES\Fanart - Background\Donkey Kong Country-08.jpg' in 'G:\Plateformes\Images\Nintendo - SNES\Fanart - Background'
22:05:53 		[CopyImages] Found 'G:\Plateformes\Images\Nintendo - SNES\Fanart - Background\Donkey Kong Country-09.jpg' in 'G:\Plateformes\Images\Nintendo - SNES\Fanart - Background'
22:05:53 		[CopyImages] Found 'G:\Plateformes\Images\Nintendo - SNES\Fanart - Background\Donkey Kong Country-10.jpg' in 'G:\Plateformes\Images\Nintendo - SNES\Fanart - Background'
22:05:53 		[CopyImages] Found 'G:\Plateformes\Images\Nintendo - SNES\Fanart - Background\Donkey Kong Country-11.jpg' in 'G:\Plateformes\Images\Nintendo - SNES\Fanart - Background'
22:05:53 		[CopyImages] Found 'G:\Plateformes\Images\Nintendo - SNES\Fanart - Background\Donkey Kong Country-12.jpg' in 'G:\Plateformes\Images\Nintendo - SNES\Fanart - Background'
22:05:53 		[CopyImages] Found 'G:\Plateformes\Images\Nintendo - SNES\Fanart - Background\Donkey Kong Country-13.jpg' in 'G:\Plateformes\Images\Nintendo - SNES\Fanart - Background'
22:05:53 		[CopyImages] Found 'G:\Plateformes\Images\Nintendo - SNES\Fanart - Background\Donkey Kong Country-14.jpg' in 'G:\Plateformes\Images\Nintendo - SNES\Fanart - Background'
22:05:53 		[CopyImages] Found 'G:\Plateformes\Images\Nintendo - SNES\Fanart - Background\Donkey Kong Country-15.jpg' in 'G:\Plateformes\Images\Nintendo - SNES\Fanart - Background'
22:05:53 		[CopyImages] Found 'G:\Plateformes\Images\Nintendo - SNES\Fanart - Background\Donkey Kong Country-16.jpg' in 'G:\Plateformes\Images\Nintendo - SNES\Fanart - Background'
22:05:53 		[CopyImages] Found 'G:\Plateformes\Images\Nintendo - SNES\Screenshot - Gameplay\Europe\Donkey Kong Country-01.png' in 'G:\Plateformes\Images\Nintendo - SNES\Screenshot - Gameplay'
22:05:53 		[CopyImages] Found 'G:\Plateformes\Images\Nintendo - SNES\Screenshot - Game Title\Europe\Donkey Kong Country-01.png' in 'G:\Plateformes\Images\Nintendo - SNES\Screenshot - Game Title'
22:05:53 		[CopyImages] Found 'G:\Plateformes\Images\Nintendo - SNES\Screenshot - Game Over\Donkey Kong Country-01.png' in 'G:\Plateformes\Images\Nintendo - SNES\Screenshot - Game Over'
22:05:53 [CopyHandler] Destination file exists... 22:06:01 Pass
22:06:01 [CopyHandler] Destination file exists... 22:06:02 Pass
22:06:02 [CopyHandler] Destination file exists... 22:06:02 Pass
22:06:02 [CopyHandler] Destination file exists... 22:06:03 Pass
22:06:03 [CopyHandler] Destination file exists... 22:06:04 Pass
22:06:04 [CopyHandler] Destination file exists... 22:06:07 PassAll
22:06:07 [CopyHandler] Destination file exists... 22:06:07 PassAll
22:06:07 [CopyHandler] Destination file exists... 22:06:07 PassAll
22:06:07 [CopyHandler] Destination file exists... 22:06:07 PassAll
22:06:07 [CopyHandler] Destination file exists... 22:06:07 PassAll
22:06:07 [CopyHandler] Destination file exists... 22:06:07 PassAll
22:06:07 [CopyHandler] Destination file exists... 22:06:07 PassAll
22:06:07 [CopyHandler] Destination file exists... 22:06:07 PassAll
22:06:07 [CopyHandler] Destination file exists... 22:06:07 PassAll
22:06:07 [CopyHandler] Destination file exists... 22:06:07 PassAll
22:06:07 [CopyHandler] Destination file exists... 22:06:07 PassAll
22:06:07 [CopyHandler] Destination file exists... 22:06:07 PassAll
22:06:07 [CopyHandler] Destination file exists... 22:06:07 PassAll
22:06:07 [CopyHandler] Destination file exists... 22:06:07 PassAll
22:06:07 [CopyHandler] Destination file exists... 22:06:07 PassAll
22:06:07 [CopyHandler] Destination file exists... 22:06:07 PassAll
22:06:07 [CopyHandler] Destination file exists... 22:06:07 PassAll
22:06:07 [CopyHandler] Destination file exists... 22:06:07 PassAll
22:06:07 [CopyHandler] Destination file exists... 22:06:07 PassAll
22:06:07 [CopyHandler] Destination file exists... 22:06:07 PassAll
22:06:07 [CopyHandler] Destination file exists... 22:06:07 PassAll
22:06:07 [CopyHandler] Destination file exists... 22:06:07 PassAll
22:06:07 [CopyHandler] Destination file exists... 22:06:07 PassAll
22:06:07 [CopyHandler] Destination file exists... 22:06:07 PassAll
22:06:07 [CopyHandler] Destination file exists... 22:06:07 PassAll
22:06:07 [CopyHandler] Destination file exists... 22:06:07 PassAll
22:06:07 [CopyHandler] Destination file exists... 22:06:07 PassAll
22:06:07 [CopyHandler] Destination file exists... 22:06:07 PassAll
22:06:07 [CopyHandler] Destination file exists... 22:06:07 PassAll
22:06:07 [CopyHandler] Destination file exists... 22:06:07 PassAll
22:06:07 [CopyHandler] Destination file exists... 22:06:07 PassAll
22:06:07 [CopyHandler] Destination file exists... 22:06:07 PassAll
22:06:07 [CopyHandler] Destination file exists... 22:06:07 PassAll
22:06:07 [CopyHandler] Destination file exists... 22:06:07 PassAll
22:06:07 [CopyHandler] Destination file exists... 22:06:07 PassAll
22:06:07 [CopyCheatCodes] Search in: 'G:\Temp\pmg - temp\Super Nintendo Entertainment System' of files beginning by 'Donkey Kong Country-': 22:06:07 0 found
22:08:56 [Main] PackMe for 'Donkey Kong Country' | 'fc1ac9d2-d88a-4851-8939-cea8ddeb74bb'
22:08:56 Directory Exists 'G:\Temp\pmg - temp\Super Nintendo Entertainment System\Donkey Kong Country (E) (M3) (V1.0) [f1]'
22:09:04 [MakeStructure] Creation of the tree
22:09:04 [CreateHFolders] Creation of 'G:\Temp\pmg - temp\Super Nintendo Entertainment System\Donkey Kong Country (E) (M3) (V1.0) [f1]\Games'
22:09:04 [CreateHFolders] Creation of 'G:\Temp\pmg - temp\Super Nintendo Entertainment System\Donkey Kong Country (E) (M3) (V1.0) [f1]\CheatCodes'
22:09:04 [CreateHFolders] Creation of 'G:\Temp\pmg - temp\Super Nintendo Entertainment System\Donkey Kong Country (E) (M3) (V1.0) [f1]\Images'
22:09:04 [CreateHFolders] Creation of 'G:\Temp\pmg - temp\Super Nintendo Entertainment System\Donkey Kong Country (E) (M3) (V1.0) [f1]\Manuals'
22:09:04 [CreateHFolders] Creation of 'G:\Temp\pmg - temp\Super Nintendo Entertainment System\Donkey Kong Country (E) (M3) (V1.0) [f1]\Musics'
22:09:04 [CreateHFolders] Creation of 'G:\Temp\pmg - temp\Super Nintendo Entertainment System\Donkey Kong Country (E) (M3) (V1.0) [f1]\Videos'
22:09:04 Not managed: MissingBox3dImage
22:09:04 Not managed: MissingBox3dImage
22:09:04 Not managed: MissingCartImage
22:09:04 Not managed: MissingCartImage
22:09:04 Not managed: MissingCart3dImage
22:09:04 Not managed: MissingCart3dImage
22:09:04 Not managed: MissingManual
22:09:04 Not managed: MissingManual
22:09:04 Not managed: MissingBannerImage
22:09:04 Not managed: MissingBannerImage
22:09:04 Not managed: MissingMusic
22:09:04 Not managed: MissingMusic
22:09:04 Not managed: UsePauseScreen
22:09:04 Not managed: UsePauseScreen
22:09:04 Not managed: OverrideDefaultPauseScreenSettings
22:09:04 Not managed: OverrideDefaultPauseScreenSettings
22:09:04 Not managed: SuspendProcessOnPause
22:09:04 Not managed: SuspendProcessOnPause
22:09:04 Not managed: ForcefulPauseScreenActivation
22:09:04 Not managed: ForcefulPauseScreenActivation
22:09:04 [CopyHandler] Destination file exists... 22:09:08 PassAll
22:09:10 [CopyHandler] Destination file exists... 22:09:10 PassAll
22:09:10 [CopyHandler] Destination file exists... 22:09:10 PassAll
22:09:11 [CopyHandler] Destination file exists... 22:09:11 PassAll
22:09:11 [CopyHandler] Destination file exists... 22:09:11 PassAll
22:09:11 		[CopyImages] Found 'G:\Plateformes\Images\Nintendo - SNES\Box - Front\Donkey Kong Country-01.png' in 'G:\Plateformes\Images\Nintendo - SNES\Box - Front'
22:09:11 		[CopyImages] Found 'G:\Plateformes\Images\Nintendo - SNES\Box - Front\France\Donkey Kong Country-01.png' in 'G:\Plateformes\Images\Nintendo - SNES\Box - Front'
22:09:11 		[CopyImages] Found 'G:\Plateformes\Images\Nintendo - SNES\Box - Back\North America\Donkey Kong Country-01.jpg' in 'G:\Plateformes\Images\Nintendo - SNES\Box - Back'
22:09:11 		[CopyImages] Found 'G:\Plateformes\Images\Nintendo - SNES\Box - 3D\Donkey Kong Country-01.png' in 'G:\Plateformes\Images\Nintendo - SNES\Box - 3D'
22:09:11 		[CopyImages] Found 'G:\Plateformes\Images\Nintendo - SNES\Box - 3D\Donkey Kong Country-02.png' in 'G:\Plateformes\Images\Nintendo - SNES\Box - 3D'
22:09:11 		[CopyImages] Found 'G:\Plateformes\Images\Nintendo - SNES\Box - 3D\Europe\Donkey Kong Country-01.png' in 'G:\Plateformes\Images\Nintendo - SNES\Box - 3D'
22:09:11 		[CopyImages] Found 'G:\Plateformes\Images\Nintendo - SNES\Arcade - Marquee\Donkey Kong Country-01.png' in 'G:\Plateformes\Images\Nintendo - SNES\Arcade - Marquee'
22:09:11 		[CopyImages] Found 'G:\Plateformes\Images\Nintendo - SNES\Banner\Donkey Kong Country-01.jpg' in 'G:\Plateformes\Images\Nintendo - SNES\Banner'
22:09:11 		[CopyImages] Found 'G:\Plateformes\Images\Nintendo - SNES\Banner\Donkey Kong Country-01.png' in 'G:\Plateformes\Images\Nintendo - SNES\Banner'
22:09:11 		[CopyImages] Found 'G:\Plateformes\Images\Nintendo - SNES\Banner\Donkey Kong Country-02.jpg' in 'G:\Plateformes\Images\Nintendo - SNES\Banner'
22:09:11 		[CopyImages] Found 'G:\Plateformes\Images\Nintendo - SNES\Banner\Donkey Kong Country-02.png' in 'G:\Plateformes\Images\Nintendo - SNES\Banner'
22:09:11 		[CopyImages] Found 'G:\Plateformes\Images\Nintendo - SNES\Banner\Donkey Kong Country-03.png' in 'G:\Plateformes\Images\Nintendo - SNES\Banner'
22:09:11 		[CopyImages] Found 'G:\Plateformes\Images\Nintendo - SNES\Cart - Front\Donkey Kong Country-01.png' in 'G:\Plateformes\Images\Nintendo - SNES\Cart - Front'
22:09:11 		[CopyImages] Found 'G:\Plateformes\Images\Nintendo - SNES\Cart - Front\Japan\Donkey Kong Country-01.jpg' in 'G:\Plateformes\Images\Nintendo - SNES\Cart - Front'
22:09:11 		[CopyImages] Found 'G:\Plateformes\Images\Nintendo - SNES\Cart - 3D\Donkey Kong Country-01.png' in 'G:\Plateformes\Images\Nintendo - SNES\Cart - 3D'
22:09:11 		[CopyImages] Found 'G:\Plateformes\Images\Nintendo - SNES\Cart - 3D\North America\Donkey Kong Country-01.png' in 'G:\Plateformes\Images\Nintendo - SNES\Cart - 3D'
22:09:11 		[CopyImages] Found 'G:\Plateformes\Images\Nintendo - SNES\Clear Logo\Donkey Kong Country-01.png' in 'G:\Plateformes\Images\Nintendo - SNES\Clear Logo'
22:09:11 		[CopyImages] Found 'G:\Plateformes\Images\Nintendo - SNES\Clear Logo\North America\Donkey Kong Country-01.png' in 'G:\Plateformes\Images\Nintendo - SNES\Clear Logo'
22:09:11 		[CopyImages] Found 'G:\Plateformes\Images\Nintendo - SNES\Fanart - Box - Back\North America\Donkey Kong Country-01.jpg' in 'G:\Plateformes\Images\Nintendo - SNES\Fanart - Box - Back'
22:09:11 		[CopyImages] Found 'G:\Plateformes\Images\Nintendo - SNES\Fanart - Cart - Front\Europe\Donkey Kong Country-01.png' in 'G:\Plateformes\Images\Nintendo - SNES\Fanart - Cart - Front'
22:09:11 		[CopyImages] Found 'G:\Plateformes\Images\Nintendo - SNES\Fanart - Background\Donkey Kong Country-01.jpg' in 'G:\Plateformes\Images\Nintendo - SNES\Fanart - Background'
22:09:11 		[CopyImages] Found 'G:\Plateformes\Images\Nintendo - SNES\Fanart - Background\Donkey Kong Country-01.png' in 'G:\Plateformes\Images\Nintendo - SNES\Fanart - Background'
22:09:11 		[CopyImages] Found 'G:\Plateformes\Images\Nintendo - SNES\Fanart - Background\Donkey Kong Country-02.jpg' in 'G:\Plateformes\Images\Nintendo - SNES\Fanart - Background'
22:09:11 		[CopyImages] Found 'G:\Plateformes\Images\Nintendo - SNES\Fanart - Background\Donkey Kong Country-03.jpg' in 'G:\Plateformes\Images\Nintendo - SNES\Fanart - Background'
22:09:11 		[CopyImages] Found 'G:\Plateformes\Images\Nintendo - SNES\Fanart - Background\Donkey Kong Country-04.jpg' in 'G:\Plateformes\Images\Nintendo - SNES\Fanart - Background'
22:09:11 		[CopyImages] Found 'G:\Plateformes\Images\Nintendo - SNES\Fanart - Background\Donkey Kong Country-05.jpg' in 'G:\Plateformes\Images\Nintendo - SNES\Fanart - Background'
22:09:11 		[CopyImages] Found 'G:\Plateformes\Images\Nintendo - SNES\Fanart - Background\Donkey Kong Country-06.jpg' in 'G:\Plateformes\Images\Nintendo - SNES\Fanart - Background'
22:09:11 		[CopyImages] Found 'G:\Plateformes\Images\Nintendo - SNES\Fanart - Background\Donkey Kong Country-07.jpg' in 'G:\Plateformes\Images\Nintendo - SNES\Fanart - Background'
22:09:11 		[CopyImages] Found 'G:\Plateformes\Images\Nintendo - SNES\Fanart - Background\Donkey Kong Country-08.jpg' in 'G:\Plateformes\Images\Nintendo - SNES\Fanart - Background'
22:09:11 		[CopyImages] Found 'G:\Plateformes\Images\Nintendo - SNES\Fanart - Background\Donkey Kong Country-09.jpg' in 'G:\Plateformes\Images\Nintendo - SNES\Fanart - Background'
22:09:11 		[CopyImages] Found 'G:\Plateformes\Images\Nintendo - SNES\Fanart - Background\Donkey Kong Country-10.jpg' in 'G:\Plateformes\Images\Nintendo - SNES\Fanart - Background'
22:09:11 		[CopyImages] Found 'G:\Plateformes\Images\Nintendo - SNES\Fanart - Background\Donkey Kong Country-11.jpg' in 'G:\Plateformes\Images\Nintendo - SNES\Fanart - Background'
22:09:11 		[CopyImages] Found 'G:\Plateformes\Images\Nintendo - SNES\Fanart - Background\Donkey Kong Country-12.jpg' in 'G:\Plateformes\Images\Nintendo - SNES\Fanart - Background'
22:09:11 		[CopyImages] Found 'G:\Plateformes\Images\Nintendo - SNES\Fanart - Background\Donkey Kong Country-13.jpg' in 'G:\Plateformes\Images\Nintendo - SNES\Fanart - Background'
22:09:11 		[CopyImages] Found 'G:\Plateformes\Images\Nintendo - SNES\Fanart - Background\Donkey Kong Country-14.jpg' in 'G:\Plateformes\Images\Nintendo - SNES\Fanart - Background'
22:09:11 		[CopyImages] Found 'G:\Plateformes\Images\Nintendo - SNES\Fanart - Background\Donkey Kong Country-15.jpg' in 'G:\Plateformes\Images\Nintendo - SNES\Fanart - Background'
22:09:11 		[CopyImages] Found 'G:\Plateformes\Images\Nintendo - SNES\Fanart - Background\Donkey Kong Country-16.jpg' in 'G:\Plateformes\Images\Nintendo - SNES\Fanart - Background'
22:09:11 		[CopyImages] Found 'G:\Plateformes\Images\Nintendo - SNES\Screenshot - Gameplay\Europe\Donkey Kong Country-01.png' in 'G:\Plateformes\Images\Nintendo - SNES\Screenshot - Gameplay'
22:09:11 		[CopyImages] Found 'G:\Plateformes\Images\Nintendo - SNES\Screenshot - Game Title\Europe\Donkey Kong Country-01.png' in 'G:\Plateformes\Images\Nintendo - SNES\Screenshot - Game Title'
22:09:11 		[CopyImages] Found 'G:\Plateformes\Images\Nintendo - SNES\Screenshot - Game Over\Donkey Kong Country-01.png' in 'G:\Plateformes\Images\Nintendo - SNES\Screenshot - Game Over'
22:09:11 [CopyHandler] Destination file exists... 22:09:15 PassAll
22:09:15 [CopyHandler] Destination file exists... 22:09:15 PassAll
22:09:15 [CopyHandler] Destination file exists... 22:09:15 PassAll
22:09:15 [CopyHandler] Destination file exists... 22:09:15 PassAll
22:09:15 [CopyHandler] Destination file exists... 22:09:15 PassAll
22:09:15 [CopyHandler] Destination file exists... 22:09:15 PassAll
22:09:15 [CopyHandler] Destination file exists... 22:09:15 PassAll
22:09:15 [CopyHandler] Destination file exists... 22:09:15 PassAll
22:09:15 [CopyHandler] Destination file exists... 22:09:15 PassAll
22:09:15 [CopyHandler] Destination file exists... 22:09:15 PassAll
22:09:15 [CopyHandler] Destination file exists... 22:09:15 PassAll
22:09:15 [CopyHandler] Destination file exists... 22:09:15 PassAll
22:09:15 [CopyHandler] Destination file exists... 22:09:15 PassAll
22:09:15 [CopyHandler] Destination file exists... 22:09:15 PassAll
22:09:15 [CopyHandler] Destination file exists... 22:09:15 PassAll
22:09:15 [CopyHandler] Destination file exists... 22:09:15 PassAll
22:09:15 [CopyHandler] Destination file exists... 22:09:15 PassAll
22:09:15 [CopyHandler] Destination file exists... 22:09:15 PassAll
22:09:15 [CopyHandler] Destination file exists... 22:09:15 PassAll
22:09:15 [CopyHandler] Destination file exists... 22:09:15 PassAll
22:09:15 [CopyHandler] Destination file exists... 22:09:15 PassAll
22:09:15 [CopyHandler] Destination file exists... 22:09:15 PassAll
22:09:15 [CopyHandler] Destination file exists... 22:09:15 PassAll
22:09:15 [CopyHandler] Destination file exists... 22:09:15 PassAll
22:09:15 [CopyHandler] Destination file exists... 22:09:15 PassAll
22:09:15 [CopyHandler] Destination file exists... 22:09:15 PassAll
22:09:15 [CopyHandler] Destination file exists... 22:09:15 PassAll
22:09:15 [CopyHandler] Destination file exists... 22:09:15 PassAll
22:09:15 [CopyHandler] Destination file exists... 22:09:15 PassAll
22:09:15 [CopyHandler] Destination file exists... 22:09:15 PassAll
22:09:15 [CopyHandler] Destination file exists... 22:09:15 PassAll
22:09:15 [CopyHandler] Destination file exists... 22:09:15 PassAll
22:09:15 [CopyHandler] Destination file exists... 22:09:15 PassAll
22:09:15 [CopyHandler] Destination file exists... 22:09:15 PassAll
22:09:15 [CopyHandler] Destination file exists... 22:09:15 PassAll
22:09:15 [CopyHandler] Destination file exists... 22:09:15 PassAll
22:09:15 [CopyHandler] Destination file exists... 22:09:15 PassAll
22:09:15 [CopyHandler] Destination file exists... 22:09:15 PassAll
22:09:15 [CopyHandler] Destination file exists... 22:09:15 PassAll
22:09:15 [CopyHandler] Destination file exists... 22:09:15 PassAll
22:09:19 [CopyCheatCodes] Search in: 'G:\Temp\pmg - temp\Super Nintendo Entertainment System' of files beginning by 'Donkey Kong Country-': 22:09:19 0 found
22:09:41 [Main] PackMe for 'Donkey Kong Country' | 'fc1ac9d2-d88a-4851-8939-cea8ddeb74bb'
22:09:41 Directory Exists 'G:\Temp\pmg - temp\Super Nintendo Entertainment System\Donkey Kong Country (E) (M3) (V1.0) [f1]'
22:09:45 [MakeStructure] Creation of the tree
22:09:45 [CreateHFolders] Creation of 'G:\Temp\pmg - temp\Super Nintendo Entertainment System\Donkey Kong Country (E) (M3) (V1.0) [f1]\Games'
22:09:45 [CreateHFolders] Creation of 'G:\Temp\pmg - temp\Super Nintendo Entertainment System\Donkey Kong Country (E) (M3) (V1.0) [f1]\CheatCodes'
22:09:45 [CreateHFolders] Creation of 'G:\Temp\pmg - temp\Super Nintendo Entertainment System\Donkey Kong Country (E) (M3) (V1.0) [f1]\Images'
22:09:45 [CreateHFolders] Creation of 'G:\Temp\pmg - temp\Super Nintendo Entertainment System\Donkey Kong Country (E) (M3) (V1.0) [f1]\Manuals'
22:09:45 [CreateHFolders] Creation of 'G:\Temp\pmg - temp\Super Nintendo Entertainment System\Donkey Kong Country (E) (M3) (V1.0) [f1]\Musics'
22:09:45 [CreateHFolders] Creation of 'G:\Temp\pmg - temp\Super Nintendo Entertainment System\Donkey Kong Country (E) (M3) (V1.0) [f1]\Videos'
22:09:45 Not managed: MissingBox3dImage
22:09:45 Not managed: MissingBox3dImage
22:09:45 Not managed: MissingBox3dImage
22:09:45 Not managed: MissingCartImage
22:09:45 Not managed: MissingCartImage
22:09:45 Not managed: MissingCartImage
22:09:45 Not managed: MissingCart3dImage
22:09:45 Not managed: MissingCart3dImage
22:09:45 Not managed: MissingCart3dImage
22:09:45 Not managed: MissingManual
22:09:45 Not managed: MissingManual
22:09:45 Not managed: MissingManual
22:09:45 Not managed: MissingBannerImage
22:09:45 Not managed: MissingBannerImage
22:09:45 Not managed: MissingBannerImage
22:09:45 Not managed: MissingMusic
22:09:45 Not managed: MissingMusic
22:09:45 Not managed: MissingMusic
22:09:45 Not managed: UsePauseScreen
22:09:45 Not managed: UsePauseScreen
22:09:45 Not managed: UsePauseScreen
22:09:45 Not managed: OverrideDefaultPauseScreenSettings
22:09:45 Not managed: OverrideDefaultPauseScreenSettings
22:09:45 Not managed: OverrideDefaultPauseScreenSettings
22:09:45 Not managed: SuspendProcessOnPause
22:09:45 Not managed: SuspendProcessOnPause
22:09:45 Not managed: SuspendProcessOnPause
22:09:45 Not managed: ForcefulPauseScreenActivation
22:09:45 Not managed: ForcefulPauseScreenActivation
22:09:45 Not managed: ForcefulPauseScreenActivation
22:09:45 [CopyHandler] Destination file exists... 22:09:49 PassAll
22:09:53 [CopyHandler] Destination file exists... 22:09:53 PassAll
22:09:53 [CopyHandler] Destination file exists... 22:09:53 PassAll
22:09:54 [CopyHandler] Destination file exists... 22:09:54 PassAll
22:09:54 [CopyHandler] Destination file exists... 22:09:54 PassAll
22:09:54 		[CopyImages] Found 'G:\Plateformes\Images\Nintendo - SNES\Box - Front\Donkey Kong Country-01.png' in 'G:\Plateformes\Images\Nintendo - SNES\Box - Front'
22:09:54 		[CopyImages] Found 'G:\Plateformes\Images\Nintendo - SNES\Box - Front\France\Donkey Kong Country-01.png' in 'G:\Plateformes\Images\Nintendo - SNES\Box - Front'
22:09:54 		[CopyImages] Found 'G:\Plateformes\Images\Nintendo - SNES\Box - Back\North America\Donkey Kong Country-01.jpg' in 'G:\Plateformes\Images\Nintendo - SNES\Box - Back'
22:09:54 		[CopyImages] Found 'G:\Plateformes\Images\Nintendo - SNES\Box - 3D\Donkey Kong Country-01.png' in 'G:\Plateformes\Images\Nintendo - SNES\Box - 3D'
22:09:54 		[CopyImages] Found 'G:\Plateformes\Images\Nintendo - SNES\Box - 3D\Donkey Kong Country-02.png' in 'G:\Plateformes\Images\Nintendo - SNES\Box - 3D'
22:09:54 		[CopyImages] Found 'G:\Plateformes\Images\Nintendo - SNES\Box - 3D\Europe\Donkey Kong Country-01.png' in 'G:\Plateformes\Images\Nintendo - SNES\Box - 3D'
22:09:54 		[CopyImages] Found 'G:\Plateformes\Images\Nintendo - SNES\Arcade - Marquee\Donkey Kong Country-01.png' in 'G:\Plateformes\Images\Nintendo - SNES\Arcade - Marquee'
22:09:54 		[CopyImages] Found 'G:\Plateformes\Images\Nintendo - SNES\Banner\Donkey Kong Country-01.jpg' in 'G:\Plateformes\Images\Nintendo - SNES\Banner'
22:09:54 		[CopyImages] Found 'G:\Plateformes\Images\Nintendo - SNES\Banner\Donkey Kong Country-01.png' in 'G:\Plateformes\Images\Nintendo - SNES\Banner'
22:09:54 		[CopyImages] Found 'G:\Plateformes\Images\Nintendo - SNES\Banner\Donkey Kong Country-02.jpg' in 'G:\Plateformes\Images\Nintendo - SNES\Banner'
22:09:54 		[CopyImages] Found 'G:\Plateformes\Images\Nintendo - SNES\Banner\Donkey Kong Country-02.png' in 'G:\Plateformes\Images\Nintendo - SNES\Banner'
22:09:54 		[CopyImages] Found 'G:\Plateformes\Images\Nintendo - SNES\Banner\Donkey Kong Country-03.png' in 'G:\Plateformes\Images\Nintendo - SNES\Banner'
22:09:54 		[CopyImages] Found 'G:\Plateformes\Images\Nintendo - SNES\Cart - Front\Donkey Kong Country-01.png' in 'G:\Plateformes\Images\Nintendo - SNES\Cart - Front'
22:09:54 		[CopyImages] Found 'G:\Plateformes\Images\Nintendo - SNES\Cart - Front\Japan\Donkey Kong Country-01.jpg' in 'G:\Plateformes\Images\Nintendo - SNES\Cart - Front'
22:09:54 		[CopyImages] Found 'G:\Plateformes\Images\Nintendo - SNES\Cart - 3D\Donkey Kong Country-01.png' in 'G:\Plateformes\Images\Nintendo - SNES\Cart - 3D'
22:09:54 		[CopyImages] Found 'G:\Plateformes\Images\Nintendo - SNES\Cart - 3D\North America\Donkey Kong Country-01.png' in 'G:\Plateformes\Images\Nintendo - SNES\Cart - 3D'
22:09:54 		[CopyImages] Found 'G:\Plateformes\Images\Nintendo - SNES\Clear Logo\Donkey Kong Country-01.png' in 'G:\Plateformes\Images\Nintendo - SNES\Clear Logo'
22:09:54 		[CopyImages] Found 'G:\Plateformes\Images\Nintendo - SNES\Clear Logo\North America\Donkey Kong Country-01.png' in 'G:\Plateformes\Images\Nintendo - SNES\Clear Logo'
22:09:54 		[CopyImages] Found 'G:\Plateformes\Images\Nintendo - SNES\Fanart - Box - Back\North America\Donkey Kong Country-01.jpg' in 'G:\Plateformes\Images\Nintendo - SNES\Fanart - Box - Back'
22:09:54 		[CopyImages] Found 'G:\Plateformes\Images\Nintendo - SNES\Fanart - Cart - Front\Europe\Donkey Kong Country-01.png' in 'G:\Plateformes\Images\Nintendo - SNES\Fanart - Cart - Front'
22:09:54 		[CopyImages] Found 'G:\Plateformes\Images\Nintendo - SNES\Fanart - Background\Donkey Kong Country-01.jpg' in 'G:\Plateformes\Images\Nintendo - SNES\Fanart - Background'
22:09:54 		[CopyImages] Found 'G:\Plateformes\Images\Nintendo - SNES\Fanart - Background\Donkey Kong Country-01.png' in 'G:\Plateformes\Images\Nintendo - SNES\Fanart - Background'
22:09:54 		[CopyImages] Found 'G:\Plateformes\Images\Nintendo - SNES\Fanart - Background\Donkey Kong Country-02.jpg' in 'G:\Plateformes\Images\Nintendo - SNES\Fanart - Background'
22:09:54 		[CopyImages] Found 'G:\Plateformes\Images\Nintendo - SNES\Fanart - Background\Donkey Kong Country-03.jpg' in 'G:\Plateformes\Images\Nintendo - SNES\Fanart - Background'
22:09:54 		[CopyImages] Found 'G:\Plateformes\Images\Nintendo - SNES\Fanart - Background\Donkey Kong Country-04.jpg' in 'G:\Plateformes\Images\Nintendo - SNES\Fanart - Background'
22:09:54 		[CopyImages] Found 'G:\Plateformes\Images\Nintendo - SNES\Fanart - Background\Donkey Kong Country-05.jpg' in 'G:\Plateformes\Images\Nintendo - SNES\Fanart - Background'
22:09:54 		[CopyImages] Found 'G:\Plateformes\Images\Nintendo - SNES\Fanart - Background\Donkey Kong Country-06.jpg' in 'G:\Plateformes\Images\Nintendo - SNES\Fanart - Background'
22:09:54 		[CopyImages] Found 'G:\Plateformes\Images\Nintendo - SNES\Fanart - Background\Donkey Kong Country-07.jpg' in 'G:\Plateformes\Images\Nintendo - SNES\Fanart - Background'
22:09:54 		[CopyImages] Found 'G:\Plateformes\Images\Nintendo - SNES\Fanart - Background\Donkey Kong Country-08.jpg' in 'G:\Plateformes\Images\Nintendo - SNES\Fanart - Background'
22:09:54 		[CopyImages] Found 'G:\Plateformes\Images\Nintendo - SNES\Fanart - Background\Donkey Kong Country-09.jpg' in 'G:\Plateformes\Images\Nintendo - SNES\Fanart - Background'
22:09:54 		[CopyImages] Found 'G:\Plateformes\Images\Nintendo - SNES\Fanart - Background\Donkey Kong Country-10.jpg' in 'G:\Plateformes\Images\Nintendo - SNES\Fanart - Background'
22:09:54 		[CopyImages] Found 'G:\Plateformes\Images\Nintendo - SNES\Fanart - Background\Donkey Kong Country-11.jpg' in 'G:\Plateformes\Images\Nintendo - SNES\Fanart - Background'
22:09:54 		[CopyImages] Found 'G:\Plateformes\Images\Nintendo - SNES\Fanart - Background\Donkey Kong Country-12.jpg' in 'G:\Plateformes\Images\Nintendo - SNES\Fanart - Background'
22:09:54 		[CopyImages] Found 'G:\Plateformes\Images\Nintendo - SNES\Fanart - Background\Donkey Kong Country-13.jpg' in 'G:\Plateformes\Images\Nintendo - SNES\Fanart - Background'
22:09:54 		[CopyImages] Found 'G:\Plateformes\Images\Nintendo - SNES\Fanart - Background\Donkey Kong Country-14.jpg' in 'G:\Plateformes\Images\Nintendo - SNES\Fanart - Background'
22:09:54 		[CopyImages] Found 'G:\Plateformes\Images\Nintendo - SNES\Fanart - Background\Donkey Kong Country-15.jpg' in 'G:\Plateformes\Images\Nintendo - SNES\Fanart - Background'
22:09:54 		[CopyImages] Found 'G:\Plateformes\Images\Nintendo - SNES\Fanart - Background\Donkey Kong Country-16.jpg' in 'G:\Plateformes\Images\Nintendo - SNES\Fanart - Background'
22:09:54 		[CopyImages] Found 'G:\Plateformes\Images\Nintendo - SNES\Screenshot - Gameplay\Europe\Donkey Kong Country-01.png' in 'G:\Plateformes\Images\Nintendo - SNES\Screenshot - Gameplay'
22:09:54 		[CopyImages] Found 'G:\Plateformes\Images\Nintendo - SNES\Screenshot - Game Title\Europe\Donkey Kong Country-01.png' in 'G:\Plateformes\Images\Nintendo - SNES\Screenshot - Game Title'
22:09:54 		[CopyImages] Found 'G:\Plateformes\Images\Nintendo - SNES\Screenshot - Game Over\Donkey Kong Country-01.png' in 'G:\Plateformes\Images\Nintendo - SNES\Screenshot - Game Over'
22:09:54 [CopyHandler] Destination file exists... 22:09:57 PassAll
22:09:57 [CopyHandler] Destination file exists... 22:09:57 PassAll
22:09:57 [CopyHandler] Destination file exists... 22:09:57 PassAll
22:09:57 [CopyHandler] Destination file exists... 22:09:57 PassAll
22:09:57 [CopyHandler] Destination file exists... 22:09:57 PassAll
22:09:57 [CopyHandler] Destination file exists... 22:09:57 PassAll
22:09:57 [CopyHandler] Destination file exists... 22:09:57 PassAll
22:09:57 [CopyHandler] Destination file exists... 22:09:57 PassAll
22:09:57 [CopyHandler] Destination file exists... 22:09:57 PassAll
22:09:57 [CopyHandler] Destination file exists... 22:09:57 PassAll
22:09:57 [CopyHandler] Destination file exists... 22:09:57 PassAll
22:09:57 [CopyHandler] Destination file exists... 22:09:57 PassAll
22:09:57 [CopyHandler] Destination file exists... 22:09:57 PassAll
22:09:57 [CopyHandler] Destination file exists... 22:09:57 PassAll
22:09:57 [CopyHandler] Destination file exists... 22:09:57 PassAll
22:09:57 [CopyHandler] Destination file exists... 22:09:57 PassAll
22:09:57 [CopyHandler] Destination file exists... 22:09:57 PassAll
22:09:57 [CopyHandler] Destination file exists... 22:09:57 PassAll
22:09:57 [CopyHandler] Destination file exists... 22:09:57 PassAll
22:09:57 [CopyHandler] Destination file exists... 22:09:57 PassAll
22:09:57 [CopyHandler] Destination file exists... 22:09:57 PassAll
22:09:57 [CopyHandler] Destination file exists... 22:09:57 PassAll
22:09:57 [CopyHandler] Destination file exists... 22:09:57 PassAll
22:09:57 [CopyHandler] Destination file exists... 22:09:57 PassAll
22:09:57 [CopyHandler] Destination file exists... 22:09:57 PassAll
22:09:57 [CopyHandler] Destination file exists... 22:09:57 PassAll
22:09:57 [CopyHandler] Destination file exists... 22:09:57 PassAll
22:09:57 [CopyHandler] Destination file exists... 22:09:57 PassAll
22:09:57 [CopyHandler] Destination file exists... 22:09:57 PassAll
22:09:57 [CopyHandler] Destination file exists... 22:09:57 PassAll
22:09:57 [CopyHandler] Destination file exists... 22:09:57 PassAll
22:09:57 [CopyHandler] Destination file exists... 22:09:57 PassAll
22:09:57 [CopyHandler] Destination file exists... 22:09:57 PassAll
22:09:57 [CopyHandler] Destination file exists... 22:09:57 PassAll
22:09:57 [CopyHandler] Destination file exists... 22:09:57 PassAll
22:09:57 [CopyHandler] Destination file exists... 22:09:57 PassAll
22:09:57 [CopyHandler] Destination file exists... 22:09:57 PassAll
22:09:57 [CopyHandler] Destination file exists... 22:09:57 PassAll
22:09:57 [CopyHandler] Destination file exists... 22:09:57 PassAll
22:09:57 [CopyHandler] Destination file exists... 22:09:57 PassAll
22:10:10 [CopyCheatCodes] Search in: 'G:\Temp\pmg - temp\Super Nintendo Entertainment System' of files beginning by 'Donkey Kong Country-': 