****** Initialisation Logger - niveau: 0 ******
18:48:47 Language fr-FR - 1.0.0.4, loading...
18:48:59 [Main] PackMe for 'Contra III: The Alien Wars' | 'f59be3bb-a09a-41d5-a77f-4fa10b51e770'
18:48:59 Directory Exists 'G:\Temp\pmg - temp\Super Nintendo Entertainment System\Contra III - The Alien Wars (USA)'
18:49:05 [MakeStructure] Creation of the tree
18:49:05 [CreateHFolders] Creation of 'G:\Temp\pmg - temp\Super Nintendo Entertainment System\Contra III - The Alien Wars (USA)\Games'
18:49:05 [CreateHFolders] Creation of 'G:\Temp\pmg - temp\Super Nintendo Entertainment System\Contra III - The Alien Wars (USA)\CheatCodes'
18:49:05 [CreateHFolders] Creation of 'G:\Temp\pmg - temp\Super Nintendo Entertainment System\Contra III - The Alien Wars (USA)\Images'
18:49:05 [CreateHFolders] Creation of 'G:\Temp\pmg - temp\Super Nintendo Entertainment System\Contra III - The Alien Wars (USA)\Manuals'
18:49:05 [CreateHFolders] Creation of 'G:\Temp\pmg - temp\Super Nintendo Entertainment System\Contra III - The Alien Wars (USA)\Musics'
18:49:05 [CreateHFolders] Creation of 'G:\Temp\pmg - temp\Super Nintendo Entertainment System\Contra III - The Alien Wars (USA)\Videos'
18:49:22 Not managed: MissingBox3dImage
18:49:22 Not managed: MissingCartImage
18:49:22 Not managed: MissingCart3dImage
18:49:22 Not managed: MissingManual
18:49:22 Not managed: MissingBannerImage
18:49:22 Not managed: MissingMusic
18:49:22 Not managed: UsePauseScreen
18:49:22 Not managed: OverrideDefaultPauseScreenSettings
18:49:22 Not managed: SuspendProcessOnPause
18:49:22 Not managed: ForcefulPauseScreenActivation
18:49:26 [CopyFiles] Copy of the file 'Contra III - The Alien Wars (USA).sfc': Error
18:49:26 Could not find a part of the path 'G:\Temp\fauxgames\Games\Super Nintendo Entertainment System\Contra III - The Alien Wars (USA).sfc'.
18:49:36 [Main] PackMe for 'Contra III: The Alien Wars' | 'f59be3bb-a09a-41d5-a77f-4fa10b51e770'
18:49:36 Directory Exists 'G:\Temp\pmg - temp\Super Nintendo Entertainment System\Contra III - The Alien Wars (USA)'
18:49:38 [MakeStructure] Creation of the tree
18:49:38 [CreateHFolders] Creation of 'G:\Temp\pmg - temp\Super Nintendo Entertainment System\Contra III - The Alien Wars (USA)\Games'
18:49:38 [CreateHFolders] Creation of 'G:\Temp\pmg - temp\Super Nintendo Entertainment System\Contra III - The Alien Wars (USA)\CheatCodes'
18:49:38 [CreateHFolders] Creation of 'G:\Temp\pmg - temp\Super Nintendo Entertainment System\Contra III - The Alien Wars (USA)\Images'
18:49:38 [CreateHFolders] Creation of 'G:\Temp\pmg - temp\Super Nintendo Entertainment System\Contra III - The Alien Wars (USA)\Manuals'
18:49:38 [CreateHFolders] Creation of 'G:\Temp\pmg - temp\Super Nintendo Entertainment System\Contra III - The Alien Wars (USA)\Musics'
18:49:38 [CreateHFolders] Creation of 'G:\Temp\pmg - temp\Super Nintendo Entertainment System\Contra III - The Alien Wars (USA)\Videos'
18:49:38 Not managed: MissingBox3dImage
18:49:38 Not managed: MissingBox3dImage
18:49:38 Not managed: MissingCartImage
18:49:38 Not managed: MissingCartImage
18:49:38 Not managed: MissingCart3dImage
18:49:38 Not managed: MissingCart3dImage
18:49:38 Not managed: MissingManual
18:49:38 Not managed: MissingManual
18:49:38 Not managed: MissingBannerImage
18:49:38 Not managed: MissingBannerImage
18:49:38 Not managed: MissingMusic
18:49:38 Not managed: MissingMusic
18:49:38 Not managed: UsePauseScreen
18:49:38 Not managed: UsePauseScreen
18:49:38 Not managed: OverrideDefaultPauseScreenSettings
18:49:38 Not managed: OverrideDefaultPauseScreenSettings
18:49:38 Not managed: SuspendProcessOnPause
18:49:38 Not managed: SuspendProcessOnPause
18:49:38 Not managed: ForcefulPauseScreenActivation
18:49:38 Not managed: ForcefulPauseScreenActivation
18:49:44 [CopyFiles] Copy of the file 'Contra III - The Alien Wars (USA).sfc': Error
18:49:44 Could not find a part of the path 'G:\Temp\fauxgames\Games\Super Nintendo Entertainment System\Contra III - The Alien Wars (USA).sfc'.
