****** Initialisation Logger - niveau: 0 ******
19:58:54 Language fr-FR - 1.0.0.4, loading...
20:02:52 [Main] PackMe for 'Contra III: The Alien Wars' | 'f59be3bb-a09a-41d5-a77f-4fa10b51e770'
20:02:52 Directory Exists 'G:\Temp\pmg - temp\Super Nintendo Entertainment System\Contra III - The Alien Wars (USA)'
20:02:55 [MakeStructure] Creation of the tree
20:02:55 [CreateHFolders] Creation of 'G:\Temp\pmg - temp\Super Nintendo Entertainment System\Contra III - The Alien Wars (USA)\Games'
20:02:55 [CreateHFolders] Creation of 'G:\Temp\pmg - temp\Super Nintendo Entertainment System\Contra III - The Alien Wars (USA)\CheatCodes'
20:02:55 [CreateHFolders] Creation of 'G:\Temp\pmg - temp\Super Nintendo Entertainment System\Contra III - The Alien Wars (USA)\Images'
20:02:55 [CreateHFolders] Creation of 'G:\Temp\pmg - temp\Super Nintendo Entertainment System\Contra III - The Alien Wars (USA)\Manuals'
20:02:55 [CreateHFolders] Creation of 'G:\Temp\pmg - temp\Super Nintendo Entertainment System\Contra III - The Alien Wars (USA)\Musics'
20:02:55 [CreateHFolders] Creation of 'G:\Temp\pmg - temp\Super Nintendo Entertainment System\Contra III - The Alien Wars (USA)\Videos'
20:02:55 Not managed: MissingBox3dImage
20:02:55 Not managed: MissingCartImage
20:02:55 Not managed: MissingCart3dImage
20:02:55 Not managed: MissingManual
20:02:55 Not managed: MissingBannerImage
20:02:55 Not managed: MissingMusic
20:02:55 Not managed: UsePauseScreen
20:02:55 Not managed: OverrideDefaultPauseScreenSettings
20:02:55 Not managed: SuspendProcessOnPause
20:02:55 Not managed: ForcefulPauseScreenActivation
20:02:55 [CopyHandler] Destination file exists, abort
20:03:14 [Main] PackMe for 'Contra III: The Alien Wars' | 'f59be3bb-a09a-41d5-a77f-4fa10b51e770'
20:03:14 Directory Exists 'G:\Temp\pmg - temp\Super Nintendo Entertainment System\Contra III - The Alien Wars (USA)'
20:03:16 Trash existing folder: 'G:\Temp\pmg - temp\Super Nintendo Entertainment System\Contra III - The Alien Wars (USA)'
20:03:16 [MakeStructure] Creation of the tree
20:03:16 [CreateHFolders] Creation of 'G:\Temp\pmg - temp\Super Nintendo Entertainment System\Contra III - The Alien Wars (USA)\Games'
20:03:16 [CreateHFolders] Creation of 'G:\Temp\pmg - temp\Super Nintendo Entertainment System\Contra III - The Alien Wars (USA)\CheatCodes'
20:03:16 [CreateHFolders] Creation of 'G:\Temp\pmg - temp\Super Nintendo Entertainment System\Contra III - The Alien Wars (USA)\Images'
20:03:16 [CreateHFolders] Creation of 'G:\Temp\pmg - temp\Super Nintendo Entertainment System\Contra III - The Alien Wars (USA)\Manuals'
20:03:16 [CreateHFolders] Creation of 'G:\Temp\pmg - temp\Super Nintendo Entertainment System\Contra III - The Alien Wars (USA)\Musics'
20:03:16 [CreateHFolders] Creation of 'G:\Temp\pmg - temp\Super Nintendo Entertainment System\Contra III - The Alien Wars (USA)\Videos'
20:03:16 Not managed: MissingBox3dImage
20:03:16 Not managed: MissingBox3dImage
20:03:16 Not managed: MissingCartImage
20:03:16 Not managed: MissingCartImage
20:03:16 Not managed: MissingCart3dImage
20:03:16 Not managed: MissingCart3dImage
20:03:16 Not managed: MissingManual
20:03:16 Not managed: MissingManual
20:03:16 Not managed: MissingBannerImage
20:03:16 Not managed: MissingBannerImage
20:03:16 Not managed: MissingMusic
20:03:16 Not managed: MissingMusic
20:03:16 Not managed: UsePauseScreen
20:03:16 Not managed: UsePauseScreen
20:03:16 Not managed: OverrideDefaultPauseScreenSettings
20:03:16 Not managed: OverrideDefaultPauseScreenSettings
20:03:16 Not managed: SuspendProcessOnPause
20:03:16 Not managed: SuspendProcessOnPause
20:03:16 Not managed: ForcefulPauseScreenActivation
20:03:16 Not managed: ForcefulPauseScreenActivation
20:03:16 [CopyFiles] Copy of the file 'Contra III - The Alien Wars (USA).sfc': Successful
