****** Initialisation Logger - niveau: 0 ******
09:11:43 Language fr-FR - 1.0.0.4, loading...
09:17:41 [Main] PackMe for 'Donkey Kong Country' | 'fc1ac9d2-d88a-4851-8939-cea8ddeb74bb'
09:17:41 Directory Exists 'G:\Temp\pmg - temp\Super Nintendo Entertainment System\Donkey Kong Country (E) (M3) (V1.0) [f1]'
09:17:43 [MakeStructure] Creation of the tree
09:17:43 [CreateHFolders] Creation of 'G:\Temp\pmg - temp\Super Nintendo Entertainment System\Donkey Kong Country (E) (M3) (V1.0) [f1]\Games'
09:17:43 [CreateHFolders] Creation of 'G:\Temp\pmg - temp\Super Nintendo Entertainment System\Donkey Kong Country (E) (M3) (V1.0) [f1]\CheatCodes'
09:17:43 [CreateHFolders] Creation of 'G:\Temp\pmg - temp\Super Nintendo Entertainment System\Donkey Kong Country (E) (M3) (V1.0) [f1]\Images'
09:17:43 [CreateHFolders] Creation of 'G:\Temp\pmg - temp\Super Nintendo Entertainment System\Donkey Kong Country (E) (M3) (V1.0) [f1]\Manuals'
09:17:43 [CreateHFolders] Creation of 'G:\Temp\pmg - temp\Super Nintendo Entertainment System\Donkey Kong Country (E) (M3) (V1.0) [f1]\Musics'
09:17:43 [CreateHFolders] Creation of 'G:\Temp\pmg - temp\Super Nintendo Entertainment System\Donkey Kong Country (E) (M3) (V1.0) [f1]\Videos'
09:17:43 Not managed: GogAppId
09:17:43 Not managed: OriginAppId
09:17:43 Not managed: OriginInstallPath
09:17:43 Not managed: MissingBox3dImage
09:17:43 Not managed: MissingCartImage
09:17:43 Not managed: MissingCart3dImage
09:17:43 Not managed: MissingManual
09:17:43 Not managed: MissingBannerImage
09:17:43 Not managed: MissingMusic
09:17:43 Not managed: UsePauseScreen
09:17:43 Not managed: PauseAutoHotkeyScript
09:17:43 Not managed: ResumeAutoHotkeyScript
09:17:43 Not managed: OverrideDefaultPauseScreenSettings
09:17:44 Not managed: SuspendProcessOnPause
09:17:44 Not managed: ForcefulPauseScreenActivation
09:17:44 Not managed: LoadStateAutoHotkeyScript
09:17:44 Not managed: SaveStateAutoHotkeyScript
09:17:44 Not managed: ResetAutoHotkeyScript
09:17:44 Not managed: SwapDiscsAutoHotkeyScript
09:17:44 [CopyHandler] Destination file exists... 09:17:47 PassAll
09:17:47 [CopyHandler] Destination file exists... 09:17:47 PassAll
09:17:47 [CopyHandler] Destination file exists... 09:17:47 PassAll
09:17:48 [CopyHandler] Destination file exists... 09:17:48 PassAll
09:17:48 [CopyHandler] Destination file exists... 09:17:48 PassAll
09:17:48 		[CopyImages] Found 'G:\Plateformes\Images\Nintendo - SNES\Box - Front\Donkey Kong Country-01.png' in 'G:\Plateformes\Images\Nintendo - SNES\Box - Front'
09:17:48 		[CopyImages] Found 'G:\Plateformes\Images\Nintendo - SNES\Box - Front\France\Donkey Kong Country-01.png' in 'G:\Plateformes\Images\Nintendo - SNES\Box - Front'
09:17:48 		[CopyImages] Found 'G:\Plateformes\Images\Nintendo - SNES\Box - Back\North America\Donkey Kong Country-01.jpg' in 'G:\Plateformes\Images\Nintendo - SNES\Box - Back'
09:17:48 		[CopyImages] Found 'G:\Plateformes\Images\Nintendo - SNES\Box - 3D\Donkey Kong Country-01.png' in 'G:\Plateformes\Images\Nintendo - SNES\Box - 3D'
09:17:48 		[CopyImages] Found 'G:\Plateformes\Images\Nintendo - SNES\Box - 3D\Donkey Kong Country-02.png' in 'G:\Plateformes\Images\Nintendo - SNES\Box - 3D'
09:17:48 		[CopyImages] Found 'G:\Plateformes\Images\Nintendo - SNES\Box - 3D\Europe\Donkey Kong Country-01.png' in 'G:\Plateformes\Images\Nintendo - SNES\Box - 3D'
09:17:48 		[CopyImages] Found 'G:\Plateformes\Images\Nintendo - SNES\Arcade - Marquee\Donkey Kong Country-01.png' in 'G:\Plateformes\Images\Nintendo - SNES\Arcade - Marquee'
09:17:48 		[CopyImages] Found 'G:\Plateformes\Images\Nintendo - SNES\Banner\Donkey Kong Country-01.jpg' in 'G:\Plateformes\Images\Nintendo - SNES\Banner'
09:17:48 		[CopyImages] Found 'G:\Plateformes\Images\Nintendo - SNES\Banner\Donkey Kong Country-01.png' in 'G:\Plateformes\Images\Nintendo - SNES\Banner'
09:17:48 		[CopyImages] Found 'G:\Plateformes\Images\Nintendo - SNES\Banner\Donkey Kong Country-02.jpg' in 'G:\Plateformes\Images\Nintendo - SNES\Banner'
09:17:48 		[CopyImages] Found 'G:\Plateformes\Images\Nintendo - SNES\Banner\Donkey Kong Country-02.png' in 'G:\Plateformes\Images\Nintendo - SNES\Banner'
09:17:48 		[CopyImages] Found 'G:\Plateformes\Images\Nintendo - SNES\Banner\Donkey Kong Country-03.png' in 'G:\Plateformes\Images\Nintendo - SNES\Banner'
09:17:48 		[CopyImages] Found 'G:\Plateformes\Images\Nintendo - SNES\Cart - Front\Donkey Kong Country-01.png' in 'G:\Plateformes\Images\Nintendo - SNES\Cart - Front'
09:17:48 		[CopyImages] Found 'G:\Plateformes\Images\Nintendo - SNES\Cart - Front\Japan\Donkey Kong Country-01.jpg' in 'G:\Plateformes\Images\Nintendo - SNES\Cart - Front'
09:17:48 		[CopyImages] Found 'G:\Plateformes\Images\Nintendo - SNES\Cart - 3D\Donkey Kong Country-01.png' in 'G:\Plateformes\Images\Nintendo - SNES\Cart - 3D'
09:17:48 		[CopyImages] Found 'G:\Plateformes\Images\Nintendo - SNES\Cart - 3D\North America\Donkey Kong Country-01.png' in 'G:\Plateformes\Images\Nintendo - SNES\Cart - 3D'
09:17:48 		[CopyImages] Found 'G:\Plateformes\Images\Nintendo - SNES\Clear Logo\Donkey Kong Country-01.png' in 'G:\Plateformes\Images\Nintendo - SNES\Clear Logo'
09:17:48 		[CopyImages] Found 'G:\Plateformes\Images\Nintendo - SNES\Clear Logo\North America\Donkey Kong Country-01.png' in 'G:\Plateformes\Images\Nintendo - SNES\Clear Logo'
09:17:48 		[CopyImages] Found 'G:\Plateformes\Images\Nintendo - SNES\Fanart - Box - Back\North America\Donkey Kong Country-01.jpg' in 'G:\Plateformes\Images\Nintendo - SNES\Fanart - Box - Back'
09:17:48 		[CopyImages] Found 'G:\Plateformes\Images\Nintendo - SNES\Fanart - Cart - Front\Europe\Donkey Kong Country-01.png' in 'G:\Plateformes\Images\Nintendo - SNES\Fanart - Cart - Front'
09:17:48 		[CopyImages] Found 'G:\Plateformes\Images\Nintendo - SNES\Fanart - Background\Donkey Kong Country-01.jpg' in 'G:\Plateformes\Images\Nintendo - SNES\Fanart - Background'
09:17:48 		[CopyImages] Found 'G:\Plateformes\Images\Nintendo - SNES\Fanart - Background\Donkey Kong Country-01.png' in 'G:\Plateformes\Images\Nintendo - SNES\Fanart - Background'
09:17:48 		[CopyImages] Found 'G:\Plateformes\Images\Nintendo - SNES\Fanart - Background\Donkey Kong Country-02.jpg' in 'G:\Plateformes\Images\Nintendo - SNES\Fanart - Background'
09:17:48 		[CopyImages] Found 'G:\Plateformes\Images\Nintendo - SNES\Fanart - Background\Donkey Kong Country-03.jpg' in 'G:\Plateformes\Images\Nintendo - SNES\Fanart - Background'
09:17:48 		[CopyImages] Found 'G:\Plateformes\Images\Nintendo - SNES\Fanart - Background\Donkey Kong Country-04.jpg' in 'G:\Plateformes\Images\Nintendo - SNES\Fanart - Background'
09:17:48 		[CopyImages] Found 'G:\Plateformes\Images\Nintendo - SNES\Fanart - Background\Donkey Kong Country-05.jpg' in 'G:\Plateformes\Images\Nintendo - SNES\Fanart - Background'
09:17:48 		[CopyImages] Found 'G:\Plateformes\Images\Nintendo - SNES\Fanart - Background\Donkey Kong Country-06.jpg' in 'G:\Plateformes\Images\Nintendo - SNES\Fanart - Background'
09:17:48 		[CopyImages] Found 'G:\Plateformes\Images\Nintendo - SNES\Fanart - Background\Donkey Kong Country-07.jpg' in 'G:\Plateformes\Images\Nintendo - SNES\Fanart - Background'
09:17:48 		[CopyImages] Found 'G:\Plateformes\Images\Nintendo - SNES\Fanart - Background\Donkey Kong Country-08.jpg' in 'G:\Plateformes\Images\Nintendo - SNES\Fanart - Background'
09:17:48 		[CopyImages] Found 'G:\Plateformes\Images\Nintendo - SNES\Fanart - Background\Donkey Kong Country-09.jpg' in 'G:\Plateformes\Images\Nintendo - SNES\Fanart - Background'
09:17:48 		[CopyImages] Found 'G:\Plateformes\Images\Nintendo - SNES\Fanart - Background\Donkey Kong Country-10.jpg' in 'G:\Plateformes\Images\Nintendo - SNES\Fanart - Background'
09:17:48 		[CopyImages] Found 'G:\Plateformes\Images\Nintendo - SNES\Fanart - Background\Donkey Kong Country-11.jpg' in 'G:\Plateformes\Images\Nintendo - SNES\Fanart - Background'
09:17:48 		[CopyImages] Found 'G:\Plateformes\Images\Nintendo - SNES\Fanart - Background\Donkey Kong Country-12.jpg' in 'G:\Plateformes\Images\Nintendo - SNES\Fanart - Background'
09:17:48 		[CopyImages] Found 'G:\Plateformes\Images\Nintendo - SNES\Fanart - Background\Donkey Kong Country-13.jpg' in 'G:\Plateformes\Images\Nintendo - SNES\Fanart - Background'
09:17:48 		[CopyImages] Found 'G:\Plateformes\Images\Nintendo - SNES\Fanart - Background\Donkey Kong Country-14.jpg' in 'G:\Plateformes\Images\Nintendo - SNES\Fanart - Background'
09:17:48 		[CopyImages] Found 'G:\Plateformes\Images\Nintendo - SNES\Fanart - Background\Donkey Kong Country-15.jpg' in 'G:\Plateformes\Images\Nintendo - SNES\Fanart - Background'
09:17:48 		[CopyImages] Found 'G:\Plateformes\Images\Nintendo - SNES\Fanart - Background\Donkey Kong Country-16.jpg' in 'G:\Plateformes\Images\Nintendo - SNES\Fanart - Background'
09:17:48 		[CopyImages] Found 'G:\Plateformes\Images\Nintendo - SNES\Screenshot - Gameplay\Europe\Donkey Kong Country-01.png' in 'G:\Plateformes\Images\Nintendo - SNES\Screenshot - Gameplay'
09:17:48 		[CopyImages] Found 'G:\Plateformes\Images\Nintendo - SNES\Screenshot - Game Title\Europe\Donkey Kong Country-01.png' in 'G:\Plateformes\Images\Nintendo - SNES\Screenshot - Game Title'
09:17:48 		[CopyImages] Found 'G:\Plateformes\Images\Nintendo - SNES\Screenshot - Game Over\Donkey Kong Country-01.png' in 'G:\Plateformes\Images\Nintendo - SNES\Screenshot - Game Over'
09:17:49 [CopyHandler] Destination file exists... 09:17:52 PassAll
09:17:52 [CopyHandler] Destination file exists... 09:17:52 PassAll
09:17:52 [CopyHandler] Destination file exists... 09:17:52 PassAll
09:17:52 [CopyHandler] Destination file exists... 09:17:52 PassAll
09:17:52 [CopyHandler] Destination file exists... 09:17:52 PassAll
09:17:52 [CopyHandler] Destination file exists... 09:17:52 PassAll
09:17:52 [CopyHandler] Destination file exists... 09:17:52 PassAll
09:17:52 [CopyHandler] Destination file exists... 09:17:52 PassAll
09:17:52 [CopyHandler] Destination file exists... 09:17:52 PassAll
09:17:52 [CopyHandler] Destination file exists... 09:17:52 PassAll
09:17:52 [CopyHandler] Destination file exists... 09:17:52 PassAll
09:17:52 [CopyHandler] Destination file exists... 09:17:52 PassAll
09:17:52 [CopyHandler] Destination file exists... 09:17:52 PassAll
09:17:52 [CopyHandler] Destination file exists... 09:17:52 PassAll
09:17:52 [CopyHandler] Destination file exists... 09:17:52 PassAll
09:17:52 [CopyHandler] Destination file exists... 09:17:52 PassAll
09:17:52 [CopyHandler] Destination file exists... 09:17:52 PassAll
09:17:52 [CopyHandler] Destination file exists... 09:17:52 PassAll
09:17:52 [CopyHandler] Destination file exists... 09:17:52 PassAll
09:17:52 [CopyHandler] Destination file exists... 09:17:52 PassAll
09:17:52 [CopyHandler] Destination file exists... 09:17:52 PassAll
09:17:52 [CopyHandler] Destination file exists... 09:17:52 PassAll
09:17:52 [CopyHandler] Destination file exists... 09:17:52 PassAll
09:17:52 [CopyHandler] Destination file exists... 09:17:52 PassAll
09:17:52 [CopyHandler] Destination file exists... 09:17:52 PassAll
09:17:52 [CopyHandler] Destination file exists... 09:17:52 PassAll
09:17:52 [CopyHandler] Destination file exists... 09:17:52 PassAll
09:17:52 [CopyHandler] Destination file exists... 09:17:52 PassAll
09:17:52 [CopyHandler] Destination file exists... 09:17:52 PassAll
09:17:52 [CopyHandler] Destination file exists... 09:17:52 PassAll
09:17:52 [CopyHandler] Destination file exists... 09:17:52 PassAll
09:17:52 [CopyHandler] Destination file exists... 09:17:52 PassAll
09:17:52 [CopyHandler] Destination file exists... 09:17:52 PassAll
09:17:52 [CopyHandler] Destination file exists... 09:17:52 PassAll
09:17:52 [CopyHandler] Destination file exists... 09:17:52 PassAll
09:17:52 [CopyHandler] Destination file exists... 09:17:52 PassAll
09:17:52 [CopyHandler] Destination file exists... 09:17:52 PassAll
09:17:52 [CopyHandler] Destination file exists... 09:17:52 PassAll
09:17:52 [CopyHandler] Destination file exists... 09:17:52 PassAll
09:17:52 [CopyHandler] Destination file exists... 09:17:52 PassAll
09:17:52 [CopyFiles] Copy of the file 'Donkey Kong Country-01.txt': Successful
09:17:52 [CopyHandler] Destination file exists... 09:17:52 PassAll
09:17:52 [CopyHandler] Destination file exists... 09:17:52 PassAll
09:17:52 [CopyHandler] Destination file exists... 09:17:52 PassAll
09:17:52 [CopyHandler] Destination file exists... 09:17:52 PassAll
09:17:52 [CopyHandler] Destination file exists... 09:17:52 PassAll
09:17:52 [CopyHandler] Destination file exists... 09:17:52 PassAll
09:17:52 [CopyHandler] Destination file exists... 09:17:52 PassAll
09:17:52 [CopyHandler] Destination file exists... 09:17:52 PassAll
09:17:52 [CopyHandler] Destination file exists... 09:17:52 PassAll
09:17:52 [CopyHandler] Destination file exists... 09:17:52 PassAll
