****** Initialisation Logger - niveau: 0 ******
20:59:47 Language fr-FR - 1.0.0.4, loading...
21:00:06 [Main] PackMe for 'Donkey Kong Country' | 'fc1ac9d2-d88a-4851-8939-cea8ddeb74bb'
21:00:06 Directory Exists 'G:\Temp\pmg - temp\Super Nintendo Entertainment System\Donkey Kong Country (E) (M3) (V1.0) [f1]'
21:00:10 [MakeStructure] Creation of the tree
21:00:10 [CreateHFolders] Creation of 'G:\Temp\pmg - temp\Super Nintendo Entertainment System\Donkey Kong Country (E) (M3) (V1.0) [f1]\Games'
21:00:10 [CreateHFolders] Creation of 'G:\Temp\pmg - temp\Super Nintendo Entertainment System\Donkey Kong Country (E) (M3) (V1.0) [f1]\CheatCodes'
21:00:10 [CreateHFolders] Creation of 'G:\Temp\pmg - temp\Super Nintendo Entertainment System\Donkey Kong Country (E) (M3) (V1.0) [f1]\Images'
21:00:10 [CreateHFolders] Creation of 'G:\Temp\pmg - temp\Super Nintendo Entertainment System\Donkey Kong Country (E) (M3) (V1.0) [f1]\Manuals'
21:00:10 [CreateHFolders] Creation of 'G:\Temp\pmg - temp\Super Nintendo Entertainment System\Donkey Kong Country (E) (M3) (V1.0) [f1]\Musics'
21:00:10 [CreateHFolders] Creation of 'G:\Temp\pmg - temp\Super Nintendo Entertainment System\Donkey Kong Country (E) (M3) (V1.0) [f1]\Videos'
21:00:10 Not managed: GogAppId
21:00:10 Not managed: OriginAppId
21:00:10 Not managed: OriginInstallPath
21:00:10 Not managed: MissingBox3dImage
21:00:10 Not managed: MissingCartImage
21:00:10 Not managed: MissingCart3dImage
21:00:10 Not managed: MissingManual
21:00:10 Not managed: MissingBannerImage
21:00:10 Not managed: MissingMusic
21:00:10 Not managed: UsePauseScreen
21:00:10 Not managed: PauseAutoHotkeyScript
21:00:10 Not managed: ResumeAutoHotkeyScript
21:00:10 Not managed: OverrideDefaultPauseScreenSettings
21:00:10 Not managed: SuspendProcessOnPause
21:00:10 Not managed: ForcefulPauseScreenActivation
21:00:10 Not managed: LoadStateAutoHotkeyScript
21:00:10 Not managed: SaveStateAutoHotkeyScript
21:00:10 Not managed: ResetAutoHotkeyScript
21:00:10 Not managed: SwapDiscsAutoHotkeyScript
