****** Initialisation Logger - niveau: 0 ******
12:15:09 Language fr-FR - 1.0.0.4, loading...
12:15:40 [Main] PackMe for 'Donkey Kong Country' | 'fc1ac9d2-d88a-4851-8939-cea8ddeb74bb'
12:15:40 Directory Exists 'G:\Temp\pmg - temp\Super Nintendo Entertainment System\Donkey Kong Country (E) (M3) (V1.0) [f1]'
12:15:43 [MakeStructure] Creation of the tree
12:15:43 [CreateHFolders] Creation of 'G:\Temp\pmg - temp\Super Nintendo Entertainment System\Donkey Kong Country (E) (M3) (V1.0) [f1]\Games'
12:15:43 [CreateHFolders] Creation of 'G:\Temp\pmg - temp\Super Nintendo Entertainment System\Donkey Kong Country (E) (M3) (V1.0) [f1]\CheatCodes'
12:15:43 [CreateHFolders] Creation of 'G:\Temp\pmg - temp\Super Nintendo Entertainment System\Donkey Kong Country (E) (M3) (V1.0) [f1]\Images'
12:15:43 [CreateHFolders] Creation of 'G:\Temp\pmg - temp\Super Nintendo Entertainment System\Donkey Kong Country (E) (M3) (V1.0) [f1]\Manuals'
12:15:43 [CreateHFolders] Creation of 'G:\Temp\pmg - temp\Super Nintendo Entertainment System\Donkey Kong Country (E) (M3) (V1.0) [f1]\Musics'
12:15:43 [CreateHFolders] Creation of 'G:\Temp\pmg - temp\Super Nintendo Entertainment System\Donkey Kong Country (E) (M3) (V1.0) [f1]\Videos'
12:15:43 Not managed: GogAppId
12:15:43 Not managed: OriginAppId
12:15:43 Not managed: OriginInstallPath
12:15:43 Not managed: MissingBox3dImage
12:15:43 Not managed: MissingCartImage
12:15:43 Not managed: MissingCart3dImage
12:15:43 Not managed: MissingManual
12:15:43 Not managed: MissingBannerImage
12:15:43 Not managed: MissingMusic
12:15:43 Not managed: UsePauseScreen
12:15:43 Not managed: PauseAutoHotkeyScript
12:15:43 Not managed: ResumeAutoHotkeyScript
12:15:43 Not managed: OverrideDefaultPauseScreenSettings
12:15:43 Not managed: SuspendProcessOnPause
12:15:43 Not managed: ForcefulPauseScreenActivation
12:15:43 Not managed: LoadStateAutoHotkeyScript
12:15:43 Not managed: SaveStateAutoHotkeyScript
12:15:43 Not managed: ResetAutoHotkeyScript
12:15:43 Not managed: SwapDiscsAutoHotkeyScript
12:15:44 [CopyHandler] Destination file exists... 12:23:51 PassAll
12:23:53 [CopyHandler] Destination file exists... 12:24:00 PassAll
12:24:01 [CopyHandler] Destination file exists... 12:24:01 PassAll
12:24:02 [CopyHandler] Destination file exists... 12:24:02 PassAll
12:24:02 [CopyHandler] Destination file exists... 12:24:02 PassAll
12:24:02 		[CopyImages] Found 'G:\Plateformes\Images\Nintendo - SNES\Box - Front\Donkey Kong Country-01.png' in 'G:\Plateformes\Images\Nintendo - SNES\Box - Front'
12:24:02 		[CopyImages] Found 'G:\Plateformes\Images\Nintendo - SNES\Box - Front\France\Donkey Kong Country-01.png' in 'G:\Plateformes\Images\Nintendo - SNES\Box - Front'
12:24:02 		[CopyImages] Found 'G:\Plateformes\Images\Nintendo - SNES\Box - Back\North America\Donkey Kong Country-01.jpg' in 'G:\Plateformes\Images\Nintendo - SNES\Box - Back'
12:24:02 		[CopyImages] Found 'G:\Plateformes\Images\Nintendo - SNES\Box - 3D\Donkey Kong Country-01.png' in 'G:\Plateformes\Images\Nintendo - SNES\Box - 3D'
12:24:02 		[CopyImages] Found 'G:\Plateformes\Images\Nintendo - SNES\Box - 3D\Donkey Kong Country-02.png' in 'G:\Plateformes\Images\Nintendo - SNES\Box - 3D'
12:24:02 		[CopyImages] Found 'G:\Plateformes\Images\Nintendo - SNES\Box - 3D\Europe\Donkey Kong Country-01.png' in 'G:\Plateformes\Images\Nintendo - SNES\Box - 3D'
12:24:02 		[CopyImages] Found 'G:\Plateformes\Images\Nintendo - SNES\Arcade - Marquee\Donkey Kong Country-01.png' in 'G:\Plateformes\Images\Nintendo - SNES\Arcade - Marquee'
12:24:02 		[CopyImages] Found 'G:\Plateformes\Images\Nintendo - SNES\Banner\Donkey Kong Country-01.jpg' in 'G:\Plateformes\Images\Nintendo - SNES\Banner'
12:24:02 		[CopyImages] Found 'G:\Plateformes\Images\Nintendo - SNES\Banner\Donkey Kong Country-01.png' in 'G:\Plateformes\Images\Nintendo - SNES\Banner'
12:24:02 		[CopyImages] Found 'G:\Plateformes\Images\Nintendo - SNES\Banner\Donkey Kong Country-02.jpg' in 'G:\Plateformes\Images\Nintendo - SNES\Banner'
12:24:02 		[CopyImages] Found 'G:\Plateformes\Images\Nintendo - SNES\Banner\Donkey Kong Country-02.png' in 'G:\Plateformes\Images\Nintendo - SNES\Banner'
12:24:02 		[CopyImages] Found 'G:\Plateformes\Images\Nintendo - SNES\Banner\Donkey Kong Country-03.png' in 'G:\Plateformes\Images\Nintendo - SNES\Banner'
12:24:02 		[CopyImages] Found 'G:\Plateformes\Images\Nintendo - SNES\Cart - Front\Donkey Kong Country-01.png' in 'G:\Plateformes\Images\Nintendo - SNES\Cart - Front'
12:24:02 		[CopyImages] Found 'G:\Plateformes\Images\Nintendo - SNES\Cart - Front\Japan\Donkey Kong Country-01.jpg' in 'G:\Plateformes\Images\Nintendo - SNES\Cart - Front'
12:24:02 		[CopyImages] Found 'G:\Plateformes\Images\Nintendo - SNES\Cart - 3D\Donkey Kong Country-01.png' in 'G:\Plateformes\Images\Nintendo - SNES\Cart - 3D'
12:24:02 		[CopyImages] Found 'G:\Plateformes\Images\Nintendo - SNES\Cart - 3D\North America\Donkey Kong Country-01.png' in 'G:\Plateformes\Images\Nintendo - SNES\Cart - 3D'
12:24:02 		[CopyImages] Found 'G:\Plateformes\Images\Nintendo - SNES\Clear Logo\Donkey Kong Country-01.png' in 'G:\Plateformes\Images\Nintendo - SNES\Clear Logo'
12:24:02 		[CopyImages] Found 'G:\Plateformes\Images\Nintendo - SNES\Clear Logo\North America\Donkey Kong Country-01.png' in 'G:\Plateformes\Images\Nintendo - SNES\Clear Logo'
12:24:02 		[CopyImages] Found 'G:\Plateformes\Images\Nintendo - SNES\Fanart - Box - Back\North America\Donkey Kong Country-01.jpg' in 'G:\Plateformes\Images\Nintendo - SNES\Fanart - Box - Back'
12:24:02 		[CopyImages] Found 'G:\Plateformes\Images\Nintendo - SNES\Fanart - Cart - Front\Europe\Donkey Kong Country-01.png' in 'G:\Plateformes\Images\Nintendo - SNES\Fanart - Cart - Front'
12:24:02 		[CopyImages] Found 'G:\Plateformes\Images\Nintendo - SNES\Fanart - Background\Donkey Kong Country-01.jpg' in 'G:\Plateformes\Images\Nintendo - SNES\Fanart - Background'
12:24:02 		[CopyImages] Found 'G:\Plateformes\Images\Nintendo - SNES\Fanart - Background\Donkey Kong Country-01.png' in 'G:\Plateformes\Images\Nintendo - SNES\Fanart - Background'
12:24:02 		[CopyImages] Found 'G:\Plateformes\Images\Nintendo - SNES\Fanart - Background\Donkey Kong Country-02.jpg' in 'G:\Plateformes\Images\Nintendo - SNES\Fanart - Background'
12:24:02 		[CopyImages] Found 'G:\Plateformes\Images\Nintendo - SNES\Fanart - Background\Donkey Kong Country-03.jpg' in 'G:\Plateformes\Images\Nintendo - SNES\Fanart - Background'
12:24:02 		[CopyImages] Found 'G:\Plateformes\Images\Nintendo - SNES\Fanart - Background\Donkey Kong Country-04.jpg' in 'G:\Plateformes\Images\Nintendo - SNES\Fanart - Background'
12:24:02 		[CopyImages] Found 'G:\Plateformes\Images\Nintendo - SNES\Fanart - Background\Donkey Kong Country-05.jpg' in 'G:\Plateformes\Images\Nintendo - SNES\Fanart - Background'
12:24:02 		[CopyImages] Found 'G:\Plateformes\Images\Nintendo - SNES\Fanart - Background\Donkey Kong Country-06.jpg' in 'G:\Plateformes\Images\Nintendo - SNES\Fanart - Background'
12:24:02 		[CopyImages] Found 'G:\Plateformes\Images\Nintendo - SNES\Fanart - Background\Donkey Kong Country-07.jpg' in 'G:\Plateformes\Images\Nintendo - SNES\Fanart - Background'
12:24:02 		[CopyImages] Found 'G:\Plateformes\Images\Nintendo - SNES\Fanart - Background\Donkey Kong Country-08.jpg' in 'G:\Plateformes\Images\Nintendo - SNES\Fanart - Background'
12:24:02 		[CopyImages] Found 'G:\Plateformes\Images\Nintendo - SNES\Fanart - Background\Donkey Kong Country-09.jpg' in 'G:\Plateformes\Images\Nintendo - SNES\Fanart - Background'
12:24:02 		[CopyImages] Found 'G:\Plateformes\Images\Nintendo - SNES\Fanart - Background\Donkey Kong Country-10.jpg' in 'G:\Plateformes\Images\Nintendo - SNES\Fanart - Background'
12:24:02 		[CopyImages] Found 'G:\Plateformes\Images\Nintendo - SNES\Fanart - Background\Donkey Kong Country-11.jpg' in 'G:\Plateformes\Images\Nintendo - SNES\Fanart - Background'
12:24:02 		[CopyImages] Found 'G:\Plateformes\Images\Nintendo - SNES\Fanart - Background\Donkey Kong Country-12.jpg' in 'G:\Plateformes\Images\Nintendo - SNES\Fanart - Background'
12:24:02 		[CopyImages] Found 'G:\Plateformes\Images\Nintendo - SNES\Fanart - Background\Donkey Kong Country-13.jpg' in 'G:\Plateformes\Images\Nintendo - SNES\Fanart - Background'
12:24:02 		[CopyImages] Found 'G:\Plateformes\Images\Nintendo - SNES\Fanart - Background\Donkey Kong Country-14.jpg' in 'G:\Plateformes\Images\Nintendo - SNES\Fanart - Background'
12:24:02 		[CopyImages] Found 'G:\Plateformes\Images\Nintendo - SNES\Fanart - Background\Donkey Kong Country-15.jpg' in 'G:\Plateformes\Images\Nintendo - SNES\Fanart - Background'
12:24:02 		[CopyImages] Found 'G:\Plateformes\Images\Nintendo - SNES\Fanart - Background\Donkey Kong Country-16.jpg' in 'G:\Plateformes\Images\Nintendo - SNES\Fanart - Background'
12:24:02 		[CopyImages] Found 'G:\Plateformes\Images\Nintendo - SNES\Screenshot - Gameplay\Europe\Donkey Kong Country-01.png' in 'G:\Plateformes\Images\Nintendo - SNES\Screenshot - Gameplay'
12:24:02 		[CopyImages] Found 'G:\Plateformes\Images\Nintendo - SNES\Screenshot - Game Title\Europe\Donkey Kong Country-01.png' in 'G:\Plateformes\Images\Nintendo - SNES\Screenshot - Game Title'
12:24:02 		[CopyImages] Found 'G:\Plateformes\Images\Nintendo - SNES\Screenshot - Game Over\Donkey Kong Country-01.png' in 'G:\Plateformes\Images\Nintendo - SNES\Screenshot - Game Over'
12:24:02 [CopyHandler] Destination file exists... 12:24:07 PassAll
12:24:07 [CopyHandler] Destination file exists... 12:24:07 PassAll
12:24:07 [CopyHandler] Destination file exists... 12:24:07 PassAll
12:24:07 [CopyHandler] Destination file exists... 12:24:07 PassAll
12:24:07 [CopyHandler] Destination file exists... 12:24:07 PassAll
12:24:07 [CopyHandler] Destination file exists... 12:24:07 PassAll
12:24:07 [CopyHandler] Destination file exists... 12:24:07 PassAll
12:24:07 [CopyHandler] Destination file exists... 12:24:07 PassAll
12:24:07 [CopyHandler] Destination file exists... 12:24:07 PassAll
12:24:07 [CopyHandler] Destination file exists... 12:24:07 PassAll
12:24:07 [CopyHandler] Destination file exists... 12:24:07 PassAll
12:24:07 [CopyHandler] Destination file exists... 12:24:07 PassAll
12:24:07 [CopyHandler] Destination file exists... 12:24:07 PassAll
12:24:07 [CopyHandler] Destination file exists... 12:24:07 PassAll
12:24:07 [CopyHandler] Destination file exists... 12:24:07 PassAll
12:24:07 [CopyHandler] Destination file exists... 12:24:07 PassAll
12:24:07 [CopyHandler] Destination file exists... 12:24:07 PassAll
12:24:07 [CopyHandler] Destination file exists... 12:24:07 PassAll
12:24:07 [CopyHandler] Destination file exists... 12:24:07 PassAll
12:24:07 [CopyHandler] Destination file exists... 12:24:07 PassAll
12:24:07 [CopyHandler] Destination file exists... 12:24:07 PassAll
12:24:07 [CopyHandler] Destination file exists... 12:24:07 PassAll
12:24:07 [CopyHandler] Destination file exists... 12:24:07 PassAll
12:24:07 [CopyHandler] Destination file exists... 12:24:07 PassAll
12:24:07 [CopyHandler] Destination file exists... 12:24:07 PassAll
12:24:07 [CopyHandler] Destination file exists... 12:24:07 PassAll
12:24:07 [CopyHandler] Destination file exists... 12:24:07 PassAll
12:24:07 [CopyHandler] Destination file exists... 12:24:07 PassAll
12:24:07 [CopyHandler] Destination file exists... 12:24:07 PassAll
12:24:07 [CopyHandler] Destination file exists... 12:24:07 PassAll
12:24:07 [CopyHandler] Destination file exists... 12:24:07 PassAll
12:24:07 [CopyHandler] Destination file exists... 12:24:07 PassAll
12:24:07 [CopyHandler] Destination file exists... 12:24:07 PassAll
12:24:07 [CopyHandler] Destination file exists... 12:24:07 PassAll
12:24:07 [CopyHandler] Destination file exists... 12:24:07 PassAll
12:24:07 [CopyHandler] Destination file exists... 12:24:07 PassAll
12:24:07 [CopyHandler] Destination file exists... 12:24:07 PassAll
12:24:07 [CopyHandler] Destination file exists... 12:24:07 PassAll
12:24:07 [CopyHandler] Destination file exists... 12:24:07 PassAll
12:24:07 [CopyHandler] Destination file exists... 12:24:07 PassAll
12:24:09 [CopyHandler] Destination file exists... 12:24:09 PassAll
12:24:09 [CopyHandler] Destination file exists... 12:24:09 PassAll
12:24:09 [CopyHandler] Destination file exists... 12:24:09 PassAll
12:24:09 [CopyHandler] Destination file exists... 12:24:09 PassAll
12:24:09 [CopyHandler] Destination file exists... 12:24:09 PassAll
12:24:09 [CopyHandler] Destination file exists... 12:24:09 PassAll
12:24:09 [CopyHandler] Destination file exists... 12:24:09 PassAll
12:24:09 [CopyHandler] Destination file exists... 12:24:09 PassAll
12:24:09 [CopyHandler] Destination file exists... 12:24:09 PassAll
12:24:09 [CopyHandler] Destination file exists... 12:24:09 PassAll
12:24:09 [CopyHandler] Destination file exists... 12:24:09 PassAll
12:24:53 [CopyFiles] Copy of the file 'Ecco the Dolphin (1993)(Sega)(PAL)(Track 15 of 16)[!][MK-4408P-00135 1].wav': Successful
13:22:39 [Main] PackMe for 'Donkey Kong Country' | 'fc1ac9d2-d88a-4851-8939-cea8ddeb74bb'
13:22:39 Directory Exists 'G:\Temp\pmg - temp\Super Nintendo Entertainment System\Donkey Kong Country (E) (M3) (V1.0) [f1]'
13:22:42 [MakeStructure] Creation of the tree
13:22:42 [CreateHFolders] Creation of 'G:\Temp\pmg - temp\Super Nintendo Entertainment System\Donkey Kong Country (E) (M3) (V1.0) [f1]\Games'
13:22:42 [CreateHFolders] Creation of 'G:\Temp\pmg - temp\Super Nintendo Entertainment System\Donkey Kong Country (E) (M3) (V1.0) [f1]\CheatCodes'
13:22:42 [CreateHFolders] Creation of 'G:\Temp\pmg - temp\Super Nintendo Entertainment System\Donkey Kong Country (E) (M3) (V1.0) [f1]\Images'
13:22:42 [CreateHFolders] Creation of 'G:\Temp\pmg - temp\Super Nintendo Entertainment System\Donkey Kong Country (E) (M3) (V1.0) [f1]\Manuals'
13:22:42 [CreateHFolders] Creation of 'G:\Temp\pmg - temp\Super Nintendo Entertainment System\Donkey Kong Country (E) (M3) (V1.0) [f1]\Musics'
13:22:42 [CreateHFolders] Creation of 'G:\Temp\pmg - temp\Super Nintendo Entertainment System\Donkey Kong Country (E) (M3) (V1.0) [f1]\Videos'
13:22:46 Not managed: GogAppId
13:22:46 Not managed: GogAppId
13:22:46 Not managed: OriginAppId
13:22:46 Not managed: OriginAppId
13:22:46 Not managed: OriginInstallPath
13:22:46 Not managed: OriginInstallPath
13:22:46 Not managed: MissingBox3dImage
13:22:46 Not managed: MissingBox3dImage
13:22:46 Not managed: MissingCartImage
13:22:46 Not managed: MissingCartImage
13:22:46 Not managed: MissingCart3dImage
13:22:46 Not managed: MissingCart3dImage
13:22:46 Not managed: MissingManual
13:22:46 Not managed: MissingManual
13:22:46 Not managed: MissingBannerImage
13:22:46 Not managed: MissingBannerImage
13:22:46 Not managed: MissingMusic
13:22:46 Not managed: MissingMusic
13:22:46 Not managed: UsePauseScreen
13:22:46 Not managed: UsePauseScreen
13:22:46 Not managed: PauseAutoHotkeyScript
13:22:46 Not managed: PauseAutoHotkeyScript
13:22:46 Not managed: ResumeAutoHotkeyScript
13:22:46 Not managed: ResumeAutoHotkeyScript
13:22:46 Not managed: OverrideDefaultPauseScreenSettings
13:22:46 Not managed: OverrideDefaultPauseScreenSettings
13:22:46 Not managed: SuspendProcessOnPause
13:22:46 Not managed: SuspendProcessOnPause
13:22:46 Not managed: ForcefulPauseScreenActivation
13:22:46 Not managed: ForcefulPauseScreenActivation
13:22:46 Not managed: LoadStateAutoHotkeyScript
13:22:46 Not managed: LoadStateAutoHotkeyScript
13:22:46 Not managed: SaveStateAutoHotkeyScript
13:22:46 Not managed: SaveStateAutoHotkeyScript
13:22:46 Not managed: ResetAutoHotkeyScript
13:22:46 Not managed: ResetAutoHotkeyScript
13:22:46 Not managed: SwapDiscsAutoHotkeyScript
13:22:46 Not managed: SwapDiscsAutoHotkeyScript
13:22:46 [CopyHandler] Destination file exists... 13:22:49 PassAll
13:22:51 [CopyHandler] Destination file exists... 13:22:51 PassAll
13:22:52 [CopyHandler] Destination file exists... 13:22:52 PassAll
13:22:52 [CopyHandler] Destination file exists... 13:22:52 PassAll
13:22:52 [CopyHandler] Destination file exists... 13:22:52 PassAll
13:22:52 		[CopyImages] Found 'G:\Plateformes\Images\Nintendo - SNES\Box - Front\Donkey Kong Country-01.png' in 'G:\Plateformes\Images\Nintendo - SNES\Box - Front'
13:22:52 		[CopyImages] Found 'G:\Plateformes\Images\Nintendo - SNES\Box - Front\France\Donkey Kong Country-01.png' in 'G:\Plateformes\Images\Nintendo - SNES\Box - Front'
13:22:52 		[CopyImages] Found 'G:\Plateformes\Images\Nintendo - SNES\Box - Back\North America\Donkey Kong Country-01.jpg' in 'G:\Plateformes\Images\Nintendo - SNES\Box - Back'
13:22:52 		[CopyImages] Found 'G:\Plateformes\Images\Nintendo - SNES\Box - 3D\Donkey Kong Country-01.png' in 'G:\Plateformes\Images\Nintendo - SNES\Box - 3D'
13:22:52 		[CopyImages] Found 'G:\Plateformes\Images\Nintendo - SNES\Box - 3D\Donkey Kong Country-02.png' in 'G:\Plateformes\Images\Nintendo - SNES\Box - 3D'
13:22:52 		[CopyImages] Found 'G:\Plateformes\Images\Nintendo - SNES\Box - 3D\Europe\Donkey Kong Country-01.png' in 'G:\Plateformes\Images\Nintendo - SNES\Box - 3D'
13:22:52 		[CopyImages] Found 'G:\Plateformes\Images\Nintendo - SNES\Arcade - Marquee\Donkey Kong Country-01.png' in 'G:\Plateformes\Images\Nintendo - SNES\Arcade - Marquee'
13:22:52 		[CopyImages] Found 'G:\Plateformes\Images\Nintendo - SNES\Banner\Donkey Kong Country-01.jpg' in 'G:\Plateformes\Images\Nintendo - SNES\Banner'
13:22:52 		[CopyImages] Found 'G:\Plateformes\Images\Nintendo - SNES\Banner\Donkey Kong Country-01.png' in 'G:\Plateformes\Images\Nintendo - SNES\Banner'
13:22:52 		[CopyImages] Found 'G:\Plateformes\Images\Nintendo - SNES\Banner\Donkey Kong Country-02.jpg' in 'G:\Plateformes\Images\Nintendo - SNES\Banner'
13:22:52 		[CopyImages] Found 'G:\Plateformes\Images\Nintendo - SNES\Banner\Donkey Kong Country-02.png' in 'G:\Plateformes\Images\Nintendo - SNES\Banner'
13:22:52 		[CopyImages] Found 'G:\Plateformes\Images\Nintendo - SNES\Banner\Donkey Kong Country-03.png' in 'G:\Plateformes\Images\Nintendo - SNES\Banner'
13:22:52 		[CopyImages] Found 'G:\Plateformes\Images\Nintendo - SNES\Cart - Front\Donkey Kong Country-01.png' in 'G:\Plateformes\Images\Nintendo - SNES\Cart - Front'
13:22:52 		[CopyImages] Found 'G:\Plateformes\Images\Nintendo - SNES\Cart - Front\Japan\Donkey Kong Country-01.jpg' in 'G:\Plateformes\Images\Nintendo - SNES\Cart - Front'
13:22:52 		[CopyImages] Found 'G:\Plateformes\Images\Nintendo - SNES\Cart - 3D\Donkey Kong Country-01.png' in 'G:\Plateformes\Images\Nintendo - SNES\Cart - 3D'
13:22:52 		[CopyImages] Found 'G:\Plateformes\Images\Nintendo - SNES\Cart - 3D\North America\Donkey Kong Country-01.png' in 'G:\Plateformes\Images\Nintendo - SNES\Cart - 3D'
13:22:52 		[CopyImages] Found 'G:\Plateformes\Images\Nintendo - SNES\Clear Logo\Donkey Kong Country-01.png' in 'G:\Plateformes\Images\Nintendo - SNES\Clear Logo'
13:22:52 		[CopyImages] Found 'G:\Plateformes\Images\Nintendo - SNES\Clear Logo\North America\Donkey Kong Country-01.png' in 'G:\Plateformes\Images\Nintendo - SNES\Clear Logo'
13:22:52 		[CopyImages] Found 'G:\Plateformes\Images\Nintendo - SNES\Fanart - Box - Back\North America\Donkey Kong Country-01.jpg' in 'G:\Plateformes\Images\Nintendo - SNES\Fanart - Box - Back'
13:22:52 		[CopyImages] Found 'G:\Plateformes\Images\Nintendo - SNES\Fanart - Cart - Front\Europe\Donkey Kong Country-01.png' in 'G:\Plateformes\Images\Nintendo - SNES\Fanart - Cart - Front'
13:22:52 		[CopyImages] Found 'G:\Plateformes\Images\Nintendo - SNES\Fanart - Background\Donkey Kong Country-01.jpg' in 'G:\Plateformes\Images\Nintendo - SNES\Fanart - Background'
13:22:52 		[CopyImages] Found 'G:\Plateformes\Images\Nintendo - SNES\Fanart - Background\Donkey Kong Country-01.png' in 'G:\Plateformes\Images\Nintendo - SNES\Fanart - Background'
13:22:52 		[CopyImages] Found 'G:\Plateformes\Images\Nintendo - SNES\Fanart - Background\Donkey Kong Country-02.jpg' in 'G:\Plateformes\Images\Nintendo - SNES\Fanart - Background'
13:22:52 		[CopyImages] Found 'G:\Plateformes\Images\Nintendo - SNES\Fanart - Background\Donkey Kong Country-03.jpg' in 'G:\Plateformes\Images\Nintendo - SNES\Fanart - Background'
13:22:52 		[CopyImages] Found 'G:\Plateformes\Images\Nintendo - SNES\Fanart - Background\Donkey Kong Country-04.jpg' in 'G:\Plateformes\Images\Nintendo - SNES\Fanart - Background'
13:22:52 		[CopyImages] Found 'G:\Plateformes\Images\Nintendo - SNES\Fanart - Background\Donkey Kong Country-05.jpg' in 'G:\Plateformes\Images\Nintendo - SNES\Fanart - Background'
13:22:52 		[CopyImages] Found 'G:\Plateformes\Images\Nintendo - SNES\Fanart - Background\Donkey Kong Country-06.jpg' in 'G:\Plateformes\Images\Nintendo - SNES\Fanart - Background'
13:22:52 		[CopyImages] Found 'G:\Plateformes\Images\Nintendo - SNES\Fanart - Background\Donkey Kong Country-07.jpg' in 'G:\Plateformes\Images\Nintendo - SNES\Fanart - Background'
13:22:52 		[CopyImages] Found 'G:\Plateformes\Images\Nintendo - SNES\Fanart - Background\Donkey Kong Country-08.jpg' in 'G:\Plateformes\Images\Nintendo - SNES\Fanart - Background'
13:22:52 		[CopyImages] Found 'G:\Plateformes\Images\Nintendo - SNES\Fanart - Background\Donkey Kong Country-09.jpg' in 'G:\Plateformes\Images\Nintendo - SNES\Fanart - Background'
13:22:52 		[CopyImages] Found 'G:\Plateformes\Images\Nintendo - SNES\Fanart - Background\Donkey Kong Country-10.jpg' in 'G:\Plateformes\Images\Nintendo - SNES\Fanart - Background'
13:22:52 		[CopyImages] Found 'G:\Plateformes\Images\Nintendo - SNES\Fanart - Background\Donkey Kong Country-11.jpg' in 'G:\Plateformes\Images\Nintendo - SNES\Fanart - Background'
13:22:52 		[CopyImages] Found 'G:\Plateformes\Images\Nintendo - SNES\Fanart - Background\Donkey Kong Country-12.jpg' in 'G:\Plateformes\Images\Nintendo - SNES\Fanart - Background'
13:22:52 		[CopyImages] Found 'G:\Plateformes\Images\Nintendo - SNES\Fanart - Background\Donkey Kong Country-13.jpg' in 'G:\Plateformes\Images\Nintendo - SNES\Fanart - Background'
13:22:52 		[CopyImages] Found 'G:\Plateformes\Images\Nintendo - SNES\Fanart - Background\Donkey Kong Country-14.jpg' in 'G:\Plateformes\Images\Nintendo - SNES\Fanart - Background'
13:22:52 		[CopyImages] Found 'G:\Plateformes\Images\Nintendo - SNES\Fanart - Background\Donkey Kong Country-15.jpg' in 'G:\Plateformes\Images\Nintendo - SNES\Fanart - Background'
13:22:52 		[CopyImages] Found 'G:\Plateformes\Images\Nintendo - SNES\Fanart - Background\Donkey Kong Country-16.jpg' in 'G:\Plateformes\Images\Nintendo - SNES\Fanart - Background'
13:22:52 		[CopyImages] Found 'G:\Plateformes\Images\Nintendo - SNES\Screenshot - Gameplay\Europe\Donkey Kong Country-01.png' in 'G:\Plateformes\Images\Nintendo - SNES\Screenshot - Gameplay'
13:22:52 		[CopyImages] Found 'G:\Plateformes\Images\Nintendo - SNES\Screenshot - Game Title\Europe\Donkey Kong Country-01.png' in 'G:\Plateformes\Images\Nintendo - SNES\Screenshot - Game Title'
13:22:52 		[CopyImages] Found 'G:\Plateformes\Images\Nintendo - SNES\Screenshot - Game Over\Donkey Kong Country-01.png' in 'G:\Plateformes\Images\Nintendo - SNES\Screenshot - Game Over'
13:22:53 [CopyHandler] Destination file exists... 13:22:56 PassAll
13:22:56 [CopyHandler] Destination file exists... 13:22:56 PassAll
13:22:56 [CopyHandler] Destination file exists... 13:22:56 PassAll
13:22:56 [CopyHandler] Destination file exists... 13:22:56 PassAll
13:22:56 [CopyHandler] Destination file exists... 13:22:56 PassAll
13:22:56 [CopyHandler] Destination file exists... 13:22:56 PassAll
13:22:56 [CopyHandler] Destination file exists... 13:22:56 PassAll
13:22:56 [CopyHandler] Destination file exists... 13:22:56 PassAll
13:22:56 [CopyHandler] Destination file exists... 13:22:56 PassAll
13:22:56 [CopyHandler] Destination file exists... 13:22:56 PassAll
13:22:56 [CopyHandler] Destination file exists... 13:22:56 PassAll
13:22:56 [CopyHandler] Destination file exists... 13:22:56 PassAll
13:22:56 [CopyHandler] Destination file exists... 13:22:56 PassAll
13:22:56 [CopyHandler] Destination file exists... 13:22:56 PassAll
13:22:56 [CopyHandler] Destination file exists... 13:22:56 PassAll
13:22:56 [CopyHandler] Destination file exists... 13:22:56 PassAll
13:22:56 [CopyHandler] Destination file exists... 13:22:56 PassAll
13:22:56 [CopyHandler] Destination file exists... 13:22:56 PassAll
13:22:56 [CopyHandler] Destination file exists... 13:22:56 PassAll
13:22:56 [CopyHandler] Destination file exists... 13:22:56 PassAll
13:22:56 [CopyHandler] Destination file exists... 13:22:56 PassAll
13:22:56 [CopyHandler] Destination file exists... 13:22:56 PassAll
13:22:56 [CopyHandler] Destination file exists... 13:22:56 PassAll
13:22:56 [CopyHandler] Destination file exists... 13:22:56 PassAll
13:22:56 [CopyHandler] Destination file exists... 13:22:56 PassAll
13:22:56 [CopyHandler] Destination file exists... 13:22:56 PassAll
13:22:56 [CopyHandler] Destination file exists... 13:22:56 PassAll
13:22:56 [CopyHandler] Destination file exists... 13:22:56 PassAll
13:22:56 [CopyHandler] Destination file exists... 13:22:56 PassAll
13:22:56 [CopyHandler] Destination file exists... 13:22:56 PassAll
13:22:56 [CopyHandler] Destination file exists... 13:22:56 PassAll
13:22:56 [CopyHandler] Destination file exists... 13:22:56 PassAll
13:22:56 [CopyHandler] Destination file exists... 13:22:56 PassAll
13:22:56 [CopyHandler] Destination file exists... 13:22:56 PassAll
13:22:56 [CopyHandler] Destination file exists... 13:22:56 PassAll
13:22:56 [CopyHandler] Destination file exists... 13:22:56 PassAll
13:22:56 [CopyHandler] Destination file exists... 13:22:56 PassAll
13:22:56 [CopyHandler] Destination file exists... 13:22:56 PassAll
13:22:56 [CopyHandler] Destination file exists... 13:22:56 PassAll
13:22:56 [CopyHandler] Destination file exists... 13:22:56 PassAll
13:22:57 [CopyHandler] Destination file exists... 13:22:57 PassAll
13:22:57 [CopyHandler] Destination file exists... 13:22:57 PassAll
13:22:57 [CopyHandler] Destination file exists... 13:22:57 PassAll
13:22:57 [CopyHandler] Destination file exists... 13:22:57 PassAll
13:22:57 [CopyHandler] Destination file exists... 13:22:57 PassAll
13:22:57 [CopyHandler] Destination file exists... 13:22:57 PassAll
13:22:57 [CopyHandler] Destination file exists... 13:22:57 PassAll
13:22:57 [CopyHandler] Destination file exists... 13:22:57 PassAll
13:22:57 [CopyHandler] Destination file exists... 13:22:57 PassAll
13:22:57 [CopyHandler] Destination file exists... 13:22:57 PassAll
13:22:57 [CopyHandler] Destination file exists... 13:22:57 PassAll
