****** Initialisation Logger - niveau: 0 ******
15:12:31 Language fr-FR - 1.0.0.4, loading...
15:12:55 [Main] PackMe for 'Donkey Kong Country' | 'fc1ac9d2-d88a-4851-8939-cea8ddeb74bb'
15:12:55 Directory Exists 'G:\Temp\pmg - temp\Super Nintendo Entertainment System\Donkey Kong Country (E) (M3) (V1.0) [f1]'
15:12:58 [MakeStructure] Creation of the tree
15:12:58 [CreateHFolders] Creation of 'G:\Temp\pmg - temp\Super Nintendo Entertainment System\Donkey Kong Country (E) (M3) (V1.0) [f1]\Games'
15:12:58 [CreateHFolders] Creation of 'G:\Temp\pmg - temp\Super Nintendo Entertainment System\Donkey Kong Country (E) (M3) (V1.0) [f1]\CheatCodes'
15:12:58 [CreateHFolders] Creation of 'G:\Temp\pmg - temp\Super Nintendo Entertainment System\Donkey Kong Country (E) (M3) (V1.0) [f1]\Images'
15:12:58 [CreateHFolders] Creation of 'G:\Temp\pmg - temp\Super Nintendo Entertainment System\Donkey Kong Country (E) (M3) (V1.0) [f1]\Manuals'
15:12:58 [CreateHFolders] Creation of 'G:\Temp\pmg - temp\Super Nintendo Entertainment System\Donkey Kong Country (E) (M3) (V1.0) [f1]\Musics'
15:12:58 [CreateHFolders] Creation of 'G:\Temp\pmg - temp\Super Nintendo Entertainment System\Donkey Kong Country (E) (M3) (V1.0) [f1]\Videos'
15:12:58 Not managed: MissingBox3dImage
15:12:58 Not managed: MissingCartImage
15:12:58 Not managed: MissingCart3dImage
15:12:58 Not managed: MissingManual
15:12:58 Not managed: MissingBannerImage
15:12:58 Not managed: MissingMusic
15:12:58 Not managed: UsePauseScreen
15:12:58 Not managed: OverrideDefaultPauseScreenSettings
15:12:58 Not managed: SuspendProcessOnPause
15:12:58 Not managed: ForcefulPauseScreenActivation
15:13:02 [CopyHandler] Destination file exists... 15:13:09 OverWrite
15:13:09 [CopyFiles] Copy of the file 'Donkey Kong Country (E) (M3) (V1.0) [f1].sfc': Successful
15:13:57 [CopyFiles] Copy of the file 'Donkey Kong Country.pdf': Successful
