****** Initialisation Logger - niveau: 0 ******
20:14:06 Language fr-FR - 1.0.0.4, loading...
20:14:59 [Main] PackMe for 'Ecco the Dolphin' | '2c00a91f-9f5d-4331-869c-cb23bbdeec53'
20:14:59 Directory Exists 'G:\Temp\pmg - temp\Sega CD\Ecco the Dolphin (1993)(Sega)(PAL)[!][MK-4408P-00135 1]'
20:15:02 Trash existing folder: 'G:\Temp\pmg - temp\Sega CD\Ecco the Dolphin (1993)(Sega)(PAL)[!][MK-4408P-00135 1]'
20:15:02 [MakeStructure] Creation of the tree
20:15:02 [CreateHFolders] Creation of 'G:\Temp\pmg - temp\Sega CD\Ecco the Dolphin (1993)(Sega)(PAL)[!][MK-4408P-00135 1]\Games'
20:15:02 [CreateHFolders] Creation of 'G:\Temp\pmg - temp\Sega CD\Ecco the Dolphin (1993)(Sega)(PAL)[!][MK-4408P-00135 1]\CheatCodes'
20:15:02 [CreateHFolders] Creation of 'G:\Temp\pmg - temp\Sega CD\Ecco the Dolphin (1993)(Sega)(PAL)[!][MK-4408P-00135 1]\Images'
20:15:02 [CreateHFolders] Creation of 'G:\Temp\pmg - temp\Sega CD\Ecco the Dolphin (1993)(Sega)(PAL)[!][MK-4408P-00135 1]\Manuals'
20:15:02 [CreateHFolders] Creation of 'G:\Temp\pmg - temp\Sega CD\Ecco the Dolphin (1993)(Sega)(PAL)[!][MK-4408P-00135 1]\Musics'
20:15:02 [CreateHFolders] Creation of 'G:\Temp\pmg - temp\Sega CD\Ecco the Dolphin (1993)(Sega)(PAL)[!][MK-4408P-00135 1]\Videos'
20:15:02 Not managed: GogAppId
20:15:02 Not managed: OriginAppId
20:15:02 Not managed: OriginInstallPath
20:15:02 Not managed: MissingBox3dImage
20:15:02 Not managed: MissingCartImage
20:15:02 Not managed: MissingCart3dImage
20:15:02 Not managed: MissingManual
20:15:02 Not managed: MissingBannerImage
20:15:02 Not managed: MissingMusic
20:15:02 Not managed: UsePauseScreen
20:15:02 Not managed: PauseAutoHotkeyScript
20:15:02 Not managed: ResumeAutoHotkeyScript
20:15:02 Not managed: OverrideDefaultPauseScreenSettings
20:15:02 Not managed: SuspendProcessOnPause
20:15:02 Not managed: ForcefulPauseScreenActivation
20:15:02 Not managed: LoadStateAutoHotkeyScript
20:15:02 Not managed: SaveStateAutoHotkeyScript
20:15:02 Not managed: ResetAutoHotkeyScript
20:15:02 Not managed: SwapDiscsAutoHotkeyScript
20:15:02 Not managed: AndroidBoxFrontThumbPath
20:15:02 Not managed: AndroidBoxFrontFullPath
20:15:02 Not managed: AndroidBackgroundPath
20:16:24 [CopyFiles] Copy of the file 'Ecco the Dolphin (1993)(Sega)(PAL)(Track 01 of 16)[!][MK-4408P-00135 1].iso': Error
20:16:25 Could not find a part of the path 'G:\Temp\pmg - temp\Sega CD\Ecco the Dolphin (1993)(Sega)(PAL)[!][MK-4408P-00135 1]\Games\Ecco the Dolphin (1993)(Sega)(PAL)(Track 01 of 16)[!][MK-4408P-00135 1].iso\Ecco the Dolphin (1993)(Sega)(PAL)(Track 01 of 16)[!][MK-4408P-00135 1].iso'.
