****** Initialisation Logger - niveau: 0 ******
22:22:30 Language fr-FR - 1.0.0.4, loading...
22:37:39 [Main] PackMe for 'Donkey Kong Country' | 'fc1ac9d2-d88a-4851-8939-cea8ddeb74bb'
22:37:39 Directory Exists 'G:\Temp\pmg - temp\Super Nintendo Entertainment System\Donkey Kong Country (E) (M3) (V1.0) [f1]'
22:37:41 [MakeStructure] Creation of the tree
22:37:47 [CreateHFolders] Creation of 'G:\Temp\pmg - temp\Super Nintendo Entertainment System\Donkey Kong Country (E) (M3) (V1.0) [f1]\Games'
22:37:47 [CreateHFolders] Creation of 'G:\Temp\pmg - temp\Super Nintendo Entertainment System\Donkey Kong Country (E) (M3) (V1.0) [f1]\CheatCodes'
22:37:47 [CreateHFolders] Creation of 'G:\Temp\pmg - temp\Super Nintendo Entertainment System\Donkey Kong Country (E) (M3) (V1.0) [f1]\Images'
22:37:47 [CreateHFolders] Creation of 'G:\Temp\pmg - temp\Super Nintendo Entertainment System\Donkey Kong Country (E) (M3) (V1.0) [f1]\Manuals'
22:37:47 [CreateHFolders] Creation of 'G:\Temp\pmg - temp\Super Nintendo Entertainment System\Donkey Kong Country (E) (M3) (V1.0) [f1]\Musics'
22:37:47 [CreateHFolders] Creation of 'G:\Temp\pmg - temp\Super Nintendo Entertainment System\Donkey Kong Country (E) (M3) (V1.0) [f1]\Videos'
22:37:47 Not managed: GogAppId
22:37:47 Not managed: OriginAppId
22:37:47 Not managed: OriginInstallPath
22:37:47 Not managed: MissingBox3dImage
22:37:47 Not managed: MissingCartImage
22:37:47 Not managed: MissingCart3dImage
22:37:47 Not managed: MissingManual
22:37:47 Not managed: MissingBannerImage
22:37:47 Not managed: MissingMusic
22:37:47 Not managed: UsePauseScreen
22:37:47 Not managed: PauseAutoHotkeyScript
22:37:47 Not managed: ResumeAutoHotkeyScript
22:37:47 Not managed: OverrideDefaultPauseScreenSettings
22:37:47 Not managed: SuspendProcessOnPause
22:37:47 Not managed: ForcefulPauseScreenActivation
22:37:47 Not managed: LoadStateAutoHotkeyScript
22:37:47 Not managed: SaveStateAutoHotkeyScript
22:37:47 Not managed: ResetAutoHotkeyScript
22:37:47 Not managed: SwapDiscsAutoHotkeyScript
22:37:47 [CopyHandler] Destination file exists... 22:40:50 PassAll
22:41:03 [CopyHandler] Destination file exists... 22:41:03 PassAll
22:41:04 [CopyHandler] Destination file exists... 22:41:04 PassAll
22:41:05 [CopyHandler] Destination file exists... 22:41:05 PassAll
22:41:05 [CopyHandler] Destination file exists... 22:41:05 PassAll
22:41:05 		[CopyImages] Found 'G:\Plateformes\Images\Nintendo - SNES\Box - Front\Donkey Kong Country-01.png' in 'G:\Plateformes\Images\Nintendo - SNES\Box - Front'
22:41:05 		[CopyImages] Found 'G:\Plateformes\Images\Nintendo - SNES\Box - Front\France\Donkey Kong Country-01.png' in 'G:\Plateformes\Images\Nintendo - SNES\Box - Front'
22:41:05 		[CopyImages] Found 'G:\Plateformes\Images\Nintendo - SNES\Box - Back\North America\Donkey Kong Country-01.jpg' in 'G:\Plateformes\Images\Nintendo - SNES\Box - Back'
22:41:05 		[CopyImages] Found 'G:\Plateformes\Images\Nintendo - SNES\Box - 3D\Donkey Kong Country-01.png' in 'G:\Plateformes\Images\Nintendo - SNES\Box - 3D'
22:41:05 		[CopyImages] Found 'G:\Plateformes\Images\Nintendo - SNES\Box - 3D\Donkey Kong Country-02.png' in 'G:\Plateformes\Images\Nintendo - SNES\Box - 3D'
22:41:05 		[CopyImages] Found 'G:\Plateformes\Images\Nintendo - SNES\Box - 3D\Europe\Donkey Kong Country-01.png' in 'G:\Plateformes\Images\Nintendo - SNES\Box - 3D'
22:41:05 		[CopyImages] Found 'G:\Plateformes\Images\Nintendo - SNES\Arcade - Marquee\Donkey Kong Country-01.png' in 'G:\Plateformes\Images\Nintendo - SNES\Arcade - Marquee'
22:41:05 		[CopyImages] Found 'G:\Plateformes\Images\Nintendo - SNES\Banner\Donkey Kong Country-01.jpg' in 'G:\Plateformes\Images\Nintendo - SNES\Banner'
22:41:05 		[CopyImages] Found 'G:\Plateformes\Images\Nintendo - SNES\Banner\Donkey Kong Country-01.png' in 'G:\Plateformes\Images\Nintendo - SNES\Banner'
22:41:05 		[CopyImages] Found 'G:\Plateformes\Images\Nintendo - SNES\Banner\Donkey Kong Country-02.jpg' in 'G:\Plateformes\Images\Nintendo - SNES\Banner'
22:41:05 		[CopyImages] Found 'G:\Plateformes\Images\Nintendo - SNES\Banner\Donkey Kong Country-02.png' in 'G:\Plateformes\Images\Nintendo - SNES\Banner'
22:41:05 		[CopyImages] Found 'G:\Plateformes\Images\Nintendo - SNES\Banner\Donkey Kong Country-03.png' in 'G:\Plateformes\Images\Nintendo - SNES\Banner'
22:41:05 		[CopyImages] Found 'G:\Plateformes\Images\Nintendo - SNES\Cart - Front\Donkey Kong Country-01.png' in 'G:\Plateformes\Images\Nintendo - SNES\Cart - Front'
22:41:05 		[CopyImages] Found 'G:\Plateformes\Images\Nintendo - SNES\Cart - Front\Japan\Donkey Kong Country-01.jpg' in 'G:\Plateformes\Images\Nintendo - SNES\Cart - Front'
22:41:05 		[CopyImages] Found 'G:\Plateformes\Images\Nintendo - SNES\Cart - 3D\Donkey Kong Country-01.png' in 'G:\Plateformes\Images\Nintendo - SNES\Cart - 3D'
22:41:05 		[CopyImages] Found 'G:\Plateformes\Images\Nintendo - SNES\Cart - 3D\North America\Donkey Kong Country-01.png' in 'G:\Plateformes\Images\Nintendo - SNES\Cart - 3D'
22:41:05 		[CopyImages] Found 'G:\Plateformes\Images\Nintendo - SNES\Clear Logo\Donkey Kong Country-01.png' in 'G:\Plateformes\Images\Nintendo - SNES\Clear Logo'
22:41:05 		[CopyImages] Found 'G:\Plateformes\Images\Nintendo - SNES\Clear Logo\North America\Donkey Kong Country-01.png' in 'G:\Plateformes\Images\Nintendo - SNES\Clear Logo'
22:41:05 		[CopyImages] Found 'G:\Plateformes\Images\Nintendo - SNES\Fanart - Box - Back\North America\Donkey Kong Country-01.jpg' in 'G:\Plateformes\Images\Nintendo - SNES\Fanart - Box - Back'
22:41:05 		[CopyImages] Found 'G:\Plateformes\Images\Nintendo - SNES\Fanart - Cart - Front\Europe\Donkey Kong Country-01.png' in 'G:\Plateformes\Images\Nintendo - SNES\Fanart - Cart - Front'
22:41:05 		[CopyImages] Found 'G:\Plateformes\Images\Nintendo - SNES\Fanart - Background\Donkey Kong Country-01.jpg' in 'G:\Plateformes\Images\Nintendo - SNES\Fanart - Background'
22:41:05 		[CopyImages] Found 'G:\Plateformes\Images\Nintendo - SNES\Fanart - Background\Donkey Kong Country-01.png' in 'G:\Plateformes\Images\Nintendo - SNES\Fanart - Background'
22:41:05 		[CopyImages] Found 'G:\Plateformes\Images\Nintendo - SNES\Fanart - Background\Donkey Kong Country-02.jpg' in 'G:\Plateformes\Images\Nintendo - SNES\Fanart - Background'
22:41:05 		[CopyImages] Found 'G:\Plateformes\Images\Nintendo - SNES\Fanart - Background\Donkey Kong Country-03.jpg' in 'G:\Plateformes\Images\Nintendo - SNES\Fanart - Background'
22:41:05 		[CopyImages] Found 'G:\Plateformes\Images\Nintendo - SNES\Fanart - Background\Donkey Kong Country-04.jpg' in 'G:\Plateformes\Images\Nintendo - SNES\Fanart - Background'
22:41:05 		[CopyImages] Found 'G:\Plateformes\Images\Nintendo - SNES\Fanart - Background\Donkey Kong Country-05.jpg' in 'G:\Plateformes\Images\Nintendo - SNES\Fanart - Background'
22:41:05 		[CopyImages] Found 'G:\Plateformes\Images\Nintendo - SNES\Fanart - Background\Donkey Kong Country-06.jpg' in 'G:\Plateformes\Images\Nintendo - SNES\Fanart - Background'
22:41:05 		[CopyImages] Found 'G:\Plateformes\Images\Nintendo - SNES\Fanart - Background\Donkey Kong Country-07.jpg' in 'G:\Plateformes\Images\Nintendo - SNES\Fanart - Background'
22:41:05 		[CopyImages] Found 'G:\Plateformes\Images\Nintendo - SNES\Fanart - Background\Donkey Kong Country-08.jpg' in 'G:\Plateformes\Images\Nintendo - SNES\Fanart - Background'
22:41:05 		[CopyImages] Found 'G:\Plateformes\Images\Nintendo - SNES\Fanart - Background\Donkey Kong Country-09.jpg' in 'G:\Plateformes\Images\Nintendo - SNES\Fanart - Background'
22:41:05 		[CopyImages] Found 'G:\Plateformes\Images\Nintendo - SNES\Fanart - Background\Donkey Kong Country-10.jpg' in 'G:\Plateformes\Images\Nintendo - SNES\Fanart - Background'
22:41:05 		[CopyImages] Found 'G:\Plateformes\Images\Nintendo - SNES\Fanart - Background\Donkey Kong Country-11.jpg' in 'G:\Plateformes\Images\Nintendo - SNES\Fanart - Background'
22:41:05 		[CopyImages] Found 'G:\Plateformes\Images\Nintendo - SNES\Fanart - Background\Donkey Kong Country-12.jpg' in 'G:\Plateformes\Images\Nintendo - SNES\Fanart - Background'
22:41:05 		[CopyImages] Found 'G:\Plateformes\Images\Nintendo - SNES\Fanart - Background\Donkey Kong Country-13.jpg' in 'G:\Plateformes\Images\Nintendo - SNES\Fanart - Background'
22:41:05 		[CopyImages] Found 'G:\Plateformes\Images\Nintendo - SNES\Fanart - Background\Donkey Kong Country-14.jpg' in 'G:\Plateformes\Images\Nintendo - SNES\Fanart - Background'
22:41:05 		[CopyImages] Found 'G:\Plateformes\Images\Nintendo - SNES\Fanart - Background\Donkey Kong Country-15.jpg' in 'G:\Plateformes\Images\Nintendo - SNES\Fanart - Background'
22:41:05 		[CopyImages] Found 'G:\Plateformes\Images\Nintendo - SNES\Fanart - Background\Donkey Kong Country-16.jpg' in 'G:\Plateformes\Images\Nintendo - SNES\Fanart - Background'
22:41:05 		[CopyImages] Found 'G:\Plateformes\Images\Nintendo - SNES\Screenshot - Gameplay\Europe\Donkey Kong Country-01.png' in 'G:\Plateformes\Images\Nintendo - SNES\Screenshot - Gameplay'
22:41:05 		[CopyImages] Found 'G:\Plateformes\Images\Nintendo - SNES\Screenshot - Game Title\Europe\Donkey Kong Country-01.png' in 'G:\Plateformes\Images\Nintendo - SNES\Screenshot - Game Title'
22:41:05 		[CopyImages] Found 'G:\Plateformes\Images\Nintendo - SNES\Screenshot - Game Over\Donkey Kong Country-01.png' in 'G:\Plateformes\Images\Nintendo - SNES\Screenshot - Game Over'
22:41:05 [CopyHandler] Destination file exists... 22:41:09 PassAll
22:41:09 [CopyHandler] Destination file exists... 22:41:09 PassAll
22:41:09 [CopyHandler] Destination file exists... 22:41:09 PassAll
22:41:09 [CopyHandler] Destination file exists... 22:41:09 PassAll
22:41:09 [CopyHandler] Destination file exists... 22:41:09 PassAll
22:41:09 [CopyHandler] Destination file exists... 22:41:09 PassAll
22:41:09 [CopyHandler] Destination file exists... 22:41:09 PassAll
22:41:09 [CopyHandler] Destination file exists... 22:41:09 PassAll
22:41:09 [CopyHandler] Destination file exists... 22:41:09 PassAll
22:41:09 [CopyHandler] Destination file exists... 22:41:09 PassAll
22:41:09 [CopyHandler] Destination file exists... 22:41:09 PassAll
22:41:09 [CopyHandler] Destination file exists... 22:41:09 PassAll
22:41:09 [CopyHandler] Destination file exists... 22:41:09 PassAll
22:41:09 [CopyHandler] Destination file exists... 22:41:09 PassAll
22:41:09 [CopyHandler] Destination file exists... 22:41:09 PassAll
22:41:09 [CopyHandler] Destination file exists... 22:41:09 PassAll
22:41:09 [CopyHandler] Destination file exists... 22:41:09 PassAll
22:41:09 [CopyHandler] Destination file exists... 22:41:09 PassAll
22:41:09 [CopyHandler] Destination file exists... 22:41:09 PassAll
22:41:09 [CopyHandler] Destination file exists... 22:41:09 PassAll
22:41:09 [CopyHandler] Destination file exists... 22:41:09 PassAll
22:41:09 [CopyHandler] Destination file exists... 22:41:09 PassAll
22:41:09 [CopyHandler] Destination file exists... 22:41:09 PassAll
22:41:09 [CopyHandler] Destination file exists... 22:41:09 PassAll
22:41:09 [CopyHandler] Destination file exists... 22:41:09 PassAll
22:41:09 [CopyHandler] Destination file exists... 22:41:09 PassAll
22:41:09 [CopyHandler] Destination file exists... 22:41:09 PassAll
22:41:09 [CopyHandler] Destination file exists... 22:41:09 PassAll
22:41:09 [CopyHandler] Destination file exists... 22:41:09 PassAll
22:41:09 [CopyHandler] Destination file exists... 22:41:09 PassAll
22:41:09 [CopyHandler] Destination file exists... 22:41:09 PassAll
22:41:09 [CopyHandler] Destination file exists... 22:41:09 PassAll
22:41:09 [CopyHandler] Destination file exists... 22:41:09 PassAll
22:41:09 [CopyHandler] Destination file exists... 22:41:09 PassAll
22:41:09 [CopyHandler] Destination file exists... 22:41:09 PassAll
22:41:09 [CopyHandler] Destination file exists... 22:41:09 PassAll
22:41:09 [CopyHandler] Destination file exists... 22:41:09 PassAll
22:41:09 [CopyHandler] Destination file exists... 22:41:09 PassAll
22:41:09 [CopyHandler] Destination file exists... 22:41:09 PassAll
22:41:09 [CopyHandler] Destination file exists... 22:41:09 PassAll
22:41:10 [CopyHandler] Destination file exists... 22:41:10 PassAll
22:41:10 [CopyHandler] Destination file exists... 22:41:10 PassAll
22:41:10 [CopyHandler] Destination file exists... 22:41:10 PassAll
22:41:10 [CopyHandler] Destination file exists... 22:41:10 PassAll
22:41:10 [CopyHandler] Destination file exists... 22:41:10 PassAll
22:41:10 [CopyHandler] Destination file exists... 22:41:10 PassAll
22:41:10 [CopyHandler] Destination file exists... 22:41:10 PassAll
22:41:10 [CopyHandler] Destination file exists... 22:41:10 PassAll
22:41:10 [CopyHandler] Destination file exists... 22:41:10 PassAll
22:41:10 [CopyHandler] Destination file exists... 22:41:10 PassAll
22:41:10 [CopyHandler] Destination file exists... 22:41:10 PassAll
