****** Initialisation Logger - niveau: 0 ******
14:18:33 Language fr-FR - 1.0.0.4, loading...
14:19:15 [Main] PackMe for 'Donkey Kong Country' | 'fc1ac9d2-d88a-4851-8939-cea8ddeb74bb'
14:19:15 Directory Exists 'G:\Temp\pmg - temp\Super Nintendo Entertainment System\Donkey Kong Country (E) (M3) (V1.0) [f1]'
14:19:19 [MakeStructure] Creation of the tree
14:19:19 [CreateHFolders] Creation of 'G:\Temp\pmg - temp\Super Nintendo Entertainment System\Donkey Kong Country (E) (M3) (V1.0) [f1]\Games'
14:19:19 [CreateHFolders] Creation of 'G:\Temp\pmg - temp\Super Nintendo Entertainment System\Donkey Kong Country (E) (M3) (V1.0) [f1]\CheatCodes'
14:19:19 [CreateHFolders] Creation of 'G:\Temp\pmg - temp\Super Nintendo Entertainment System\Donkey Kong Country (E) (M3) (V1.0) [f1]\Images'
14:19:19 [CreateHFolders] Creation of 'G:\Temp\pmg - temp\Super Nintendo Entertainment System\Donkey Kong Country (E) (M3) (V1.0) [f1]\Manuals'
14:19:19 [CreateHFolders] Creation of 'G:\Temp\pmg - temp\Super Nintendo Entertainment System\Donkey Kong Country (E) (M3) (V1.0) [f1]\Musics'
14:19:19 [CreateHFolders] Creation of 'G:\Temp\pmg - temp\Super Nintendo Entertainment System\Donkey Kong Country (E) (M3) (V1.0) [f1]\Videos'
14:19:19 Not managed: GogAppId
14:19:19 Not managed: OriginAppId
14:19:19 Not managed: OriginInstallPath
14:19:19 Not managed: MissingBox3dImage
14:19:19 Not managed: MissingCartImage
14:19:19 Not managed: MissingCart3dImage
14:19:19 Not managed: MissingManual
14:19:19 Not managed: MissingBannerImage
14:19:19 Not managed: MissingMusic
14:19:19 Not managed: UsePauseScreen
14:19:19 Not managed: PauseAutoHotkeyScript
14:19:19 Not managed: ResumeAutoHotkeyScript
14:19:19 Not managed: OverrideDefaultPauseScreenSettings
14:19:19 Not managed: SuspendProcessOnPause
14:19:19 Not managed: ForcefulPauseScreenActivation
14:19:19 Not managed: LoadStateAutoHotkeyScript
14:19:19 Not managed: SaveStateAutoHotkeyScript
14:19:19 Not managed: ResetAutoHotkeyScript
14:19:19 Not managed: SwapDiscsAutoHotkeyScript
14:19:19 [CopyHandler] Destination file exists... 14:19:21 PassAll
14:19:21 [CopyHandler] Destination file exists... 14:19:21 PassAll
14:19:21 [CopyHandler] Destination file exists... 14:19:21 PassAll
14:19:21 [CopyHandler] Destination file exists... 14:19:21 PassAll
14:19:21 [CopyHandler] Destination file exists... 14:19:21 PassAll
14:19:21 		[CopyImages] Found 'G:\Plateformes\Images\Nintendo - SNES\Box - Front\Donkey Kong Country-01.png' in 'G:\Plateformes\Images\Nintendo - SNES\Box - Front'
14:19:21 		[CopyImages] Found 'G:\Plateformes\Images\Nintendo - SNES\Box - Front\France\Donkey Kong Country-01.png' in 'G:\Plateformes\Images\Nintendo - SNES\Box - Front'
14:19:21 		[CopyImages] Found 'G:\Plateformes\Images\Nintendo - SNES\Box - Back\North America\Donkey Kong Country-01.jpg' in 'G:\Plateformes\Images\Nintendo - SNES\Box - Back'
14:19:21 		[CopyImages] Found 'G:\Plateformes\Images\Nintendo - SNES\Box - 3D\Donkey Kong Country-01.png' in 'G:\Plateformes\Images\Nintendo - SNES\Box - 3D'
14:19:21 		[CopyImages] Found 'G:\Plateformes\Images\Nintendo - SNES\Box - 3D\Donkey Kong Country-02.png' in 'G:\Plateformes\Images\Nintendo - SNES\Box - 3D'
14:19:21 		[CopyImages] Found 'G:\Plateformes\Images\Nintendo - SNES\Box - 3D\Europe\Donkey Kong Country-01.png' in 'G:\Plateformes\Images\Nintendo - SNES\Box - 3D'
14:19:22 		[CopyImages] Found 'G:\Plateformes\Images\Nintendo - SNES\Arcade - Marquee\Donkey Kong Country-01.png' in 'G:\Plateformes\Images\Nintendo - SNES\Arcade - Marquee'
14:19:22 		[CopyImages] Found 'G:\Plateformes\Images\Nintendo - SNES\Banner\Donkey Kong Country-01.jpg' in 'G:\Plateformes\Images\Nintendo - SNES\Banner'
14:19:22 		[CopyImages] Found 'G:\Plateformes\Images\Nintendo - SNES\Banner\Donkey Kong Country-01.png' in 'G:\Plateformes\Images\Nintendo - SNES\Banner'
14:19:22 		[CopyImages] Found 'G:\Plateformes\Images\Nintendo - SNES\Banner\Donkey Kong Country-02.jpg' in 'G:\Plateformes\Images\Nintendo - SNES\Banner'
14:19:22 		[CopyImages] Found 'G:\Plateformes\Images\Nintendo - SNES\Banner\Donkey Kong Country-02.png' in 'G:\Plateformes\Images\Nintendo - SNES\Banner'
14:19:22 		[CopyImages] Found 'G:\Plateformes\Images\Nintendo - SNES\Banner\Donkey Kong Country-03.png' in 'G:\Plateformes\Images\Nintendo - SNES\Banner'
14:19:22 		[CopyImages] Found 'G:\Plateformes\Images\Nintendo - SNES\Cart - Front\Donkey Kong Country-01.png' in 'G:\Plateformes\Images\Nintendo - SNES\Cart - Front'
14:19:22 		[CopyImages] Found 'G:\Plateformes\Images\Nintendo - SNES\Cart - Front\Japan\Donkey Kong Country-01.jpg' in 'G:\Plateformes\Images\Nintendo - SNES\Cart - Front'
14:19:22 		[CopyImages] Found 'G:\Plateformes\Images\Nintendo - SNES\Cart - 3D\Donkey Kong Country-01.png' in 'G:\Plateformes\Images\Nintendo - SNES\Cart - 3D'
14:19:22 		[CopyImages] Found 'G:\Plateformes\Images\Nintendo - SNES\Cart - 3D\North America\Donkey Kong Country-01.png' in 'G:\Plateformes\Images\Nintendo - SNES\Cart - 3D'
14:19:22 		[CopyImages] Found 'G:\Plateformes\Images\Nintendo - SNES\Clear Logo\Donkey Kong Country-01.png' in 'G:\Plateformes\Images\Nintendo - SNES\Clear Logo'
14:19:22 		[CopyImages] Found 'G:\Plateformes\Images\Nintendo - SNES\Clear Logo\North America\Donkey Kong Country-01.png' in 'G:\Plateformes\Images\Nintendo - SNES\Clear Logo'
14:19:22 		[CopyImages] Found 'G:\Plateformes\Images\Nintendo - SNES\Fanart - Box - Back\North America\Donkey Kong Country-01.jpg' in 'G:\Plateformes\Images\Nintendo - SNES\Fanart - Box - Back'
14:19:22 		[CopyImages] Found 'G:\Plateformes\Images\Nintendo - SNES\Fanart - Cart - Front\Europe\Donkey Kong Country-01.png' in 'G:\Plateformes\Images\Nintendo - SNES\Fanart - Cart - Front'
14:19:22 		[CopyImages] Found 'G:\Plateformes\Images\Nintendo - SNES\Fanart - Background\Donkey Kong Country-01.jpg' in 'G:\Plateformes\Images\Nintendo - SNES\Fanart - Background'
14:19:22 		[CopyImages] Found 'G:\Plateformes\Images\Nintendo - SNES\Fanart - Background\Donkey Kong Country-01.png' in 'G:\Plateformes\Images\Nintendo - SNES\Fanart - Background'
14:19:22 		[CopyImages] Found 'G:\Plateformes\Images\Nintendo - SNES\Fanart - Background\Donkey Kong Country-02.jpg' in 'G:\Plateformes\Images\Nintendo - SNES\Fanart - Background'
14:19:22 		[CopyImages] Found 'G:\Plateformes\Images\Nintendo - SNES\Fanart - Background\Donkey Kong Country-03.jpg' in 'G:\Plateformes\Images\Nintendo - SNES\Fanart - Background'
14:19:22 		[CopyImages] Found 'G:\Plateformes\Images\Nintendo - SNES\Fanart - Background\Donkey Kong Country-04.jpg' in 'G:\Plateformes\Images\Nintendo - SNES\Fanart - Background'
14:19:22 		[CopyImages] Found 'G:\Plateformes\Images\Nintendo - SNES\Fanart - Background\Donkey Kong Country-05.jpg' in 'G:\Plateformes\Images\Nintendo - SNES\Fanart - Background'
14:19:22 		[CopyImages] Found 'G:\Plateformes\Images\Nintendo - SNES\Fanart - Background\Donkey Kong Country-06.jpg' in 'G:\Plateformes\Images\Nintendo - SNES\Fanart - Background'
14:19:22 		[CopyImages] Found 'G:\Plateformes\Images\Nintendo - SNES\Fanart - Background\Donkey Kong Country-07.jpg' in 'G:\Plateformes\Images\Nintendo - SNES\Fanart - Background'
14:19:22 		[CopyImages] Found 'G:\Plateformes\Images\Nintendo - SNES\Fanart - Background\Donkey Kong Country-08.jpg' in 'G:\Plateformes\Images\Nintendo - SNES\Fanart - Background'
14:19:22 		[CopyImages] Found 'G:\Plateformes\Images\Nintendo - SNES\Fanart - Background\Donkey Kong Country-09.jpg' in 'G:\Plateformes\Images\Nintendo - SNES\Fanart - Background'
14:19:22 		[CopyImages] Found 'G:\Plateformes\Images\Nintendo - SNES\Fanart - Background\Donkey Kong Country-10.jpg' in 'G:\Plateformes\Images\Nintendo - SNES\Fanart - Background'
14:19:22 		[CopyImages] Found 'G:\Plateformes\Images\Nintendo - SNES\Fanart - Background\Donkey Kong Country-11.jpg' in 'G:\Plateformes\Images\Nintendo - SNES\Fanart - Background'
14:19:22 		[CopyImages] Found 'G:\Plateformes\Images\Nintendo - SNES\Fanart - Background\Donkey Kong Country-12.jpg' in 'G:\Plateformes\Images\Nintendo - SNES\Fanart - Background'
14:19:22 		[CopyImages] Found 'G:\Plateformes\Images\Nintendo - SNES\Fanart - Background\Donkey Kong Country-13.jpg' in 'G:\Plateformes\Images\Nintendo - SNES\Fanart - Background'
14:19:22 		[CopyImages] Found 'G:\Plateformes\Images\Nintendo - SNES\Fanart - Background\Donkey Kong Country-14.jpg' in 'G:\Plateformes\Images\Nintendo - SNES\Fanart - Background'
14:19:22 		[CopyImages] Found 'G:\Plateformes\Images\Nintendo - SNES\Fanart - Background\Donkey Kong Country-15.jpg' in 'G:\Plateformes\Images\Nintendo - SNES\Fanart - Background'
14:19:22 		[CopyImages] Found 'G:\Plateformes\Images\Nintendo - SNES\Fanart - Background\Donkey Kong Country-16.jpg' in 'G:\Plateformes\Images\Nintendo - SNES\Fanart - Background'
14:19:22 		[CopyImages] Found 'G:\Plateformes\Images\Nintendo - SNES\Screenshot - Gameplay\Europe\Donkey Kong Country-01.png' in 'G:\Plateformes\Images\Nintendo - SNES\Screenshot - Gameplay'
14:19:22 		[CopyImages] Found 'G:\Plateformes\Images\Nintendo - SNES\Screenshot - Game Title\Europe\Donkey Kong Country-01.png' in 'G:\Plateformes\Images\Nintendo - SNES\Screenshot - Game Title'
14:19:22 		[CopyImages] Found 'G:\Plateformes\Images\Nintendo - SNES\Screenshot - Game Over\Donkey Kong Country-01.png' in 'G:\Plateformes\Images\Nintendo - SNES\Screenshot - Game Over'
14:19:22 [CopyHandler] Destination file exists... 14:19:24 PassAll
14:19:24 [CopyHandler] Destination file exists... 14:19:24 PassAll
14:19:24 [CopyHandler] Destination file exists... 14:19:24 PassAll
14:19:24 [CopyHandler] Destination file exists... 14:19:24 PassAll
14:19:24 [CopyHandler] Destination file exists... 14:19:24 PassAll
14:19:24 [CopyHandler] Destination file exists... 14:19:24 PassAll
14:19:24 [CopyHandler] Destination file exists... 14:19:24 PassAll
14:19:24 [CopyHandler] Destination file exists... 14:19:24 PassAll
14:19:24 [CopyHandler] Destination file exists... 14:19:24 PassAll
14:19:24 [CopyHandler] Destination file exists... 14:19:24 PassAll
14:19:24 [CopyHandler] Destination file exists... 14:19:24 PassAll
14:19:24 [CopyHandler] Destination file exists... 14:19:24 PassAll
14:19:24 [CopyHandler] Destination file exists... 14:19:24 PassAll
14:19:24 [CopyHandler] Destination file exists... 14:19:24 PassAll
14:19:24 [CopyHandler] Destination file exists... 14:19:24 PassAll
14:19:24 [CopyHandler] Destination file exists... 14:19:24 PassAll
14:19:24 [CopyHandler] Destination file exists... 14:19:24 PassAll
14:19:24 [CopyHandler] Destination file exists... 14:19:24 PassAll
14:19:24 [CopyHandler] Destination file exists... 14:19:24 PassAll
14:19:24 [CopyHandler] Destination file exists... 14:19:24 PassAll
14:19:24 [CopyHandler] Destination file exists... 14:19:24 PassAll
14:19:24 [CopyHandler] Destination file exists... 14:19:24 PassAll
14:19:24 [CopyHandler] Destination file exists... 14:19:24 PassAll
14:19:24 [CopyHandler] Destination file exists... 14:19:24 PassAll
14:19:24 [CopyHandler] Destination file exists... 14:19:24 PassAll
14:19:24 [CopyHandler] Destination file exists... 14:19:24 PassAll
14:19:24 [CopyHandler] Destination file exists... 14:19:24 PassAll
14:19:24 [CopyHandler] Destination file exists... 14:19:24 PassAll
14:19:24 [CopyHandler] Destination file exists... 14:19:24 PassAll
14:19:24 [CopyHandler] Destination file exists... 14:19:24 PassAll
14:19:24 [CopyHandler] Destination file exists... 14:19:24 PassAll
14:19:24 [CopyHandler] Destination file exists... 14:19:24 PassAll
14:19:24 [CopyHandler] Destination file exists... 14:19:24 PassAll
14:19:24 [CopyHandler] Destination file exists... 14:19:24 PassAll
14:19:24 [CopyHandler] Destination file exists... 14:19:24 PassAll
14:19:24 [CopyHandler] Destination file exists... 14:19:24 PassAll
14:19:24 [CopyHandler] Destination file exists... 14:19:24 PassAll
14:19:24 [CopyHandler] Destination file exists... 14:19:24 PassAll
14:19:24 [CopyHandler] Destination file exists... 14:19:24 PassAll
14:19:24 [CopyHandler] Destination file exists... 14:19:24 PassAll
14:19:24 [CopyHandler] Destination file exists... 14:19:24 PassAll
14:19:24 [CopyHandler] Destination file exists... 14:19:24 PassAll
14:19:24 [CopyHandler] Destination file exists... 14:19:24 PassAll
14:19:24 [CopyHandler] Destination file exists... 14:19:24 PassAll
14:19:24 [CopyHandler] Destination file exists... 14:19:24 PassAll
14:19:24 [CopyHandler] Destination file exists... 14:19:24 PassAll
14:19:24 [CopyHandler] Destination file exists... 14:19:24 PassAll
14:19:24 [CopyHandler] Destination file exists... 14:19:24 PassAll
14:19:24 [CopyHandler] Destination file exists... 14:19:24 PassAll
14:19:24 [CopyHandler] Destination file exists... 14:19:24 PassAll
14:19:24 [CopyHandler] Destination file exists... 14:19:24 PassAll
14:20:06 [Run] Zip Compression disabled
14:20:11 A task was canceled.
14:20:43 [Main] PackMe for 'Donkey Kong Country' | 'fc1ac9d2-d88a-4851-8939-cea8ddeb74bb'
14:20:43 Directory Exists 'G:\Temp\pmg - temp\Super Nintendo Entertainment System\Donkey Kong Country (E) (M3) (V1.0) [f1]'
14:20:46 [MakeStructure] Creation of the tree
14:20:46 [CreateHFolders] Creation of 'G:\Temp\pmg - temp\Super Nintendo Entertainment System\Donkey Kong Country (E) (M3) (V1.0) [f1]\Games'
14:20:46 [CreateHFolders] Creation of 'G:\Temp\pmg - temp\Super Nintendo Entertainment System\Donkey Kong Country (E) (M3) (V1.0) [f1]\CheatCodes'
14:20:46 [CreateHFolders] Creation of 'G:\Temp\pmg - temp\Super Nintendo Entertainment System\Donkey Kong Country (E) (M3) (V1.0) [f1]\Images'
14:20:46 [CreateHFolders] Creation of 'G:\Temp\pmg - temp\Super Nintendo Entertainment System\Donkey Kong Country (E) (M3) (V1.0) [f1]\Manuals'
14:20:46 [CreateHFolders] Creation of 'G:\Temp\pmg - temp\Super Nintendo Entertainment System\Donkey Kong Country (E) (M3) (V1.0) [f1]\Musics'
14:20:46 [CreateHFolders] Creation of 'G:\Temp\pmg - temp\Super Nintendo Entertainment System\Donkey Kong Country (E) (M3) (V1.0) [f1]\Videos'
14:20:46 Not managed: GogAppId
14:20:46 Not managed: GogAppId
14:20:46 Not managed: OriginAppId
14:20:46 Not managed: OriginAppId
14:20:46 Not managed: OriginInstallPath
14:20:46 Not managed: OriginInstallPath
14:20:46 Not managed: MissingBox3dImage
14:20:46 Not managed: MissingBox3dImage
14:20:46 Not managed: MissingCartImage
14:20:46 Not managed: MissingCartImage
14:20:46 Not managed: MissingCart3dImage
14:20:46 Not managed: MissingCart3dImage
14:20:46 Not managed: MissingManual
14:20:46 Not managed: MissingManual
14:20:46 Not managed: MissingBannerImage
14:20:46 Not managed: MissingBannerImage
14:20:46 Not managed: MissingMusic
14:20:46 Not managed: MissingMusic
14:20:46 Not managed: UsePauseScreen
14:20:46 Not managed: UsePauseScreen
14:20:46 Not managed: PauseAutoHotkeyScript
14:20:46 Not managed: PauseAutoHotkeyScript
14:20:46 Not managed: ResumeAutoHotkeyScript
14:20:46 Not managed: ResumeAutoHotkeyScript
14:20:46 Not managed: OverrideDefaultPauseScreenSettings
14:20:46 Not managed: OverrideDefaultPauseScreenSettings
14:20:46 Not managed: SuspendProcessOnPause
14:20:46 Not managed: SuspendProcessOnPause
14:20:46 Not managed: ForcefulPauseScreenActivation
14:20:46 Not managed: ForcefulPauseScreenActivation
14:20:46 Not managed: LoadStateAutoHotkeyScript
14:20:46 Not managed: LoadStateAutoHotkeyScript
14:20:46 Not managed: SaveStateAutoHotkeyScript
14:20:46 Not managed: SaveStateAutoHotkeyScript
14:20:46 Not managed: ResetAutoHotkeyScript
14:20:46 Not managed: ResetAutoHotkeyScript
14:20:46 Not managed: SwapDiscsAutoHotkeyScript
14:20:46 Not managed: SwapDiscsAutoHotkeyScript
14:20:46 [CopyHandler] Destination file exists... 14:20:51 PassAll
14:20:51 [CopyHandler] Destination file exists... 14:20:51 PassAll
14:20:51 [CopyHandler] Destination file exists... 14:20:51 PassAll
14:20:51 [CopyHandler] Destination file exists... 14:20:51 PassAll
14:20:51 [CopyHandler] Destination file exists... 14:20:51 PassAll
14:20:51 		[CopyImages] Found 'G:\Plateformes\Images\Nintendo - SNES\Box - Front\Donkey Kong Country-01.png' in 'G:\Plateformes\Images\Nintendo - SNES\Box - Front'
14:20:51 		[CopyImages] Found 'G:\Plateformes\Images\Nintendo - SNES\Box - Front\France\Donkey Kong Country-01.png' in 'G:\Plateformes\Images\Nintendo - SNES\Box - Front'
14:20:51 		[CopyImages] Found 'G:\Plateformes\Images\Nintendo - SNES\Box - Back\North America\Donkey Kong Country-01.jpg' in 'G:\Plateformes\Images\Nintendo - SNES\Box - Back'
14:20:51 		[CopyImages] Found 'G:\Plateformes\Images\Nintendo - SNES\Box - 3D\Donkey Kong Country-01.png' in 'G:\Plateformes\Images\Nintendo - SNES\Box - 3D'
14:20:51 		[CopyImages] Found 'G:\Plateformes\Images\Nintendo - SNES\Box - 3D\Donkey Kong Country-02.png' in 'G:\Plateformes\Images\Nintendo - SNES\Box - 3D'
14:20:51 		[CopyImages] Found 'G:\Plateformes\Images\Nintendo - SNES\Box - 3D\Europe\Donkey Kong Country-01.png' in 'G:\Plateformes\Images\Nintendo - SNES\Box - 3D'
14:20:51 		[CopyImages] Found 'G:\Plateformes\Images\Nintendo - SNES\Arcade - Marquee\Donkey Kong Country-01.png' in 'G:\Plateformes\Images\Nintendo - SNES\Arcade - Marquee'
14:20:51 		[CopyImages] Found 'G:\Plateformes\Images\Nintendo - SNES\Banner\Donkey Kong Country-01.jpg' in 'G:\Plateformes\Images\Nintendo - SNES\Banner'
14:20:51 		[CopyImages] Found 'G:\Plateformes\Images\Nintendo - SNES\Banner\Donkey Kong Country-01.png' in 'G:\Plateformes\Images\Nintendo - SNES\Banner'
14:20:51 		[CopyImages] Found 'G:\Plateformes\Images\Nintendo - SNES\Banner\Donkey Kong Country-02.jpg' in 'G:\Plateformes\Images\Nintendo - SNES\Banner'
14:20:51 		[CopyImages] Found 'G:\Plateformes\Images\Nintendo - SNES\Banner\Donkey Kong Country-02.png' in 'G:\Plateformes\Images\Nintendo - SNES\Banner'
14:20:51 		[CopyImages] Found 'G:\Plateformes\Images\Nintendo - SNES\Banner\Donkey Kong Country-03.png' in 'G:\Plateformes\Images\Nintendo - SNES\Banner'
14:20:51 		[CopyImages] Found 'G:\Plateformes\Images\Nintendo - SNES\Cart - Front\Donkey Kong Country-01.png' in 'G:\Plateformes\Images\Nintendo - SNES\Cart - Front'
14:20:51 		[CopyImages] Found 'G:\Plateformes\Images\Nintendo - SNES\Cart - Front\Japan\Donkey Kong Country-01.jpg' in 'G:\Plateformes\Images\Nintendo - SNES\Cart - Front'
14:20:51 		[CopyImages] Found 'G:\Plateformes\Images\Nintendo - SNES\Cart - 3D\Donkey Kong Country-01.png' in 'G:\Plateformes\Images\Nintendo - SNES\Cart - 3D'
14:20:51 		[CopyImages] Found 'G:\Plateformes\Images\Nintendo - SNES\Cart - 3D\North America\Donkey Kong Country-01.png' in 'G:\Plateformes\Images\Nintendo - SNES\Cart - 3D'
14:20:51 		[CopyImages] Found 'G:\Plateformes\Images\Nintendo - SNES\Clear Logo\Donkey Kong Country-01.png' in 'G:\Plateformes\Images\Nintendo - SNES\Clear Logo'
14:20:51 		[CopyImages] Found 'G:\Plateformes\Images\Nintendo - SNES\Clear Logo\North America\Donkey Kong Country-01.png' in 'G:\Plateformes\Images\Nintendo - SNES\Clear Logo'
14:20:51 		[CopyImages] Found 'G:\Plateformes\Images\Nintendo - SNES\Fanart - Box - Back\North America\Donkey Kong Country-01.jpg' in 'G:\Plateformes\Images\Nintendo - SNES\Fanart - Box - Back'
14:20:51 		[CopyImages] Found 'G:\Plateformes\Images\Nintendo - SNES\Fanart - Cart - Front\Europe\Donkey Kong Country-01.png' in 'G:\Plateformes\Images\Nintendo - SNES\Fanart - Cart - Front'
14:20:51 		[CopyImages] Found 'G:\Plateformes\Images\Nintendo - SNES\Fanart - Background\Donkey Kong Country-01.jpg' in 'G:\Plateformes\Images\Nintendo - SNES\Fanart - Background'
14:20:51 		[CopyImages] Found 'G:\Plateformes\Images\Nintendo - SNES\Fanart - Background\Donkey Kong Country-01.png' in 'G:\Plateformes\Images\Nintendo - SNES\Fanart - Background'
14:20:51 		[CopyImages] Found 'G:\Plateformes\Images\Nintendo - SNES\Fanart - Background\Donkey Kong Country-02.jpg' in 'G:\Plateformes\Images\Nintendo - SNES\Fanart - Background'
14:20:51 		[CopyImages] Found 'G:\Plateformes\Images\Nintendo - SNES\Fanart - Background\Donkey Kong Country-03.jpg' in 'G:\Plateformes\Images\Nintendo - SNES\Fanart - Background'
14:20:51 		[CopyImages] Found 'G:\Plateformes\Images\Nintendo - SNES\Fanart - Background\Donkey Kong Country-04.jpg' in 'G:\Plateformes\Images\Nintendo - SNES\Fanart - Background'
14:20:51 		[CopyImages] Found 'G:\Plateformes\Images\Nintendo - SNES\Fanart - Background\Donkey Kong Country-05.jpg' in 'G:\Plateformes\Images\Nintendo - SNES\Fanart - Background'
14:20:51 		[CopyImages] Found 'G:\Plateformes\Images\Nintendo - SNES\Fanart - Background\Donkey Kong Country-06.jpg' in 'G:\Plateformes\Images\Nintendo - SNES\Fanart - Background'
14:20:51 		[CopyImages] Found 'G:\Plateformes\Images\Nintendo - SNES\Fanart - Background\Donkey Kong Country-07.jpg' in 'G:\Plateformes\Images\Nintendo - SNES\Fanart - Background'
14:20:51 		[CopyImages] Found 'G:\Plateformes\Images\Nintendo - SNES\Fanart - Background\Donkey Kong Country-08.jpg' in 'G:\Plateformes\Images\Nintendo - SNES\Fanart - Background'
14:20:51 		[CopyImages] Found 'G:\Plateformes\Images\Nintendo - SNES\Fanart - Background\Donkey Kong Country-09.jpg' in 'G:\Plateformes\Images\Nintendo - SNES\Fanart - Background'
14:20:51 		[CopyImages] Found 'G:\Plateformes\Images\Nintendo - SNES\Fanart - Background\Donkey Kong Country-10.jpg' in 'G:\Plateformes\Images\Nintendo - SNES\Fanart - Background'
14:20:51 		[CopyImages] Found 'G:\Plateformes\Images\Nintendo - SNES\Fanart - Background\Donkey Kong Country-11.jpg' in 'G:\Plateformes\Images\Nintendo - SNES\Fanart - Background'
14:20:51 		[CopyImages] Found 'G:\Plateformes\Images\Nintendo - SNES\Fanart - Background\Donkey Kong Country-12.jpg' in 'G:\Plateformes\Images\Nintendo - SNES\Fanart - Background'
14:20:51 		[CopyImages] Found 'G:\Plateformes\Images\Nintendo - SNES\Fanart - Background\Donkey Kong Country-13.jpg' in 'G:\Plateformes\Images\Nintendo - SNES\Fanart - Background'
14:20:51 		[CopyImages] Found 'G:\Plateformes\Images\Nintendo - SNES\Fanart - Background\Donkey Kong Country-14.jpg' in 'G:\Plateformes\Images\Nintendo - SNES\Fanart - Background'
14:20:51 		[CopyImages] Found 'G:\Plateformes\Images\Nintendo - SNES\Fanart - Background\Donkey Kong Country-15.jpg' in 'G:\Plateformes\Images\Nintendo - SNES\Fanart - Background'
14:20:51 		[CopyImages] Found 'G:\Plateformes\Images\Nintendo - SNES\Fanart - Background\Donkey Kong Country-16.jpg' in 'G:\Plateformes\Images\Nintendo - SNES\Fanart - Background'
14:20:51 		[CopyImages] Found 'G:\Plateformes\Images\Nintendo - SNES\Screenshot - Gameplay\Europe\Donkey Kong Country-01.png' in 'G:\Plateformes\Images\Nintendo - SNES\Screenshot - Gameplay'
14:20:51 		[CopyImages] Found 'G:\Plateformes\Images\Nintendo - SNES\Screenshot - Game Title\Europe\Donkey Kong Country-01.png' in 'G:\Plateformes\Images\Nintendo - SNES\Screenshot - Game Title'
14:20:51 		[CopyImages] Found 'G:\Plateformes\Images\Nintendo - SNES\Screenshot - Game Over\Donkey Kong Country-01.png' in 'G:\Plateformes\Images\Nintendo - SNES\Screenshot - Game Over'
14:20:51 [CopyHandler] Destination file exists... 14:20:54 PassAll
14:20:54 [CopyHandler] Destination file exists... 14:20:54 PassAll
14:20:54 [CopyHandler] Destination file exists... 14:20:54 PassAll
14:20:54 [CopyHandler] Destination file exists... 14:20:54 PassAll
14:20:54 [CopyHandler] Destination file exists... 14:20:54 PassAll
14:20:54 [CopyHandler] Destination file exists... 14:20:54 PassAll
14:20:54 [CopyHandler] Destination file exists... 14:20:54 PassAll
14:20:54 [CopyHandler] Destination file exists... 14:20:54 PassAll
14:20:54 [CopyHandler] Destination file exists... 14:20:54 PassAll
14:20:54 [CopyHandler] Destination file exists... 14:20:54 PassAll
14:20:54 [CopyHandler] Destination file exists... 14:20:54 PassAll
14:20:54 [CopyHandler] Destination file exists... 14:20:54 PassAll
14:20:54 [CopyHandler] Destination file exists... 14:20:54 PassAll
14:20:54 [CopyHandler] Destination file exists... 14:20:54 PassAll
14:20:54 [CopyHandler] Destination file exists... 14:20:54 PassAll
14:20:54 [CopyHandler] Destination file exists... 14:20:54 PassAll
14:20:54 [CopyHandler] Destination file exists... 14:20:54 PassAll
14:20:54 [CopyHandler] Destination file exists... 14:20:54 PassAll
14:20:54 [CopyHandler] Destination file exists... 14:20:54 PassAll
14:20:54 [CopyHandler] Destination file exists... 14:20:54 PassAll
14:20:54 [CopyHandler] Destination file exists... 14:20:54 PassAll
14:20:54 [CopyHandler] Destination file exists... 14:20:54 PassAll
14:20:54 [CopyHandler] Destination file exists... 14:20:54 PassAll
14:20:54 [CopyHandler] Destination file exists... 14:20:54 PassAll
14:20:54 [CopyHandler] Destination file exists... 14:20:54 PassAll
14:20:54 [CopyHandler] Destination file exists... 14:20:54 PassAll
14:20:54 [CopyHandler] Destination file exists... 14:20:54 PassAll
14:20:54 [CopyHandler] Destination file exists... 14:20:54 PassAll
14:20:54 [CopyHandler] Destination file exists... 14:20:54 PassAll
14:20:54 [CopyHandler] Destination file exists... 14:20:54 PassAll
14:20:54 [CopyHandler] Destination file exists... 14:20:54 PassAll
14:20:54 [CopyHandler] Destination file exists... 14:20:54 PassAll
14:20:54 [CopyHandler] Destination file exists... 14:20:54 PassAll
14:20:54 [CopyHandler] Destination file exists... 14:20:54 PassAll
14:20:54 [CopyHandler] Destination file exists... 14:20:54 PassAll
14:20:54 [CopyHandler] Destination file exists... 14:20:54 PassAll
14:20:54 [CopyHandler] Destination file exists... 14:20:54 PassAll
14:20:54 [CopyHandler] Destination file exists... 14:20:54 PassAll
14:20:54 [CopyHandler] Destination file exists... 14:20:54 PassAll
14:20:54 [CopyHandler] Destination file exists... 14:20:54 PassAll
14:20:54 [CopyHandler] Destination file exists... 14:20:54 PassAll
14:20:54 [CopyHandler] Destination file exists... 14:20:54 PassAll
14:20:54 [CopyHandler] Destination file exists... 14:20:54 PassAll
14:20:54 [CopyHandler] Destination file exists... 14:20:54 PassAll
14:20:54 [CopyHandler] Destination file exists... 14:20:54 PassAll
14:20:54 [CopyHandler] Destination file exists... 14:20:54 PassAll
14:20:54 [CopyHandler] Destination file exists... 14:20:54 PassAll
14:20:54 [CopyHandler] Destination file exists... 14:20:54 PassAll
14:20:54 [CopyHandler] Destination file exists... 14:20:54 PassAll
14:20:54 [CopyHandler] Destination file exists... 14:20:54 PassAll
14:20:54 [CopyHandler] Destination file exists... 14:20:54 PassAll
