****** Initialisation Logger - niveau: 0 ******
23:10:26 Language fr-FR - 1.0.0.4, loading...
23:11:05 [Main] PackMe for 'Donkey Kong Country' | 'fc1ac9d2-d88a-4851-8939-cea8ddeb74bb'
23:11:05 Directory Exists 'G:\Temp\pmg - temp\Super Nintendo Entertainment System\Donkey Kong Country (E) (M3) (V1.0) [f1]'
23:11:08 Trash existing folder: 'G:\Temp\pmg - temp\Super Nintendo Entertainment System\Donkey Kong Country (E) (M3) (V1.0) [f1]'
23:11:09 [MakeStructure] Creation of the tree
23:11:09 [CreateHFolders] Creation of 'G:\Temp\pmg - temp\Super Nintendo Entertainment System\Donkey Kong Country (E) (M3) (V1.0) [f1]\Games'
23:11:09 [CreateHFolders] Creation of 'G:\Temp\pmg - temp\Super Nintendo Entertainment System\Donkey Kong Country (E) (M3) (V1.0) [f1]\CheatCodes'
23:11:09 [CreateHFolders] Creation of 'G:\Temp\pmg - temp\Super Nintendo Entertainment System\Donkey Kong Country (E) (M3) (V1.0) [f1]\Images'
23:11:09 [CreateHFolders] Creation of 'G:\Temp\pmg - temp\Super Nintendo Entertainment System\Donkey Kong Country (E) (M3) (V1.0) [f1]\Manuals'
23:11:09 [CreateHFolders] Creation of 'G:\Temp\pmg - temp\Super Nintendo Entertainment System\Donkey Kong Country (E) (M3) (V1.0) [f1]\Musics'
23:11:09 [CreateHFolders] Creation of 'G:\Temp\pmg - temp\Super Nintendo Entertainment System\Donkey Kong Country (E) (M3) (V1.0) [f1]\Videos'
23:11:09 Not managed: GogAppId
23:11:09 Not managed: OriginAppId
23:11:09 Not managed: OriginInstallPath
23:11:09 Not managed: MissingBox3dImage
23:11:09 Not managed: MissingCartImage
23:11:09 Not managed: MissingCart3dImage
23:11:09 Not managed: MissingManual
23:11:09 Not managed: MissingBannerImage
23:11:09 Not managed: MissingMusic
23:11:09 Not managed: UsePauseScreen
23:11:09 Not managed: PauseAutoHotkeyScript
23:11:09 Not managed: ResumeAutoHotkeyScript
23:11:09 Not managed: OverrideDefaultPauseScreenSettings
23:11:09 Not managed: SuspendProcessOnPause
23:11:09 Not managed: ForcefulPauseScreenActivation
23:11:09 Not managed: LoadStateAutoHotkeyScript
23:11:09 Not managed: SaveStateAutoHotkeyScript
23:11:09 Not managed: ResetAutoHotkeyScript
23:11:09 Not managed: SwapDiscsAutoHotkeyScript
23:11:09 [CopyFiles] Copy of the file 'Donkey Kong Country (E) (M3) (V1.0) [f1].sfc': Successful
23:11:12 [CopyFiles] Copy of the file 'Donkey Kong Country.pdf': Successful
23:11:14 [CopyFiles] Copy of the file 'Donkey Kong Country.mp3': Successful
23:11:15 [CopyFiles] Copy of the file 'Donkey Kong Country-01.mp4': Successful
23:11:16 [CopyHandler] Destination file exists... 23:11:20 PassAll
23:11:20 		[CopyImages] Found 'G:\Plateformes\Images\Nintendo - SNES\Box - Front\Donkey Kong Country-01.png' in 'G:\Plateformes\Images\Nintendo - SNES\Box - Front'
23:11:20 		[CopyImages] Found 'G:\Plateformes\Images\Nintendo - SNES\Box - Front\France\Donkey Kong Country-01.png' in 'G:\Plateformes\Images\Nintendo - SNES\Box - Front'
23:11:20 		[CopyImages] Found 'G:\Plateformes\Images\Nintendo - SNES\Box - Back\North America\Donkey Kong Country-01.jpg' in 'G:\Plateformes\Images\Nintendo - SNES\Box - Back'
23:11:20 		[CopyImages] Found 'G:\Plateformes\Images\Nintendo - SNES\Box - 3D\Donkey Kong Country-01.png' in 'G:\Plateformes\Images\Nintendo - SNES\Box - 3D'
23:11:20 		[CopyImages] Found 'G:\Plateformes\Images\Nintendo - SNES\Box - 3D\Donkey Kong Country-02.png' in 'G:\Plateformes\Images\Nintendo - SNES\Box - 3D'
23:11:20 		[CopyImages] Found 'G:\Plateformes\Images\Nintendo - SNES\Box - 3D\Europe\Donkey Kong Country-01.png' in 'G:\Plateformes\Images\Nintendo - SNES\Box - 3D'
23:11:20 		[CopyImages] Found 'G:\Plateformes\Images\Nintendo - SNES\Arcade - Marquee\Donkey Kong Country-01.png' in 'G:\Plateformes\Images\Nintendo - SNES\Arcade - Marquee'
23:11:20 		[CopyImages] Found 'G:\Plateformes\Images\Nintendo - SNES\Banner\Donkey Kong Country-01.jpg' in 'G:\Plateformes\Images\Nintendo - SNES\Banner'
23:11:20 		[CopyImages] Found 'G:\Plateformes\Images\Nintendo - SNES\Banner\Donkey Kong Country-01.png' in 'G:\Plateformes\Images\Nintendo - SNES\Banner'
23:11:20 		[CopyImages] Found 'G:\Plateformes\Images\Nintendo - SNES\Banner\Donkey Kong Country-02.jpg' in 'G:\Plateformes\Images\Nintendo - SNES\Banner'
23:11:20 		[CopyImages] Found 'G:\Plateformes\Images\Nintendo - SNES\Banner\Donkey Kong Country-02.png' in 'G:\Plateformes\Images\Nintendo - SNES\Banner'
23:11:20 		[CopyImages] Found 'G:\Plateformes\Images\Nintendo - SNES\Banner\Donkey Kong Country-03.png' in 'G:\Plateformes\Images\Nintendo - SNES\Banner'
23:11:20 		[CopyImages] Found 'G:\Plateformes\Images\Nintendo - SNES\Cart - Front\Donkey Kong Country-01.png' in 'G:\Plateformes\Images\Nintendo - SNES\Cart - Front'
23:11:20 		[CopyImages] Found 'G:\Plateformes\Images\Nintendo - SNES\Cart - Front\Japan\Donkey Kong Country-01.jpg' in 'G:\Plateformes\Images\Nintendo - SNES\Cart - Front'
23:11:20 		[CopyImages] Found 'G:\Plateformes\Images\Nintendo - SNES\Cart - 3D\Donkey Kong Country-01.png' in 'G:\Plateformes\Images\Nintendo - SNES\Cart - 3D'
23:11:20 		[CopyImages] Found 'G:\Plateformes\Images\Nintendo - SNES\Cart - 3D\North America\Donkey Kong Country-01.png' in 'G:\Plateformes\Images\Nintendo - SNES\Cart - 3D'
23:11:20 		[CopyImages] Found 'G:\Plateformes\Images\Nintendo - SNES\Clear Logo\Donkey Kong Country-01.png' in 'G:\Plateformes\Images\Nintendo - SNES\Clear Logo'
23:11:20 		[CopyImages] Found 'G:\Plateformes\Images\Nintendo - SNES\Clear Logo\North America\Donkey Kong Country-01.png' in 'G:\Plateformes\Images\Nintendo - SNES\Clear Logo'
23:11:20 		[CopyImages] Found 'G:\Plateformes\Images\Nintendo - SNES\Fanart - Box - Back\North America\Donkey Kong Country-01.jpg' in 'G:\Plateformes\Images\Nintendo - SNES\Fanart - Box - Back'
23:11:20 		[CopyImages] Found 'G:\Plateformes\Images\Nintendo - SNES\Fanart - Cart - Front\Europe\Donkey Kong Country-01.png' in 'G:\Plateformes\Images\Nintendo - SNES\Fanart - Cart - Front'
23:11:20 		[CopyImages] Found 'G:\Plateformes\Images\Nintendo - SNES\Fanart - Background\Donkey Kong Country-01.jpg' in 'G:\Plateformes\Images\Nintendo - SNES\Fanart - Background'
23:11:20 		[CopyImages] Found 'G:\Plateformes\Images\Nintendo - SNES\Fanart - Background\Donkey Kong Country-01.png' in 'G:\Plateformes\Images\Nintendo - SNES\Fanart - Background'
23:11:20 		[CopyImages] Found 'G:\Plateformes\Images\Nintendo - SNES\Fanart - Background\Donkey Kong Country-02.jpg' in 'G:\Plateformes\Images\Nintendo - SNES\Fanart - Background'
23:11:20 		[CopyImages] Found 'G:\Plateformes\Images\Nintendo - SNES\Fanart - Background\Donkey Kong Country-03.jpg' in 'G:\Plateformes\Images\Nintendo - SNES\Fanart - Background'
23:11:20 		[CopyImages] Found 'G:\Plateformes\Images\Nintendo - SNES\Fanart - Background\Donkey Kong Country-04.jpg' in 'G:\Plateformes\Images\Nintendo - SNES\Fanart - Background'
23:11:20 		[CopyImages] Found 'G:\Plateformes\Images\Nintendo - SNES\Fanart - Background\Donkey Kong Country-05.jpg' in 'G:\Plateformes\Images\Nintendo - SNES\Fanart - Background'
23:11:20 		[CopyImages] Found 'G:\Plateformes\Images\Nintendo - SNES\Fanart - Background\Donkey Kong Country-06.jpg' in 'G:\Plateformes\Images\Nintendo - SNES\Fanart - Background'
23:11:20 		[CopyImages] Found 'G:\Plateformes\Images\Nintendo - SNES\Fanart - Background\Donkey Kong Country-07.jpg' in 'G:\Plateformes\Images\Nintendo - SNES\Fanart - Background'
23:11:20 		[CopyImages] Found 'G:\Plateformes\Images\Nintendo - SNES\Fanart - Background\Donkey Kong Country-08.jpg' in 'G:\Plateformes\Images\Nintendo - SNES\Fanart - Background'
23:11:20 		[CopyImages] Found 'G:\Plateformes\Images\Nintendo - SNES\Fanart - Background\Donkey Kong Country-09.jpg' in 'G:\Plateformes\Images\Nintendo - SNES\Fanart - Background'
23:11:20 		[CopyImages] Found 'G:\Plateformes\Images\Nintendo - SNES\Fanart - Background\Donkey Kong Country-10.jpg' in 'G:\Plateformes\Images\Nintendo - SNES\Fanart - Background'
23:11:20 		[CopyImages] Found 'G:\Plateformes\Images\Nintendo - SNES\Fanart - Background\Donkey Kong Country-11.jpg' in 'G:\Plateformes\Images\Nintendo - SNES\Fanart - Background'
23:11:20 		[CopyImages] Found 'G:\Plateformes\Images\Nintendo - SNES\Fanart - Background\Donkey Kong Country-12.jpg' in 'G:\Plateformes\Images\Nintendo - SNES\Fanart - Background'
23:11:20 		[CopyImages] Found 'G:\Plateformes\Images\Nintendo - SNES\Fanart - Background\Donkey Kong Country-13.jpg' in 'G:\Plateformes\Images\Nintendo - SNES\Fanart - Background'
23:11:20 		[CopyImages] Found 'G:\Plateformes\Images\Nintendo - SNES\Fanart - Background\Donkey Kong Country-14.jpg' in 'G:\Plateformes\Images\Nintendo - SNES\Fanart - Background'
23:11:20 		[CopyImages] Found 'G:\Plateformes\Images\Nintendo - SNES\Fanart - Background\Donkey Kong Country-15.jpg' in 'G:\Plateformes\Images\Nintendo - SNES\Fanart - Background'
23:11:20 		[CopyImages] Found 'G:\Plateformes\Images\Nintendo - SNES\Fanart - Background\Donkey Kong Country-16.jpg' in 'G:\Plateformes\Images\Nintendo - SNES\Fanart - Background'
23:11:20 		[CopyImages] Found 'G:\Plateformes\Images\Nintendo - SNES\Screenshot - Gameplay\Europe\Donkey Kong Country-01.png' in 'G:\Plateformes\Images\Nintendo - SNES\Screenshot - Gameplay'
23:11:20 		[CopyImages] Found 'G:\Plateformes\Images\Nintendo - SNES\Screenshot - Game Title\Europe\Donkey Kong Country-01.png' in 'G:\Plateformes\Images\Nintendo - SNES\Screenshot - Game Title'
23:11:20 		[CopyImages] Found 'G:\Plateformes\Images\Nintendo - SNES\Screenshot - Game Over\Donkey Kong Country-01.png' in 'G:\Plateformes\Images\Nintendo - SNES\Screenshot - Game Over'
23:11:20 [CopyFiles] Copy of the file 'Donkey Kong Country-01.png': Successful
23:11:20 [CopyFiles] Copy of the file 'Donkey Kong Country-01.png': Successful
23:11:20 [CopyFiles] Copy of the file 'Donkey Kong Country-01.jpg': Successful
23:11:20 [CopyFiles] Copy of the file 'Donkey Kong Country-01.png': Successful
23:11:20 [CopyFiles] Copy of the file 'Donkey Kong Country-02.png': Successful
23:11:20 [CopyFiles] Copy of the file 'Donkey Kong Country-01.png': Successful
23:11:21 [CopyFiles] Copy of the file 'Donkey Kong Country-01.png': Successful
23:11:21 [CopyFiles] Copy of the file 'Donkey Kong Country-01.jpg': Successful
23:11:21 [CopyFiles] Copy of the file 'Donkey Kong Country-01.png': Successful
23:11:21 [CopyFiles] Copy of the file 'Donkey Kong Country-02.jpg': Successful
23:11:21 [CopyFiles] Copy of the file 'Donkey Kong Country-02.png': Successful
23:11:21 [CopyFiles] Copy of the file 'Donkey Kong Country-03.png': Successful
23:11:21 [CopyFiles] Copy of the file 'Donkey Kong Country-01.png': Successful
23:11:21 [CopyFiles] Copy of the file 'Donkey Kong Country-01.jpg': Successful
23:11:21 [CopyFiles] Copy of the file 'Donkey Kong Country-01.png': Successful
23:11:21 [CopyFiles] Copy of the file 'Donkey Kong Country-01.png': Successful
23:11:21 [CopyFiles] Copy of the file 'Donkey Kong Country-01.png': Successful
23:11:21 [CopyFiles] Copy of the file 'Donkey Kong Country-01.png': Successful
23:11:21 [CopyFiles] Copy of the file 'Donkey Kong Country-01.jpg': Successful
23:11:21 [CopyFiles] Copy of the file 'Donkey Kong Country-01.png': Successful
23:11:22 [CopyFiles] Copy of the file 'Donkey Kong Country-01.jpg': Successful
23:11:22 [CopyFiles] Copy of the file 'Donkey Kong Country-01.png': Successful
23:11:22 [CopyFiles] Copy of the file 'Donkey Kong Country-02.jpg': Successful
23:11:22 [CopyFiles] Copy of the file 'Donkey Kong Country-03.jpg': Successful
23:11:22 [CopyFiles] Copy of the file 'Donkey Kong Country-04.jpg': Successful
23:11:22 [CopyFiles] Copy of the file 'Donkey Kong Country-05.jpg': Successful
23:11:22 [CopyFiles] Copy of the file 'Donkey Kong Country-06.jpg': Successful
23:11:22 [CopyFiles] Copy of the file 'Donkey Kong Country-07.jpg': Successful
23:11:23 [CopyFiles] Copy of the file 'Donkey Kong Country-08.jpg': Successful
23:11:23 [CopyFiles] Copy of the file 'Donkey Kong Country-09.jpg': Successful
23:11:23 [CopyFiles] Copy of the file 'Donkey Kong Country-10.jpg': Successful
23:11:23 [CopyFiles] Copy of the file 'Donkey Kong Country-11.jpg': Successful
23:11:23 [CopyFiles] Copy of the file 'Donkey Kong Country-12.jpg': Successful
23:11:23 [CopyFiles] Copy of the file 'Donkey Kong Country-13.jpg': Successful
23:11:23 [CopyFiles] Copy of the file 'Donkey Kong Country-14.jpg': Successful
23:11:23 [CopyFiles] Copy of the file 'Donkey Kong Country-15.jpg': Successful
23:11:23 [CopyFiles] Copy of the file 'Donkey Kong Country-16.jpg': Successful
23:11:23 [CopyFiles] Copy of the file 'Donkey Kong Country-01.png': Successful
23:11:23 [CopyFiles] Copy of the file 'Donkey Kong Country-01.png': Successful
23:11:23 [CopyFiles] Copy of the file 'Donkey Kong Country-01.png': Successful
23:11:26 [CopyFiles] Copy of the file 'Donkey Kong Country-01.txt': Successful
23:11:26 [CopyHandler] Destination file exists... 23:11:26 PassAll
23:11:26 [CopyFiles] Copy of the file 'Donkey Kong Country (E) (M3) (V1.0) [f2].sfc': Successful
23:11:26 [CopyFiles] Copy of the file 'Donkey Kong Country (E) (M3) (V1.0) [f3].sfc': Successful
23:11:26 [CopyFiles] Copy of the file 'Donkey Kong Country (E) (M3) (V1.0) [f4].sfc': Successful
23:11:26 [CopyFiles] Copy of the file 'Donkey Kong Country (E) (M3) (V1.0) [f5].sfc': Successful
23:11:27 [CopyFiles] Copy of the file 'Donkey Kong Country (Europe) (En,Fr,De) (Rev 1).sfc': Successful
23:11:27 [CopyFiles] Copy of the file 'Donkey Kong Country (Europe) (En,Fr,De).sfc': Successful
23:11:28 [CopyFiles] Copy of the file 'Donkey Kong Country (USA) (Rev 1).sfc': Successful
23:11:28 [CopyFiles] Copy of the file 'Donkey Kong Country (USA) (Rev 2).sfc': Successful
23:11:29 [CopyFiles] Copy of the file 'Donkey Kong Country (USA).sfc': Successful
