****** Initialisation Logger - niveau: 0 ******
19:08:19 Language fr-FR - 1.0.0.4, loading...
19:08:29 [Main] PackMe for 'Contra III: The Alien Wars' | 'f59be3bb-a09a-41d5-a77f-4fa10b51e770'
19:08:29 Directory Exists 'G:\Temp\pmg - temp\Super Nintendo Entertainment System\Contra III - The Alien Wars (USA)'
19:08:31 [MakeStructure] Creation of the tree
19:08:31 [CreateHFolders] Creation of 'G:\Temp\pmg - temp\Super Nintendo Entertainment System\Contra III - The Alien Wars (USA)\Games'
19:08:31 [CreateHFolders] Creation of 'G:\Temp\pmg - temp\Super Nintendo Entertainment System\Contra III - The Alien Wars (USA)\CheatCodes'
19:08:31 [CreateHFolders] Creation of 'G:\Temp\pmg - temp\Super Nintendo Entertainment System\Contra III - The Alien Wars (USA)\Images'
19:08:31 [CreateHFolders] Creation of 'G:\Temp\pmg - temp\Super Nintendo Entertainment System\Contra III - The Alien Wars (USA)\Manuals'
19:08:31 [CreateHFolders] Creation of 'G:\Temp\pmg - temp\Super Nintendo Entertainment System\Contra III - The Alien Wars (USA)\Musics'
19:08:31 [CreateHFolders] Creation of 'G:\Temp\pmg - temp\Super Nintendo Entertainment System\Contra III - The Alien Wars (USA)\Videos'
19:08:31 Not managed: MissingBox3dImage
19:08:31 Not managed: MissingCartImage
19:08:31 Not managed: MissingCart3dImage
19:08:31 Not managed: MissingManual
19:08:31 Not managed: MissingBannerImage
19:08:31 Not managed: MissingMusic
19:08:31 Not managed: UsePauseScreen
19:08:31 Not managed: OverrideDefaultPauseScreenSettings
19:08:31 Not managed: SuspendProcessOnPause
19:08:31 Not managed: ForcefulPauseScreenActivation
