****** Initialisation Logger - niveau: 0 ******
21:43:40 Language fr-FR - 1.0.0.4, loading...
21:44:16 [Main] PackMe for 'Donkey Kong Country' | 'fc1ac9d2-d88a-4851-8939-cea8ddeb74bb'
21:44:16 Directory Exists 'G:\Temp\pmg - temp\Super Nintendo Entertainment System\Donkey Kong Country (E) (M3) (V1.0) [f1]'
21:44:18 [MakeStructure] Creation of the tree
21:44:18 [CreateHFolders] Creation of 'G:\Temp\pmg - temp\Super Nintendo Entertainment System\Donkey Kong Country (E) (M3) (V1.0) [f1]\Games'
21:44:18 [CreateHFolders] Creation of 'G:\Temp\pmg - temp\Super Nintendo Entertainment System\Donkey Kong Country (E) (M3) (V1.0) [f1]\CheatCodes'
21:44:18 [CreateHFolders] Creation of 'G:\Temp\pmg - temp\Super Nintendo Entertainment System\Donkey Kong Country (E) (M3) (V1.0) [f1]\Images'
21:44:18 [CreateHFolders] Creation of 'G:\Temp\pmg - temp\Super Nintendo Entertainment System\Donkey Kong Country (E) (M3) (V1.0) [f1]\Manuals'
21:44:18 [CreateHFolders] Creation of 'G:\Temp\pmg - temp\Super Nintendo Entertainment System\Donkey Kong Country (E) (M3) (V1.0) [f1]\Musics'
21:44:18 [CreateHFolders] Creation of 'G:\Temp\pmg - temp\Super Nintendo Entertainment System\Donkey Kong Country (E) (M3) (V1.0) [f1]\Videos'
21:44:18 Not managed: GogAppId
21:44:18 Not managed: OriginAppId
21:44:18 Not managed: OriginInstallPath
21:44:18 Not managed: MissingBox3dImage
21:44:18 Not managed: MissingCartImage
21:44:18 Not managed: MissingCart3dImage
21:44:18 Not managed: MissingManual
21:44:18 Not managed: MissingBannerImage
21:44:18 Not managed: MissingMusic
21:44:18 Not managed: UsePauseScreen
21:44:18 Not managed: PauseAutoHotkeyScript
21:44:18 Not managed: ResumeAutoHotkeyScript
21:44:18 Not managed: OverrideDefaultPauseScreenSettings
21:44:18 Not managed: SuspendProcessOnPause
21:44:18 Not managed: ForcefulPauseScreenActivation
21:44:18 Not managed: LoadStateAutoHotkeyScript
21:44:18 Not managed: SaveStateAutoHotkeyScript
21:44:18 Not managed: ResetAutoHotkeyScript
21:44:18 Not managed: SwapDiscsAutoHotkeyScript
