****** Initialisation Logger - niveau: 0 ******
17:50:22 Work on: Aladdin.zip
17:50:22 Zip Decompression
17:50:22 	ZipExtraction: EBGame.xml
17:50:22 	ZipExtraction: Infos.xml
17:50:22 	ZipExtraction: Struct.info
17:50:22 	ZipExtraction: TBGame.xml
17:50:22 	ZipExtraction: CheatCodes/
17:50:22 	ZipExtraction: Images/
17:50:22 	ZipExtraction: Images/Arcade - Marquee/
17:50:22 	ZipExtraction: Images/Arcade - Marquee/Aladdin-01.png
17:50:22 	ZipExtraction: Images/Banner/
17:50:22 	ZipExtraction: Images/Banner/Aladdin-01.jpg
17:50:22 	ZipExtraction: Images/Banner/Aladdin-02.jpg
17:50:22 	ZipExtraction: Images/Box - 3D/
17:50:22 	ZipExtraction: Images/Box - 3D/Europe/
17:50:22 	ZipExtraction: Images/Box - 3D/Europe/Aladdin-01.png
17:50:22 	ZipExtraction: Images/Box - Back/
17:50:22 	ZipExtraction: Images/Box - Back/Europe/
17:50:22 	ZipExtraction: Images/Box - Back/Europe/Aladdin-01.jpg
17:50:22 	ZipExtraction: Images/Box - Front/
17:50:22 	ZipExtraction: Images/Box - Front/Europe/
17:50:22 	ZipExtraction: Images/Box - Front/Europe/Aladdin-01.png
17:50:22 	ZipExtraction: Images/Cart - Front/
17:50:22 	ZipExtraction: Images/Cart - Front/Europe/
17:50:22 	ZipExtraction: Images/Cart - Front/Europe/Aladdin-01.png
17:50:22 	ZipExtraction: Images/Clear Logo/
17:50:22 	ZipExtraction: Images/Clear Logo/Europe/
17:50:22 	ZipExtraction: Images/Clear Logo/Europe/Aladdin-01.png
17:50:22 	ZipExtraction: Images/Fanart - Background/
17:50:22 	ZipExtraction: Images/Fanart - Background/Aladdin-01.jpg
17:50:22 	ZipExtraction: Images/Screenshot - Gameplay/
17:50:22 	ZipExtraction: Images/Screenshot - Gameplay/Aladdin-01.jpg
17:50:22 	ZipExtraction: Images/Screenshot - Gameplay/Aladdin-02.jpg
17:50:23 	ZipExtraction: Images/Screenshot - Gameplay/Aladdin-03.jpg
17:50:23 	ZipExtraction: Images/Screenshot - Gameplay/Aladdin-04.jpg
17:50:23 	ZipExtraction: Images/Screenshot - Gameplay/Aladdin-05.jpg
17:50:23 	ZipExtraction: Images/Screenshot - Gameplay/Aladdin-06.jpg
17:50:23 	ZipExtraction: Images/Screenshot - Gameplay/Aladdin-07.jpg
17:50:23 	ZipExtraction: Images/Screenshot - Gameplay/Aladdin-08.jpg
17:50:23 	ZipExtraction: Manuals/
17:50:23 	ZipExtraction: Musics/
17:50:23 	ZipExtraction: Musics/Aladdin.mp3
17:50:23 	ZipExtraction: Roms/
17:50:23 	ZipExtraction: Roms/Aladdin (Europe).md
17:50:23 	ZipExtraction: Videos/
17:50:23 	ZipExtraction: Videos/Aladdin-01.mp4
17:50:23 	ZipExtraction: Manuals/Disney's_Aladdin_MD_FR_Manual.pdf
17:50:23 	ZipExtraction: Roms/Disney's Aladdin (E) [f1].md
17:50:23 	ZipExtraction: 800px-Aladdin_MD_EU_Box.jpg
17:50:23 	ZipExtraction: 800px-Aladdin_MD_EU_Cart.jpg
17:50:23 	ZipExtraction: Roms/Aladdin (USA).md
17:50:23 	ZipExtraction: Roms/Disney's Aladdin (U) [f1].md
17:50:23 	ZipExtraction: Roms/Disney's Aladdin (U) [h1C].md
17:50:24 	ZipExtraction: Roms/Disney's Aladdin (U) [T+Fre0.99Beta_Macrotrads].md
17:50:24 	ZipExtraction: CheatCodes/Aladdin.txt
17:50:24 Game info xml loaded: Aladdin
