****** Initialisation Logger - niveau: 0 ******
22:29:34 Work on: EA Hockey (Europe).zip
22:29:35 Zip Decompression
22:29:35 	ZipExtraction: EBGame.xml
22:29:35 	ZipExtraction: Infos.xml
22:29:35 	ZipExtraction: Struct.info
22:29:35 	ZipExtraction: TBGame.xml
22:29:35 	ZipExtraction: CheatCodes/
22:29:35 	ZipExtraction: Images/
22:29:35 	ZipExtraction: Images/Box - 3D/
22:29:35 	ZipExtraction: Images/Box - 3D/NHL Hockey-01.png
22:29:35 	ZipExtraction: Images/Box - 3D/Europe/
22:29:35 	ZipExtraction: Images/Box - 3D/Europe/NHL Hockey-01.png
22:29:35 	ZipExtraction: Images/Box - Back/
22:29:35 	ZipExtraction: Images/Box - Back/Europe/
22:29:35 	ZipExtraction: Images/Box - Back/Europe/NHL Hockey-01.jpg
22:29:35 	ZipExtraction: Images/Box - Front/
22:29:35 	ZipExtraction: Images/Box - Front/NHL Hockey-01.png
22:29:35 	ZipExtraction: Images/Box - Front/Europe/
22:29:35 	ZipExtraction: Images/Box - Front/Europe/NHL Hockey-01.jpg
22:29:35 	ZipExtraction: Images/Box - Front - Reconstructed/
22:29:35 	ZipExtraction: Images/Box - Front - Reconstructed/North America/
22:29:35 	ZipExtraction: Images/Box - Front - Reconstructed/North America/NHL Hockey-01.jpg
22:29:35 	ZipExtraction: Images/Cart - Front/
22:29:35 	ZipExtraction: Images/Cart - Front/NHL Hockey-01.png
22:29:35 	ZipExtraction: Images/Cart - Front/Europe/
22:29:35 	ZipExtraction: Images/Cart - Front/Europe/NHL Hockey-01.png
22:29:36 	ZipExtraction: Images/Clear Logo/
22:29:36 	ZipExtraction: Images/Clear Logo/NHL Hockey-01.png
22:29:36 	ZipExtraction: Images/Clear Logo/Europe/
22:29:36 	ZipExtraction: Images/Clear Logo/Europe/NHL Hockey-01.png
22:29:36 	ZipExtraction: Images/Screenshot - Game Title/
22:29:36 	ZipExtraction: Images/Screenshot - Game Title/NHL Hockey-01.png
22:29:36 	ZipExtraction: Images/Screenshot - Gameplay/
22:29:36 	ZipExtraction: Images/Screenshot - Gameplay/NHL Hockey-01.png
22:29:36 	ZipExtraction: Images/Screenshot - Gameplay/NHL Hockey-02.png
22:29:36 	ZipExtraction: Manuals/
22:29:36 	ZipExtraction: Manuals/NHL_Hockey_MD_US_Manual.pdf
22:29:36 	ZipExtraction: Musics/
22:29:36 	ZipExtraction: Roms/
22:29:36 	ZipExtraction: Roms/EA Hockey (Europe).md
22:29:36 	ZipExtraction: Videos/
22:29:36 	ZipExtraction: Videos/NHL Hockey-01.mp4
22:29:36 	ZipExtraction: Videos/NHL Hockey-02.mp4
22:29:36 	ZipExtraction: page15-439px-MegaForce_FR_08.pdf.jpg
22:29:36 	ZipExtraction: page14-437px-MegaForce_FR_08.pdf.jpg
22:29:37 Game info xml loaded: NHL Hockey
22:29:37 Target Game path: ..\..\Plateformes\Games\Sega Mega Drive
22:29:37 Target Manuals  path: ..\..\Plateformes\Manuals\Sega Mega Drive
22:29:37 Target Musics path: 
22:29:37 Target Videos path: ..\..\Plateformes\Videos\Sega Mega Drive
22:34:29 Zip Decompression
22:34:29 	ZipExtraction: EBGame.xml
22:34:29 	ZipExtraction: Infos.xml
22:34:29 	ZipExtraction: Struct.info
22:34:29 	ZipExtraction: TBGame.xml
22:34:29 	ZipExtraction: CheatCodes/
22:34:29 	ZipExtraction: Images/
22:34:29 	ZipExtraction: Images/Box - 3D/
22:34:29 	ZipExtraction: Images/Box - 3D/NHL Hockey-01.png
22:34:29 	ZipExtraction: Images/Box - 3D/Europe/
22:34:29 	ZipExtraction: Images/Box - 3D/Europe/NHL Hockey-01.png
22:34:29 	ZipExtraction: Images/Box - Back/
22:34:29 	ZipExtraction: Images/Box - Back/Europe/
22:34:29 	ZipExtraction: Images/Box - Back/Europe/NHL Hockey-01.jpg
22:34:29 	ZipExtraction: Images/Box - Front/
22:34:29 	ZipExtraction: Images/Box - Front/NHL Hockey-01.png
22:34:29 	ZipExtraction: Images/Box - Front/Europe/
22:34:29 	ZipExtraction: Images/Box - Front/Europe/NHL Hockey-01.jpg
22:34:29 	ZipExtraction: Images/Box - Front - Reconstructed/
22:34:29 	ZipExtraction: Images/Box - Front - Reconstructed/North America/
22:34:29 	ZipExtraction: Images/Box - Front - Reconstructed/North America/NHL Hockey-01.jpg
22:34:29 	ZipExtraction: Images/Cart - Front/
22:34:29 	ZipExtraction: Images/Cart - Front/NHL Hockey-01.png
22:34:29 	ZipExtraction: Images/Cart - Front/Europe/
22:34:29 	ZipExtraction: Images/Cart - Front/Europe/NHL Hockey-01.png
22:34:29 	ZipExtraction: Images/Clear Logo/
22:34:29 	ZipExtraction: Images/Clear Logo/NHL Hockey-01.png
22:34:29 	ZipExtraction: Images/Clear Logo/Europe/
22:34:29 	ZipExtraction: Images/Clear Logo/Europe/NHL Hockey-01.png
22:34:29 	ZipExtraction: Images/Screenshot - Game Title/
22:34:29 	ZipExtraction: Images/Screenshot - Game Title/NHL Hockey-01.png
22:34:29 	ZipExtraction: Images/Screenshot - Gameplay/
22:34:29 	ZipExtraction: Images/Screenshot - Gameplay/NHL Hockey-01.png
22:34:29 	ZipExtraction: Images/Screenshot - Gameplay/NHL Hockey-02.png
22:34:29 	ZipExtraction: Manuals/
22:34:29 	ZipExtraction: Manuals/NHL_Hockey_MD_US_Manual.pdf
22:34:29 	ZipExtraction: Musics/
22:34:29 	ZipExtraction: Roms/
22:34:29 	ZipExtraction: Roms/EA Hockey (Europe).md
22:34:29 	ZipExtraction: Videos/
22:34:29 	ZipExtraction: Videos/NHL Hockey-01.mp4
22:34:29 	ZipExtraction: Videos/NHL Hockey-02.mp4
22:34:29 	ZipExtraction: page15-439px-MegaForce_FR_08.pdf.jpg
22:34:29 	ZipExtraction: page14-437px-MegaForce_FR_08.pdf.jpg
