****** Initialisation Logger - niveau: 0 ******
14:11:28 Get infos from platform
14:11:46 Backup of 'G:\Frontend\LaunchBox - Test\Data\Platforms\Sega Genesis.xml'
14:11:46 Target Game path: ..\..\fauxgames\Games\Sega Genesis
14:11:46 Target Cheats path: ..\..\fauxgames\Cheat Codes\Sega Genesis
14:11:46 Target Images path: ..\..\fauxgames\Images\Sega Genesis
14:11:46 Target Manuals  path: ..\..\fauxgames\Manuals\Sega Genesis
14:11:46 Target Musics path: ..\..\fauxgames\Musics\Sega Genesis
14:11:46 Target Videos path: ..\..\fauxgames\Videos\Sega Genesis
14:11:46 Work on: Aladdin.zip
14:11:56 Game info xml loaded: Aladdin
14:11:58 Altération of platform Sega Mega Drive => Sega Genesis
14:11:58 Copy de: Cheat Codes
14:12:07 Copy de: Cheat CodesCopy de: Images
14:12:07 Copy de: Cheat CodesCopy de: ImagesCopy de: Manuels
14:12:07 Copy de: Cheat CodesCopy de: ImagesCopy de: ManuelsCopy de: Musiques
14:12:07 Copy de: Cheat CodesCopy de: ImagesCopy de: ManuelsCopy de: MusiquesCopy de: Games
14:12:08 Copy de: Cheat CodesCopy de: ImagesCopy de: ManuelsCopy de: MusiquesCopy de: GamesCopy de: Videos
14:12:08 Injection in xml Launchbox's files
14:12:08 Finished

Fermeture du Log

