****** Initialisation Logger - niveau: 0 ******
17:59:51 Get infos from platform
17:59:51 Backup of 'G:\Frontend\LaunchBox - Test\Data\Platforms\Sega Genesis.xml'
17:59:51 Target Game path: ..\..\fauxgames\Games\Sega Genesis
17:59:51 Target Cheats path: ..\..\fauxgames\Cheat Codes\Sega Genesis
17:59:51 Target Images path: ..\..\fauxgames\Images\Sega Genesis
17:59:51 Target Manuals  path: ..\..\fauxgames\Manuals\Sega Genesis
17:59:51 Target Musics path: ..\..\fauxgames\Musics\Sega Genesis
17:59:51 Target Videos path: ..\..\fauxgames\Videos\Sega Genesis
17:59:51 Work on: Aladdin.zip
17:59:51 Zip Decompression
17:59:51 	ZipExtraction: EBGame.xml
17:59:51 	ZipExtraction: Infos.xml
17:59:51 	ZipExtraction: Struct.info
17:59:51 	ZipExtraction: TBGame.xml
17:59:51 	ZipExtraction: CheatCodes/
17:59:51 	ZipExtraction: Images/
17:59:51 	ZipExtraction: Images/Arcade - Marquee/
17:59:51 	ZipExtraction: Images/Arcade - Marquee/Aladdin-01.png
17:59:51 	ZipExtraction: Images/Banner/
17:59:51 	ZipExtraction: Images/Banner/Aladdin-01.jpg
17:59:51 	ZipExtraction: Images/Banner/Aladdin-02.jpg
17:59:51 	ZipExtraction: Images/Box - 3D/
17:59:51 	ZipExtraction: Images/Box - 3D/Europe/
17:59:51 	ZipExtraction: Images/Box - 3D/Europe/Aladdin-01.png
17:59:51 	ZipExtraction: Images/Box - Back/
17:59:51 	ZipExtraction: Images/Box - Back/Europe/
17:59:51 	ZipExtraction: Images/Box - Back/Europe/Aladdin-01.jpg
17:59:51 	ZipExtraction: Images/Box - Front/
17:59:51 	ZipExtraction: Images/Box - Front/Europe/
17:59:51 	ZipExtraction: Images/Box - Front/Europe/Aladdin-01.png
17:59:51 	ZipExtraction: Images/Cart - Front/
17:59:51 	ZipExtraction: Images/Cart - Front/Europe/
17:59:51 	ZipExtraction: Images/Cart - Front/Europe/Aladdin-01.png
17:59:51 	ZipExtraction: Images/Clear Logo/
17:59:51 	ZipExtraction: Images/Clear Logo/Europe/
17:59:51 	ZipExtraction: Images/Clear Logo/Europe/Aladdin-01.png
17:59:51 	ZipExtraction: Images/Fanart - Background/
17:59:51 	ZipExtraction: Images/Fanart - Background/Aladdin-01.jpg
17:59:51 	ZipExtraction: Images/Screenshot - Gameplay/
17:59:51 	ZipExtraction: Images/Screenshot - Gameplay/Aladdin-01.jpg
17:59:51 	ZipExtraction: Images/Screenshot - Gameplay/Aladdin-02.jpg
17:59:51 	ZipExtraction: Images/Screenshot - Gameplay/Aladdin-03.jpg
17:59:51 	ZipExtraction: Images/Screenshot - Gameplay/Aladdin-04.jpg
17:59:51 	ZipExtraction: Images/Screenshot - Gameplay/Aladdin-05.jpg
17:59:51 	ZipExtraction: Images/Screenshot - Gameplay/Aladdin-06.jpg
17:59:51 	ZipExtraction: Images/Screenshot - Gameplay/Aladdin-07.jpg
17:59:51 	ZipExtraction: Images/Screenshot - Gameplay/Aladdin-08.jpg
17:59:51 	ZipExtraction: Manuals/
17:59:51 	ZipExtraction: Musics/
17:59:51 	ZipExtraction: Musics/Aladdin.mp3
17:59:51 	ZipExtraction: Roms/
17:59:51 	ZipExtraction: Roms/Aladdin (Europe).md
17:59:51 	ZipExtraction: Videos/
17:59:51 	ZipExtraction: Videos/Aladdin-01.mp4
17:59:51 	ZipExtraction: Manuals/Disney's_Aladdin_MD_FR_Manual.pdf
17:59:51 	ZipExtraction: Roms/Disney's Aladdin (E) [f1].md
17:59:51 	ZipExtraction: 800px-Aladdin_MD_EU_Box.jpg
17:59:51 	ZipExtraction: 800px-Aladdin_MD_EU_Cart.jpg
17:59:51 	ZipExtraction: Roms/Aladdin (USA).md
17:59:51 	ZipExtraction: Roms/Disney's Aladdin (U) [f1].md
17:59:51 	ZipExtraction: Roms/Disney's Aladdin (U) [h1C].md
17:59:51 	ZipExtraction: Roms/Disney's Aladdin (U) [T+Fre0.99Beta_Macrotrads].md
17:59:51 	ZipExtraction: CheatCodes/Aladdin.txt
17:59:51 Game info xml loaded: Aladdin
17:59:56 Altération of platform Sega Mega Drive => Sega Genesis
17:59:56 Copy de: Cheat Codes
17:59:56 Copy de: Images
17:59:56 Copy de: Manuels
17:59:56 Copy de: Musiques
17:59:56 Copy de: Games
17:59:56 Copy de: Videos
17:59:56 Injection in xml Launchbox's files
17:59:56 Finished

Fermeture du Log

