****** Initialisation Logger - niveau: 0 ******
22:55:34 Get infos from platform
22:55:34 Backup of 'G:\Frontend\LaunchBox - Test\Data\Platforms\Sega Genesis.xml'
22:55:34 Target Game path: ..\..\fauxgames\Games\Sega Genesis
22:55:34 Target Cheats path: ..\..\fauxgames\Cheat Codes\Sega Genesis
22:55:34 Target Images path: ..\..\fauxgames\Images\Sega Genesis
22:55:34 Target Manuals  path: ..\..\fauxgames\Manuals\Sega Genesis
22:55:34 Target Musics path: ..\..\fauxgames\Musics\Sega Genesis
22:55:34 Target Videos path: ..\..\fauxgames\Videos\Sega Genesis
22:55:34 Work on: Cool Spot (Europe).zip
22:55:34 Zip Decompression
22:55:34 	ZipExtraction: EBGame.xml
22:55:34 	ZipExtraction: Infos.xml
22:55:34 	ZipExtraction: Struct.info
22:55:34 	ZipExtraction: TBGame.xml
22:55:34 	ZipExtraction: CheatCodes/
22:55:34 	ZipExtraction: Images/
22:55:34 	ZipExtraction: Images/Advertisement Flyer - Front/
22:55:34 	ZipExtraction: Images/Advertisement Flyer - Front/North America/
22:55:34 	ZipExtraction: Images/Advertisement Flyer - Front/North America/Cool Spot-01.jpg
22:55:34 	ZipExtraction: Images/Arcade - Marquee/
22:55:34 	ZipExtraction: Images/Arcade - Marquee/Cool Spot-01.png
22:55:34 	ZipExtraction: Images/Banner/
22:55:34 	ZipExtraction: Images/Banner/Japan/
22:55:34 	ZipExtraction: Images/Banner/Japan/Cool Spot-01.jpg
22:55:34 	ZipExtraction: Images/Box - 3D/
22:55:34 	ZipExtraction: Images/Box - 3D/Europe/
22:55:34 	ZipExtraction: Images/Box - 3D/Europe/Cool Spot-01.png
22:55:34 	ZipExtraction: Images/Box - 3D/United States/
22:55:34 	ZipExtraction: Images/Box - 3D/United States/Cool Spot-02.png
22:55:34 	ZipExtraction: Images/Box - Back/
22:55:34 	ZipExtraction: Images/Box - Back/Europe/
22:55:34 	ZipExtraction: Images/Box - Back/Europe/Cool Spot-01.jpg
22:55:34 	ZipExtraction: Images/Box - Front/
22:55:34 	ZipExtraction: Images/Box - Front/Cool Spot-01.png
22:55:34 	ZipExtraction: Images/Box - Front/Cool Spot-02.png
22:55:34 	ZipExtraction: Images/Box - Front/Europe/
22:55:34 	ZipExtraction: Images/Box - Front/Europe/Cool Spot-01.jpg
22:55:34 	ZipExtraction: Images/Cart - Front/
22:55:34 	ZipExtraction: Images/Cart - Front/Cool Spot-01.png
22:55:34 	ZipExtraction: Images/Cart - Front/Cool Spot-02.png
22:55:35 	ZipExtraction: Images/Cart - Front/Europe/
22:55:35 	ZipExtraction: Images/Cart - Front/Europe/Cool Spot-01.png
22:55:35 	ZipExtraction: Images/Clear Logo/
22:55:35 	ZipExtraction: Images/Clear Logo/Cool Spot-01.png
22:55:35 	ZipExtraction: Images/Clear Logo/Europe/
22:55:35 	ZipExtraction: Images/Clear Logo/Europe/Cool Spot-01.png
22:55:35 	ZipExtraction: Images/Fanart - Background/
22:55:35 	ZipExtraction: Images/Fanart - Background/Cool Spot-01.jpg
22:55:35 	ZipExtraction: Images/Screenshot - Game Title/
22:55:35 	ZipExtraction: Images/Screenshot - Game Title/Cool Spot-01.png
22:55:35 	ZipExtraction: Images/Screenshot - Game Title/Cool Spot-02.png
22:55:35 	ZipExtraction: Images/Screenshot - Gameplay/
22:55:35 	ZipExtraction: Images/Screenshot - Gameplay/Cool Spot-01.png
22:55:35 	ZipExtraction: Images/Screenshot - Gameplay/Cool Spot-02.png
22:55:35 	ZipExtraction: Images/Screenshot - Gameplay/Cool Spot-03.png
22:55:35 	ZipExtraction: Manuals/
22:55:35 	ZipExtraction: Manuals/Cool_Spot_MD_US_Manual.pdf
22:55:35 	ZipExtraction: Musics/
22:55:35 	ZipExtraction: Musics/Cool Spot Intro genesis.mp3
22:55:35 	ZipExtraction: Roms/
22:55:35 	ZipExtraction: Roms/Cool Spot (Europe).md
22:55:35 	ZipExtraction: Roms/Cool Spot (USA).md
22:55:35 	ZipExtraction: Videos/
22:55:35 	ZipExtraction: Videos/Cool Spot-01.mp4
22:55:35 	ZipExtraction: CheatCodes/Astuces.txt
22:55:35 	ZipExtraction: 800px-Cool_Spot_MD_EU_Box.jpg
22:55:35 	ZipExtraction: 800px-Cool_Spot_MD_EU_Manual.jpg
22:55:35 	ZipExtraction: 800px-COOLSPOTCARTEUR.JPG
22:55:35 Game info xml loaded: Cool Spot
