****** Initialisation Logger - niveau: 0 ******
10:53:10 Work on: DUNE.zip
10:53:11 Zip Decompression
10:53:11 	ZipExtraction: EBGame.xml
10:53:11 	ZipExtraction: Infos.xml
10:53:11 	ZipExtraction: Struct.info
10:53:11 	ZipExtraction: TBGame.xml
10:53:11 	ZipExtraction: CheatCodes/
10:53:11 	ZipExtraction: Images/
10:53:11 	ZipExtraction: Images/Arcade - Marquee/
10:53:11 	ZipExtraction: Images/Arcade - Marquee/Dune-01.png
10:53:11 	ZipExtraction: Images/Box - 3D/
10:53:11 	ZipExtraction: Images/Box - 3D/Dune-01.png
10:53:11 	ZipExtraction: Images/Box - 3D/Europe/
10:53:11 	ZipExtraction: Images/Box - 3D/Europe/Dune-01.png
10:53:11 	ZipExtraction: Images/Box - Back/
10:53:11 	ZipExtraction: Images/Box - Back/Dune-01.png
10:53:11 	ZipExtraction: Images/Box - Back/Europe/
10:53:11 	ZipExtraction: Images/Box - Back/Europe/Dune-01.jpg
10:53:11 	ZipExtraction: Images/Box - Back - Reconstructed/
10:53:11 	ZipExtraction: Images/Box - Back - Reconstructed/North America/
10:53:11 	ZipExtraction: Images/Box - Back - Reconstructed/North America/Dune-01.jpg
10:53:11 	ZipExtraction: Images/Box - Front/
10:53:11 	ZipExtraction: Images/Box - Front/Dune-01.png
10:53:11 	ZipExtraction: Images/Box - Front/Europe/
10:53:11 	ZipExtraction: Images/Box - Front/Europe/Dune-01.jpg
10:53:11 	ZipExtraction: Images/Box - Front - Reconstructed/
10:53:11 	ZipExtraction: Images/Box - Front - Reconstructed/North America/
10:53:11 	ZipExtraction: Images/Box - Front - Reconstructed/North America/Dune-01.jpg
10:53:11 	ZipExtraction: Images/Clear Logo/
10:53:11 	ZipExtraction: Images/Clear Logo/Dune-01.png
10:53:11 	ZipExtraction: Images/Clear Logo/Europe/
10:53:11 	ZipExtraction: Images/Clear Logo/Europe/Dune-01.png
10:53:11 	ZipExtraction: Images/Disc/
10:53:11 	ZipExtraction: Images/Disc/Dune-01.png
10:53:11 	ZipExtraction: Images/Disc/Europe/
10:53:11 	ZipExtraction: Images/Disc/Europe/Dune-01.png
10:53:11 	ZipExtraction: Images/Fanart - Background/
10:53:11 	ZipExtraction: Images/Fanart - Background/Dune-01.jpg
10:53:11 	ZipExtraction: Images/Fanart - Background/Dune-02.jpg
10:53:11 	ZipExtraction: Images/Fanart - Box - Back/
10:53:11 	ZipExtraction: Images/Fanart - Box - Back/North America/
10:53:11 	ZipExtraction: Images/Fanart - Box - Back/North America/Dune-01.jpg
10:53:11 	ZipExtraction: Images/Fanart - Box - Front/
10:53:11 	ZipExtraction: Images/Fanart - Box - Front/North America/
10:53:11 	ZipExtraction: Images/Fanart - Box - Front/North America/Dune-01.jpg
10:53:11 	ZipExtraction: Images/Screenshot - Game Select/
10:53:11 	ZipExtraction: Images/Screenshot - Game Select/North America/
10:53:11 	ZipExtraction: Images/Screenshot - Game Select/North America/Dune-01.png
10:53:11 	ZipExtraction: Images/Screenshot - Game Title/
10:53:11 	ZipExtraction: Images/Screenshot - Game Title/Dune-01.png
10:53:11 	ZipExtraction: Images/Screenshot - Game Title/North America/
10:53:11 	ZipExtraction: Images/Screenshot - Game Title/North America/Dune-01.png
10:53:12 	ZipExtraction: Images/Screenshot - Gameplay/
10:53:12 	ZipExtraction: Images/Screenshot - Gameplay/Dune-01.png
10:53:12 	ZipExtraction: Images/Screenshot - Gameplay/North America/
10:53:12 	ZipExtraction: Images/Screenshot - Gameplay/North America/Dune-01.png
10:53:12 	ZipExtraction: Images/Screenshot - Gameplay/North America/Dune-02.png
10:53:12 	ZipExtraction: Images/Screenshot - Gameplay/North America/Dune-03.png
10:53:12 	ZipExtraction: Images/Screenshot - Gameplay/North America/Dune-04.png
10:53:12 	ZipExtraction: Images/Screenshot - Gameplay/North America/Dune-05.png
10:53:12 	ZipExtraction: Manuals/
10:53:12 	ZipExtraction: Manuals/Dune.pdf
10:53:12 	ZipExtraction: Musics/
10:53:12 	ZipExtraction: Musics/Dune - Too.mp3
10:53:12 	ZipExtraction: Roms/
10:53:12 	ZipExtraction: Roms/DUNE.cue
10:53:12 	ZipExtraction: Roms/Track01.iso
10:53:24 	ZipExtraction: Roms/Track02.wav
10:53:24 	ZipExtraction: Videos/
10:53:24 	ZipExtraction: Videos/Dune-01.mp4
10:53:24 Game info xml loaded: Dune
10:53:24 Creation of xml file: 'G:\Frontend\LaunchBox - Test\Data\Platforms\Sega CD.xml'
11:02:36 Target Game path: ..\..\Plateformes\Games\Sega CD\Dune
11:02:36 Target Manuals  path: ..\..\Plateformes\Manuals\Sega CD
11:02:36 Target Musics path: ..\..\Plateformes\Musics\Sega CD
11:02:36 Target Videos path: ..\..\Plateformes\Videos\Sega CD
11:02:41 Zip Decompression
11:02:41 	ZipExtraction: EBGame.xml
11:02:41 	ZipExtraction: Infos.xml
11:02:41 	ZipExtraction: Struct.info
11:02:41 	ZipExtraction: TBGame.xml
11:02:41 	ZipExtraction: CheatCodes/
11:02:41 	ZipExtraction: Images/
11:02:41 	ZipExtraction: Images/Arcade - Marquee/
11:02:41 	ZipExtraction: Images/Arcade - Marquee/Dune-01.png
11:02:41 	ZipExtraction: Images/Box - 3D/
11:02:41 	ZipExtraction: Images/Box - 3D/Dune-01.png
11:02:41 	ZipExtraction: Images/Box - 3D/Europe/
11:02:41 	ZipExtraction: Images/Box - 3D/Europe/Dune-01.png
11:02:42 	ZipExtraction: Images/Box - Back/
11:02:42 	ZipExtraction: Images/Box - Back/Dune-01.png
11:02:42 	ZipExtraction: Images/Box - Back/Europe/
11:02:42 	ZipExtraction: Images/Box - Back/Europe/Dune-01.jpg
11:02:42 	ZipExtraction: Images/Box - Back - Reconstructed/
11:02:42 	ZipExtraction: Images/Box - Back - Reconstructed/North America/
11:02:42 	ZipExtraction: Images/Box - Back - Reconstructed/North America/Dune-01.jpg
11:02:42 	ZipExtraction: Images/Box - Front/
11:02:42 	ZipExtraction: Images/Box - Front/Dune-01.png
11:02:42 	ZipExtraction: Images/Box - Front/Europe/
11:02:42 	ZipExtraction: Images/Box - Front/Europe/Dune-01.jpg
11:02:42 	ZipExtraction: Images/Box - Front - Reconstructed/
11:02:42 	ZipExtraction: Images/Box - Front - Reconstructed/North America/
11:02:42 	ZipExtraction: Images/Box - Front - Reconstructed/North America/Dune-01.jpg
11:02:42 	ZipExtraction: Images/Clear Logo/
11:02:42 	ZipExtraction: Images/Clear Logo/Dune-01.png
11:02:42 	ZipExtraction: Images/Clear Logo/Europe/
11:02:42 	ZipExtraction: Images/Clear Logo/Europe/Dune-01.png
11:02:42 	ZipExtraction: Images/Disc/
11:02:42 	ZipExtraction: Images/Disc/Dune-01.png
11:02:42 	ZipExtraction: Images/Disc/Europe/
11:02:42 	ZipExtraction: Images/Disc/Europe/Dune-01.png
11:02:42 	ZipExtraction: Images/Fanart - Background/
11:02:42 	ZipExtraction: Images/Fanart - Background/Dune-01.jpg
11:02:42 	ZipExtraction: Images/Fanart - Background/Dune-02.jpg
11:02:42 	ZipExtraction: Images/Fanart - Box - Back/
11:02:42 	ZipExtraction: Images/Fanart - Box - Back/North America/
11:02:42 	ZipExtraction: Images/Fanart - Box - Back/North America/Dune-01.jpg
11:02:42 	ZipExtraction: Images/Fanart - Box - Front/
11:02:42 	ZipExtraction: Images/Fanart - Box - Front/North America/
11:02:42 	ZipExtraction: Images/Fanart - Box - Front/North America/Dune-01.jpg
11:02:42 	ZipExtraction: Images/Screenshot - Game Select/
11:02:42 	ZipExtraction: Images/Screenshot - Game Select/North America/
11:02:42 	ZipExtraction: Images/Screenshot - Game Select/North America/Dune-01.png
11:02:42 	ZipExtraction: Images/Screenshot - Game Title/
11:02:42 	ZipExtraction: Images/Screenshot - Game Title/Dune-01.png
11:02:42 	ZipExtraction: Images/Screenshot - Game Title/North America/
11:02:42 	ZipExtraction: Images/Screenshot - Game Title/North America/Dune-01.png
11:02:42 	ZipExtraction: Images/Screenshot - Gameplay/
11:02:42 	ZipExtraction: Images/Screenshot - Gameplay/Dune-01.png
11:02:42 	ZipExtraction: Images/Screenshot - Gameplay/North America/
11:02:42 	ZipExtraction: Images/Screenshot - Gameplay/North America/Dune-01.png
11:02:42 	ZipExtraction: Images/Screenshot - Gameplay/North America/Dune-02.png
11:02:42 	ZipExtraction: Images/Screenshot - Gameplay/North America/Dune-03.png
11:02:42 	ZipExtraction: Images/Screenshot - Gameplay/North America/Dune-04.png
11:02:42 	ZipExtraction: Images/Screenshot - Gameplay/North America/Dune-05.png
11:02:42 	ZipExtraction: Manuals/
11:02:42 	ZipExtraction: Manuals/Dune.pdf
11:02:42 	ZipExtraction: Musics/
11:02:42 	ZipExtraction: Musics/Dune - Too.mp3
11:02:42 	ZipExtraction: Roms/
11:02:42 	ZipExtraction: Roms/DUNE.cue
11:02:42 	ZipExtraction: Roms/Track01.iso
11:02:45 Injection in xml Launchbox's files
11:02:45 Game Finished
11:02:45 Task Finished

Fermeture du Log

