****** Initialisation Logger - niveau: 0 ******
12:12:38 Work on: Aladdin.zip
12:12:38 Zip Decompression
12:12:38 	ZipExtraction: EBGame.xml
12:12:38 	ZipExtraction: Infos.xml
12:12:38 	ZipExtraction: Struct.info
12:12:38 	ZipExtraction: TBGame.xml
12:12:38 	ZipExtraction: CheatCodes/
12:12:38 	ZipExtraction: Images/
12:12:38 	ZipExtraction: Images/Arcade - Marquee/
12:12:38 	ZipExtraction: Images/Arcade - Marquee/Aladdin-01.png
12:12:39 	ZipExtraction: Images/Banner/
12:12:39 	ZipExtraction: Images/Banner/Aladdin-01.jpg
12:12:39 	ZipExtraction: Images/Banner/Aladdin-02.jpg
12:12:39 	ZipExtraction: Images/Box - 3D/
12:12:39 	ZipExtraction: Images/Box - 3D/Europe/
12:12:39 	ZipExtraction: Images/Box - 3D/Europe/Aladdin-01.png
12:12:39 	ZipExtraction: Images/Box - Back/
12:12:39 	ZipExtraction: Images/Box - Back/Europe/
12:12:39 	ZipExtraction: Images/Box - Back/Europe/Aladdin-01.jpg
12:12:39 	ZipExtraction: Images/Box - Front/
12:12:39 	ZipExtraction: Images/Box - Front/Europe/
12:12:39 	ZipExtraction: Images/Box - Front/Europe/Aladdin-01.png
12:12:39 	ZipExtraction: Images/Cart - Front/
12:12:39 	ZipExtraction: Images/Cart - Front/Europe/
12:12:39 	ZipExtraction: Images/Cart - Front/Europe/Aladdin-01.png
12:12:39 	ZipExtraction: Images/Clear Logo/
12:12:39 	ZipExtraction: Images/Clear Logo/Europe/
12:12:39 	ZipExtraction: Images/Clear Logo/Europe/Aladdin-01.png
12:12:39 	ZipExtraction: Images/Fanart - Background/
12:12:39 	ZipExtraction: Images/Fanart - Background/Aladdin-01.jpg
12:12:39 	ZipExtraction: Images/Screenshot - Gameplay/
12:12:39 	ZipExtraction: Images/Screenshot - Gameplay/Aladdin-01.jpg
12:12:39 	ZipExtraction: Images/Screenshot - Gameplay/Aladdin-02.jpg
12:12:39 	ZipExtraction: Images/Screenshot - Gameplay/Aladdin-03.jpg
12:12:39 	ZipExtraction: Images/Screenshot - Gameplay/Aladdin-04.jpg
12:12:39 	ZipExtraction: Images/Screenshot - Gameplay/Aladdin-05.jpg
12:12:39 	ZipExtraction: Images/Screenshot - Gameplay/Aladdin-06.jpg
12:12:39 	ZipExtraction: Images/Screenshot - Gameplay/Aladdin-07.jpg
12:12:39 	ZipExtraction: Images/Screenshot - Gameplay/Aladdin-08.jpg
12:12:39 	ZipExtraction: Manuals/
12:12:39 	ZipExtraction: Musics/
12:12:39 	ZipExtraction: Musics/Aladdin.mp3
12:12:39 	ZipExtraction: Roms/
12:12:39 	ZipExtraction: Roms/Aladdin (Europe).md
12:12:39 	ZipExtraction: Videos/
12:12:39 	ZipExtraction: Videos/Aladdin-01.mp4
12:12:40 	ZipExtraction: Manuals/Disney's_Aladdin_MD_FR_Manual.pdf
12:12:40 	ZipExtraction: Roms/Disney's Aladdin (E) [f1].md
12:12:40 	ZipExtraction: 800px-Aladdin_MD_EU_Box.jpg
12:12:40 	ZipExtraction: 800px-Aladdin_MD_EU_Cart.jpg
12:12:40 	ZipExtraction: Roms/Aladdin (USA).md
12:12:40 	ZipExtraction: Roms/Disney's Aladdin (U) [f1].md
12:12:40 	ZipExtraction: Roms/Disney's Aladdin (U) [h1C].md
12:12:40 	ZipExtraction: Roms/Disney's Aladdin (U) [T+Fre0.99Beta_Macrotrads].md
12:12:40 	ZipExtraction: CheatCodes/Aladdin.txt
12:12:40 Game info xml loaded: Aladdin
12:12:48 Target Game path: ..\..\Plateformes\Games\Sega Mega Drive
12:12:48 Target Manuals  path: ..\..\Plateformes\Manuals\Sega Mega Drive
12:12:48 Target Musics path: ..\..\Plateformes\Music\Sega Mega Drive
12:12:48 Target Videos path: ..\..\Plateformes\Videos\Sega Mega Drive
12:12:51 Injection in xml Launchbox's files
12:12:51 Game Finished
12:12:51 Task Finished

Fermeture du Log

