****** Initialisation Logger - niveau: 0 ******
17:44:48 Get infos from platform
17:44:48 Get infos from platform
17:44:48 Backup of 'G:\Frontend\LaunchBox - Test\Data\Platforms\Sega Genesis.xml'
17:44:48 Backup of 'G:\Frontend\LaunchBox - Test\Data\Platforms\Sega Genesis.xml'
17:44:49 Target Game path: ..\..\fauxgames\Games\Sega Genesis
17:44:49 Target Game path: ..\..\fauxgames\Games\Sega Genesis
17:44:49 Target Cheats path: ..\..\fauxgames\Cheat Codes\Sega Genesis
17:44:49 Target Cheats path: ..\..\fauxgames\Cheat Codes\Sega Genesis
17:44:49 Target Images path: ..\..\fauxgames\Images\Sega Genesis
17:44:49 Target Images path: ..\..\fauxgames\Images\Sega Genesis
17:44:49 Target Manuals  path: ..\..\fauxgames\Manuals\Sega Genesis
17:44:49 Target Manuals  path: ..\..\fauxgames\Manuals\Sega Genesis
17:44:49 Target Musics path: ..\..\fauxgames\Musics\Sega Genesis
17:44:49 Target Musics path: ..\..\fauxgames\Musics\Sega Genesis
17:44:49 Target Videos path: ..\..\fauxgames\Videos\Sega Genesis
17:44:49 Target Videos path: ..\..\fauxgames\Videos\Sega Genesis
17:44:49 Work on: Aladdin.zip
17:44:49 Work on: Aladdin.zip
17:45:24 Game info xml loaded: Aladdin
17:45:24 Game info xml loaded: Aladdin
