****** Initialisation Logger - niveau: 0 ******
17:02:00 Work on: EA Hockey (Europe).zip
17:02:00 Zip Decompression
17:02:00 	ZipExtraction: EBGame.xml
17:02:00 	ZipExtraction: Infos.xml
17:02:00 	ZipExtraction: Struct.info
17:02:00 	ZipExtraction: TBGame.xml
17:02:00 	ZipExtraction: CheatCodes/
17:02:00 	ZipExtraction: Images/
17:02:00 	ZipExtraction: Images/Box - 3D/
17:02:00 	ZipExtraction: Images/Box - 3D/NHL Hockey-01.png
17:02:00 	ZipExtraction: Images/Box - 3D/Europe/
17:02:00 	ZipExtraction: Images/Box - 3D/Europe/NHL Hockey-01.png
17:02:00 	ZipExtraction: Images/Box - Back/
17:02:00 	ZipExtraction: Images/Box - Back/Europe/
17:02:00 	ZipExtraction: Images/Box - Back/Europe/NHL Hockey-01.jpg
17:02:00 	ZipExtraction: Images/Box - Front/
17:02:00 	ZipExtraction: Images/Box - Front/NHL Hockey-01.png
17:02:00 	ZipExtraction: Images/Box - Front/Europe/
17:02:00 	ZipExtraction: Images/Box - Front/Europe/NHL Hockey-01.jpg
17:02:00 	ZipExtraction: Images/Box - Front - Reconstructed/
17:02:00 	ZipExtraction: Images/Box - Front - Reconstructed/North America/
17:02:00 	ZipExtraction: Images/Box - Front - Reconstructed/North America/NHL Hockey-01.jpg
17:02:00 	ZipExtraction: Images/Cart - Front/
17:02:00 	ZipExtraction: Images/Cart - Front/NHL Hockey-01.png
17:02:01 	ZipExtraction: Images/Cart - Front/Europe/
17:02:01 	ZipExtraction: Images/Cart - Front/Europe/NHL Hockey-01.png
17:02:01 	ZipExtraction: Images/Clear Logo/
17:02:01 	ZipExtraction: Images/Clear Logo/NHL Hockey-01.png
17:02:01 	ZipExtraction: Images/Clear Logo/Europe/
17:02:01 	ZipExtraction: Images/Clear Logo/Europe/NHL Hockey-01.png
17:02:01 	ZipExtraction: Images/Screenshot - Game Title/
17:02:01 	ZipExtraction: Images/Screenshot - Game Title/NHL Hockey-01.png
17:02:01 	ZipExtraction: Images/Screenshot - Gameplay/
17:02:01 	ZipExtraction: Images/Screenshot - Gameplay/NHL Hockey-01.png
17:02:01 	ZipExtraction: Images/Screenshot - Gameplay/NHL Hockey-02.png
17:02:01 	ZipExtraction: Manuals/
17:02:01 	ZipExtraction: Manuals/NHL_Hockey_MD_US_Manual.pdf
17:02:01 	ZipExtraction: Musics/
17:02:01 	ZipExtraction: Roms/
17:02:01 	ZipExtraction: Roms/EA Hockey (Europe).md
17:02:01 	ZipExtraction: Videos/
17:02:01 	ZipExtraction: Videos/NHL Hockey-01.mp4
17:02:01 	ZipExtraction: Videos/NHL Hockey-02.mp4
17:02:01 	ZipExtraction: page15-439px-MegaForce_FR_08.pdf.jpg
17:02:01 	ZipExtraction: page14-437px-MegaForce_FR_08.pdf.jpg
17:02:01 Game info xml loaded: NHL Hockey
17:02:01 Target Game path: ..\..\Plateformes\Games\Sega Mega Drive
17:02:01 Target Manuals  path: ..\..\Plateformes\Manuals\Sega Mega Drive
17:02:01 Target Musics path: 
17:02:01 Target Videos path: ..\..\Plateformes\Videos\Sega Mega Drive
17:09:07 Zip Decompression
17:09:07 	ZipExtraction: EBGame.xml
17:09:07 	ZipExtraction: Infos.xml
17:09:07 	ZipExtraction: Struct.info
17:09:07 	ZipExtraction: TBGame.xml
17:09:07 	ZipExtraction: CheatCodes/
17:09:07 	ZipExtraction: Images/
17:09:07 	ZipExtraction: Images/Box - 3D/
17:09:07 	ZipExtraction: Images/Box - 3D/NHL Hockey-01.png
17:09:07 	ZipExtraction: Images/Box - 3D/Europe/
17:09:07 	ZipExtraction: Images/Box - 3D/Europe/NHL Hockey-01.png
17:09:07 	ZipExtraction: Images/Box - Back/
17:09:07 	ZipExtraction: Images/Box - Back/Europe/
17:09:07 	ZipExtraction: Images/Box - Back/Europe/NHL Hockey-01.jpg
17:09:07 	ZipExtraction: Images/Box - Front/
17:09:07 	ZipExtraction: Images/Box - Front/NHL Hockey-01.png
17:09:07 	ZipExtraction: Images/Box - Front/Europe/
17:09:07 	ZipExtraction: Images/Box - Front/Europe/NHL Hockey-01.jpg
17:09:07 	ZipExtraction: Images/Box - Front - Reconstructed/
17:09:07 	ZipExtraction: Images/Box - Front - Reconstructed/North America/
17:09:07 	ZipExtraction: Images/Box - Front - Reconstructed/North America/NHL Hockey-01.jpg
17:09:07 	ZipExtraction: Images/Cart - Front/
17:09:07 	ZipExtraction: Images/Cart - Front/NHL Hockey-01.png
17:09:07 	ZipExtraction: Images/Cart - Front/Europe/
17:09:07 	ZipExtraction: Images/Cart - Front/Europe/NHL Hockey-01.png
17:09:07 	ZipExtraction: Images/Clear Logo/
17:09:07 	ZipExtraction: Images/Clear Logo/NHL Hockey-01.png
17:09:07 	ZipExtraction: Images/Clear Logo/Europe/
17:09:07 	ZipExtraction: Images/Clear Logo/Europe/NHL Hockey-01.png
17:09:07 	ZipExtraction: Images/Screenshot - Game Title/
17:09:07 	ZipExtraction: Images/Screenshot - Game Title/NHL Hockey-01.png
17:09:07 	ZipExtraction: Images/Screenshot - Gameplay/
17:09:07 	ZipExtraction: Images/Screenshot - Gameplay/NHL Hockey-01.png
17:09:07 	ZipExtraction: Images/Screenshot - Gameplay/NHL Hockey-02.png
17:09:07 	ZipExtraction: Manuals/
17:09:07 	ZipExtraction: Manuals/NHL_Hockey_MD_US_Manual.pdf
17:09:07 	ZipExtraction: Musics/
17:09:07 	ZipExtraction: Roms/
17:09:07 	ZipExtraction: Roms/EA Hockey (Europe).md
17:09:07 	ZipExtraction: Videos/
17:09:07 	ZipExtraction: Videos/NHL Hockey-01.mp4
17:09:07 	ZipExtraction: Videos/NHL Hockey-02.mp4
17:09:07 	ZipExtraction: page15-439px-MegaForce_FR_08.pdf.jpg
17:09:07 	ZipExtraction: page14-437px-MegaForce_FR_08.pdf.jpg
