****** Initialisation Logger - niveau: 0 ******
10:27:08 Work on: Desert Strike - Return to the Gulf.zip
10:27:09 Zip Decompression
10:27:09 	ZipExtraction: EBGame.xml
10:27:09 	ZipExtraction: Infos.xml
10:27:09 	ZipExtraction: Struct.info
10:27:09 	ZipExtraction: TBGame.xml
10:27:09 	ZipExtraction: CheatCodes/
10:27:09 	ZipExtraction: Images/
10:27:09 	ZipExtraction: Images/Advertisement Flyer - Front/
10:27:09 	ZipExtraction: Images/Advertisement Flyer - Front/United Kingdom/
10:27:09 	ZipExtraction: Images/Advertisement Flyer - Front/United Kingdom/Desert Strike_ Return to the Gulf-01.jpg
10:27:09 	ZipExtraction: Images/Arcade - Marquee/
10:27:09 	ZipExtraction: Images/Arcade - Marquee/Desert Strike_ Return to the Gulf-01.png
10:27:09 	ZipExtraction: Images/Banner/
10:27:09 	ZipExtraction: Images/Banner/Japan/
10:27:09 	ZipExtraction: Images/Banner/Japan/Desert Strike_ Return to the Gulf-01.jpg
10:27:09 	ZipExtraction: Images/Box - 3D/
10:27:09 	ZipExtraction: Images/Box - 3D/Desert Strike_ Return to the Gulf-02.png
10:27:09 	ZipExtraction: Images/Box - 3D/Europe/
10:27:09 	ZipExtraction: Images/Box - 3D/Europe/Desert Strike_ Return to the Gulf-01.png
10:27:09 	ZipExtraction: Images/Box - Back/
10:27:09 	ZipExtraction: Images/Box - Back/Europe/
10:27:09 	ZipExtraction: Images/Box - Back/Europe/Desert Strike_ Return to the Gulf-01.jpg
10:27:09 	ZipExtraction: Images/Box - Back - Reconstructed/
10:27:09 	ZipExtraction: Images/Box - Back - Reconstructed/North America/
10:27:09 	ZipExtraction: Images/Box - Back - Reconstructed/North America/Desert Strike_ Return to the Gulf-01.jpg
10:27:09 	ZipExtraction: Images/Box - Front/
10:27:09 	ZipExtraction: Images/Box - Front/Desert Strike_ Return to the Gulf-01.png
10:27:09 	ZipExtraction: Images/Box - Front/Europe/
10:27:09 	ZipExtraction: Images/Box - Front/Europe/Desert Strike_ Return to the Gulf-01.jpg
10:27:09 	ZipExtraction: Images/Box - Front - Reconstructed/
10:27:09 	ZipExtraction: Images/Box - Front - Reconstructed/North America/
10:27:09 	ZipExtraction: Images/Box - Front - Reconstructed/North America/Desert Strike_ Return to the Gulf-01.jpg
10:27:09 	ZipExtraction: Images/Cart - 3D/
10:27:09 	ZipExtraction: Images/Cart - 3D/Desert Strike_ Return to the Gulf-01.png
10:27:09 	ZipExtraction: Images/Cart - Front/
10:27:09 	ZipExtraction: Images/Cart - Front/Desert Strike_ Return to the Gulf-01.png
10:27:09 	ZipExtraction: Images/Cart - Front/Desert Strike_ Return to the Gulf-02.png
10:27:09 	ZipExtraction: Images/Cart - Front/Europe/
10:27:09 	ZipExtraction: Images/Cart - Front/Europe/Desert Strike_ Return to the Gulf-01.png
10:27:09 	ZipExtraction: Images/Clear Logo/
10:27:09 	ZipExtraction: Images/Clear Logo/Desert Strike_ Return to the Gulf-01.png
10:27:09 	ZipExtraction: Images/Clear Logo/Desert Strike_ Return to the Gulf-02.png
10:27:09 	ZipExtraction: Images/Clear Logo/Europe/
10:27:09 	ZipExtraction: Images/Clear Logo/Europe/Desert Strike_ Return to the Gulf-01.png
10:27:09 	ZipExtraction: Images/Fanart - Box - Back/
10:27:09 	ZipExtraction: Images/Fanart - Box - Back/North America/
10:27:09 	ZipExtraction: Images/Fanart - Box - Back/North America/Desert Strike_ Return to the Gulf-01.jpg
10:27:09 	ZipExtraction: Images/Fanart - Box - Front/
10:27:09 	ZipExtraction: Images/Fanart - Box - Front/North America/
10:27:09 	ZipExtraction: Images/Fanart - Box - Front/North America/Desert Strike_ Return to the Gulf-01.jpg
10:27:09 	ZipExtraction: Images/Screenshot - Game Over/
10:27:09 	ZipExtraction: Images/Screenshot - Game Over/North America/
10:27:09 	ZipExtraction: Images/Screenshot - Game Over/North America/Desert Strike_ Return to the Gulf-01.png
10:27:09 	ZipExtraction: Images/Screenshot - Game Select/
10:27:09 	ZipExtraction: Images/Screenshot - Game Select/North America/
10:27:09 	ZipExtraction: Images/Screenshot - Game Select/North America/Desert Strike_ Return to the Gulf-01.png
10:27:09 	ZipExtraction: Images/Screenshot - Game Title/
10:27:09 	ZipExtraction: Images/Screenshot - Game Title/Desert Strike_ Return to the Gulf-01.png
10:27:09 	ZipExtraction: Images/Screenshot - Game Title/Japan/
10:27:09 	ZipExtraction: Images/Screenshot - Game Title/Japan/Desert Strike_ Return to the Gulf-01.png
10:27:09 	ZipExtraction: Images/Screenshot - Gameplay/
10:27:09 	ZipExtraction: Images/Screenshot - Gameplay/Desert Strike_ Return to the Gulf-01.jpg
10:27:09 	ZipExtraction: Images/Screenshot - Gameplay/Desert Strike_ Return to the Gulf-01.png
10:27:09 	ZipExtraction: Images/Screenshot - Gameplay/Desert Strike_ Return to the Gulf-02.jpg
10:27:09 	ZipExtraction: Manuals/
10:27:09 	ZipExtraction: Manuals/Desert Strike_ Return to the Gulf.pdf
10:27:09 	ZipExtraction: Musics/
10:27:09 	ZipExtraction: Roms/
10:27:09 	ZipExtraction: Roms/Desert Strike - Return to the Gulf (USA, Europe).md
10:27:09 	ZipExtraction: Videos/
10:27:09 	ZipExtraction: Videos/Desert Strike_ Return to the Gulf-01.mp4
10:27:09 	ZipExtraction: Manuals/Desert_Strike_MD_FR_Manual.pdf
10:27:10 	ZipExtraction: Musics/Desert Strike Return to the Gulf.mp3
10:27:10 	ZipExtraction: 650px-DesertStrike_MD_US_Cart.jpg
10:27:10 	ZipExtraction: 800px-DesertStrike_MD_EU_Box.jpg
10:27:10 	ZipExtraction: CheatCodes/astuces.txt
10:27:10 Game info xml loaded: Desert Strike: Return to the Gulf
10:27:12 Target Game path: ..\..\Plateformes\Games\Sega Mega Drive
10:27:12 Target Manuals  path: ..\..\Plateformes\Manuals\Sega Mega Drive
10:27:12 Target Musics path: 
10:27:12 Target Videos path: ..\..\Plateformes\Videos\Sega Mega Drive
10:27:24 Injection in xml Launchbox's files
10:27:24 Game Finished
10:27:24 Task Finished

Fermeture du Log

