****** Initialisation Logger - niveau: 0 ******
12:26:01 Work on: Desert Strike - Return to the Gulf.zip
12:26:01 Zip Decompression
12:26:01 	ZipExtraction: EBGame.xml
12:26:01 	ZipExtraction: Infos.xml
12:26:01 	ZipExtraction: Struct.info
12:26:01 	ZipExtraction: TBGame.xml
12:26:01 	ZipExtraction: CheatCodes/
12:26:01 	ZipExtraction: Images/
12:26:01 	ZipExtraction: Images/Advertisement Flyer - Front/
12:26:01 	ZipExtraction: Images/Advertisement Flyer - Front/United Kingdom/
12:26:01 	ZipExtraction: Images/Advertisement Flyer - Front/United Kingdom/Desert Strike_ Return to the Gulf-01.jpg
12:26:01 	ZipExtraction: Images/Arcade - Marquee/
12:26:01 	ZipExtraction: Images/Arcade - Marquee/Desert Strike_ Return to the Gulf-01.png
12:26:01 	ZipExtraction: Images/Banner/
12:26:01 	ZipExtraction: Images/Banner/Japan/
12:26:01 	ZipExtraction: Images/Banner/Japan/Desert Strike_ Return to the Gulf-01.jpg
12:26:01 	ZipExtraction: Images/Box - 3D/
12:26:01 	ZipExtraction: Images/Box - 3D/Desert Strike_ Return to the Gulf-02.png
12:26:01 	ZipExtraction: Images/Box - 3D/Europe/
12:26:01 	ZipExtraction: Images/Box - 3D/Europe/Desert Strike_ Return to the Gulf-01.png
12:26:01 	ZipExtraction: Images/Box - Back/
12:26:01 	ZipExtraction: Images/Box - Back/Europe/
12:26:01 	ZipExtraction: Images/Box - Back/Europe/Desert Strike_ Return to the Gulf-01.jpg
12:26:01 	ZipExtraction: Images/Box - Back - Reconstructed/
12:26:01 	ZipExtraction: Images/Box - Back - Reconstructed/North America/
12:26:01 	ZipExtraction: Images/Box - Back - Reconstructed/North America/Desert Strike_ Return to the Gulf-01.jpg
12:26:01 	ZipExtraction: Images/Box - Front/
12:26:01 	ZipExtraction: Images/Box - Front/Desert Strike_ Return to the Gulf-01.png
12:26:01 	ZipExtraction: Images/Box - Front/Europe/
12:26:01 	ZipExtraction: Images/Box - Front/Europe/Desert Strike_ Return to the Gulf-01.jpg
12:26:01 	ZipExtraction: Images/Box - Front - Reconstructed/
12:26:01 	ZipExtraction: Images/Box - Front - Reconstructed/North America/
12:26:01 	ZipExtraction: Images/Box - Front - Reconstructed/North America/Desert Strike_ Return to the Gulf-01.jpg
12:26:01 	ZipExtraction: Images/Cart - 3D/
12:26:01 	ZipExtraction: Images/Cart - 3D/Desert Strike_ Return to the Gulf-01.png
12:26:01 	ZipExtraction: Images/Cart - Front/
12:26:01 	ZipExtraction: Images/Cart - Front/Desert Strike_ Return to the Gulf-01.png
12:26:01 	ZipExtraction: Images/Cart - Front/Desert Strike_ Return to the Gulf-02.png
12:26:01 	ZipExtraction: Images/Cart - Front/Europe/
12:26:01 	ZipExtraction: Images/Cart - Front/Europe/Desert Strike_ Return to the Gulf-01.png
12:26:01 	ZipExtraction: Images/Clear Logo/
12:26:01 	ZipExtraction: Images/Clear Logo/Desert Strike_ Return to the Gulf-01.png
12:26:01 	ZipExtraction: Images/Clear Logo/Desert Strike_ Return to the Gulf-02.png
12:26:01 	ZipExtraction: Images/Clear Logo/Europe/
12:26:01 	ZipExtraction: Images/Clear Logo/Europe/Desert Strike_ Return to the Gulf-01.png
12:26:01 	ZipExtraction: Images/Fanart - Box - Back/
12:26:01 	ZipExtraction: Images/Fanart - Box - Back/North America/
12:26:01 	ZipExtraction: Images/Fanart - Box - Back/North America/Desert Strike_ Return to the Gulf-01.jpg
12:26:01 	ZipExtraction: Images/Fanart - Box - Front/
12:26:01 	ZipExtraction: Images/Fanart - Box - Front/North America/
12:26:01 	ZipExtraction: Images/Fanart - Box - Front/North America/Desert Strike_ Return to the Gulf-01.jpg
12:26:01 	ZipExtraction: Images/Screenshot - Game Over/
12:26:01 	ZipExtraction: Images/Screenshot - Game Over/North America/
12:26:01 	ZipExtraction: Images/Screenshot - Game Over/North America/Desert Strike_ Return to the Gulf-01.png
12:26:01 	ZipExtraction: Images/Screenshot - Game Select/
12:26:01 	ZipExtraction: Images/Screenshot - Game Select/North America/
12:26:01 	ZipExtraction: Images/Screenshot - Game Select/North America/Desert Strike_ Return to the Gulf-01.png
12:26:01 	ZipExtraction: Images/Screenshot - Game Title/
12:26:01 	ZipExtraction: Images/Screenshot - Game Title/Desert Strike_ Return to the Gulf-01.png
12:26:01 	ZipExtraction: Images/Screenshot - Game Title/Japan/
12:26:01 	ZipExtraction: Images/Screenshot - Game Title/Japan/Desert Strike_ Return to the Gulf-01.png
12:26:01 	ZipExtraction: Images/Screenshot - Gameplay/
12:26:01 	ZipExtraction: Images/Screenshot - Gameplay/Desert Strike_ Return to the Gulf-01.jpg
12:26:01 	ZipExtraction: Images/Screenshot - Gameplay/Desert Strike_ Return to the Gulf-01.png
12:26:01 	ZipExtraction: Images/Screenshot - Gameplay/Desert Strike_ Return to the Gulf-02.jpg
12:26:01 	ZipExtraction: Manuals/
12:26:01 	ZipExtraction: Manuals/Desert Strike_ Return to the Gulf.pdf
12:26:01 	ZipExtraction: Musics/
12:26:01 	ZipExtraction: Roms/
12:26:01 	ZipExtraction: Roms/Desert Strike - Return to the Gulf (USA, Europe).md
12:26:01 	ZipExtraction: Videos/
12:26:01 	ZipExtraction: Videos/Desert Strike_ Return to the Gulf-01.mp4
12:26:01 	ZipExtraction: Manuals/Desert_Strike_MD_FR_Manual.pdf
12:26:01 	ZipExtraction: Musics/Desert Strike Return to the Gulf.mp3
12:26:01 	ZipExtraction: 650px-DesertStrike_MD_US_Cart.jpg
12:26:01 	ZipExtraction: 800px-DesertStrike_MD_EU_Box.jpg
12:26:01 	ZipExtraction: CheatCodes/astuces.txt
12:26:01 Game info xml loaded: Desert Strike: Return to the Gulf
12:26:01 Target Game path: ..\..\Plateformes\Games\Sega Mega Drive
12:26:01 Target Manuals  path: ..\..\Plateformes\Manuals\Sega Mega Drive
12:26:01 Target Musics path: 
12:26:01 Target Videos path: ..\..\Plateformes\Videos\Sega Mega Drive
12:26:05 Injection in xml Launchbox's files
12:26:10 Game Finished
12:26:10 Task Finished

Fermeture du Log

