****** Initialisation Logger - niveau: 0 ******
16:59:21 Work on: EA Hockey (Europe).zip
16:59:21 Zip Decompression
16:59:21 	ZipExtraction: EBGame.xml
16:59:21 	ZipExtraction: Infos.xml
16:59:21 	ZipExtraction: Struct.info
16:59:21 	ZipExtraction: TBGame.xml
16:59:21 	ZipExtraction: CheatCodes/
16:59:21 	ZipExtraction: Images/
16:59:21 	ZipExtraction: Images/Box - 3D/
16:59:21 	ZipExtraction: Images/Box - 3D/NHL Hockey-01.png
16:59:21 	ZipExtraction: Images/Box - 3D/Europe/
16:59:21 	ZipExtraction: Images/Box - 3D/Europe/NHL Hockey-01.png
16:59:22 	ZipExtraction: Images/Box - Back/
16:59:22 	ZipExtraction: Images/Box - Back/Europe/
16:59:22 	ZipExtraction: Images/Box - Back/Europe/NHL Hockey-01.jpg
16:59:22 	ZipExtraction: Images/Box - Front/
16:59:22 	ZipExtraction: Images/Box - Front/NHL Hockey-01.png
16:59:22 	ZipExtraction: Images/Box - Front/Europe/
16:59:22 	ZipExtraction: Images/Box - Front/Europe/NHL Hockey-01.jpg
16:59:22 	ZipExtraction: Images/Box - Front - Reconstructed/
16:59:22 	ZipExtraction: Images/Box - Front - Reconstructed/North America/
16:59:22 	ZipExtraction: Images/Box - Front - Reconstructed/North America/NHL Hockey-01.jpg
16:59:22 	ZipExtraction: Images/Cart - Front/
16:59:22 	ZipExtraction: Images/Cart - Front/NHL Hockey-01.png
16:59:22 	ZipExtraction: Images/Cart - Front/Europe/
16:59:22 	ZipExtraction: Images/Cart - Front/Europe/NHL Hockey-01.png
16:59:22 	ZipExtraction: Images/Clear Logo/
16:59:22 	ZipExtraction: Images/Clear Logo/NHL Hockey-01.png
16:59:22 	ZipExtraction: Images/Clear Logo/Europe/
16:59:22 	ZipExtraction: Images/Clear Logo/Europe/NHL Hockey-01.png
16:59:22 	ZipExtraction: Images/Screenshot - Game Title/
16:59:22 	ZipExtraction: Images/Screenshot - Game Title/NHL Hockey-01.png
16:59:22 	ZipExtraction: Images/Screenshot - Gameplay/
16:59:22 	ZipExtraction: Images/Screenshot - Gameplay/NHL Hockey-01.png
16:59:22 	ZipExtraction: Images/Screenshot - Gameplay/NHL Hockey-02.png
16:59:22 	ZipExtraction: Manuals/
16:59:22 	ZipExtraction: Manuals/NHL_Hockey_MD_US_Manual.pdf
16:59:22 	ZipExtraction: Musics/
16:59:22 	ZipExtraction: Roms/
16:59:22 	ZipExtraction: Roms/EA Hockey (Europe).md
16:59:22 	ZipExtraction: Videos/
16:59:22 	ZipExtraction: Videos/NHL Hockey-01.mp4
16:59:22 	ZipExtraction: Videos/NHL Hockey-02.mp4
16:59:22 	ZipExtraction: page15-439px-MegaForce_FR_08.pdf.jpg
16:59:22 	ZipExtraction: page14-437px-MegaForce_FR_08.pdf.jpg
16:59:23 Game info xml loaded: NHL Hockey
16:59:23 Target Game path: ..\..\Plateformes\Games\Sega Mega Drive
16:59:23 Target Manuals  path: ..\..\Plateformes\Manuals\Sega Mega Drive
16:59:23 Target Musics path: 
16:59:23 Target Videos path: ..\..\Plateformes\Videos\Sega Mega Drive
