****** Initialisation Logger - niveau: 0 ******
22:52:17 Work on: EA Hockey (Europe).zip
22:52:17 Zip Decompression
22:52:17 	ZipExtraction: EBGame.xml
22:52:18 	ZipExtraction: Infos.xml
22:52:18 	ZipExtraction: Struct.info
22:52:18 	ZipExtraction: TBGame.xml
22:52:18 	ZipExtraction: CheatCodes/
22:52:18 	ZipExtraction: Images/
22:52:18 	ZipExtraction: Images/Box - 3D/
22:52:18 	ZipExtraction: Images/Box - 3D/NHL Hockey-01.png
22:52:18 	ZipExtraction: Images/Box - 3D/Europe/
22:52:18 	ZipExtraction: Images/Box - 3D/Europe/NHL Hockey-01.png
22:52:18 	ZipExtraction: Images/Box - Back/
22:52:18 	ZipExtraction: Images/Box - Back/Europe/
22:52:18 	ZipExtraction: Images/Box - Back/Europe/NHL Hockey-01.jpg
22:52:18 	ZipExtraction: Images/Box - Front/
22:52:18 	ZipExtraction: Images/Box - Front/NHL Hockey-01.png
22:52:18 	ZipExtraction: Images/Box - Front/Europe/
22:52:18 	ZipExtraction: Images/Box - Front/Europe/NHL Hockey-01.jpg
22:52:18 	ZipExtraction: Images/Box - Front - Reconstructed/
22:52:18 	ZipExtraction: Images/Box - Front - Reconstructed/North America/
22:52:18 	ZipExtraction: Images/Box - Front - Reconstructed/North America/NHL Hockey-01.jpg
22:52:18 	ZipExtraction: Images/Cart - Front/
22:52:18 	ZipExtraction: Images/Cart - Front/NHL Hockey-01.png
22:52:18 	ZipExtraction: Images/Cart - Front/Europe/
22:52:18 	ZipExtraction: Images/Cart - Front/Europe/NHL Hockey-01.png
22:52:18 	ZipExtraction: Images/Clear Logo/
22:52:18 	ZipExtraction: Images/Clear Logo/NHL Hockey-01.png
22:52:18 	ZipExtraction: Images/Clear Logo/Europe/
22:52:18 	ZipExtraction: Images/Clear Logo/Europe/NHL Hockey-01.png
22:52:18 	ZipExtraction: Images/Screenshot - Game Title/
22:52:18 	ZipExtraction: Images/Screenshot - Game Title/NHL Hockey-01.png
22:52:18 	ZipExtraction: Images/Screenshot - Gameplay/
22:52:18 	ZipExtraction: Images/Screenshot - Gameplay/NHL Hockey-01.png
22:52:18 	ZipExtraction: Images/Screenshot - Gameplay/NHL Hockey-02.png
22:52:18 	ZipExtraction: Manuals/
22:52:18 	ZipExtraction: Manuals/NHL_Hockey_MD_US_Manual.pdf
22:52:18 	ZipExtraction: Musics/
22:52:18 	ZipExtraction: Roms/
22:52:18 	ZipExtraction: Roms/EA Hockey (Europe).md
22:52:18 	ZipExtraction: Videos/
22:52:18 	ZipExtraction: Videos/NHL Hockey-01.mp4
22:52:19 	ZipExtraction: Videos/NHL Hockey-02.mp4
22:52:19 	ZipExtraction: page15-439px-MegaForce_FR_08.pdf.jpg
22:52:19 	ZipExtraction: page14-437px-MegaForce_FR_08.pdf.jpg
22:52:19 Game info xml loaded: NHL Hockey
22:52:19 Target Game path: ..\..\Plateformes\Games\Sega Mega Drive
22:52:19 Target Manuals  path: ..\..\Plateformes\Manuals\Sega Mega Drive
22:52:19 Target Musics path: 
22:52:19 Target Videos path: ..\..\Plateformes\Videos\Sega Mega Drive
22:52:50 Injection in xml Launchbox's files
22:52:50 Game Finished
22:52:50 Task Finished

Fermeture du Log

