****** Initialisation Logger - niveau: 0 ******
11:41:42 Get infos from platform
11:41:46 Backup of 'G:\Frontend\LaunchBox - Test\Data\Platforms\Sega Genesis.xml'
11:41:46 Target Game path: ..\..\fauxgames\Games\Sega Genesis
11:41:46 Target Cheats path: ..\..\fauxgames\Cheat Codes\Sega Genesis
11:41:46 Target Images path: ..\..\fauxgames\Images\Sega Genesis
11:41:46 Target Manuals  path: ..\..\fauxgames\Manuals\Sega Genesis
11:41:46 Target Musics path: ..\..\fauxgames\Musics\Sega Genesis
11:41:46 Target Videos path: ..\..\fauxgames\Videos\Sega Genesis
11:41:46 Work on: Aladdin.zip
11:41:46 Zip Decompression
11:41:46 	ZipExtraction: EBGame.xml
11:41:47 	ZipExtraction: Infos.xml
11:41:47 	ZipExtraction: Struct.info
11:41:47 	ZipExtraction: TBGame.xml
11:41:47 	ZipExtraction: CheatCodes/
11:41:47 	ZipExtraction: Images/
11:41:47 	ZipExtraction: Images/Arcade - Marquee/
11:41:47 	ZipExtraction: Images/Arcade - Marquee/Aladdin-01.png
11:41:47 	ZipExtraction: Images/Banner/
11:41:47 	ZipExtraction: Images/Banner/Aladdin-01.jpg
11:41:47 	ZipExtraction: Images/Banner/Aladdin-02.jpg
11:41:47 	ZipExtraction: Images/Box - 3D/
11:41:47 	ZipExtraction: Images/Box - 3D/Europe/
11:41:47 	ZipExtraction: Images/Box - 3D/Europe/Aladdin-01.png
11:41:47 	ZipExtraction: Images/Box - Back/
11:41:47 	ZipExtraction: Images/Box - Back/Europe/
11:41:47 	ZipExtraction: Images/Box - Back/Europe/Aladdin-01.jpg
11:41:47 	ZipExtraction: Images/Box - Front/
11:41:47 	ZipExtraction: Images/Box - Front/Europe/
11:41:47 	ZipExtraction: Images/Box - Front/Europe/Aladdin-01.png
11:41:47 	ZipExtraction: Images/Cart - Front/
11:41:47 	ZipExtraction: Images/Cart - Front/Europe/
11:41:47 	ZipExtraction: Images/Cart - Front/Europe/Aladdin-01.png
11:41:47 	ZipExtraction: Images/Clear Logo/
11:41:47 	ZipExtraction: Images/Clear Logo/Europe/
11:41:47 	ZipExtraction: Images/Clear Logo/Europe/Aladdin-01.png
11:41:47 	ZipExtraction: Images/Fanart - Background/
11:41:47 	ZipExtraction: Images/Fanart - Background/Aladdin-01.jpg
11:41:47 	ZipExtraction: Images/Screenshot - Gameplay/
11:41:47 	ZipExtraction: Images/Screenshot - Gameplay/Aladdin-01.jpg
11:41:47 	ZipExtraction: Images/Screenshot - Gameplay/Aladdin-02.jpg
11:41:47 	ZipExtraction: Images/Screenshot - Gameplay/Aladdin-03.jpg
11:41:48 	ZipExtraction: Images/Screenshot - Gameplay/Aladdin-04.jpg
11:41:48 	ZipExtraction: Images/Screenshot - Gameplay/Aladdin-05.jpg
11:41:48 	ZipExtraction: Images/Screenshot - Gameplay/Aladdin-06.jpg
11:41:48 	ZipExtraction: Images/Screenshot - Gameplay/Aladdin-07.jpg
11:41:48 	ZipExtraction: Images/Screenshot - Gameplay/Aladdin-08.jpg
11:41:48 	ZipExtraction: Manuals/
11:41:48 	ZipExtraction: Musics/
11:41:48 	ZipExtraction: Musics/Aladdin.mp3
11:41:48 	ZipExtraction: Roms/
11:41:48 	ZipExtraction: Roms/Aladdin (Europe).md
11:41:48 	ZipExtraction: Videos/
11:41:48 	ZipExtraction: Videos/Aladdin-01.mp4
11:41:48 	ZipExtraction: Manuals/Disney's_Aladdin_MD_FR_Manual.pdf
11:41:48 	ZipExtraction: Roms/Disney's Aladdin (E) [f1].md
11:41:48 	ZipExtraction: 800px-Aladdin_MD_EU_Box.jpg
11:41:48 	ZipExtraction: 800px-Aladdin_MD_EU_Cart.jpg
11:41:48 	ZipExtraction: Roms/Aladdin (USA).md
11:41:48 	ZipExtraction: Roms/Disney's Aladdin (U) [f1].md
11:41:49 	ZipExtraction: Roms/Disney's Aladdin (U) [h1C].md
11:41:49 	ZipExtraction: Roms/Disney's Aladdin (U) [T+Fre0.99Beta_Macrotrads].md
11:41:49 	ZipExtraction: CheatCodes/Aladdin.txt
11:41:49 Game info xml loaded: Aladdin
11:41:51 Altération of platform Sega Mega Drive => Sega Genesis
11:41:51 Copy files
11:41:51 	Copy de: Cheat Codes => '..\..\fauxgames\Cheat Codes\Sega Genesis'
11:41:52 	Copy de: Images => '..\..\fauxgames\Images\Sega Genesis'
11:41:52 	Copy de: Manuels => (..\..\Plateformes\Manuals\Sega Mega Drive'
11:41:52 	Copy de: Musiques => '..\..\Plateformes\Music\Sega Mega Drive'
11:41:52 	Copy de: Games => '..\..\Plateformes\Games\Sega Mega Drive'
