****** Initialisation Logger - niveau: 0 ******
18:03:05 Work on: EA Hockey (Europe).zip
18:03:05 Zip Decompression
18:03:05 	ZipExtraction: EBGame.xml
18:03:06 	ZipExtraction: Infos.xml
18:03:06 	ZipExtraction: Struct.info
18:03:06 	ZipExtraction: TBGame.xml
18:03:06 	ZipExtraction: CheatCodes/
18:03:06 	ZipExtraction: Images/
18:03:06 	ZipExtraction: Images/Box - 3D/
18:03:06 	ZipExtraction: Images/Box - 3D/NHL Hockey-01.png
18:03:06 	ZipExtraction: Images/Box - 3D/Europe/
18:03:06 	ZipExtraction: Images/Box - 3D/Europe/NHL Hockey-01.png
18:03:06 	ZipExtraction: Images/Box - Back/
18:03:06 	ZipExtraction: Images/Box - Back/Europe/
18:03:06 	ZipExtraction: Images/Box - Back/Europe/NHL Hockey-01.jpg
18:03:06 	ZipExtraction: Images/Box - Front/
18:03:06 	ZipExtraction: Images/Box - Front/NHL Hockey-01.png
18:03:06 	ZipExtraction: Images/Box - Front/Europe/
18:03:06 	ZipExtraction: Images/Box - Front/Europe/NHL Hockey-01.jpg
18:03:06 	ZipExtraction: Images/Box - Front - Reconstructed/
18:03:06 	ZipExtraction: Images/Box - Front - Reconstructed/North America/
18:03:06 	ZipExtraction: Images/Box - Front - Reconstructed/North America/NHL Hockey-01.jpg
18:03:06 	ZipExtraction: Images/Cart - Front/
18:03:06 	ZipExtraction: Images/Cart - Front/NHL Hockey-01.png
18:03:06 	ZipExtraction: Images/Cart - Front/Europe/
18:03:06 	ZipExtraction: Images/Cart - Front/Europe/NHL Hockey-01.png
18:03:06 	ZipExtraction: Images/Clear Logo/
18:03:06 	ZipExtraction: Images/Clear Logo/NHL Hockey-01.png
18:03:06 	ZipExtraction: Images/Clear Logo/Europe/
18:03:06 	ZipExtraction: Images/Clear Logo/Europe/NHL Hockey-01.png
18:03:06 	ZipExtraction: Images/Screenshot - Game Title/
18:03:06 	ZipExtraction: Images/Screenshot - Game Title/NHL Hockey-01.png
18:03:06 	ZipExtraction: Images/Screenshot - Gameplay/
18:03:06 	ZipExtraction: Images/Screenshot - Gameplay/NHL Hockey-01.png
18:03:06 	ZipExtraction: Images/Screenshot - Gameplay/NHL Hockey-02.png
18:03:06 	ZipExtraction: Manuals/
18:03:06 	ZipExtraction: Manuals/NHL_Hockey_MD_US_Manual.pdf
18:03:06 	ZipExtraction: Musics/
18:03:06 	ZipExtraction: Roms/
18:03:06 	ZipExtraction: Roms/EA Hockey (Europe).md
18:03:06 	ZipExtraction: Videos/
18:03:06 	ZipExtraction: Videos/NHL Hockey-01.mp4
18:03:07 	ZipExtraction: Videos/NHL Hockey-02.mp4
18:03:07 	ZipExtraction: page15-439px-MegaForce_FR_08.pdf.jpg
18:03:07 	ZipExtraction: page14-437px-MegaForce_FR_08.pdf.jpg
18:03:07 Game info xml loaded: NHL Hockey
18:03:07 Target Game path: ..\..\Plateformes\Games\Sega Mega Drive
18:03:07 Target Manuals  path: ..\..\Plateformes\Manuals\Sega Mega Drive
18:03:07 Target Musics path: 
18:03:07 Target Videos path: ..\..\Plateformes\Videos\Sega Mega Drive
