****** Initialisation Logger - niveau: 0 ******
11:56:30 Work on: Desert Strike - Return to the Gulf.zip
11:56:30 Zip Decompression
11:56:30 	ZipExtraction: EBGame.xml
11:56:30 	ZipExtraction: Infos.xml
11:56:30 	ZipExtraction: Struct.info
11:56:30 	ZipExtraction: TBGame.xml
11:56:30 	ZipExtraction: CheatCodes/
11:56:30 	ZipExtraction: Images/
11:56:30 	ZipExtraction: Images/Advertisement Flyer - Front/
11:56:30 	ZipExtraction: Images/Advertisement Flyer - Front/United Kingdom/
11:56:30 	ZipExtraction: Images/Advertisement Flyer - Front/United Kingdom/Desert Strike_ Return to the Gulf-01.jpg
11:56:30 	ZipExtraction: Images/Arcade - Marquee/
11:56:30 	ZipExtraction: Images/Arcade - Marquee/Desert Strike_ Return to the Gulf-01.png
11:56:30 	ZipExtraction: Images/Banner/
11:56:30 	ZipExtraction: Images/Banner/Japan/
11:56:30 	ZipExtraction: Images/Banner/Japan/Desert Strike_ Return to the Gulf-01.jpg
11:56:30 	ZipExtraction: Images/Box - 3D/
11:56:30 	ZipExtraction: Images/Box - 3D/Desert Strike_ Return to the Gulf-02.png
11:56:30 	ZipExtraction: Images/Box - 3D/Europe/
11:56:30 	ZipExtraction: Images/Box - 3D/Europe/Desert Strike_ Return to the Gulf-01.png
11:56:30 	ZipExtraction: Images/Box - Back/
11:56:30 	ZipExtraction: Images/Box - Back/Europe/
11:56:30 	ZipExtraction: Images/Box - Back/Europe/Desert Strike_ Return to the Gulf-01.jpg
11:56:30 	ZipExtraction: Images/Box - Back - Reconstructed/
11:56:30 	ZipExtraction: Images/Box - Back - Reconstructed/North America/
11:56:30 	ZipExtraction: Images/Box - Back - Reconstructed/North America/Desert Strike_ Return to the Gulf-01.jpg
11:56:30 	ZipExtraction: Images/Box - Front/
11:56:30 	ZipExtraction: Images/Box - Front/Desert Strike_ Return to the Gulf-01.png
11:56:30 	ZipExtraction: Images/Box - Front/Europe/
11:56:30 	ZipExtraction: Images/Box - Front/Europe/Desert Strike_ Return to the Gulf-01.jpg
11:56:30 	ZipExtraction: Images/Box - Front - Reconstructed/
11:56:30 	ZipExtraction: Images/Box - Front - Reconstructed/North America/
11:56:30 	ZipExtraction: Images/Box - Front - Reconstructed/North America/Desert Strike_ Return to the Gulf-01.jpg
11:56:30 	ZipExtraction: Images/Cart - 3D/
11:56:30 	ZipExtraction: Images/Cart - 3D/Desert Strike_ Return to the Gulf-01.png
11:56:30 	ZipExtraction: Images/Cart - Front/
11:56:30 	ZipExtraction: Images/Cart - Front/Desert Strike_ Return to the Gulf-01.png
11:56:30 	ZipExtraction: Images/Cart - Front/Desert Strike_ Return to the Gulf-02.png
11:56:31 	ZipExtraction: Images/Cart - Front/Europe/
11:56:31 	ZipExtraction: Images/Cart - Front/Europe/Desert Strike_ Return to the Gulf-01.png
11:56:31 	ZipExtraction: Images/Clear Logo/
11:56:31 	ZipExtraction: Images/Clear Logo/Desert Strike_ Return to the Gulf-01.png
11:56:31 	ZipExtraction: Images/Clear Logo/Desert Strike_ Return to the Gulf-02.png
11:56:31 	ZipExtraction: Images/Clear Logo/Europe/
11:56:31 	ZipExtraction: Images/Clear Logo/Europe/Desert Strike_ Return to the Gulf-01.png
11:56:31 	ZipExtraction: Images/Fanart - Box - Back/
11:56:31 	ZipExtraction: Images/Fanart - Box - Back/North America/
11:56:31 	ZipExtraction: Images/Fanart - Box - Back/North America/Desert Strike_ Return to the Gulf-01.jpg
11:56:31 	ZipExtraction: Images/Fanart - Box - Front/
11:56:31 	ZipExtraction: Images/Fanart - Box - Front/North America/
11:56:31 	ZipExtraction: Images/Fanart - Box - Front/North America/Desert Strike_ Return to the Gulf-01.jpg
11:56:31 	ZipExtraction: Images/Screenshot - Game Over/
11:56:31 	ZipExtraction: Images/Screenshot - Game Over/North America/
11:56:31 	ZipExtraction: Images/Screenshot - Game Over/North America/Desert Strike_ Return to the Gulf-01.png
11:56:31 	ZipExtraction: Images/Screenshot - Game Select/
11:56:31 	ZipExtraction: Images/Screenshot - Game Select/North America/
11:56:31 	ZipExtraction: Images/Screenshot - Game Select/North America/Desert Strike_ Return to the Gulf-01.png
11:56:31 	ZipExtraction: Images/Screenshot - Game Title/
11:56:31 	ZipExtraction: Images/Screenshot - Game Title/Desert Strike_ Return to the Gulf-01.png
11:56:31 	ZipExtraction: Images/Screenshot - Game Title/Japan/
11:56:31 	ZipExtraction: Images/Screenshot - Game Title/Japan/Desert Strike_ Return to the Gulf-01.png
11:56:31 	ZipExtraction: Images/Screenshot - Gameplay/
11:56:31 	ZipExtraction: Images/Screenshot - Gameplay/Desert Strike_ Return to the Gulf-01.jpg
11:56:31 	ZipExtraction: Images/Screenshot - Gameplay/Desert Strike_ Return to the Gulf-01.png
11:56:31 	ZipExtraction: Images/Screenshot - Gameplay/Desert Strike_ Return to the Gulf-02.jpg
11:56:31 	ZipExtraction: Manuals/
11:56:31 	ZipExtraction: Manuals/Desert Strike_ Return to the Gulf.pdf
11:56:31 	ZipExtraction: Musics/
11:56:31 	ZipExtraction: Roms/
11:56:31 	ZipExtraction: Roms/Desert Strike - Return to the Gulf (USA, Europe).md
11:56:31 	ZipExtraction: Videos/
11:56:31 	ZipExtraction: Videos/Desert Strike_ Return to the Gulf-01.mp4
11:56:31 	ZipExtraction: Manuals/Desert_Strike_MD_FR_Manual.pdf
11:56:32 	ZipExtraction: Musics/Desert Strike Return to the Gulf.mp3
11:56:32 	ZipExtraction: 650px-DesertStrike_MD_US_Cart.jpg
11:56:32 	ZipExtraction: 800px-DesertStrike_MD_EU_Box.jpg
11:56:32 	ZipExtraction: CheatCodes/astuces.txt
11:56:32 Game info xml loaded: Desert Strike: Return to the Gulf
11:56:40 Target Game path: ..\..\Plateformes\Games\Sega Mega Drive
11:56:40 Target Manuals  path: ..\..\Plateformes\Manuals\Sega Mega Drive
11:56:40 Target Musics path: 
11:56:40 Target Videos path: ..\..\Plateformes\Videos\Sega Mega Drive
11:56:44 Injection in xml Launchbox's files
11:58:33 Zip Decompression
11:58:33 	ZipExtraction: EBGame.xml
11:58:33 	ZipExtraction: Infos.xml
11:58:33 	ZipExtraction: Struct.info
11:58:33 	ZipExtraction: TBGame.xml
11:58:33 	ZipExtraction: CheatCodes/
11:58:33 	ZipExtraction: Images/
11:58:33 	ZipExtraction: Images/Advertisement Flyer - Front/
11:58:33 	ZipExtraction: Images/Advertisement Flyer - Front/United Kingdom/
11:58:33 	ZipExtraction: Images/Advertisement Flyer - Front/United Kingdom/Desert Strike_ Return to the Gulf-01.jpg
11:58:33 	ZipExtraction: Images/Arcade - Marquee/
11:58:33 	ZipExtraction: Images/Arcade - Marquee/Desert Strike_ Return to the Gulf-01.png
11:58:33 	ZipExtraction: Images/Banner/
11:58:33 	ZipExtraction: Images/Banner/Japan/
11:58:33 	ZipExtraction: Images/Banner/Japan/Desert Strike_ Return to the Gulf-01.jpg
11:58:33 	ZipExtraction: Images/Box - 3D/
11:58:33 	ZipExtraction: Images/Box - 3D/Desert Strike_ Return to the Gulf-02.png
11:58:33 	ZipExtraction: Images/Box - 3D/Europe/
11:58:33 	ZipExtraction: Images/Box - 3D/Europe/Desert Strike_ Return to the Gulf-01.png
11:58:33 	ZipExtraction: Images/Box - Back/
11:58:34 	ZipExtraction: Images/Box - Back/Europe/
11:58:34 	ZipExtraction: Images/Box - Back/Europe/Desert Strike_ Return to the Gulf-01.jpg
11:58:34 	ZipExtraction: Images/Box - Back - Reconstructed/
11:58:34 	ZipExtraction: Images/Box - Back - Reconstructed/North America/
11:58:34 	ZipExtraction: Images/Box - Back - Reconstructed/North America/Desert Strike_ Return to the Gulf-01.jpg
11:58:34 	ZipExtraction: Images/Box - Front/
11:58:34 	ZipExtraction: Images/Box - Front/Desert Strike_ Return to the Gulf-01.png
11:58:34 	ZipExtraction: Images/Box - Front/Europe/
11:58:34 	ZipExtraction: Images/Box - Front/Europe/Desert Strike_ Return to the Gulf-01.jpg
11:58:34 	ZipExtraction: Images/Box - Front - Reconstructed/
11:58:34 	ZipExtraction: Images/Box - Front - Reconstructed/North America/
11:58:34 	ZipExtraction: Images/Box - Front - Reconstructed/North America/Desert Strike_ Return to the Gulf-01.jpg
11:58:34 	ZipExtraction: Images/Cart - 3D/
11:58:34 	ZipExtraction: Images/Cart - 3D/Desert Strike_ Return to the Gulf-01.png
11:58:34 	ZipExtraction: Images/Cart - Front/
11:58:34 	ZipExtraction: Images/Cart - Front/Desert Strike_ Return to the Gulf-01.png
11:58:34 	ZipExtraction: Images/Cart - Front/Desert Strike_ Return to the Gulf-02.png
11:58:34 	ZipExtraction: Images/Cart - Front/Europe/
11:58:34 	ZipExtraction: Images/Cart - Front/Europe/Desert Strike_ Return to the Gulf-01.png
11:58:34 	ZipExtraction: Images/Clear Logo/
11:58:34 	ZipExtraction: Images/Clear Logo/Desert Strike_ Return to the Gulf-01.png
11:58:34 	ZipExtraction: Images/Clear Logo/Desert Strike_ Return to the Gulf-02.png
11:58:34 	ZipExtraction: Images/Clear Logo/Europe/
11:58:34 	ZipExtraction: Images/Clear Logo/Europe/Desert Strike_ Return to the Gulf-01.png
11:58:34 	ZipExtraction: Images/Fanart - Box - Back/
11:58:34 	ZipExtraction: Images/Fanart - Box - Back/North America/
11:58:34 	ZipExtraction: Images/Fanart - Box - Back/North America/Desert Strike_ Return to the Gulf-01.jpg
11:58:34 	ZipExtraction: Images/Fanart - Box - Front/
11:58:34 	ZipExtraction: Images/Fanart - Box - Front/North America/
11:58:34 	ZipExtraction: Images/Fanart - Box - Front/North America/Desert Strike_ Return to the Gulf-01.jpg
11:58:34 	ZipExtraction: Images/Screenshot - Game Over/
11:58:34 	ZipExtraction: Images/Screenshot - Game Over/North America/
11:58:34 	ZipExtraction: Images/Screenshot - Game Over/North America/Desert Strike_ Return to the Gulf-01.png
11:58:34 	ZipExtraction: Images/Screenshot - Game Select/
11:58:34 	ZipExtraction: Images/Screenshot - Game Select/North America/
11:58:34 	ZipExtraction: Images/Screenshot - Game Select/North America/Desert Strike_ Return to the Gulf-01.png
11:58:34 	ZipExtraction: Images/Screenshot - Game Title/
11:58:34 	ZipExtraction: Images/Screenshot - Game Title/Desert Strike_ Return to the Gulf-01.png
11:58:34 	ZipExtraction: Images/Screenshot - Game Title/Japan/
11:58:34 	ZipExtraction: Images/Screenshot - Game Title/Japan/Desert Strike_ Return to the Gulf-01.png
11:58:34 	ZipExtraction: Images/Screenshot - Gameplay/
11:58:34 	ZipExtraction: Images/Screenshot - Gameplay/Desert Strike_ Return to the Gulf-01.jpg
11:58:34 	ZipExtraction: Images/Screenshot - Gameplay/Desert Strike_ Return to the Gulf-01.png
11:58:34 	ZipExtraction: Images/Screenshot - Gameplay/Desert Strike_ Return to the Gulf-02.jpg
11:58:34 	ZipExtraction: Manuals/
11:58:34 	ZipExtraction: Manuals/Desert Strike_ Return to the Gulf.pdf
11:58:34 	ZipExtraction: Musics/
11:58:34 	ZipExtraction: Roms/
11:58:34 	ZipExtraction: Roms/Desert Strike - Return to the Gulf (USA, Europe).md
11:58:34 	ZipExtraction: Videos/
11:58:34 	ZipExtraction: Videos/Desert Strike_ Return to the Gulf-01.mp4
11:58:34 	ZipExtraction: Manuals/Desert_Strike_MD_FR_Manual.pdf
11:58:34 	ZipExtraction: Musics/Desert Strike Return to the Gulf.mp3
11:58:34 	ZipExtraction: 650px-DesertStrike_MD_US_Cart.jpg
11:58:34 	ZipExtraction: 800px-DesertStrike_MD_EU_Box.jpg
11:58:34 	ZipExtraction: CheatCodes/astuces.txt
11:58:50 Zip Decompression
11:58:50 	ZipExtraction: EBGame.xml
11:58:50 	ZipExtraction: Infos.xml
11:58:50 	ZipExtraction: Struct.info
11:58:50 	ZipExtraction: TBGame.xml
11:58:50 	ZipExtraction: CheatCodes/
11:58:50 	ZipExtraction: Images/
11:58:50 	ZipExtraction: Images/Advertisement Flyer - Front/
11:58:50 	ZipExtraction: Images/Advertisement Flyer - Front/United Kingdom/
11:58:50 	ZipExtraction: Images/Advertisement Flyer - Front/United Kingdom/Desert Strike_ Return to the Gulf-01.jpg
11:58:50 	ZipExtraction: Images/Arcade - Marquee/
11:58:50 	ZipExtraction: Images/Arcade - Marquee/Desert Strike_ Return to the Gulf-01.png
11:58:50 	ZipExtraction: Images/Banner/
11:58:50 	ZipExtraction: Images/Banner/Japan/
11:58:50 	ZipExtraction: Images/Banner/Japan/Desert Strike_ Return to the Gulf-01.jpg
11:58:50 	ZipExtraction: Images/Box - 3D/
11:58:50 	ZipExtraction: Images/Box - 3D/Desert Strike_ Return to the Gulf-02.png
11:58:50 	ZipExtraction: Images/Box - 3D/Europe/
11:58:50 	ZipExtraction: Images/Box - 3D/Europe/Desert Strike_ Return to the Gulf-01.png
11:58:50 	ZipExtraction: Images/Box - Back/
11:58:50 	ZipExtraction: Images/Box - Back/Europe/
11:58:50 	ZipExtraction: Images/Box - Back/Europe/Desert Strike_ Return to the Gulf-01.jpg
11:58:50 	ZipExtraction: Images/Box - Back - Reconstructed/
11:58:50 	ZipExtraction: Images/Box - Back - Reconstructed/North America/
11:58:50 	ZipExtraction: Images/Box - Back - Reconstructed/North America/Desert Strike_ Return to the Gulf-01.jpg
11:58:50 	ZipExtraction: Images/Box - Front/
11:58:50 	ZipExtraction: Images/Box - Front/Desert Strike_ Return to the Gulf-01.png
11:58:50 	ZipExtraction: Images/Box - Front/Europe/
11:58:50 	ZipExtraction: Images/Box - Front/Europe/Desert Strike_ Return to the Gulf-01.jpg
11:58:50 	ZipExtraction: Images/Box - Front - Reconstructed/
11:58:50 	ZipExtraction: Images/Box - Front - Reconstructed/North America/
11:58:50 	ZipExtraction: Images/Box - Front - Reconstructed/North America/Desert Strike_ Return to the Gulf-01.jpg
11:58:50 	ZipExtraction: Images/Cart - 3D/
11:58:50 	ZipExtraction: Images/Cart - 3D/Desert Strike_ Return to the Gulf-01.png
11:58:50 	ZipExtraction: Images/Cart - Front/
11:58:50 	ZipExtraction: Images/Cart - Front/Desert Strike_ Return to the Gulf-01.png
11:58:50 	ZipExtraction: Images/Cart - Front/Desert Strike_ Return to the Gulf-02.png
11:58:50 	ZipExtraction: Images/Cart - Front/Europe/
11:58:50 	ZipExtraction: Images/Cart - Front/Europe/Desert Strike_ Return to the Gulf-01.png
11:58:50 	ZipExtraction: Images/Clear Logo/
11:58:50 	ZipExtraction: Images/Clear Logo/Desert Strike_ Return to the Gulf-01.png
11:58:50 	ZipExtraction: Images/Clear Logo/Desert Strike_ Return to the Gulf-02.png
11:58:50 	ZipExtraction: Images/Clear Logo/Europe/
11:58:50 	ZipExtraction: Images/Clear Logo/Europe/Desert Strike_ Return to the Gulf-01.png
11:58:50 	ZipExtraction: Images/Fanart - Box - Back/
11:58:50 	ZipExtraction: Images/Fanart - Box - Back/North America/
11:58:50 	ZipExtraction: Images/Fanart - Box - Back/North America/Desert Strike_ Return to the Gulf-01.jpg
11:58:50 	ZipExtraction: Images/Fanart - Box - Front/
11:58:50 	ZipExtraction: Images/Fanart - Box - Front/North America/
11:58:50 	ZipExtraction: Images/Fanart - Box - Front/North America/Desert Strike_ Return to the Gulf-01.jpg
11:58:50 	ZipExtraction: Images/Screenshot - Game Over/
11:58:50 	ZipExtraction: Images/Screenshot - Game Over/North America/
11:58:50 	ZipExtraction: Images/Screenshot - Game Over/North America/Desert Strike_ Return to the Gulf-01.png
11:58:50 	ZipExtraction: Images/Screenshot - Game Select/
11:58:50 	ZipExtraction: Images/Screenshot - Game Select/North America/
11:58:50 	ZipExtraction: Images/Screenshot - Game Select/North America/Desert Strike_ Return to the Gulf-01.png
11:58:50 	ZipExtraction: Images/Screenshot - Game Title/
11:58:50 	ZipExtraction: Images/Screenshot - Game Title/Desert Strike_ Return to the Gulf-01.png
11:58:50 	ZipExtraction: Images/Screenshot - Game Title/Japan/
11:58:50 	ZipExtraction: Images/Screenshot - Game Title/Japan/Desert Strike_ Return to the Gulf-01.png
11:58:50 	ZipExtraction: Images/Screenshot - Gameplay/
11:58:50 	ZipExtraction: Images/Screenshot - Gameplay/Desert Strike_ Return to the Gulf-01.jpg
11:58:50 	ZipExtraction: Images/Screenshot - Gameplay/Desert Strike_ Return to the Gulf-01.png
11:58:50 	ZipExtraction: Images/Screenshot - Gameplay/Desert Strike_ Return to the Gulf-02.jpg
11:58:50 	ZipExtraction: Manuals/
11:58:50 	ZipExtraction: Manuals/Desert Strike_ Return to the Gulf.pdf
11:58:50 	ZipExtraction: Musics/
11:58:50 	ZipExtraction: Roms/
11:58:50 	ZipExtraction: Roms/Desert Strike - Return to the Gulf (USA, Europe).md
11:58:50 	ZipExtraction: Videos/
11:58:50 	ZipExtraction: Videos/Desert Strike_ Return to the Gulf-01.mp4
11:58:50 	ZipExtraction: Manuals/Desert_Strike_MD_FR_Manual.pdf
11:58:50 	ZipExtraction: Musics/Desert Strike Return to the Gulf.mp3
11:58:50 	ZipExtraction: 650px-DesertStrike_MD_US_Cart.jpg
11:58:51 	ZipExtraction: 800px-DesertStrike_MD_EU_Box.jpg
11:58:51 	ZipExtraction: CheatCodes/astuces.txt
