****** Initialisation Logger - niveau: 0 ******
20:01:17 Get infos from platform
20:01:17 Backup of 'G:\Frontend\LaunchBox - Test\Data\Platforms\Sega Genesis.xml'
20:01:17 Target Game path: ..\..\fauxgames\Games\Sega Genesis
20:01:17 Target Cheats path: ..\..\fauxgames\Cheat Codes\Sega Genesis
20:01:17 Target Images path: ..\..\fauxgames\Images\Sega Genesis
20:01:17 Target Manuals  path: ..\..\fauxgames\Manuals\Sega Genesis
20:01:17 Target Musics path: ..\..\fauxgames\Musics\Sega Genesis
20:01:17 Target Videos path: ..\..\fauxgames\Videos\Sega Genesis
20:01:17 Work on: Aladdin.zip
20:01:17 Zip Decompression
20:01:17 	ZipExtraction: EBGame.xml
20:01:17 	ZipExtraction: Infos.xml
20:01:17 	ZipExtraction: Struct.info
20:01:17 	ZipExtraction: TBGame.xml
20:01:17 	ZipExtraction: CheatCodes/
20:01:17 	ZipExtraction: Images/
20:01:17 	ZipExtraction: Images/Arcade - Marquee/
20:01:17 	ZipExtraction: Images/Arcade - Marquee/Aladdin-01.png
20:01:17 	ZipExtraction: Images/Banner/
20:01:17 	ZipExtraction: Images/Banner/Aladdin-01.jpg
20:01:17 	ZipExtraction: Images/Banner/Aladdin-02.jpg
20:01:17 	ZipExtraction: Images/Box - 3D/
20:01:17 	ZipExtraction: Images/Box - 3D/Europe/
20:01:17 	ZipExtraction: Images/Box - 3D/Europe/Aladdin-01.png
20:01:17 	ZipExtraction: Images/Box - Back/
20:01:17 	ZipExtraction: Images/Box - Back/Europe/
20:01:17 	ZipExtraction: Images/Box - Back/Europe/Aladdin-01.jpg
20:01:17 	ZipExtraction: Images/Box - Front/
20:01:17 	ZipExtraction: Images/Box - Front/Europe/
20:01:17 	ZipExtraction: Images/Box - Front/Europe/Aladdin-01.png
20:01:17 	ZipExtraction: Images/Cart - Front/
20:01:17 	ZipExtraction: Images/Cart - Front/Europe/
20:01:17 	ZipExtraction: Images/Cart - Front/Europe/Aladdin-01.png
20:01:17 	ZipExtraction: Images/Clear Logo/
20:01:17 	ZipExtraction: Images/Clear Logo/Europe/
20:01:17 	ZipExtraction: Images/Clear Logo/Europe/Aladdin-01.png
20:01:17 	ZipExtraction: Images/Fanart - Background/
20:01:17 	ZipExtraction: Images/Fanart - Background/Aladdin-01.jpg
20:01:17 	ZipExtraction: Images/Screenshot - Gameplay/
20:01:17 	ZipExtraction: Images/Screenshot - Gameplay/Aladdin-01.jpg
20:01:17 	ZipExtraction: Images/Screenshot - Gameplay/Aladdin-02.jpg
20:01:17 	ZipExtraction: Images/Screenshot - Gameplay/Aladdin-03.jpg
20:01:17 	ZipExtraction: Images/Screenshot - Gameplay/Aladdin-04.jpg
20:01:17 	ZipExtraction: Images/Screenshot - Gameplay/Aladdin-05.jpg
20:01:17 	ZipExtraction: Images/Screenshot - Gameplay/Aladdin-06.jpg
20:01:17 	ZipExtraction: Images/Screenshot - Gameplay/Aladdin-07.jpg
20:01:17 	ZipExtraction: Images/Screenshot - Gameplay/Aladdin-08.jpg
20:01:17 	ZipExtraction: Manuals/
20:01:17 	ZipExtraction: Musics/
20:01:17 	ZipExtraction: Musics/Aladdin.mp3
20:01:17 	ZipExtraction: Roms/
20:01:17 	ZipExtraction: Roms/Aladdin (Europe).md
20:01:17 	ZipExtraction: Videos/
20:01:17 	ZipExtraction: Videos/Aladdin-01.mp4
20:01:18 	ZipExtraction: Manuals/Disney's_Aladdin_MD_FR_Manual.pdf
20:01:18 	ZipExtraction: Roms/Disney's Aladdin (E) [f1].md
20:01:18 	ZipExtraction: 800px-Aladdin_MD_EU_Box.jpg
20:01:18 	ZipExtraction: 800px-Aladdin_MD_EU_Cart.jpg
20:01:18 	ZipExtraction: Roms/Aladdin (USA).md
20:01:18 	ZipExtraction: Roms/Disney's Aladdin (U) [f1].md
20:01:18 	ZipExtraction: Roms/Disney's Aladdin (U) [h1C].md
20:01:18 	ZipExtraction: Roms/Disney's Aladdin (U) [T+Fre0.99Beta_Macrotrads].md
20:01:18 	ZipExtraction: CheatCodes/Aladdin.txt
20:01:18 Game info xml loaded: Aladdin
20:01:20 Altération of platform Sega Mega Drive => Sega Genesis
20:01:20 Copy files
20:01:20 	Copy de: Cheat Codes => '..\..\fauxgames\Cheat Codes\Sega Genesis'
20:01:20 	Copy de: Images => '..\..\fauxgames\Images\Sega Genesis'
20:01:20 	Copy de: Manuels => (..\..\fauxgames\Manuals\Sega Genesis'
20:01:20 	Copy de: Musiques => '..\..\fauxgames\Musics\Sega Genesis'
20:01:20 	Copy de: Games => '..\..\fauxgames\Games\Sega Genesis'
20:01:21 	Copy de: Videos => '..\..\fauxgames\Videos\Sega Genesis'
20:01:21 Injection in xml Launchbox's files
20:01:21 Finished

Fermeture du Log

