****** Initialisation Logger - niveau: 0 ******
12:39:13 Work on: EA Hockey (Europe).zip
12:39:14 Zip Decompression
12:39:14 	ZipExtraction: EBGame.xml
12:39:15 	ZipExtraction: Infos.xml
12:39:15 	ZipExtraction: Struct.info
12:39:15 	ZipExtraction: TBGame.xml
12:39:15 	ZipExtraction: CheatCodes/
12:39:15 	ZipExtraction: Images/
12:39:15 	ZipExtraction: Images/Box - 3D/
12:39:15 	ZipExtraction: Images/Box - 3D/NHL Hockey-01.png
12:39:15 	ZipExtraction: Images/Box - 3D/Europe/
12:39:15 	ZipExtraction: Images/Box - 3D/Europe/NHL Hockey-01.png
12:39:15 	ZipExtraction: Images/Box - Back/
12:39:15 	ZipExtraction: Images/Box - Back/Europe/
12:39:15 	ZipExtraction: Images/Box - Back/Europe/NHL Hockey-01.jpg
12:39:15 	ZipExtraction: Images/Box - Front/
12:39:15 	ZipExtraction: Images/Box - Front/NHL Hockey-01.png
12:39:15 	ZipExtraction: Images/Box - Front/Europe/
12:39:15 	ZipExtraction: Images/Box - Front/Europe/NHL Hockey-01.jpg
12:39:15 	ZipExtraction: Images/Box - Front - Reconstructed/
12:39:15 	ZipExtraction: Images/Box - Front - Reconstructed/North America/
12:39:15 	ZipExtraction: Images/Box - Front - Reconstructed/North America/NHL Hockey-01.jpg
12:39:16 	ZipExtraction: Images/Cart - Front/
12:39:16 	ZipExtraction: Images/Cart - Front/NHL Hockey-01.png
12:39:16 	ZipExtraction: Images/Cart - Front/Europe/
12:39:16 	ZipExtraction: Images/Cart - Front/Europe/NHL Hockey-01.png
12:39:16 	ZipExtraction: Images/Clear Logo/
12:39:16 	ZipExtraction: Images/Clear Logo/NHL Hockey-01.png
12:39:16 	ZipExtraction: Images/Clear Logo/Europe/
12:39:16 	ZipExtraction: Images/Clear Logo/Europe/NHL Hockey-01.png
12:39:16 	ZipExtraction: Images/Screenshot - Game Title/
12:39:16 	ZipExtraction: Images/Screenshot - Game Title/NHL Hockey-01.png
12:39:16 	ZipExtraction: Images/Screenshot - Gameplay/
12:39:16 	ZipExtraction: Images/Screenshot - Gameplay/NHL Hockey-01.png
12:39:16 	ZipExtraction: Images/Screenshot - Gameplay/NHL Hockey-02.png
12:39:16 	ZipExtraction: Manuals/
12:39:16 	ZipExtraction: Manuals/NHL_Hockey_MD_US_Manual.pdf
12:39:16 	ZipExtraction: Musics/
12:39:16 	ZipExtraction: Roms/
12:39:16 	ZipExtraction: Roms/EA Hockey (Europe).md
12:39:16 	ZipExtraction: Videos/
12:39:16 	ZipExtraction: Videos/NHL Hockey-01.mp4
12:39:16 	ZipExtraction: Videos/NHL Hockey-02.mp4
12:39:16 	ZipExtraction: page15-439px-MegaForce_FR_08.pdf.jpg
12:39:16 	ZipExtraction: page14-437px-MegaForce_FR_08.pdf.jpg
12:39:16 Game info xml loaded: NHL Hockey
12:39:25 Target Game path: ..\..\Plateformes\Games\Sega Mega Drive
12:39:25 Target Manuals  path: ..\..\Plateformes\Manuals\Sega Mega Drive
12:39:25 Target Musics path: 
12:39:25 Target Videos path: ..\..\Plateformes\Videos\Sega Mega Drive
12:40:26 Injection in xml Launchbox's files
12:40:29 Game Finished
12:40:29 Task Finished

Fermeture du Log

