****** Initialisation Logger - niveau: 0 ******
22:49:26 Work on: Aladdin.zip
22:49:27 Zip Decompression
22:49:27 	ZipExtraction: EBGame.xml
22:49:27 	ZipExtraction: Infos.xml
22:49:27 	ZipExtraction: Struct.info
22:49:27 	ZipExtraction: TBGame.xml
22:49:27 	ZipExtraction: CheatCodes/
22:49:27 	ZipExtraction: Images/
22:49:27 	ZipExtraction: Images/Arcade - Marquee/
22:49:27 	ZipExtraction: Images/Arcade - Marquee/Aladdin-01.png
22:49:27 	ZipExtraction: Images/Banner/
22:49:27 	ZipExtraction: Images/Banner/Aladdin-01.jpg
22:49:27 	ZipExtraction: Images/Banner/Aladdin-02.jpg
22:49:27 	ZipExtraction: Images/Box - 3D/
22:49:27 	ZipExtraction: Images/Box - 3D/Europe/
22:49:27 	ZipExtraction: Images/Box - 3D/Europe/Aladdin-01.png
22:49:27 	ZipExtraction: Images/Box - Back/
22:49:27 	ZipExtraction: Images/Box - Back/Europe/
22:49:27 	ZipExtraction: Images/Box - Back/Europe/Aladdin-01.jpg
22:49:27 	ZipExtraction: Images/Box - Front/
22:49:27 	ZipExtraction: Images/Box - Front/Europe/
22:49:27 	ZipExtraction: Images/Box - Front/Europe/Aladdin-01.png
22:49:27 	ZipExtraction: Images/Cart - Front/
22:49:27 	ZipExtraction: Images/Cart - Front/Europe/
22:49:27 	ZipExtraction: Images/Cart - Front/Europe/Aladdin-01.png
22:49:27 	ZipExtraction: Images/Clear Logo/
22:49:27 	ZipExtraction: Images/Clear Logo/Europe/
22:49:27 	ZipExtraction: Images/Clear Logo/Europe/Aladdin-01.png
22:49:27 	ZipExtraction: Images/Fanart - Background/
22:49:27 	ZipExtraction: Images/Fanart - Background/Aladdin-01.jpg
22:49:27 	ZipExtraction: Images/Screenshot - Gameplay/
22:49:27 	ZipExtraction: Images/Screenshot - Gameplay/Aladdin-01.jpg
22:49:27 	ZipExtraction: Images/Screenshot - Gameplay/Aladdin-02.jpg
22:49:27 	ZipExtraction: Images/Screenshot - Gameplay/Aladdin-03.jpg
22:49:27 	ZipExtraction: Images/Screenshot - Gameplay/Aladdin-04.jpg
22:49:27 	ZipExtraction: Images/Screenshot - Gameplay/Aladdin-05.jpg
22:49:27 	ZipExtraction: Images/Screenshot - Gameplay/Aladdin-06.jpg
22:49:27 	ZipExtraction: Images/Screenshot - Gameplay/Aladdin-07.jpg
22:49:27 	ZipExtraction: Images/Screenshot - Gameplay/Aladdin-08.jpg
22:49:27 	ZipExtraction: Manuals/
22:49:27 	ZipExtraction: Musics/
22:49:27 	ZipExtraction: Musics/Aladdin.mp3
22:49:27 	ZipExtraction: Roms/
22:49:27 	ZipExtraction: Roms/Aladdin (Europe).md
22:49:28 	ZipExtraction: Videos/
22:49:28 	ZipExtraction: Videos/Aladdin-01.mp4
22:49:28 	ZipExtraction: Manuals/Disney's_Aladdin_MD_FR_Manual.pdf
22:49:28 	ZipExtraction: Roms/Disney's Aladdin (E) [f1].md
22:49:28 	ZipExtraction: 800px-Aladdin_MD_EU_Box.jpg
22:49:28 	ZipExtraction: 800px-Aladdin_MD_EU_Cart.jpg
22:49:28 	ZipExtraction: Roms/Aladdin (USA).md
22:49:28 	ZipExtraction: Roms/Disney's Aladdin (U) [f1].md
22:49:28 	ZipExtraction: Roms/Disney's Aladdin (U) [h1C].md
22:49:28 	ZipExtraction: Roms/Disney's Aladdin (U) [T+Fre0.99Beta_Macrotrads].md
22:49:28 	ZipExtraction: CheatCodes/Aladdin.txt
22:49:28 Game info xml loaded: Aladdin
22:49:28 Target Game path: ..\..\Plateformes\Games\Sega Mega Drive
22:49:28 Target Manuals  path: ..\..\Plateformes\Manuals\Sega Mega Drive
22:49:28 Target Musics path: ..\..\Plateformes\Music\Sega Mega Drive
22:49:28 Target Videos path: ..\..\Plateformes\Videos\Sega Mega Drive
