****** Initialisation Logger - niveau: 0 ******
14:43:15 Get infos from platform
14:43:15 Backup of 'G:\Frontend\LaunchBox - Test\Data\Platforms\Sega Genesis.xml'
14:43:15 Target Game path: ..\..\fauxgames\Games\Sega Genesis
14:43:15 Target Cheats path: ..\..\fauxgames\Cheat Codes\Sega Genesis
14:43:15 Target Images path: ..\..\fauxgames\Images\Sega Genesis
14:43:15 Target Manuals  path: ..\..\fauxgames\Manuals\Sega Genesis
14:43:15 Target Musics path: ..\..\fauxgames\Musics\Sega Genesis
14:43:15 Target Videos path: ..\..\fauxgames\Videos\Sega Genesis
14:43:15 Work on: Aladdin.zip
14:43:19 Game info xml loaded: Aladdin
14:43:21 Altération of platform Sega Mega Drive => Sega Genesis
14:43:21 Copy de: Cheat Codes
14:43:29 Copy de: Images
14:43:29 Copy de: Manuels
14:43:29 Copy de: Musiques
14:43:29 Copy de: Games
14:43:30 Copy de: Videos
14:43:30 Injection in xml Launchbox's files
14:43:30 Finished

Fermeture du Log

