****** Initialisation Logger - niveau: 0 ******
09:56:09 Work on: Aladdin.zip
09:56:09 Zip Decompression
09:56:09 	ZipExtraction: EBGame.xml
09:56:09 	ZipExtraction: Infos.xml
09:56:09 	ZipExtraction: Struct.info
09:56:09 	ZipExtraction: TBGame.xml
09:56:09 	ZipExtraction: CheatCodes/
09:56:09 	ZipExtraction: Images/
09:56:09 	ZipExtraction: Images/Arcade - Marquee/
09:56:09 	ZipExtraction: Images/Arcade - Marquee/Aladdin-01.png
09:56:09 	ZipExtraction: Images/Banner/
09:56:09 	ZipExtraction: Images/Banner/Aladdin-01.jpg
09:56:10 	ZipExtraction: Images/Banner/Aladdin-02.jpg
09:56:10 	ZipExtraction: Images/Box - 3D/
09:56:10 	ZipExtraction: Images/Box - 3D/Europe/
09:56:10 	ZipExtraction: Images/Box - 3D/Europe/Aladdin-01.png
09:56:10 	ZipExtraction: Images/Box - Back/
09:56:10 	ZipExtraction: Images/Box - Back/Europe/
09:56:10 	ZipExtraction: Images/Box - Back/Europe/Aladdin-01.jpg
09:56:10 	ZipExtraction: Images/Box - Front/
09:56:10 	ZipExtraction: Images/Box - Front/Europe/
09:56:10 	ZipExtraction: Images/Box - Front/Europe/Aladdin-01.png
09:56:10 	ZipExtraction: Images/Cart - Front/
09:56:10 	ZipExtraction: Images/Cart - Front/Europe/
09:56:10 	ZipExtraction: Images/Cart - Front/Europe/Aladdin-01.png
09:56:10 	ZipExtraction: Images/Clear Logo/
09:56:10 	ZipExtraction: Images/Clear Logo/Europe/
09:56:10 	ZipExtraction: Images/Clear Logo/Europe/Aladdin-01.png
09:56:10 	ZipExtraction: Images/Fanart - Background/
09:56:10 	ZipExtraction: Images/Fanart - Background/Aladdin-01.jpg
09:56:10 	ZipExtraction: Images/Screenshot - Gameplay/
09:56:10 	ZipExtraction: Images/Screenshot - Gameplay/Aladdin-01.jpg
09:56:10 	ZipExtraction: Images/Screenshot - Gameplay/Aladdin-02.jpg
09:56:10 	ZipExtraction: Images/Screenshot - Gameplay/Aladdin-03.jpg
09:56:10 	ZipExtraction: Images/Screenshot - Gameplay/Aladdin-04.jpg
09:56:10 	ZipExtraction: Images/Screenshot - Gameplay/Aladdin-05.jpg
09:56:10 	ZipExtraction: Images/Screenshot - Gameplay/Aladdin-06.jpg
09:56:10 	ZipExtraction: Images/Screenshot - Gameplay/Aladdin-07.jpg
09:56:10 	ZipExtraction: Images/Screenshot - Gameplay/Aladdin-08.jpg
09:56:10 	ZipExtraction: Manuals/
09:56:10 	ZipExtraction: Musics/
09:56:10 	ZipExtraction: Musics/Aladdin.mp3
09:56:10 	ZipExtraction: Roms/
09:56:10 	ZipExtraction: Roms/Aladdin (Europe).md
09:56:10 	ZipExtraction: Videos/
09:56:10 	ZipExtraction: Videos/Aladdin-01.mp4
09:56:11 	ZipExtraction: Manuals/Disney's_Aladdin_MD_FR_Manual.pdf
09:56:11 	ZipExtraction: Roms/Disney's Aladdin (E) [f1].md
09:56:11 	ZipExtraction: 800px-Aladdin_MD_EU_Box.jpg
09:56:11 	ZipExtraction: 800px-Aladdin_MD_EU_Cart.jpg
09:56:11 	ZipExtraction: Roms/Aladdin (USA).md
09:56:11 	ZipExtraction: Roms/Disney's Aladdin (U) [f1].md
09:56:11 	ZipExtraction: Roms/Disney's Aladdin (U) [h1C].md
09:56:11 	ZipExtraction: Roms/Disney's Aladdin (U) [T+Fre0.99Beta_Macrotrads].md
09:56:11 	ZipExtraction: CheatCodes/Aladdin.txt
09:56:11 Game info xml loaded: Aladdin
09:56:11 Target Game path: ..\..\Plateformes\Games\Sega Mega Drive
09:56:11 Target Manuals  path: ..\..\Plateformes\Manuals\Sega Mega Drive
09:56:11 Target Musics path: ..\..\Plateformes\Music\Sega Mega Drive
09:56:11 Target Videos path: ..\..\Plateformes\Videos\Sega Mega Drive
09:58:45 Zip Decompression
09:58:45 	ZipExtraction: EBGame.xml
09:58:45 	ZipExtraction: Infos.xml
09:58:45 	ZipExtraction: Struct.info
09:58:45 	ZipExtraction: TBGame.xml
09:58:45 	ZipExtraction: CheatCodes/
09:58:45 	ZipExtraction: Images/
09:58:45 	ZipExtraction: Images/Arcade - Marquee/
09:58:45 	ZipExtraction: Images/Arcade - Marquee/Aladdin-01.png
09:58:45 	ZipExtraction: Images/Banner/
09:58:45 	ZipExtraction: Images/Banner/Aladdin-01.jpg
09:58:45 	ZipExtraction: Images/Banner/Aladdin-02.jpg
09:58:45 	ZipExtraction: Images/Box - 3D/
09:58:45 	ZipExtraction: Images/Box - 3D/Europe/
09:58:45 	ZipExtraction: Images/Box - 3D/Europe/Aladdin-01.png
09:58:45 	ZipExtraction: Images/Box - Back/
09:58:45 	ZipExtraction: Images/Box - Back/Europe/
09:58:45 	ZipExtraction: Images/Box - Back/Europe/Aladdin-01.jpg
09:58:45 	ZipExtraction: Images/Box - Front/
09:58:45 	ZipExtraction: Images/Box - Front/Europe/
09:58:45 	ZipExtraction: Images/Box - Front/Europe/Aladdin-01.png
09:58:45 	ZipExtraction: Images/Cart - Front/
09:58:45 	ZipExtraction: Images/Cart - Front/Europe/
09:58:45 	ZipExtraction: Images/Cart - Front/Europe/Aladdin-01.png
09:58:45 	ZipExtraction: Images/Clear Logo/
09:58:45 	ZipExtraction: Images/Clear Logo/Europe/
09:58:45 	ZipExtraction: Images/Clear Logo/Europe/Aladdin-01.png
09:58:45 	ZipExtraction: Images/Fanart - Background/
09:58:45 	ZipExtraction: Images/Fanart - Background/Aladdin-01.jpg
09:58:45 	ZipExtraction: Images/Screenshot - Gameplay/
09:58:45 	ZipExtraction: Images/Screenshot - Gameplay/Aladdin-01.jpg
09:58:45 	ZipExtraction: Images/Screenshot - Gameplay/Aladdin-02.jpg
09:58:45 	ZipExtraction: Images/Screenshot - Gameplay/Aladdin-03.jpg
09:58:45 	ZipExtraction: Images/Screenshot - Gameplay/Aladdin-04.jpg
09:58:45 	ZipExtraction: Images/Screenshot - Gameplay/Aladdin-05.jpg
09:58:45 	ZipExtraction: Images/Screenshot - Gameplay/Aladdin-06.jpg
09:58:45 	ZipExtraction: Images/Screenshot - Gameplay/Aladdin-07.jpg
09:58:45 	ZipExtraction: Images/Screenshot - Gameplay/Aladdin-08.jpg
09:58:45 	ZipExtraction: Manuals/
09:58:45 	ZipExtraction: Musics/
09:58:45 	ZipExtraction: Musics/Aladdin.mp3
09:58:45 	ZipExtraction: Roms/
09:58:45 	ZipExtraction: Roms/Aladdin (Europe).md
09:58:45 	ZipExtraction: Videos/
09:58:45 	ZipExtraction: Videos/Aladdin-01.mp4
09:58:45 	ZipExtraction: Manuals/Disney's_Aladdin_MD_FR_Manual.pdf
09:58:45 	ZipExtraction: Roms/Disney's Aladdin (E) [f1].md
09:58:45 	ZipExtraction: 800px-Aladdin_MD_EU_Box.jpg
09:58:45 	ZipExtraction: 800px-Aladdin_MD_EU_Cart.jpg
09:58:45 	ZipExtraction: Roms/Aladdin (USA).md
09:58:45 	ZipExtraction: Roms/Disney's Aladdin (U) [f1].md
09:58:45 	ZipExtraction: Roms/Disney's Aladdin (U) [h1C].md
09:58:45 	ZipExtraction: Roms/Disney's Aladdin (U) [T+Fre0.99Beta_Macrotrads].md
09:58:46 	ZipExtraction: CheatCodes/Aladdin.txt
