****** Initialisation Logger - niveau: 0 ******
10:48:02 Work on: Aladdin.zip
10:48:02 Zip Decompression
10:48:02 	ZipExtraction: EBGame.xml
10:48:02 	ZipExtraction: Infos.xml
10:48:02 	ZipExtraction: Struct.info
10:48:02 	ZipExtraction: TBGame.xml
10:48:02 	ZipExtraction: CheatCodes/
10:48:02 	ZipExtraction: Images/
10:48:02 	ZipExtraction: Images/Arcade - Marquee/
10:48:02 	ZipExtraction: Images/Arcade - Marquee/Aladdin-01.png
10:48:02 	ZipExtraction: Images/Banner/
10:48:02 	ZipExtraction: Images/Banner/Aladdin-01.jpg
10:48:02 	ZipExtraction: Images/Banner/Aladdin-02.jpg
10:48:02 	ZipExtraction: Images/Box - 3D/
10:48:02 	ZipExtraction: Images/Box - 3D/Europe/
10:48:02 	ZipExtraction: Images/Box - 3D/Europe/Aladdin-01.png
10:48:02 	ZipExtraction: Images/Box - Back/
10:48:02 	ZipExtraction: Images/Box - Back/Europe/
10:48:03 	ZipExtraction: Images/Box - Back/Europe/Aladdin-01.jpg
10:48:03 	ZipExtraction: Images/Box - Front/
10:48:03 	ZipExtraction: Images/Box - Front/Europe/
10:48:03 	ZipExtraction: Images/Box - Front/Europe/Aladdin-01.png
10:48:03 	ZipExtraction: Images/Cart - Front/
10:48:03 	ZipExtraction: Images/Cart - Front/Europe/
10:48:03 	ZipExtraction: Images/Cart - Front/Europe/Aladdin-01.png
10:48:03 	ZipExtraction: Images/Clear Logo/
10:48:03 	ZipExtraction: Images/Clear Logo/Europe/
10:48:03 	ZipExtraction: Images/Clear Logo/Europe/Aladdin-01.png
10:48:03 	ZipExtraction: Images/Fanart - Background/
10:48:03 	ZipExtraction: Images/Fanart - Background/Aladdin-01.jpg
10:48:03 	ZipExtraction: Images/Screenshot - Gameplay/
10:48:03 	ZipExtraction: Images/Screenshot - Gameplay/Aladdin-01.jpg
10:48:03 	ZipExtraction: Images/Screenshot - Gameplay/Aladdin-02.jpg
10:48:03 	ZipExtraction: Images/Screenshot - Gameplay/Aladdin-03.jpg
10:48:03 	ZipExtraction: Images/Screenshot - Gameplay/Aladdin-04.jpg
10:48:03 	ZipExtraction: Images/Screenshot - Gameplay/Aladdin-05.jpg
10:48:03 	ZipExtraction: Images/Screenshot - Gameplay/Aladdin-06.jpg
10:48:03 	ZipExtraction: Images/Screenshot - Gameplay/Aladdin-07.jpg
10:48:03 	ZipExtraction: Images/Screenshot - Gameplay/Aladdin-08.jpg
10:48:03 	ZipExtraction: Manuals/
10:48:03 	ZipExtraction: Musics/
10:48:03 	ZipExtraction: Musics/Aladdin.mp3
10:48:03 	ZipExtraction: Roms/
10:48:03 	ZipExtraction: Roms/Aladdin (Europe).md
10:48:03 	ZipExtraction: Videos/
10:48:03 	ZipExtraction: Videos/Aladdin-01.mp4
10:48:03 	ZipExtraction: Manuals/Disney's_Aladdin_MD_FR_Manual.pdf
10:48:03 	ZipExtraction: Roms/Disney's Aladdin (E) [f1].md
10:48:03 	ZipExtraction: 800px-Aladdin_MD_EU_Box.jpg
10:48:03 	ZipExtraction: 800px-Aladdin_MD_EU_Cart.jpg
10:48:03 	ZipExtraction: Roms/Aladdin (USA).md
10:48:03 	ZipExtraction: Roms/Disney's Aladdin (U) [f1].md
10:48:03 	ZipExtraction: Roms/Disney's Aladdin (U) [h1C].md
10:48:03 	ZipExtraction: Roms/Disney's Aladdin (U) [T+Fre0.99Beta_Macrotrads].md
10:48:03 	ZipExtraction: CheatCodes/Aladdin.txt
10:48:03 Game info xml loaded: Aladdin
10:48:03 Target Game path: ..\..\Plateformes\Games\Sega Mega Drive
10:48:03 Target Manuals  path: ..\..\Plateformes\Manuals\Sega Mega Drive
10:48:03 Target Musics path: ..\..\Plateformes\Music\Sega Mega Drive
10:48:03 Target Videos path: ..\..\Plateformes\Videos\Sega Mega Drive
10:48:06 Injection in xml Launchbox's files
10:48:06 Game Finished
10:48:06 Task Finished

Fermeture du Log

