****** Initialisation Logger - niveau: 0 ******
11:15:53 Work on: CHUCK_ROCK.zip
11:15:54 Zip Decompression
11:15:54 	ZipExtraction: EBGame.xml
11:15:54 	ZipExtraction: Infos.xml
11:15:54 	ZipExtraction: Struct.info
11:15:54 	ZipExtraction: TBGame.xml
11:15:54 	ZipExtraction: CheatCodes/
11:15:54 	ZipExtraction: Images/
11:15:54 	ZipExtraction: Images/Arcade - Marquee/
11:15:54 	ZipExtraction: Images/Arcade - Marquee/Chuck Rock-01.png
11:15:54 	ZipExtraction: Images/Box - 3D/
11:15:54 	ZipExtraction: Images/Box - 3D/Chuck Rock-01.png
11:15:54 	ZipExtraction: Images/Box - 3D/Chuck Rock-02.png
11:15:54 	ZipExtraction: Images/Box - 3D/Europe/
11:15:54 	ZipExtraction: Images/Box - 3D/Europe/Chuck Rock-01.png
11:15:54 	ZipExtraction: Images/Box - 3D/North America/
11:15:54 	ZipExtraction: Images/Box - 3D/North America/Chuck Rock-01.png
11:15:54 	ZipExtraction: Images/Box - 3D/United Kingdom/
11:15:54 	ZipExtraction: Images/Box - 3D/United Kingdom/Chuck Rock-01.png
11:15:54 	ZipExtraction: Images/Box - Back/
11:15:54 	ZipExtraction: Images/Box - Back/Chuck Rock-01.png
11:15:54 	ZipExtraction: Images/Box - Back/Europe/
11:15:54 	ZipExtraction: Images/Box - Back/Europe/Chuck Rock-01.jpg
11:15:54 	ZipExtraction: Images/Box - Back/North America/
11:15:54 	ZipExtraction: Images/Box - Back/North America/Chuck Rock-01.jpg
11:15:54 	ZipExtraction: Images/Box - Back/United Kingdom/
11:15:54 	ZipExtraction: Images/Box - Back/United Kingdom/Chuck Rock-01.jpg
11:15:54 	ZipExtraction: Images/Box - Back - Reconstructed/
11:15:54 	ZipExtraction: Images/Box - Back - Reconstructed/North America/
11:15:54 	ZipExtraction: Images/Box - Back - Reconstructed/North America/Chuck Rock-01.jpg
11:15:54 	ZipExtraction: Images/Box - Front/
11:15:54 	ZipExtraction: Images/Box - Front/Chuck Rock-01.png
11:15:54 	ZipExtraction: Images/Box - Front/Brazil/
11:15:54 	ZipExtraction: Images/Box - Front/Brazil/Chuck Rock-01.jpg
11:15:54 	ZipExtraction: Images/Box - Front/Europe/
11:15:54 	ZipExtraction: Images/Box - Front/Europe/Chuck Rock-01.jpg
11:15:54 	ZipExtraction: Images/Box - Front/North America/
11:15:54 	ZipExtraction: Images/Box - Front/North America/Chuck Rock-01.jpg
11:15:54 	ZipExtraction: Images/Box - Front/United Kingdom/
11:15:54 	ZipExtraction: Images/Box - Front/United Kingdom/Chuck Rock-01.jpg
11:15:54 	ZipExtraction: Images/Box - Front - Reconstructed/
11:15:54 	ZipExtraction: Images/Box - Front - Reconstructed/North America/
11:15:54 	ZipExtraction: Images/Box - Front - Reconstructed/North America/Chuck Rock-01.jpg
11:15:54 	ZipExtraction: Images/Clear Logo/
11:15:54 	ZipExtraction: Images/Clear Logo/Chuck Rock-01.png
11:15:54 	ZipExtraction: Images/Clear Logo/World/
11:15:54 	ZipExtraction: Images/Clear Logo/World/Chuck Rock-01.png
11:15:54 	ZipExtraction: Images/Disc/
11:15:54 	ZipExtraction: Images/Disc/Chuck Rock-01.png
11:15:54 	ZipExtraction: Images/Disc/North America/
11:15:54 	ZipExtraction: Images/Disc/North America/Chuck Rock-01.png
11:15:54 	ZipExtraction: Images/Fanart - Box - Back/
11:15:54 	ZipExtraction: Images/Fanart - Box - Back/North America/
11:15:54 	ZipExtraction: Images/Fanart - Box - Back/North America/Chuck Rock-01.jpg
11:15:54 	ZipExtraction: Images/Fanart - Box - Back/North America/Chuck Rock-02.jpg
11:15:54 	ZipExtraction: Images/Fanart - Box - Front/
11:15:54 	ZipExtraction: Images/Fanart - Box - Front/North America/
11:15:54 	ZipExtraction: Images/Fanart - Box - Front/North America/Chuck Rock-01.jpg
11:15:54 	ZipExtraction: Images/Fanart - Box - Front/North America/Chuck Rock-02.jpg
11:15:54 	ZipExtraction: Images/Screenshot - Game Over/
11:15:54 	ZipExtraction: Images/Screenshot - Game Over/North America/
11:15:54 	ZipExtraction: Images/Screenshot - Game Over/North America/Chuck Rock-01.png
11:15:54 	ZipExtraction: Images/Screenshot - Game Select/
11:15:54 	ZipExtraction: Images/Screenshot - Game Select/North America/
11:15:54 	ZipExtraction: Images/Screenshot - Game Select/North America/Chuck Rock-01.png
11:15:54 	ZipExtraction: Images/Screenshot - Game Title/
11:15:54 	ZipExtraction: Images/Screenshot - Game Title/Chuck Rock-01.PNG
11:15:54 	ZipExtraction: Images/Screenshot - Game Title/Europe/
11:15:54 	ZipExtraction: Images/Screenshot - Game Title/Europe/Chuck Rock-01.png
11:15:54 	ZipExtraction: Images/Screenshot - Game Title/North America/
11:15:54 	ZipExtraction: Images/Screenshot - Game Title/North America/Chuck Rock-01.png
11:15:54 	ZipExtraction: Images/Screenshot - Gameplay/
11:15:54 	ZipExtraction: Images/Screenshot - Gameplay/Chuck Rock-01.png
11:15:54 	ZipExtraction: Images/Screenshot - Gameplay/North America/
11:15:54 	ZipExtraction: Images/Screenshot - Gameplay/North America/Chuck Rock-01.png
11:15:54 	ZipExtraction: Images/Screenshot - Gameplay/North America/Chuck Rock-02.png
11:15:55 	ZipExtraction: Images/Screenshot - Gameplay/North America/Chuck Rock-03.png
11:15:55 	ZipExtraction: Images/Screenshot - Gameplay/North America/Chuck Rock-04.png
11:15:55 	ZipExtraction: Images/Screenshot - Gameplay/North America/Chuck Rock-05.png
11:15:55 	ZipExtraction: Manuals/
11:15:55 	ZipExtraction: Manuals/Chuck Rock.pdf
11:15:55 	ZipExtraction: Musics/
11:15:55 	ZipExtraction: Musics/Track02.wav
11:15:55 	ZipExtraction: Roms/
11:15:55 	ZipExtraction: Roms/CHUCK_ROCK.cue
11:15:55 	ZipExtraction: Roms/Track01.iso
11:15:55 	ZipExtraction: Roms/Track02.wav
11:15:56 	ZipExtraction: Roms/Track03.wav
11:16:00 	ZipExtraction: Roms/Track04.wav
11:16:06 Game info xml loaded: Chuck Rock
11:16:06 Target Game path: ..\..\Plateformes\Games\Sega CD\Chuck Rock
11:16:06 Target Manuals  path: ..\..\Plateformes\Manuals\Sega CD
11:16:06 Target Musics path: ..\..\Plateformes\Games\Sega CD\Chuck Rock
11:16:06 Target Videos path: ..\..\Plateformes\Videos\Sega CD
