****** Initialisation Logger - niveau: 0 ******
18:10:17 Work on: EA Hockey (Europe).zip
18:10:17 Zip Decompression
18:10:17 	ZipExtraction: EBGame.xml
18:10:17 	ZipExtraction: Infos.xml
18:10:17 	ZipExtraction: Struct.info
18:10:17 	ZipExtraction: TBGame.xml
18:10:17 	ZipExtraction: CheatCodes/
18:10:17 	ZipExtraction: Images/
18:10:17 	ZipExtraction: Images/Box - 3D/
18:10:17 	ZipExtraction: Images/Box - 3D/NHL Hockey-01.png
18:10:17 	ZipExtraction: Images/Box - 3D/Europe/
18:10:17 	ZipExtraction: Images/Box - 3D/Europe/NHL Hockey-01.png
18:10:17 	ZipExtraction: Images/Box - Back/
18:10:17 	ZipExtraction: Images/Box - Back/Europe/
18:10:17 	ZipExtraction: Images/Box - Back/Europe/NHL Hockey-01.jpg
18:10:17 	ZipExtraction: Images/Box - Front/
18:10:17 	ZipExtraction: Images/Box - Front/NHL Hockey-01.png
18:10:17 	ZipExtraction: Images/Box - Front/Europe/
18:10:17 	ZipExtraction: Images/Box - Front/Europe/NHL Hockey-01.jpg
18:10:17 	ZipExtraction: Images/Box - Front - Reconstructed/
18:10:17 	ZipExtraction: Images/Box - Front - Reconstructed/North America/
18:10:17 	ZipExtraction: Images/Box - Front - Reconstructed/North America/NHL Hockey-01.jpg
18:10:17 	ZipExtraction: Images/Cart - Front/
18:10:17 	ZipExtraction: Images/Cart - Front/NHL Hockey-01.png
18:10:17 	ZipExtraction: Images/Cart - Front/Europe/
18:10:17 	ZipExtraction: Images/Cart - Front/Europe/NHL Hockey-01.png
18:10:17 	ZipExtraction: Images/Clear Logo/
18:10:17 	ZipExtraction: Images/Clear Logo/NHL Hockey-01.png
18:10:17 	ZipExtraction: Images/Clear Logo/Europe/
18:10:17 	ZipExtraction: Images/Clear Logo/Europe/NHL Hockey-01.png
18:10:18 	ZipExtraction: Images/Screenshot - Game Title/
18:10:18 	ZipExtraction: Images/Screenshot - Game Title/NHL Hockey-01.png
18:10:18 	ZipExtraction: Images/Screenshot - Gameplay/
18:10:18 	ZipExtraction: Images/Screenshot - Gameplay/NHL Hockey-01.png
18:10:18 	ZipExtraction: Images/Screenshot - Gameplay/NHL Hockey-02.png
18:10:18 	ZipExtraction: Manuals/
18:10:18 	ZipExtraction: Manuals/NHL_Hockey_MD_US_Manual.pdf
18:10:18 	ZipExtraction: Musics/
18:10:18 	ZipExtraction: Roms/
18:10:18 	ZipExtraction: Roms/EA Hockey (Europe).md
18:10:18 	ZipExtraction: Videos/
18:10:18 	ZipExtraction: Videos/NHL Hockey-01.mp4
18:10:18 	ZipExtraction: Videos/NHL Hockey-02.mp4
18:10:18 	ZipExtraction: page15-439px-MegaForce_FR_08.pdf.jpg
18:10:18 	ZipExtraction: page14-437px-MegaForce_FR_08.pdf.jpg
18:10:18 Game info xml loaded: NHL Hockey
18:10:18 Target Game path: ..\..\Plateformes\Games\Sega Mega Drive
18:10:18 Target Manuals  path: ..\..\Plateformes\Manuals\Sega Mega Drive
18:10:18 Target Musics path: 
18:10:18 Target Videos path: ..\..\Plateformes\Videos\Sega Mega Drive
18:13:56 Zip Decompression
18:13:56 	ZipExtraction: EBGame.xml
18:13:56 	ZipExtraction: Infos.xml
18:13:56 	ZipExtraction: Struct.info
18:13:56 	ZipExtraction: TBGame.xml
18:13:56 	ZipExtraction: CheatCodes/
18:13:56 	ZipExtraction: Images/
18:13:56 	ZipExtraction: Images/Box - 3D/
18:13:56 	ZipExtraction: Images/Box - 3D/NHL Hockey-01.png
18:13:56 	ZipExtraction: Images/Box - 3D/Europe/
18:13:56 	ZipExtraction: Images/Box - 3D/Europe/NHL Hockey-01.png
18:13:56 	ZipExtraction: Images/Box - Back/
18:13:56 	ZipExtraction: Images/Box - Back/Europe/
18:13:56 	ZipExtraction: Images/Box - Back/Europe/NHL Hockey-01.jpg
18:13:56 	ZipExtraction: Images/Box - Front/
18:13:56 	ZipExtraction: Images/Box - Front/NHL Hockey-01.png
18:13:56 	ZipExtraction: Images/Box - Front/Europe/
18:13:56 	ZipExtraction: Images/Box - Front/Europe/NHL Hockey-01.jpg
18:13:56 	ZipExtraction: Images/Box - Front - Reconstructed/
18:13:56 	ZipExtraction: Images/Box - Front - Reconstructed/North America/
18:13:56 	ZipExtraction: Images/Box - Front - Reconstructed/North America/NHL Hockey-01.jpg
18:13:56 	ZipExtraction: Images/Cart - Front/
18:13:56 	ZipExtraction: Images/Cart - Front/NHL Hockey-01.png
18:13:56 	ZipExtraction: Images/Cart - Front/Europe/
18:13:56 	ZipExtraction: Images/Cart - Front/Europe/NHL Hockey-01.png
18:13:56 	ZipExtraction: Images/Clear Logo/
18:13:56 	ZipExtraction: Images/Clear Logo/NHL Hockey-01.png
18:13:56 	ZipExtraction: Images/Clear Logo/Europe/
18:13:56 	ZipExtraction: Images/Clear Logo/Europe/NHL Hockey-01.png
18:13:56 	ZipExtraction: Images/Screenshot - Game Title/
18:13:56 	ZipExtraction: Images/Screenshot - Game Title/NHL Hockey-01.png
18:13:56 	ZipExtraction: Images/Screenshot - Gameplay/
18:13:56 	ZipExtraction: Images/Screenshot - Gameplay/NHL Hockey-01.png
18:13:56 	ZipExtraction: Images/Screenshot - Gameplay/NHL Hockey-02.png
18:13:56 	ZipExtraction: Manuals/
18:13:56 	ZipExtraction: Manuals/NHL_Hockey_MD_US_Manual.pdf
18:13:56 	ZipExtraction: Musics/
18:13:56 	ZipExtraction: Roms/
18:13:56 	ZipExtraction: Roms/EA Hockey (Europe).md
18:13:56 	ZipExtraction: Videos/
18:13:56 	ZipExtraction: Videos/NHL Hockey-01.mp4
18:13:57 	ZipExtraction: Videos/NHL Hockey-02.mp4
18:13:57 	ZipExtraction: page15-439px-MegaForce_FR_08.pdf.jpg
18:13:57 	ZipExtraction: page14-437px-MegaForce_FR_08.pdf.jpg
