****** Initialisation Logger - niveau: 0 ******
15:09:51 Get infos from platform
15:09:51 Backup of 'G:\Frontend\LaunchBox - Test\Data\Platforms\Sega Genesis.xml'
15:09:51 Target Game path: ..\..\fauxgames\Games\Sega Genesis
15:09:51 Target Cheats path: ..\..\fauxgames\Cheat Codes\Sega Genesis
15:09:51 Target Images path: ..\..\fauxgames\Images\Sega Genesis
15:09:51 Target Manuals  path: ..\..\fauxgames\Manuals\Sega Genesis
15:09:51 Target Musics path: ..\..\fauxgames\Musics\Sega Genesis
15:09:51 Target Videos path: ..\..\fauxgames\Videos\Sega Genesis
15:09:51 Work on: Aladdin.zip
15:09:55 Game info xml loaded: Aladdin
15:09:58 Altération of platform Sega Mega Drive => Sega Genesis
15:09:58 Copy de: Cheat Codes
15:10:06 Copy de: Images
15:10:06 Copy de: Manuels
15:10:07 Copy de: Musiques
15:10:07 Copy de: Games
15:10:07 Copy de: Videos
15:10:07 Injection in xml Launchbox's files
15:10:07 Finished

Fermeture du Log

