****** Initialisation Logger - niveau: 0 ******
17:58:33 Get infos from platform
17:58:33 Backup of 'G:\Frontend\LaunchBox - Test\Data\Platforms\Sega Genesis.xml'
17:58:34 Target Game path: ..\..\fauxgames\Games\Sega Genesis
17:58:34 Target Cheats path: ..\..\fauxgames\Cheat Codes\Sega Genesis
17:58:34 Target Images path: ..\..\fauxgames\Images\Sega Genesis
17:58:34 Target Manuals  path: ..\..\fauxgames\Manuals\Sega Genesis
17:58:34 Target Musics path: ..\..\fauxgames\Musics\Sega Genesis
17:58:34 Target Videos path: ..\..\fauxgames\Videos\Sega Genesis
17:58:34 Work on: Aladdin.zip
17:58:34 Zip Decompression
17:58:34 	ZipExtraction: EBGame.xml
17:58:34 	ZipExtraction: Infos.xml
17:58:34 	ZipExtraction: Struct.info
17:58:34 	ZipExtraction: TBGame.xml
17:58:35 	ZipExtraction: CheatCodes/
17:58:35 	ZipExtraction: Images/
17:58:35 	ZipExtraction: Images/Arcade - Marquee/
17:58:35 	ZipExtraction: Images/Arcade - Marquee/Aladdin-01.png
17:58:35 	ZipExtraction: Images/Banner/
17:58:35 	ZipExtraction: Images/Banner/Aladdin-01.jpg
17:58:35 	ZipExtraction: Images/Banner/Aladdin-02.jpg
17:58:35 	ZipExtraction: Images/Box - 3D/
17:58:35 	ZipExtraction: Images/Box - 3D/Europe/
17:58:35 	ZipExtraction: Images/Box - 3D/Europe/Aladdin-01.png
17:58:35 	ZipExtraction: Images/Box - Back/
17:58:35 	ZipExtraction: Images/Box - Back/Europe/
17:58:35 	ZipExtraction: Images/Box - Back/Europe/Aladdin-01.jpg
17:58:35 	ZipExtraction: Images/Box - Front/
17:58:35 	ZipExtraction: Images/Box - Front/Europe/
17:58:35 	ZipExtraction: Images/Box - Front/Europe/Aladdin-01.png
17:58:35 	ZipExtraction: Images/Cart - Front/
17:58:35 	ZipExtraction: Images/Cart - Front/Europe/
17:58:35 	ZipExtraction: Images/Cart - Front/Europe/Aladdin-01.png
17:58:35 	ZipExtraction: Images/Clear Logo/
17:58:35 	ZipExtraction: Images/Clear Logo/Europe/
17:58:35 	ZipExtraction: Images/Clear Logo/Europe/Aladdin-01.png
17:58:35 	ZipExtraction: Images/Fanart - Background/
17:58:35 	ZipExtraction: Images/Fanart - Background/Aladdin-01.jpg
17:58:35 	ZipExtraction: Images/Screenshot - Gameplay/
17:58:35 	ZipExtraction: Images/Screenshot - Gameplay/Aladdin-01.jpg
17:58:35 	ZipExtraction: Images/Screenshot - Gameplay/Aladdin-02.jpg
17:58:35 	ZipExtraction: Images/Screenshot - Gameplay/Aladdin-03.jpg
17:58:35 	ZipExtraction: Images/Screenshot - Gameplay/Aladdin-04.jpg
17:58:35 	ZipExtraction: Images/Screenshot - Gameplay/Aladdin-05.jpg
17:58:35 	ZipExtraction: Images/Screenshot - Gameplay/Aladdin-06.jpg
17:58:35 	ZipExtraction: Images/Screenshot - Gameplay/Aladdin-07.jpg
17:58:35 	ZipExtraction: Images/Screenshot - Gameplay/Aladdin-08.jpg
17:58:35 	ZipExtraction: Manuals/
17:58:35 	ZipExtraction: Musics/
17:58:35 	ZipExtraction: Musics/Aladdin.mp3
17:58:35 	ZipExtraction: Roms/
17:58:35 	ZipExtraction: Roms/Aladdin (Europe).md
17:58:35 	ZipExtraction: Videos/
17:58:35 	ZipExtraction: Videos/Aladdin-01.mp4
17:58:36 	ZipExtraction: Manuals/Disney's_Aladdin_MD_FR_Manual.pdf
17:58:36 	ZipExtraction: Roms/Disney's Aladdin (E) [f1].md
17:58:36 	ZipExtraction: 800px-Aladdin_MD_EU_Box.jpg
17:58:36 	ZipExtraction: 800px-Aladdin_MD_EU_Cart.jpg
17:58:36 	ZipExtraction: Roms/Aladdin (USA).md
17:58:36 	ZipExtraction: Roms/Disney's Aladdin (U) [f1].md
17:58:36 	ZipExtraction: Roms/Disney's Aladdin (U) [h1C].md
17:58:36 	ZipExtraction: Roms/Disney's Aladdin (U) [T+Fre0.99Beta_Macrotrads].md
17:58:36 	ZipExtraction: CheatCodes/Aladdin.txt
17:58:36 Game info xml loaded: Aladdin
17:58:38 Altération of platform Sega Mega Drive => Sega Genesis
17:58:38 Copy de: Cheat Codes
17:58:38 Copy de: Images
17:58:39 Copy de: Manuels
17:58:39 Copy de: Musiques
17:58:39 Copy de: Games
17:58:39 Copy de: Videos
17:58:40 Injection in xml Launchbox's files
17:58:40 Finished

Fermeture du Log

