****** Initialisation Logger - niveau: 0 ******
17:49:32 Work on: EA Hockey (Europe).zip
17:49:32 Zip Decompression
17:49:32 	ZipExtraction: EBGame.xml
17:49:33 	ZipExtraction: Infos.xml
17:49:33 	ZipExtraction: Struct.info
17:49:33 	ZipExtraction: TBGame.xml
17:49:33 	ZipExtraction: CheatCodes/
17:49:33 	ZipExtraction: Images/
17:49:33 	ZipExtraction: Images/Box - 3D/
17:49:33 	ZipExtraction: Images/Box - 3D/NHL Hockey-01.png
17:49:33 	ZipExtraction: Images/Box - 3D/Europe/
17:49:33 	ZipExtraction: Images/Box - 3D/Europe/NHL Hockey-01.png
17:49:33 	ZipExtraction: Images/Box - Back/
17:49:33 	ZipExtraction: Images/Box - Back/Europe/
17:49:33 	ZipExtraction: Images/Box - Back/Europe/NHL Hockey-01.jpg
17:49:33 	ZipExtraction: Images/Box - Front/
17:49:33 	ZipExtraction: Images/Box - Front/NHL Hockey-01.png
17:49:33 	ZipExtraction: Images/Box - Front/Europe/
17:49:33 	ZipExtraction: Images/Box - Front/Europe/NHL Hockey-01.jpg
17:49:33 	ZipExtraction: Images/Box - Front - Reconstructed/
17:49:33 	ZipExtraction: Images/Box - Front - Reconstructed/North America/
17:49:33 	ZipExtraction: Images/Box - Front - Reconstructed/North America/NHL Hockey-01.jpg
17:49:33 	ZipExtraction: Images/Cart - Front/
17:49:33 	ZipExtraction: Images/Cart - Front/NHL Hockey-01.png
17:49:33 	ZipExtraction: Images/Cart - Front/Europe/
17:49:33 	ZipExtraction: Images/Cart - Front/Europe/NHL Hockey-01.png
17:49:33 	ZipExtraction: Images/Clear Logo/
17:49:33 	ZipExtraction: Images/Clear Logo/NHL Hockey-01.png
17:49:33 	ZipExtraction: Images/Clear Logo/Europe/
17:49:33 	ZipExtraction: Images/Clear Logo/Europe/NHL Hockey-01.png
17:49:33 	ZipExtraction: Images/Screenshot - Game Title/
17:49:33 	ZipExtraction: Images/Screenshot - Game Title/NHL Hockey-01.png
17:49:33 	ZipExtraction: Images/Screenshot - Gameplay/
17:49:33 	ZipExtraction: Images/Screenshot - Gameplay/NHL Hockey-01.png
17:49:33 	ZipExtraction: Images/Screenshot - Gameplay/NHL Hockey-02.png
17:49:33 	ZipExtraction: Manuals/
17:49:33 	ZipExtraction: Manuals/NHL_Hockey_MD_US_Manual.pdf
17:49:34 	ZipExtraction: Musics/
17:49:34 	ZipExtraction: Roms/
17:49:34 	ZipExtraction: Roms/EA Hockey (Europe).md
17:49:34 	ZipExtraction: Videos/
17:49:34 	ZipExtraction: Videos/NHL Hockey-01.mp4
17:49:34 	ZipExtraction: Videos/NHL Hockey-02.mp4
17:49:34 	ZipExtraction: page15-439px-MegaForce_FR_08.pdf.jpg
17:49:34 	ZipExtraction: page14-437px-MegaForce_FR_08.pdf.jpg
17:49:34 Game info xml loaded: NHL Hockey
17:49:34 Target Game path: ..\..\Plateformes\Games\Sega Mega Drive
17:49:34 Target Manuals  path: ..\..\Plateformes\Manuals\Sega Mega Drive
17:49:34 Target Musics path: 
17:49:34 Target Videos path: ..\..\Plateformes\Videos\Sega Mega Drive
17:50:06 Zip Decompression
17:50:06 	ZipExtraction: EBGame.xml
17:50:06 	ZipExtraction: Infos.xml
17:50:06 	ZipExtraction: Struct.info
17:50:06 	ZipExtraction: TBGame.xml
17:50:06 	ZipExtraction: CheatCodes/
17:50:06 	ZipExtraction: Images/
17:50:06 	ZipExtraction: Images/Box - 3D/
17:50:06 	ZipExtraction: Images/Box - 3D/NHL Hockey-01.png
17:50:06 	ZipExtraction: Images/Box - 3D/Europe/
17:50:06 	ZipExtraction: Images/Box - 3D/Europe/NHL Hockey-01.png
17:50:06 	ZipExtraction: Images/Box - Back/
17:50:06 	ZipExtraction: Images/Box - Back/Europe/
17:50:06 	ZipExtraction: Images/Box - Back/Europe/NHL Hockey-01.jpg
17:50:06 	ZipExtraction: Images/Box - Front/
17:50:06 	ZipExtraction: Images/Box - Front/NHL Hockey-01.png
17:50:06 	ZipExtraction: Images/Box - Front/Europe/
17:50:06 	ZipExtraction: Images/Box - Front/Europe/NHL Hockey-01.jpg
17:50:06 	ZipExtraction: Images/Box - Front - Reconstructed/
17:50:06 	ZipExtraction: Images/Box - Front - Reconstructed/North America/
17:50:06 	ZipExtraction: Images/Box - Front - Reconstructed/North America/NHL Hockey-01.jpg
17:50:06 	ZipExtraction: Images/Cart - Front/
17:50:06 	ZipExtraction: Images/Cart - Front/NHL Hockey-01.png
17:50:06 	ZipExtraction: Images/Cart - Front/Europe/
17:50:06 	ZipExtraction: Images/Cart - Front/Europe/NHL Hockey-01.png
17:50:06 	ZipExtraction: Images/Clear Logo/
17:50:06 	ZipExtraction: Images/Clear Logo/NHL Hockey-01.png
17:50:06 	ZipExtraction: Images/Clear Logo/Europe/
17:50:06 	ZipExtraction: Images/Clear Logo/Europe/NHL Hockey-01.png
17:50:06 	ZipExtraction: Images/Screenshot - Game Title/
17:50:06 	ZipExtraction: Images/Screenshot - Game Title/NHL Hockey-01.png
17:50:06 	ZipExtraction: Images/Screenshot - Gameplay/
17:50:06 	ZipExtraction: Images/Screenshot - Gameplay/NHL Hockey-01.png
17:50:06 	ZipExtraction: Images/Screenshot - Gameplay/NHL Hockey-02.png
17:50:06 	ZipExtraction: Manuals/
17:50:06 	ZipExtraction: Manuals/NHL_Hockey_MD_US_Manual.pdf
17:50:06 	ZipExtraction: Musics/
17:50:06 	ZipExtraction: Roms/
17:50:06 	ZipExtraction: Roms/EA Hockey (Europe).md
17:50:06 	ZipExtraction: Videos/
17:50:06 	ZipExtraction: Videos/NHL Hockey-01.mp4
17:50:06 	ZipExtraction: Videos/NHL Hockey-02.mp4
17:50:07 	ZipExtraction: page15-439px-MegaForce_FR_08.pdf.jpg
17:50:07 	ZipExtraction: page14-437px-MegaForce_FR_08.pdf.jpg
