****** Initialisation Logger - niveau: 0 ******
17:56:23 Get infos from platform
17:56:23 Backup of 'G:\Frontend\LaunchBox - Test\Data\Platforms\Sega Genesis.xml'
17:56:25 Target Game path: ..\..\fauxgames\Games\Sega Genesis
17:56:25 Target Cheats path: ..\..\fauxgames\Cheat Codes\Sega Genesis
17:56:25 Target Images path: ..\..\fauxgames\Images\Sega Genesis
17:56:25 Target Manuals  path: ..\..\fauxgames\Manuals\Sega Genesis
17:56:25 Target Musics path: ..\..\fauxgames\Musics\Sega Genesis
17:56:25 Target Videos path: ..\..\fauxgames\Videos\Sega Genesis
17:56:25 Work on: Aladdin.zip
17:56:25 Zip Decompression
17:56:30 	ZipExtraction: ze.FileName
17:56:39 	ZipExtraction: ze.FileName
17:56:40 	ZipExtraction: ze.FileName
17:56:40 	ZipExtraction: ze.FileName
17:56:40 	ZipExtraction: ze.FileName
17:56:40 	ZipExtraction: ze.FileName
17:56:40 	ZipExtraction: ze.FileName
17:56:40 	ZipExtraction: ze.FileName
17:56:40 	ZipExtraction: ze.FileName
17:56:40 	ZipExtraction: ze.FileName
17:56:40 	ZipExtraction: ze.FileName
17:56:40 	ZipExtraction: ze.FileName
17:56:40 	ZipExtraction: ze.FileName
17:56:40 	ZipExtraction: ze.FileName
17:56:40 	ZipExtraction: ze.FileName
17:56:40 	ZipExtraction: ze.FileName
17:56:40 	ZipExtraction: ze.FileName
17:56:40 	ZipExtraction: ze.FileName
17:56:40 	ZipExtraction: ze.FileName
17:56:40 	ZipExtraction: ze.FileName
17:56:40 	ZipExtraction: ze.FileName
17:56:40 	ZipExtraction: ze.FileName
17:56:40 	ZipExtraction: ze.FileName
17:56:40 	ZipExtraction: ze.FileName
17:56:40 	ZipExtraction: ze.FileName
17:56:40 	ZipExtraction: ze.FileName
17:56:40 	ZipExtraction: ze.FileName
17:56:40 	ZipExtraction: ze.FileName
17:56:40 	ZipExtraction: ze.FileName
17:56:40 	ZipExtraction: ze.FileName
17:56:40 	ZipExtraction: ze.FileName
17:56:40 	ZipExtraction: ze.FileName
17:56:40 	ZipExtraction: ze.FileName
17:56:40 	ZipExtraction: ze.FileName
17:56:40 	ZipExtraction: ze.FileName
17:56:40 	ZipExtraction: ze.FileName
17:56:40 	ZipExtraction: ze.FileName
17:56:40 	ZipExtraction: ze.FileName
17:56:40 	ZipExtraction: ze.FileName
17:56:40 	ZipExtraction: ze.FileName
17:56:41 	ZipExtraction: ze.FileName
17:56:41 	ZipExtraction: ze.FileName
17:56:41 	ZipExtraction: ze.FileName
17:56:41 	ZipExtraction: ze.FileName
17:56:41 	ZipExtraction: ze.FileName
17:56:41 	ZipExtraction: ze.FileName
17:56:41 	ZipExtraction: ze.FileName
17:56:41 	ZipExtraction: ze.FileName
17:56:41 	ZipExtraction: ze.FileName
17:56:41 	ZipExtraction: ze.FileName
17:56:41 	ZipExtraction: ze.FileName
17:56:41 	ZipExtraction: ze.FileName
17:56:41 	ZipExtraction: ze.FileName
17:56:48 Game info xml loaded: Aladdin
17:56:57 Altération of platform Sega Mega Drive => Sega Genesis
17:56:57 Copy de: Cheat Codes
17:56:58 Copy de: Images
17:56:58 Copy de: Manuels
17:56:58 Copy de: Musiques
17:56:58 Copy de: Games
17:56:58 Copy de: Videos
17:56:59 Injection in xml Launchbox's files
17:56:59 Finished

Fermeture du Log

